40.0 APEX_CODE,FINEST;APEX_PROFILING,INFO;CALLOUT,INFO;DB,INFO;SYSTEM,DEBUG;VALIDATION,INFO;VISUALFORCE,INFO;WAVE,INFO;WORKFLOW,INFO
07:29:49.0 (59815)|USER_INFO|[EXTERNAL]|005280000056Sdu|ngmmadhan@gmail.com|Pacific Standard Time|GMT-07:00
07:29:49.0 (87442)|EXECUTION_STARTED
07:29:49.0 (91500)|CODE_UNIT_STARTED|[EXTERNAL]|aura
07:29:49.0 (373240)|HEAP_ALLOCATE|[72]|Bytes:3
07:29:49.0 (406848)|HEAP_ALLOCATE|[77]|Bytes:152
07:29:49.0 (420853)|HEAP_ALLOCATE|[342]|Bytes:408
07:29:49.0 (436202)|HEAP_ALLOCATE|[355]|Bytes:408
07:29:49.0 (451626)|HEAP_ALLOCATE|[467]|Bytes:48
07:29:49.0 (477880)|HEAP_ALLOCATE|[139]|Bytes:6
07:29:49.0 (494591)|HEAP_ALLOCATE|[EXTERNAL]|Bytes:94
07:29:49.0 (502017)|HEAP_ALLOCATE|[EXTERNAL]|Bytes:94
07:29:49.0 (514173)|CODE_UNIT_FINISHED|aura
07:29:49.0 (1256077)|EXECUTION_FINISHED
07:29:49.1 (1910638)|USER_INFO|[EXTERNAL]|005280000056Sdu|ngmmadhan@gmail.com|Pacific Standard Time|GMT-07:00
07:29:49.1 (1917571)|EXECUTION_STARTED
07:29:49.1 (1919739)|CODE_UNIT_STARTED|[EXTERNAL]|01p2800000EnYhK|CruderCntrl.ReadSObjects
07:29:49.1 (1995179)|HEAP_ALLOCATE|[EXTERNAL]|Bytes:30
07:29:49.1 (1999656)|HEAP_ALLOCATE|[EXTERNAL]|Bytes:16
07:29:49.1 (2007687)|METHOD_ENTRY|[16]|01p2800000EnYhK|CruderCntrl.CruderCntrl()
07:29:49.1 (2011795)|STATEMENT_EXECUTE|[16]
07:29:49.1 (2016453)|STATEMENT_EXECUTE|[16]
07:29:49.1 (2046677)|HEAP_ALLOCATE|[50]|Bytes:5
07:29:49.1 (2066882)|HEAP_ALLOCATE|[56]|Bytes:5
07:29:49.1 (2072545)|HEAP_ALLOCATE|[64]|Bytes:7
07:29:49.1 (2088076)|SYSTEM_MODE_ENTER|false
07:29:49.1 (2100006)|HEAP_ALLOCATE|[EXTERNAL]|Bytes:5
07:29:49.1 (2103176)|STATEMENT_EXECUTE|[201]
07:29:49.1 (2104858)|STATEMENT_EXECUTE|[213]
07:29:49.1 (2109205)|SYSTEM_MODE_EXIT|false
07:29:49.1 (2115691)|METHOD_EXIT|[16]|CruderCntrl
07:29:49.1 (2119619)|HEAP_ALLOCATE|[EXTERNAL]|Bytes:94
07:29:49.1 (2124087)|SYSTEM_MODE_ENTER|false
07:29:49.1 (2129129)|VARIABLE_SCOPE_BEGIN|[22]|query|String|false|false
07:29:49.1 (2152293)|VARIABLE_ASSIGNMENT|[22]|query|"SELECT ID,Parent_War (74 more) ..."
07:29:49.1 (2162091)|HEAP_ALLOCATE|[23]|Bytes:5
07:29:49.1 (2165248)|STATEMENT_EXECUTE|[22]
07:29:49.1 (2166608)|STATEMENT_EXECUTE|[23]
07:29:49.1 (2225866)|HEAP_ALLOCATE|[23]|Bytes:20
07:29:49.1 (2236689)|CONSTRUCTOR_ENTRY|[23]|01p2800000EnYhK|<init>()
07:29:49.1 (2255641)|VARIABLE_SCOPE_BEGIN|[201]|this|CruderCntrl.OutputWrapper|true|false
07:29:49.1 (2286788)|VARIABLE_ASSIGNMENT|[201]|this|{}|0x60a3756c
07:29:49.1 (2293374)|HEAP_ALLOCATE|[EXTERNAL]|Bytes:6
07:29:49.1 (2312166)|STATEMENT_EXECUTE|[201]
07:29:49.1 (2313756)|STATEMENT_EXECUTE|[203]
07:29:49.1 (2314948)|STATEMENT_EXECUTE|[205]
07:29:49.1 (2316142)|STATEMENT_EXECUTE|[207]
07:29:49.1 (2317270)|STATEMENT_EXECUTE|[209]
07:29:49.1 (2321689)|CONSTRUCTOR_EXIT|[23]|01p2800000EnYhK|<init>()
07:29:49.1 (2325099)|VARIABLE_SCOPE_BEGIN|[23]|wrapObj|CruderCntrl.OutputWrapper|true|false
07:29:49.1 (2335180)|VARIABLE_ASSIGNMENT|[23]|wrapObj|{}|0x60a3756c
07:29:49.1 (2337028)|STATEMENT_EXECUTE|[24]
07:29:49.1 (2341384)|VARIABLE_SCOPE_BEGIN|[24]|sObjectApiName|String|false|false
07:29:49.1 (2345598)|VARIABLE_ASSIGNMENT|[24]|sObjectApiName|""
07:29:49.1 (2347454)|STATEMENT_EXECUTE|[25]
07:29:49.1 (2349224)|VARIABLE_SCOPE_BEGIN|[25]|sObjectLabel|String|false|false
07:29:49.1 (2351892)|VARIABLE_ASSIGNMENT|[25]|sObjectLabel|""
07:29:49.1 (2353425)|STATEMENT_EXECUTE|[26]
07:29:49.1 (2356546)|VARIABLE_SCOPE_BEGIN|[26]|success|Boolean|false|false
07:29:49.1 (2360612)|HEAP_ALLOCATE|[26]|Bytes:5
07:29:49.1 (2365808)|VARIABLE_ASSIGNMENT|[26]|success|false
07:29:49.1 (2367361)|STATEMENT_EXECUTE|[27]
07:29:49.1 (2400221)|HEAP_ALLOCATE|[27]|Bytes:4
07:29:49.1 (2426494)|VARIABLE_SCOPE_BEGIN|[27]|sObjList|List<SObject>|true|false
07:29:49.1 (2433012)|HEAP_ALLOCATE|[EXTERNAL]|Bytes:4
07:29:49.1 (2442315)|VARIABLE_ASSIGNMENT|[27]|sObjList|[]|0x5c100d46
07:29:49.1 (2444275)|STATEMENT_EXECUTE|[29]
07:29:49.1 (2445516)|STATEMENT_EXECUTE|[29]
07:29:49.1 (2446581)|STATEMENT_EXECUTE|[30]
07:29:49.1 (2476035)|HEAP_ALLOCATE|[30]|Bytes:5
07:29:49.1 (2982034)|SOQL_EXECUTE_BEGIN|[30]|Aggregations:0|SELECT ID,Parent_Warranty_Code__r.Name, Warranty_Code__c,Description__c FROM Warranty_Codes__c
07:29:49.1 (7648690)|SOQL_EXECUTE_END|[30]|Rows:6
07:29:49.1 (7665270)|HEAP_ALLOCATE|[30]|Bytes:28
07:29:49.1 (7696888)|HEAP_ALLOCATE|[30]|Bytes:857
07:29:49.1 (7747461)|HEAP_ALLOCATE|[30]|Bytes:28
07:29:49.1 (7771958)|VARIABLE_ASSIGNMENT|[30]|sObjList|"List of size 6 too large to display"|0x55a196ad
07:29:49.1 (7831379)|STATEMENT_EXECUTE|[31]
07:29:49.1 (7833628)|STATEMENT_EXECUTE|[32]
07:29:49.1 (7855955)|HEAP_ALLOCATE|[32]|Bytes:24
07:29:49.1 (7926581)|VARIABLE_SCOPE_BEGIN|[32]|type|Schema.SObjectType|true|false
07:29:49.1 (8014076)|VARIABLE_ASSIGNMENT|[32]|type|"common.apex.runtime.impl.ApexSObjectTypeToken@11dc05ab"|0x11dc05ab
07:29:49.1 (8018940)|STATEMENT_EXECUTE|[33]
07:29:49.1 (8261079)|HEAP_ALLOCATE|[33]|Bytes:4
07:29:49.1 (8285305)|VARIABLE_SCOPE_BEGIN|[33]|sobjectDescribe|Schema.DescribeSObjectResult|true|false
07:29:49.1 (8347629)|VARIABLE_ASSIGNMENT|[33]|sobjectDescribe|"common.api.soap.wsdl.DescribeSObjectResult@33d95277"|0x1ae8b363
07:29:49.1 (8351644)|STATEMENT_EXECUTE|[34]
07:29:49.1 (8361492)|HEAP_ALLOCATE|[34]|Bytes:24
07:29:49.1 (8426565)|HEAP_ALLOCATE|[34]|Bytes:17
07:29:49.1 (8439281)|VARIABLE_ASSIGNMENT|[34]|sObjectApiName|"Warranty_Codes__c"
07:29:49.1 (8441743)|STATEMENT_EXECUTE|[35]
07:29:49.1 (8464683)|HEAP_ALLOCATE|[35]|Bytes:13
07:29:49.1 (8469449)|VARIABLE_ASSIGNMENT|[35]|sObjectLabel|"Warranty Code"
07:29:49.1 (8471193)|STATEMENT_EXECUTE|[36]
07:29:49.1 (8475755)|HEAP_ALLOCATE|[36]|Bytes:5
07:29:49.1 (8480434)|VARIABLE_ASSIGNMENT|[36]|success|true
07:29:49.1 (8482491)|STATEMENT_EXECUTE|[38]
07:29:49.1 (8495128)|VARIABLE_ASSIGNMENT|[38]|this.sObjList|"List of size 6 too large to display"|0x60a3756c
07:29:49.1 (8497094)|STATEMENT_EXECUTE|[39]
07:29:49.1 (8501207)|VARIABLE_ASSIGNMENT|[39]|this.sObjectLabel|"Warranty Code"|0x60a3756c
07:29:49.1 (8503009)|STATEMENT_EXECUTE|[40]
07:29:49.1 (8506459)|VARIABLE_ASSIGNMENT|[40]|this.sObjectApiName|"Warranty_Codes__c"|0x60a3756c
07:29:49.1 (8508015)|STATEMENT_EXECUTE|[41]
07:29:49.1 (8510322)|HEAP_ALLOCATE|[41]|Bytes:5
07:29:49.1 (8513952)|VARIABLE_ASSIGNMENT|[41]|this.success|true|0x60a3756c
07:29:49.1 (8516641)|STATEMENT_EXECUTE|[49]
07:29:49.1 (8526184)|SYSTEM_MODE_EXIT|false
07:29:49.8 (8548918)|CUMULATIVE_LIMIT_USAGE
07:29:49.8 (8548918)|LIMIT_USAGE_FOR_NS|(default)|
  Number of SOQL queries: 1 out of 100
  Number of query rows: 6 out of 50000
  Number of SOSL queries: 0 out of 20
  Number of DML statements: 0 out of 150
  Number of DML rows: 0 out of 10000
  Maximum CPU time: 0 out of 10000
  Maximum heap size: 0 out of 6000000
  Number of callouts: 0 out of 100
  Number of Email Invocations: 0 out of 10
  Number of future calls: 0 out of 50
  Number of queueable jobs added to the queue: 0 out of 50
  Number of Mobile Apex push calls: 0 out of 10

07:29:49.8 (8548918)|CUMULATIVE_LIMIT_USAGE_END

07:29:49.1 (8577716)|CODE_UNIT_FINISHED|CruderCntrl.ReadSObjects
07:29:49.1 (9550595)|EXECUTION_FINISHED
07:29:49.10 (10781401)|USER_INFO|[EXTERNAL]|005280000056Sdu|ngmmadhan@gmail.com|Pacific Standard Time|GMT-07:00
07:29:49.10 (10788589)|EXECUTION_STARTED
07:29:49.10 (10791096)|CODE_UNIT_STARTED|[EXTERNAL]|Aura
07:29:49.10 (10864529)|CODE_UNIT_FINISHED|Aura
07:29:49.10 (11458725)|EXECUTION_FINISHED
