40.0 APEX_CODE,FINEST;APEX_PROFILING,INFO;CALLOUT,INFO;DB,INFO;SYSTEM,DEBUG;VALIDATION,INFO;VISUALFORCE,INFO;WAVE,INFO;WORKFLOW,INFO
07:29:18.0 (342777)|USER_INFO|[EXTERNAL]|005280000056Sdu|ngmmadhan@gmail.com|Pacific Standard Time|GMT-07:00
07:29:18.0 (372848)|EXECUTION_STARTED
07:29:18.0 (376660)|CODE_UNIT_STARTED|[EXTERNAL]|aura
07:29:18.0 (667868)|HEAP_ALLOCATE|[72]|Bytes:3
07:29:18.0 (704741)|HEAP_ALLOCATE|[77]|Bytes:152
07:29:18.0 (720495)|HEAP_ALLOCATE|[342]|Bytes:408
07:29:18.0 (739095)|HEAP_ALLOCATE|[355]|Bytes:408
07:29:18.0 (761505)|HEAP_ALLOCATE|[467]|Bytes:48
07:29:18.0 (800184)|HEAP_ALLOCATE|[139]|Bytes:6
07:29:18.0 (823802)|HEAP_ALLOCATE|[EXTERNAL]|Bytes:94
07:29:18.0 (831364)|HEAP_ALLOCATE|[EXTERNAL]|Bytes:94
07:29:18.0 (844945)|CODE_UNIT_FINISHED|aura
07:29:18.0 (1770664)|EXECUTION_FINISHED
07:29:18.2 (2565337)|USER_INFO|[EXTERNAL]|005280000056Sdu|ngmmadhan@gmail.com|Pacific Standard Time|GMT-07:00
07:29:18.2 (2575347)|EXECUTION_STARTED
07:29:18.2 (2579233)|CODE_UNIT_STARTED|[EXTERNAL]|01p2800000EnYhK|CruderCntrl.ReadSObjects
07:29:18.2 (2744935)|HEAP_ALLOCATE|[EXTERNAL]|Bytes:30
07:29:18.2 (2752555)|HEAP_ALLOCATE|[EXTERNAL]|Bytes:16
07:29:18.2 (2761051)|METHOD_ENTRY|[16]|01p2800000EnYhK|CruderCntrl.CruderCntrl()
07:29:18.2 (2764493)|STATEMENT_EXECUTE|[16]
07:29:18.2 (2769604)|STATEMENT_EXECUTE|[16]
07:29:18.2 (2802360)|HEAP_ALLOCATE|[50]|Bytes:5
07:29:18.2 (2825825)|HEAP_ALLOCATE|[56]|Bytes:5
07:29:18.2 (2831958)|HEAP_ALLOCATE|[64]|Bytes:7
07:29:18.2 (2849248)|SYSTEM_MODE_ENTER|false
07:29:18.2 (2862099)|HEAP_ALLOCATE|[EXTERNAL]|Bytes:5
07:29:18.2 (2865156)|STATEMENT_EXECUTE|[201]
07:29:18.2 (2866718)|STATEMENT_EXECUTE|[213]
07:29:18.2 (2871631)|SYSTEM_MODE_EXIT|false
07:29:18.2 (2878884)|METHOD_EXIT|[16]|CruderCntrl
07:29:18.2 (2882731)|HEAP_ALLOCATE|[EXTERNAL]|Bytes:94
07:29:18.2 (2887095)|SYSTEM_MODE_ENTER|false
07:29:18.2 (2892500)|VARIABLE_SCOPE_BEGIN|[22]|query|String|false|false
07:29:18.2 (2914544)|VARIABLE_ASSIGNMENT|[22]|query|"SELECT ID,Parent_War (74 more) ..."
07:29:18.2 (2924764)|HEAP_ALLOCATE|[23]|Bytes:5
07:29:18.2 (2928235)|STATEMENT_EXECUTE|[22]
07:29:18.2 (2929569)|STATEMENT_EXECUTE|[23]
07:29:18.2 (2933651)|HEAP_ALLOCATE|[23]|Bytes:20
07:29:18.2 (2950403)|CONSTRUCTOR_ENTRY|[23]|01p2800000EnYhK|<init>()
07:29:18.2 (2981507)|VARIABLE_SCOPE_BEGIN|[201]|this|CruderCntrl.OutputWrapper|true|false
07:29:18.2 (3049550)|VARIABLE_ASSIGNMENT|[201]|this|{}|0x4b062f22
07:29:18.2 (3059345)|HEAP_ALLOCATE|[EXTERNAL]|Bytes:6
07:29:18.2 (3078834)|STATEMENT_EXECUTE|[201]
07:29:18.2 (3080540)|STATEMENT_EXECUTE|[203]
07:29:18.2 (3081776)|STATEMENT_EXECUTE|[205]
07:29:18.2 (3082913)|STATEMENT_EXECUTE|[207]
07:29:18.2 (3084028)|STATEMENT_EXECUTE|[209]
07:29:18.2 (3088953)|CONSTRUCTOR_EXIT|[23]|01p2800000EnYhK|<init>()
07:29:18.2 (3092669)|VARIABLE_SCOPE_BEGIN|[23]|wrapObj|CruderCntrl.OutputWrapper|true|false
07:29:18.2 (3104793)|VARIABLE_ASSIGNMENT|[23]|wrapObj|{}|0x4b062f22
07:29:18.2 (3106664)|STATEMENT_EXECUTE|[24]
07:29:18.2 (3110900)|VARIABLE_SCOPE_BEGIN|[24]|sObjectApiName|String|false|false
07:29:18.2 (3115041)|VARIABLE_ASSIGNMENT|[24]|sObjectApiName|""
07:29:18.2 (3116675)|STATEMENT_EXECUTE|[25]
07:29:18.2 (3118340)|VARIABLE_SCOPE_BEGIN|[25]|sObjectLabel|String|false|false
07:29:18.2 (3120841)|VARIABLE_ASSIGNMENT|[25]|sObjectLabel|""
07:29:18.2 (3122220)|STATEMENT_EXECUTE|[26]
07:29:18.2 (3125563)|VARIABLE_SCOPE_BEGIN|[26]|success|Boolean|false|false
07:29:18.2 (3129852)|HEAP_ALLOCATE|[26]|Bytes:5
07:29:18.2 (3134863)|VARIABLE_ASSIGNMENT|[26]|success|false
07:29:18.2 (3137049)|STATEMENT_EXECUTE|[27]
07:29:18.2 (3142749)|HEAP_ALLOCATE|[27]|Bytes:4
07:29:18.2 (3168695)|VARIABLE_SCOPE_BEGIN|[27]|sObjList|List<SObject>|true|false
07:29:18.2 (3177603)|HEAP_ALLOCATE|[EXTERNAL]|Bytes:4
07:29:18.2 (3186153)|VARIABLE_ASSIGNMENT|[27]|sObjList|[]|0x53abdc79
07:29:18.2 (3188014)|STATEMENT_EXECUTE|[29]
07:29:18.2 (3189136)|STATEMENT_EXECUTE|[29]
07:29:18.2 (3190106)|STATEMENT_EXECUTE|[30]
07:29:18.2 (3219058)|HEAP_ALLOCATE|[30]|Bytes:5
07:29:18.2 (4588046)|SOQL_EXECUTE_BEGIN|[30]|Aggregations:0|SELECT ID,Parent_Warranty_Code__r.Name, Warranty_Code__c,Description__c FROM Warranty_Codes__c
07:29:18.2 (8010417)|SOQL_EXECUTE_END|[30]|Rows:6
07:29:18.2 (8027136)|HEAP_ALLOCATE|[30]|Bytes:28
07:29:18.2 (8054808)|HEAP_ALLOCATE|[30]|Bytes:857
07:29:18.2 (8106995)|HEAP_ALLOCATE|[30]|Bytes:28
07:29:18.2 (8136201)|VARIABLE_ASSIGNMENT|[30]|sObjList|"List of size 6 too large to display"|0x4fa48002
07:29:18.2 (8192021)|STATEMENT_EXECUTE|[31]
07:29:18.2 (8194127)|STATEMENT_EXECUTE|[32]
07:29:18.2 (8215818)|HEAP_ALLOCATE|[32]|Bytes:24
07:29:18.2 (8286920)|VARIABLE_SCOPE_BEGIN|[32]|type|Schema.SObjectType|true|false
07:29:18.2 (8382353)|VARIABLE_ASSIGNMENT|[32]|type|"common.apex.runtime.impl.ApexSObjectTypeToken@773decc6"|0x773decc6
07:29:18.2 (8386825)|STATEMENT_EXECUTE|[33]
07:29:18.2 (8870647)|HEAP_ALLOCATE|[33]|Bytes:4
07:29:18.2 (8895263)|VARIABLE_SCOPE_BEGIN|[33]|sobjectDescribe|Schema.DescribeSObjectResult|true|false
07:29:18.2 (8968358)|VARIABLE_ASSIGNMENT|[33]|sobjectDescribe|"common.api.soap.wsdl.DescribeSObjectResult@33d95277"|0xc71d1f1
07:29:18.2 (8972716)|STATEMENT_EXECUTE|[34]
07:29:18.2 (8983323)|HEAP_ALLOCATE|[34]|Bytes:24
07:29:18.2 (9049691)|HEAP_ALLOCATE|[34]|Bytes:17
07:29:18.2 (9064293)|VARIABLE_ASSIGNMENT|[34]|sObjectApiName|"Warranty_Codes__c"
07:29:18.2 (9066856)|STATEMENT_EXECUTE|[35]
07:29:18.2 (9089804)|HEAP_ALLOCATE|[35]|Bytes:13
07:29:18.2 (9094933)|VARIABLE_ASSIGNMENT|[35]|sObjectLabel|"Warranty Code"
07:29:18.2 (9097035)|STATEMENT_EXECUTE|[36]
07:29:18.2 (9101592)|HEAP_ALLOCATE|[36]|Bytes:5
07:29:18.2 (9106781)|VARIABLE_ASSIGNMENT|[36]|success|true
07:29:18.2 (9108841)|STATEMENT_EXECUTE|[38]
07:29:18.2 (9121594)|VARIABLE_ASSIGNMENT|[38]|this.sObjList|"List of size 6 too large to display"|0x4b062f22
07:29:18.2 (9123595)|STATEMENT_EXECUTE|[39]
07:29:18.2 (9127581)|VARIABLE_ASSIGNMENT|[39]|this.sObjectLabel|"Warranty Code"|0x4b062f22
07:29:18.2 (9129585)|STATEMENT_EXECUTE|[40]
07:29:18.2 (9133107)|VARIABLE_ASSIGNMENT|[40]|this.sObjectApiName|"Warranty_Codes__c"|0x4b062f22
07:29:18.2 (9134603)|STATEMENT_EXECUTE|[41]
07:29:18.2 (9137062)|HEAP_ALLOCATE|[41]|Bytes:5
07:29:18.2 (9140740)|VARIABLE_ASSIGNMENT|[41]|this.success|true|0x4b062f22
07:29:18.2 (9143093)|STATEMENT_EXECUTE|[49]
07:29:18.2 (9152168)|SYSTEM_MODE_EXIT|false
07:29:18.9 (9169684)|CUMULATIVE_LIMIT_USAGE
07:29:18.9 (9169684)|LIMIT_USAGE_FOR_NS|(default)|
  Number of SOQL queries: 1 out of 100
  Number of query rows: 6 out of 50000
  Number of SOSL queries: 0 out of 20
  Number of DML statements: 0 out of 150
  Number of DML rows: 0 out of 10000
  Maximum CPU time: 0 out of 10000
  Maximum heap size: 0 out of 6000000
  Number of callouts: 0 out of 100
  Number of Email Invocations: 0 out of 10
  Number of future calls: 0 out of 50
  Number of queueable jobs added to the queue: 0 out of 50
  Number of Mobile Apex push calls: 0 out of 10

07:29:18.9 (9169684)|CUMULATIVE_LIMIT_USAGE_END

07:29:18.2 (9199067)|CODE_UNIT_FINISHED|CruderCntrl.ReadSObjects
07:29:18.2 (10227302)|EXECUTION_FINISHED
07:29:18.11 (11715545)|USER_INFO|[EXTERNAL]|005280000056Sdu|ngmmadhan@gmail.com|Pacific Standard Time|GMT-07:00
07:29:18.11 (11724096)|EXECUTION_STARTED
07:29:18.11 (11727156)|CODE_UNIT_STARTED|[EXTERNAL]|Aura
07:29:18.11 (11819841)|CODE_UNIT_FINISHED|Aura
07:29:18.11 (12509945)|EXECUTION_FINISHED
