40.0 APEX_CODE,FINEST;APEX_PROFILING,INFO;CALLOUT,INFO;DB,INFO;SYSTEM,DEBUG;VALIDATION,INFO;VISUALFORCE,INFO;WAVE,INFO;WORKFLOW,INFO
22:42:00.0 (56132)|USER_INFO|[EXTERNAL]|005280000056Sdu|ngmmadhan@gmail.com|Pacific Standard Time|GMT-07:00
22:42:00.0 (79248)|EXECUTION_STARTED
22:42:00.0 (82975)|CODE_UNIT_STARTED|[EXTERNAL]|aura
22:42:00.0 (349031)|HEAP_ALLOCATE|[72]|Bytes:3
22:42:00.0 (380625)|HEAP_ALLOCATE|[77]|Bytes:152
22:42:00.0 (398923)|HEAP_ALLOCATE|[342]|Bytes:408
22:42:00.0 (421573)|HEAP_ALLOCATE|[355]|Bytes:408
22:42:00.0 (440859)|HEAP_ALLOCATE|[467]|Bytes:48
22:42:00.0 (467386)|HEAP_ALLOCATE|[139]|Bytes:6
22:42:00.0 (492058)|HEAP_ALLOCATE|[EXTERNAL]|Bytes:91
22:42:00.0 (506574)|HEAP_ALLOCATE|[EXTERNAL]|Bytes:91
22:42:00.0 (522221)|CODE_UNIT_FINISHED|aura
22:42:00.0 (1334357)|EXECUTION_FINISHED
22:42:00.13 (13950591)|USER_INFO|[EXTERNAL]|005280000056Sdu|ngmmadhan@gmail.com|Pacific Standard Time|GMT-07:00
22:42:00.13 (13966902)|EXECUTION_STARTED
22:42:00.13 (13972673)|CODE_UNIT_STARTED|[EXTERNAL]|01p2800000EnYhK|CruderCntrl.ReadSObjects
22:42:00.13 (14096277)|HEAP_ALLOCATE|[EXTERNAL]|Bytes:30
22:42:00.13 (14106082)|HEAP_ALLOCATE|[EXTERNAL]|Bytes:16
22:42:00.13 (14118183)|METHOD_ENTRY|[16]|01p2800000EnYhK|CruderCntrl.CruderCntrl()
22:42:00.13 (14122611)|STATEMENT_EXECUTE|[16]
22:42:00.13 (14129456)|STATEMENT_EXECUTE|[16]
22:42:00.13 (14170468)|HEAP_ALLOCATE|[50]|Bytes:5
22:42:00.13 (14234524)|HEAP_ALLOCATE|[56]|Bytes:5
22:42:00.13 (14252006)|HEAP_ALLOCATE|[64]|Bytes:7
22:42:00.13 (14276445)|SYSTEM_MODE_ENTER|false
22:42:00.13 (14294468)|HEAP_ALLOCATE|[EXTERNAL]|Bytes:5
22:42:00.13 (14307201)|STATEMENT_EXECUTE|[201]
22:42:00.13 (14309074)|STATEMENT_EXECUTE|[213]
22:42:00.13 (14315276)|SYSTEM_MODE_EXIT|false
22:42:00.13 (14324553)|METHOD_EXIT|[16]|CruderCntrl
22:42:00.13 (14328732)|HEAP_ALLOCATE|[EXTERNAL]|Bytes:91
22:42:00.13 (14334812)|SYSTEM_MODE_ENTER|false
22:42:00.13 (14339737)|VARIABLE_SCOPE_BEGIN|[22]|query|String|false|false
22:42:00.13 (14362813)|VARIABLE_ASSIGNMENT|[22]|query|"SELECT Parent_Warran (71 more) ..."
22:42:00.13 (14372597)|HEAP_ALLOCATE|[23]|Bytes:5
22:42:00.13 (14375576)|STATEMENT_EXECUTE|[22]
22:42:00.13 (14376693)|STATEMENT_EXECUTE|[23]
22:42:00.13 (14438313)|HEAP_ALLOCATE|[23]|Bytes:20
22:42:00.13 (14450450)|CONSTRUCTOR_ENTRY|[23]|01p2800000EnYhK|<init>()
22:42:00.13 (14466493)|VARIABLE_SCOPE_BEGIN|[201]|this|CruderCntrl.OutputWrapper|true|false
22:42:00.13 (14496036)|VARIABLE_ASSIGNMENT|[201]|this|{}|0x758ddbd
22:42:00.13 (14502466)|HEAP_ALLOCATE|[EXTERNAL]|Bytes:6
22:42:00.13 (14519688)|STATEMENT_EXECUTE|[201]
22:42:00.13 (14520877)|STATEMENT_EXECUTE|[203]
22:42:00.13 (14521888)|STATEMENT_EXECUTE|[205]
22:42:00.13 (14522790)|STATEMENT_EXECUTE|[207]
22:42:00.13 (14523749)|STATEMENT_EXECUTE|[209]
22:42:00.13 (14526898)|CONSTRUCTOR_EXIT|[23]|01p2800000EnYhK|<init>()
22:42:00.13 (14530787)|VARIABLE_SCOPE_BEGIN|[23]|wrapObj|CruderCntrl.OutputWrapper|true|false
22:42:00.13 (14540429)|VARIABLE_ASSIGNMENT|[23]|wrapObj|{}|0x758ddbd
22:42:00.13 (14542378)|STATEMENT_EXECUTE|[24]
22:42:00.13 (14546128)|VARIABLE_SCOPE_BEGIN|[24]|sObjectApiName|String|false|false
22:42:00.13 (14553766)|VARIABLE_ASSIGNMENT|[24]|sObjectApiName|""
22:42:00.13 (14555087)|STATEMENT_EXECUTE|[25]
22:42:00.13 (14556585)|VARIABLE_SCOPE_BEGIN|[25]|sObjectLabel|String|false|false
22:42:00.13 (14558832)|VARIABLE_ASSIGNMENT|[25]|sObjectLabel|""
22:42:00.13 (14560112)|STATEMENT_EXECUTE|[26]
22:42:00.13 (14562999)|VARIABLE_SCOPE_BEGIN|[26]|success|Boolean|false|false
22:42:00.13 (14566765)|HEAP_ALLOCATE|[26]|Bytes:5
22:42:00.13 (14570993)|VARIABLE_ASSIGNMENT|[26]|success|false
22:42:00.13 (14572322)|STATEMENT_EXECUTE|[27]
22:42:00.13 (14602740)|HEAP_ALLOCATE|[27]|Bytes:4
22:42:00.13 (14624719)|VARIABLE_SCOPE_BEGIN|[27]|sObjList|List<SObject>|true|false
22:42:00.13 (14631367)|HEAP_ALLOCATE|[EXTERNAL]|Bytes:4
22:42:00.13 (14640417)|VARIABLE_ASSIGNMENT|[27]|sObjList|[]|0x54f7c1cf
22:42:00.13 (14642966)|STATEMENT_EXECUTE|[29]
22:42:00.13 (14644313)|STATEMENT_EXECUTE|[29]
22:42:00.13 (14645813)|STATEMENT_EXECUTE|[30]
22:42:00.13 (14676253)|HEAP_ALLOCATE|[30]|Bytes:5
22:42:00.13 (15367888)|SOQL_EXECUTE_BEGIN|[30]|Aggregations:0|SELECT Parent_Warranty_Code__r.Name, Warranty_Code__c,Description__c FROM Warranty_Codes__c
22:42:00.13 (19642785)|SOQL_EXECUTE_END|[30]|Rows:6
22:42:00.13 (19658254)|HEAP_ALLOCATE|[30]|Bytes:28
22:42:00.13 (19683679)|HEAP_ALLOCATE|[30]|Bytes:857
22:42:00.13 (19728168)|HEAP_ALLOCATE|[30]|Bytes:28
22:42:00.13 (19755472)|VARIABLE_ASSIGNMENT|[30]|sObjList|"List of size 6 too large to display"|0x514131fd
22:42:00.13 (19818232)|STATEMENT_EXECUTE|[31]
22:42:00.13 (19820325)|STATEMENT_EXECUTE|[32]
22:42:00.13 (19843733)|HEAP_ALLOCATE|[32]|Bytes:24
22:42:00.13 (19966505)|VARIABLE_SCOPE_BEGIN|[32]|type|Schema.SObjectType|true|false
22:42:00.13 (20064445)|VARIABLE_ASSIGNMENT|[32]|type|"common.apex.runtime.impl.ApexSObjectTypeToken@76533ffb"|0x76533ffb
22:42:00.13 (20069258)|STATEMENT_EXECUTE|[33]
22:42:00.13 (20299071)|HEAP_ALLOCATE|[33]|Bytes:4
22:42:00.13 (20321577)|VARIABLE_SCOPE_BEGIN|[33]|sobjectDescribe|Schema.DescribeSObjectResult|true|false
22:42:00.13 (20397194)|VARIABLE_ASSIGNMENT|[33]|sobjectDescribe|"common.api.soap.wsdl.DescribeSObjectResult@33d95277"|0x37cd30ae
22:42:00.13 (20402624)|STATEMENT_EXECUTE|[34]
22:42:00.13 (20414331)|HEAP_ALLOCATE|[34]|Bytes:24
22:42:00.13 (20485624)|HEAP_ALLOCATE|[34]|Bytes:17
22:42:00.13 (20503349)|VARIABLE_ASSIGNMENT|[34]|sObjectApiName|"Warranty_Codes__c"
22:42:00.13 (20506006)|STATEMENT_EXECUTE|[35]
22:42:00.13 (20526576)|HEAP_ALLOCATE|[35]|Bytes:13
22:42:00.13 (20531430)|VARIABLE_ASSIGNMENT|[35]|sObjectLabel|"Warranty Code"
22:42:00.13 (20533461)|STATEMENT_EXECUTE|[36]
22:42:00.13 (20537707)|HEAP_ALLOCATE|[36]|Bytes:5
22:42:00.13 (20542099)|VARIABLE_ASSIGNMENT|[36]|success|true
22:42:00.13 (20544242)|STATEMENT_EXECUTE|[38]
22:42:00.13 (20557357)|VARIABLE_ASSIGNMENT|[38]|this.sObjList|"List of size 6 too large to display"|0x758ddbd
22:42:00.13 (20559062)|STATEMENT_EXECUTE|[39]
22:42:00.13 (20562731)|VARIABLE_ASSIGNMENT|[39]|this.sObjectLabel|"Warranty Code"|0x758ddbd
22:42:00.13 (20564408)|STATEMENT_EXECUTE|[40]
22:42:00.13 (20567418)|VARIABLE_ASSIGNMENT|[40]|this.sObjectApiName|"Warranty_Codes__c"|0x758ddbd
22:42:00.13 (20569013)|STATEMENT_EXECUTE|[41]
22:42:00.13 (20571778)|HEAP_ALLOCATE|[41]|Bytes:5
22:42:00.13 (20575258)|VARIABLE_ASSIGNMENT|[41]|this.success|true|0x758ddbd
22:42:00.13 (20577145)|STATEMENT_EXECUTE|[49]
22:42:00.13 (20585411)|SYSTEM_MODE_EXIT|false
22:42:00.20 (20603597)|CUMULATIVE_LIMIT_USAGE
22:42:00.20 (20603597)|LIMIT_USAGE_FOR_NS|(default)|
  Number of SOQL queries: 1 out of 100
  Number of query rows: 6 out of 50000
  Number of SOSL queries: 0 out of 20
  Number of DML statements: 0 out of 150
  Number of DML rows: 0 out of 10000
  Maximum CPU time: 0 out of 10000
  Maximum heap size: 0 out of 6000000
  Number of callouts: 0 out of 100
  Number of Email Invocations: 0 out of 10
  Number of future calls: 0 out of 50
  Number of queueable jobs added to the queue: 0 out of 50
  Number of Mobile Apex push calls: 0 out of 10

22:42:00.20 (20603597)|CUMULATIVE_LIMIT_USAGE_END

22:42:00.13 (20630125)|CODE_UNIT_FINISHED|CruderCntrl.ReadSObjects
22:42:00.13 (21669294)|EXECUTION_FINISHED
22:42:00.23 (23317383)|USER_INFO|[EXTERNAL]|005280000056Sdu|ngmmadhan@gmail.com|Pacific Standard Time|GMT-07:00
22:42:00.23 (23325730)|EXECUTION_STARTED
22:42:00.23 (23329413)|CODE_UNIT_STARTED|[EXTERNAL]|Aura
22:42:00.23 (23407478)|CODE_UNIT_FINISHED|Aura
22:42:00.23 (24050928)|EXECUTION_FINISHED
