39.0 APEX_CODE,FINEST;APEX_PROFILING,INFO;CALLOUT,INFO;DB,INFO;SYSTEM,DEBUG;VALIDATION,INFO;VISUALFORCE,INFO;WAVE,INFO;WORKFLOW,INFO
Execute Anonymous: LIST<ACCOUNT> Acct = [SELECT ID, NAME, TYPE FROM ACCOUNT WHERE ID = '0012800000usoKE'];
Execute Anonymous: system.debug('Account Name' + Acct[0].Name);
02:10:45.2 (2604982)|USER_INFO|[EXTERNAL]|005280000056Sdu|ngmmadhan@gmail.com|Pacific Standard Time|GMT-07:00
02:10:45.2 (2618707)|EXECUTION_STARTED
02:10:45.2 (2621826)|CODE_UNIT_STARTED|[EXTERNAL]|execute_anonymous_apex
02:10:45.2 (2778610)|VARIABLE_SCOPE_BEGIN|[1]|Acct|List<Account>|true|false
02:10:45.2 (2876502)|HEAP_ALLOCATE|[72]|Bytes:3
02:10:45.2 (2901666)|HEAP_ALLOCATE|[77]|Bytes:152
02:10:45.2 (2913521)|HEAP_ALLOCATE|[342]|Bytes:408
02:10:45.2 (2927622)|HEAP_ALLOCATE|[355]|Bytes:408
02:10:45.2 (2940334)|HEAP_ALLOCATE|[467]|Bytes:48
02:10:45.2 (2963940)|HEAP_ALLOCATE|[139]|Bytes:6
02:10:45.2 (2981832)|HEAP_ALLOCATE|[EXTERNAL]|Bytes:3
02:10:45.2 (3065612)|STATEMENT_EXECUTE|[1]
02:10:45.2 (3068452)|STATEMENT_EXECUTE|[1]
02:10:45.2 (3071100)|HEAP_ALLOCATE|[1]|Bytes:63
02:10:45.2 (3079503)|HEAP_ALLOCATE|[1]|Bytes:4
02:10:45.2 (3112190)|HEAP_ALLOCATE|[50]|Bytes:5
02:10:45.2 (3128994)|HEAP_ALLOCATE|[56]|Bytes:5
02:10:45.2 (3134539)|HEAP_ALLOCATE|[64]|Bytes:7
02:10:45.2 (3351513)|SOQL_EXECUTE_BEGIN|[1]|Aggregations:0|SELECT ID, NAME, TYPE FROM ACCOUNT WHERE ID = '0012800000usoKE'
02:10:45.2 (14345406)|SOQL_EXECUTE_END|[1]|Rows:1
02:10:45.2 (14366284)|HEAP_ALLOCATE|[1]|Bytes:8
02:10:45.2 (14379466)|HEAP_ALLOCATE|[1]|Bytes:76
02:10:45.2 (14406176)|HEAP_ALLOCATE|[1]|Bytes:8
02:10:45.2 (14457546)|VARIABLE_ASSIGNMENT|[1]|Acct|[{"Id":"0012800000usoKEAAY","Name":"Dickenson plc","Type":"Customer - Channel"}]|0x64e292bc
02:10:45.2 (14462103)|STATEMENT_EXECUTE|[2]
02:10:45.2 (14465836)|HEAP_ALLOCATE|[2]|Bytes:12
02:10:45.2 (14535150)|HEAP_ALLOCATE|[2]|Bytes:16
02:10:45.2 (14577386)|HEAP_ALLOCATE|[2]|Bytes:25
02:10:45.2 (14627972)|USER_DEBUG|[2]|DEBUG|Account NameDickenson plc
02:10:45.14 (14668970)|CUMULATIVE_LIMIT_USAGE
02:10:45.14 (14668970)|LIMIT_USAGE_FOR_NS|(default)|
  Number of SOQL queries: 1 out of 100
  Number of query rows: 1 out of 50000
  Number of SOSL queries: 0 out of 20
  Number of DML statements: 0 out of 150
  Number of DML rows: 0 out of 10000
  Maximum CPU time: 0 out of 10000
  Maximum heap size: 0 out of 6000000
  Number of callouts: 0 out of 100
  Number of Email Invocations: 0 out of 10
  Number of future calls: 0 out of 50
  Number of queueable jobs added to the queue: 0 out of 50
  Number of Mobile Apex push calls: 0 out of 10

02:10:45.14 (14668970)|CUMULATIVE_LIMIT_USAGE_END

02:10:45.2 (14700958)|CODE_UNIT_FINISHED|execute_anonymous_apex
02:10:45.2 (16487471)|EXECUTION_FINISHED
