40.0 APEX_CODE,FINEST;APEX_PROFILING,INFO;CALLOUT,INFO;DB,INFO;SYSTEM,DEBUG;VALIDATION,INFO;VISUALFORCE,INFO;WAVE,INFO;WORKFLOW,INFO
21:14:21.0 (59159)|USER_INFO|[EXTERNAL]|005280000056Sdu|ngmmadhan@gmail.com|Pacific Standard Time|GMT-07:00
21:14:21.0 (80133)|EXECUTION_STARTED
21:14:21.0 (83240)|CODE_UNIT_STARTED|[EXTERNAL]|aura
21:14:21.0 (350095)|HEAP_ALLOCATE|[72]|Bytes:3
21:14:21.0 (384164)|HEAP_ALLOCATE|[77]|Bytes:152
21:14:21.0 (398473)|HEAP_ALLOCATE|[342]|Bytes:408
21:14:21.0 (428195)|HEAP_ALLOCATE|[355]|Bytes:408
21:14:21.0 (440264)|HEAP_ALLOCATE|[467]|Bytes:48
21:14:21.0 (463717)|HEAP_ALLOCATE|[139]|Bytes:6
21:14:21.0 (481387)|HEAP_ALLOCATE|[EXTERNAL]|Bytes:97
21:14:21.0 (485865)|HEAP_ALLOCATE|[EXTERNAL]|Bytes:97
21:14:21.0 (496296)|CODE_UNIT_FINISHED|aura
21:14:21.0 (1280154)|EXECUTION_FINISHED
21:14:21.1 (1936094)|USER_INFO|[EXTERNAL]|005280000056Sdu|ngmmadhan@gmail.com|Pacific Standard Time|GMT-07:00
21:14:21.1 (1942352)|EXECUTION_STARTED
21:14:21.1 (1944479)|CODE_UNIT_STARTED|[EXTERNAL]|01p2800000EnYhK|CruderCntrl.ReadSObjects
21:14:21.1 (2027354)|HEAP_ALLOCATE|[EXTERNAL]|Bytes:30
21:14:21.1 (2032228)|HEAP_ALLOCATE|[EXTERNAL]|Bytes:16
21:14:21.1 (2039507)|METHOD_ENTRY|[16]|01p2800000EnYhK|CruderCntrl.CruderCntrl()
21:14:21.1 (2043310)|STATEMENT_EXECUTE|[16]
21:14:21.1 (2048266)|STATEMENT_EXECUTE|[16]
21:14:21.1 (2082803)|HEAP_ALLOCATE|[50]|Bytes:5
21:14:21.1 (2103341)|HEAP_ALLOCATE|[56]|Bytes:5
21:14:21.1 (2108808)|HEAP_ALLOCATE|[64]|Bytes:7
21:14:21.1 (2122914)|SYSTEM_MODE_ENTER|false
21:14:21.1 (2131438)|HEAP_ALLOCATE|[EXTERNAL]|Bytes:5
21:14:21.1 (2134562)|STATEMENT_EXECUTE|[201]
21:14:21.1 (2136252)|STATEMENT_EXECUTE|[213]
21:14:21.1 (2140530)|SYSTEM_MODE_EXIT|false
21:14:21.1 (2147470)|METHOD_EXIT|[16]|CruderCntrl
21:14:21.1 (2150568)|HEAP_ALLOCATE|[EXTERNAL]|Bytes:97
21:14:21.1 (2154805)|SYSTEM_MODE_ENTER|false
21:14:21.1 (2159593)|VARIABLE_SCOPE_BEGIN|[22]|query|String|false|false
21:14:21.1 (2180234)|VARIABLE_ASSIGNMENT|[22]|query|"SELECT ID, Name, Des (77 more) ..."
21:14:21.1 (2189024)|HEAP_ALLOCATE|[23]|Bytes:5
21:14:21.1 (2191477)|STATEMENT_EXECUTE|[22]
21:14:21.1 (2192568)|STATEMENT_EXECUTE|[23]
21:14:21.1 (2247711)|HEAP_ALLOCATE|[23]|Bytes:20
21:14:21.1 (2258479)|CONSTRUCTOR_ENTRY|[23]|01p2800000EnYhK|<init>()
21:14:21.1 (2275112)|VARIABLE_SCOPE_BEGIN|[201]|this|CruderCntrl.OutputWrapper|true|false
21:14:21.1 (2299993)|VARIABLE_ASSIGNMENT|[201]|this|{}|0xdc759a2
21:14:21.1 (2306044)|HEAP_ALLOCATE|[EXTERNAL]|Bytes:6
21:14:21.1 (2321394)|STATEMENT_EXECUTE|[201]
21:14:21.1 (2322671)|STATEMENT_EXECUTE|[203]
21:14:21.1 (2323985)|STATEMENT_EXECUTE|[205]
21:14:21.1 (2324952)|STATEMENT_EXECUTE|[207]
21:14:21.1 (2325961)|STATEMENT_EXECUTE|[209]
21:14:21.1 (2329159)|CONSTRUCTOR_EXIT|[23]|01p2800000EnYhK|<init>()
21:14:21.1 (2332456)|VARIABLE_SCOPE_BEGIN|[23]|wrapObj|CruderCntrl.OutputWrapper|true|false
21:14:21.1 (2340780)|VARIABLE_ASSIGNMENT|[23]|wrapObj|{}|0xdc759a2
21:14:21.1 (2342676)|STATEMENT_EXECUTE|[24]
21:14:21.1 (2346254)|VARIABLE_SCOPE_BEGIN|[24]|sObjectApiName|String|false|false
21:14:21.1 (2349940)|VARIABLE_ASSIGNMENT|[24]|sObjectApiName|""
21:14:21.1 (2351181)|STATEMENT_EXECUTE|[25]
21:14:21.1 (2352631)|VARIABLE_SCOPE_BEGIN|[25]|sObjectLabel|String|false|false
21:14:21.1 (2355054)|VARIABLE_ASSIGNMENT|[25]|sObjectLabel|""
21:14:21.1 (2356192)|STATEMENT_EXECUTE|[26]
21:14:21.1 (2358738)|VARIABLE_SCOPE_BEGIN|[26]|success|Boolean|false|false
21:14:21.1 (2361982)|HEAP_ALLOCATE|[26]|Bytes:5
21:14:21.1 (2365928)|VARIABLE_ASSIGNMENT|[26]|success|false
21:14:21.1 (2367152)|STATEMENT_EXECUTE|[27]
21:14:21.1 (2394918)|HEAP_ALLOCATE|[27]|Bytes:4
21:14:21.1 (2418087)|VARIABLE_SCOPE_BEGIN|[27]|sObjList|List<SObject>|true|false
21:14:21.1 (2424107)|HEAP_ALLOCATE|[EXTERNAL]|Bytes:4
21:14:21.1 (2430463)|VARIABLE_ASSIGNMENT|[27]|sObjList|[]|0x54958fd5
21:14:21.1 (2432528)|STATEMENT_EXECUTE|[29]
21:14:21.1 (2433469)|STATEMENT_EXECUTE|[29]
21:14:21.1 (2434388)|STATEMENT_EXECUTE|[30]
21:14:21.1 (2463028)|HEAP_ALLOCATE|[30]|Bytes:5
21:14:21.1 (2900578)|SOQL_EXECUTE_BEGIN|[30]|Aggregations:0|SELECT ID, Name, Description__c, Parent_Warranty_Code__c, Warranty_Code__c FROM Warranty_Codes__c
21:14:21.1 (4828659)|SOQL_EXECUTE_END|[30]|Rows:6
21:14:21.1 (4850382)|HEAP_ALLOCATE|[30]|Bytes:28
21:14:21.1 (4889293)|HEAP_ALLOCATE|[30]|Bytes:737
21:14:21.1 (4977715)|HEAP_ALLOCATE|[30]|Bytes:28
21:14:21.1 (5007005)|VARIABLE_ASSIGNMENT|[30]|sObjList|"List of size 6 too large to display"|0x46a86e5f
21:14:21.1 (5084926)|STATEMENT_EXECUTE|[31]
21:14:21.1 (5088106)|STATEMENT_EXECUTE|[32]
21:14:21.1 (5115530)|HEAP_ALLOCATE|[32]|Bytes:24
21:14:21.1 (5194326)|VARIABLE_SCOPE_BEGIN|[32]|type|Schema.SObjectType|true|false
21:14:21.1 (5323436)|VARIABLE_ASSIGNMENT|[32]|type|"common.apex.runtime.impl.ApexSObjectTypeToken@3ef16f22"|0x3ef16f22
21:14:21.1 (5328688)|STATEMENT_EXECUTE|[33]
21:14:21.1 (5586763)|HEAP_ALLOCATE|[33]|Bytes:4
21:14:21.1 (5621947)|VARIABLE_SCOPE_BEGIN|[33]|sobjectDescribe|Schema.DescribeSObjectResult|true|false
21:14:21.1 (5712183)|VARIABLE_ASSIGNMENT|[33]|sobjectDescribe|"common.api.soap.wsdl.DescribeSObjectResult@33d95277"|0x51f1c77d
21:14:21.1 (5717782)|STATEMENT_EXECUTE|[34]
21:14:21.1 (5729967)|HEAP_ALLOCATE|[34]|Bytes:24
21:14:21.1 (5809117)|HEAP_ALLOCATE|[34]|Bytes:17
21:14:21.1 (5827049)|VARIABLE_ASSIGNMENT|[34]|sObjectApiName|"Warranty_Codes__c"
21:14:21.1 (5831128)|STATEMENT_EXECUTE|[35]
21:14:21.1 (5854595)|HEAP_ALLOCATE|[35]|Bytes:13
21:14:21.1 (5862750)|VARIABLE_ASSIGNMENT|[35]|sObjectLabel|"Warranty Code"
21:14:21.1 (5865345)|STATEMENT_EXECUTE|[36]
21:14:21.1 (5870931)|HEAP_ALLOCATE|[36]|Bytes:5
21:14:21.1 (5876570)|VARIABLE_ASSIGNMENT|[36]|success|true
21:14:21.1 (5878910)|STATEMENT_EXECUTE|[38]
21:14:21.1 (5894362)|VARIABLE_ASSIGNMENT|[38]|this.sObjList|"List of size 6 too large to display"|0xdc759a2
21:14:21.1 (5897535)|STATEMENT_EXECUTE|[39]
21:14:21.1 (5904088)|VARIABLE_ASSIGNMENT|[39]|this.sObjectLabel|"Warranty Code"|0xdc759a2
21:14:21.1 (5906474)|STATEMENT_EXECUTE|[40]
21:14:21.1 (5911358)|VARIABLE_ASSIGNMENT|[40]|this.sObjectApiName|"Warranty_Codes__c"|0xdc759a2
21:14:21.1 (5913610)|STATEMENT_EXECUTE|[41]
21:14:21.1 (5917721)|HEAP_ALLOCATE|[41]|Bytes:5
21:14:21.1 (5923336)|VARIABLE_ASSIGNMENT|[41]|this.success|true|0xdc759a2
21:14:21.1 (5926825)|STATEMENT_EXECUTE|[49]
21:14:21.1 (5936550)|SYSTEM_MODE_EXIT|false
21:14:21.5 (5972465)|CUMULATIVE_LIMIT_USAGE
21:14:21.5 (5972465)|LIMIT_USAGE_FOR_NS|(default)|
  Number of SOQL queries: 1 out of 100
  Number of query rows: 6 out of 50000
  Number of SOSL queries: 0 out of 20
  Number of DML statements: 0 out of 150
  Number of DML rows: 0 out of 10000
  Maximum CPU time: 0 out of 10000
  Maximum heap size: 0 out of 6000000
  Number of callouts: 0 out of 100
  Number of Email Invocations: 0 out of 10
  Number of future calls: 0 out of 50
  Number of queueable jobs added to the queue: 0 out of 50
  Number of Mobile Apex push calls: 0 out of 10

21:14:21.5 (5972465)|CUMULATIVE_LIMIT_USAGE_END

21:14:21.1 (6005513)|CODE_UNIT_FINISHED|CruderCntrl.ReadSObjects
21:14:21.1 (6983487)|EXECUTION_FINISHED
21:14:21.8 (8229681)|USER_INFO|[EXTERNAL]|005280000056Sdu|ngmmadhan@gmail.com|Pacific Standard Time|GMT-07:00
21:14:21.8 (8236607)|EXECUTION_STARTED
21:14:21.8 (8238947)|CODE_UNIT_STARTED|[EXTERNAL]|Aura
21:14:21.8 (8309630)|CODE_UNIT_FINISHED|Aura
21:14:21.8 (9012688)|EXECUTION_FINISHED
