40.0 APEX_CODE,FINEST;APEX_PROFILING,INFO;CALLOUT,INFO;DB,INFO;SYSTEM,DEBUG;VALIDATION,INFO;VISUALFORCE,INFO;WAVE,INFO;WORKFLOW,INFO
23:02:09.0 (77269)|USER_INFO|[EXTERNAL]|005280000056Sdu|ngmmadhan@gmail.com|Pacific Standard Time|GMT-07:00
23:02:09.0 (111699)|EXECUTION_STARTED
23:02:09.0 (116448)|CODE_UNIT_STARTED|[EXTERNAL]|aura
23:02:09.0 (473531)|HEAP_ALLOCATE|[72]|Bytes:3
23:02:09.0 (569120)|HEAP_ALLOCATE|[77]|Bytes:152
23:02:09.0 (591150)|HEAP_ALLOCATE|[342]|Bytes:408
23:02:09.0 (615432)|HEAP_ALLOCATE|[355]|Bytes:408
23:02:09.0 (638086)|HEAP_ALLOCATE|[467]|Bytes:48
23:02:09.0 (672607)|HEAP_ALLOCATE|[139]|Bytes:6
23:02:09.0 (702707)|HEAP_ALLOCATE|[EXTERNAL]|Bytes:91
23:02:09.0 (710316)|HEAP_ALLOCATE|[EXTERNAL]|Bytes:91
23:02:09.0 (724863)|CODE_UNIT_FINISHED|aura
23:02:09.0 (1601387)|EXECUTION_FINISHED
23:02:09.13 (13941360)|USER_INFO|[EXTERNAL]|005280000056Sdu|ngmmadhan@gmail.com|Pacific Standard Time|GMT-07:00
23:02:09.13 (13952488)|EXECUTION_STARTED
23:02:09.13 (13955693)|CODE_UNIT_STARTED|[EXTERNAL]|01p2800000EnYhK|CruderCntrl.ReadSObjects
23:02:09.13 (14044190)|HEAP_ALLOCATE|[EXTERNAL]|Bytes:30
23:02:09.13 (14051407)|HEAP_ALLOCATE|[EXTERNAL]|Bytes:16
23:02:09.13 (14060212)|METHOD_ENTRY|[16]|01p2800000EnYhK|CruderCntrl.CruderCntrl()
23:02:09.13 (14063211)|STATEMENT_EXECUTE|[16]
23:02:09.13 (14068056)|STATEMENT_EXECUTE|[16]
23:02:09.13 (14101838)|HEAP_ALLOCATE|[50]|Bytes:5
23:02:09.13 (14126896)|HEAP_ALLOCATE|[56]|Bytes:5
23:02:09.13 (14132981)|HEAP_ALLOCATE|[64]|Bytes:7
23:02:09.13 (14151392)|SYSTEM_MODE_ENTER|false
23:02:09.13 (14160172)|HEAP_ALLOCATE|[EXTERNAL]|Bytes:5
23:02:09.13 (14165961)|STATEMENT_EXECUTE|[201]
23:02:09.13 (14167403)|STATEMENT_EXECUTE|[213]
23:02:09.13 (14171973)|SYSTEM_MODE_EXIT|false
23:02:09.13 (14177694)|METHOD_EXIT|[16]|CruderCntrl
23:02:09.13 (14181199)|HEAP_ALLOCATE|[EXTERNAL]|Bytes:91
23:02:09.13 (14185408)|SYSTEM_MODE_ENTER|false
23:02:09.13 (14190216)|VARIABLE_SCOPE_BEGIN|[22]|query|String|false|false
23:02:09.13 (14211480)|VARIABLE_ASSIGNMENT|[22]|query|"SELECT Parent_Warran (71 more) ..."
23:02:09.13 (14219723)|HEAP_ALLOCATE|[23]|Bytes:5
23:02:09.13 (14222414)|STATEMENT_EXECUTE|[22]
23:02:09.13 (14223496)|STATEMENT_EXECUTE|[23]
23:02:09.13 (14278935)|HEAP_ALLOCATE|[23]|Bytes:20
23:02:09.13 (14289430)|CONSTRUCTOR_ENTRY|[23]|01p2800000EnYhK|<init>()
23:02:09.13 (14305137)|VARIABLE_SCOPE_BEGIN|[201]|this|CruderCntrl.OutputWrapper|true|false
23:02:09.13 (14331929)|VARIABLE_ASSIGNMENT|[201]|this|{}|0xf4bef19
23:02:09.13 (14338332)|HEAP_ALLOCATE|[EXTERNAL]|Bytes:6
23:02:09.13 (14360996)|STATEMENT_EXECUTE|[201]
23:02:09.13 (14362369)|STATEMENT_EXECUTE|[203]
23:02:09.13 (14363503)|STATEMENT_EXECUTE|[205]
23:02:09.13 (14364462)|STATEMENT_EXECUTE|[207]
23:02:09.13 (14365651)|STATEMENT_EXECUTE|[209]
23:02:09.13 (14369167)|CONSTRUCTOR_EXIT|[23]|01p2800000EnYhK|<init>()
23:02:09.13 (14373050)|VARIABLE_SCOPE_BEGIN|[23]|wrapObj|CruderCntrl.OutputWrapper|true|false
23:02:09.13 (14382162)|VARIABLE_ASSIGNMENT|[23]|wrapObj|{}|0xf4bef19
23:02:09.13 (14384343)|STATEMENT_EXECUTE|[24]
23:02:09.13 (14388307)|VARIABLE_SCOPE_BEGIN|[24]|sObjectApiName|String|false|false
23:02:09.13 (14392181)|VARIABLE_ASSIGNMENT|[24]|sObjectApiName|""
23:02:09.13 (14393572)|STATEMENT_EXECUTE|[25]
23:02:09.13 (14395004)|VARIABLE_SCOPE_BEGIN|[25]|sObjectLabel|String|false|false
23:02:09.13 (14397339)|VARIABLE_ASSIGNMENT|[25]|sObjectLabel|""
23:02:09.13 (14398737)|STATEMENT_EXECUTE|[26]
23:02:09.13 (14401450)|VARIABLE_SCOPE_BEGIN|[26]|success|Boolean|false|false
23:02:09.13 (14404863)|HEAP_ALLOCATE|[26]|Bytes:5
23:02:09.13 (14408682)|VARIABLE_ASSIGNMENT|[26]|success|false
23:02:09.13 (14409816)|STATEMENT_EXECUTE|[27]
23:02:09.13 (14438189)|HEAP_ALLOCATE|[27]|Bytes:4
23:02:09.13 (14460646)|VARIABLE_SCOPE_BEGIN|[27]|sObjList|List<SObject>|true|false
23:02:09.13 (14467008)|HEAP_ALLOCATE|[EXTERNAL]|Bytes:4
23:02:09.13 (14473821)|VARIABLE_ASSIGNMENT|[27]|sObjList|[]|0x8a1bf9f
23:02:09.13 (14475584)|STATEMENT_EXECUTE|[29]
23:02:09.13 (14476678)|STATEMENT_EXECUTE|[29]
23:02:09.13 (14477907)|STATEMENT_EXECUTE|[30]
23:02:09.13 (14501782)|HEAP_ALLOCATE|[30]|Bytes:5
23:02:09.13 (14943637)|SOQL_EXECUTE_BEGIN|[30]|Aggregations:0|SELECT Parent_Warranty_Code__r.Name, Warranty_Code__c,Description__c FROM Warranty_Codes__c
23:02:09.13 (17778743)|SOQL_EXECUTE_END|[30]|Rows:6
23:02:09.13 (17795453)|HEAP_ALLOCATE|[30]|Bytes:28
23:02:09.13 (17822793)|HEAP_ALLOCATE|[30]|Bytes:857
23:02:09.13 (17881995)|HEAP_ALLOCATE|[30]|Bytes:28
23:02:09.13 (17910807)|VARIABLE_ASSIGNMENT|[30]|sObjList|"List of size 6 too large to display"|0x6395db3
23:02:09.13 (17973070)|STATEMENT_EXECUTE|[31]
23:02:09.13 (17975290)|STATEMENT_EXECUTE|[32]
23:02:09.13 (17997585)|HEAP_ALLOCATE|[32]|Bytes:24
23:02:09.13 (18082283)|VARIABLE_SCOPE_BEGIN|[32]|type|Schema.SObjectType|true|false
23:02:09.13 (18190260)|VARIABLE_ASSIGNMENT|[32]|type|"common.apex.runtime.impl.ApexSObjectTypeToken@2421aa69"|0x2421aa69
23:02:09.13 (18194721)|STATEMENT_EXECUTE|[33]
23:02:09.13 (18406034)|HEAP_ALLOCATE|[33]|Bytes:4
23:02:09.13 (18425672)|VARIABLE_SCOPE_BEGIN|[33]|sobjectDescribe|Schema.DescribeSObjectResult|true|false
23:02:09.13 (18485163)|VARIABLE_ASSIGNMENT|[33]|sobjectDescribe|"common.api.soap.wsdl.DescribeSObjectResult@33d95277"|0x685069e9
23:02:09.13 (18489114)|STATEMENT_EXECUTE|[34]
23:02:09.13 (18497996)|HEAP_ALLOCATE|[34]|Bytes:24
23:02:09.13 (18551145)|HEAP_ALLOCATE|[34]|Bytes:17
23:02:09.13 (18561718)|VARIABLE_ASSIGNMENT|[34]|sObjectApiName|"Warranty_Codes__c"
23:02:09.13 (18564140)|STATEMENT_EXECUTE|[35]
23:02:09.13 (18582922)|HEAP_ALLOCATE|[35]|Bytes:13
23:02:09.13 (18587082)|VARIABLE_ASSIGNMENT|[35]|sObjectLabel|"Warranty Code"
23:02:09.13 (18588899)|STATEMENT_EXECUTE|[36]
23:02:09.13 (18593123)|HEAP_ALLOCATE|[36]|Bytes:5
23:02:09.13 (18597246)|VARIABLE_ASSIGNMENT|[36]|success|true
23:02:09.13 (18599318)|STATEMENT_EXECUTE|[38]
23:02:09.13 (18610375)|VARIABLE_ASSIGNMENT|[38]|this.sObjList|"List of size 6 too large to display"|0xf4bef19
23:02:09.13 (18611969)|STATEMENT_EXECUTE|[39]
23:02:09.13 (18615306)|VARIABLE_ASSIGNMENT|[39]|this.sObjectLabel|"Warranty Code"|0xf4bef19
23:02:09.13 (18616752)|STATEMENT_EXECUTE|[40]
23:02:09.13 (18619633)|VARIABLE_ASSIGNMENT|[40]|this.sObjectApiName|"Warranty_Codes__c"|0xf4bef19
23:02:09.13 (18621326)|STATEMENT_EXECUTE|[41]
23:02:09.13 (18623685)|HEAP_ALLOCATE|[41]|Bytes:5
23:02:09.13 (18626968)|VARIABLE_ASSIGNMENT|[41]|this.success|true|0xf4bef19
23:02:09.13 (18628929)|STATEMENT_EXECUTE|[49]
23:02:09.13 (18638099)|SYSTEM_MODE_EXIT|false
23:02:09.18 (18658550)|CUMULATIVE_LIMIT_USAGE
23:02:09.18 (18658550)|LIMIT_USAGE_FOR_NS|(default)|
  Number of SOQL queries: 1 out of 100
  Number of query rows: 6 out of 50000
  Number of SOSL queries: 0 out of 20
  Number of DML statements: 0 out of 150
  Number of DML rows: 0 out of 10000
  Maximum CPU time: 0 out of 10000
  Maximum heap size: 0 out of 6000000
  Number of callouts: 0 out of 100
  Number of Email Invocations: 0 out of 10
  Number of future calls: 0 out of 50
  Number of queueable jobs added to the queue: 0 out of 50
  Number of Mobile Apex push calls: 0 out of 10

23:02:09.18 (18658550)|CUMULATIVE_LIMIT_USAGE_END

23:02:09.13 (18684192)|CODE_UNIT_FINISHED|CruderCntrl.ReadSObjects
23:02:09.13 (19751040)|EXECUTION_FINISHED
23:02:09.21 (21062757)|USER_INFO|[EXTERNAL]|005280000056Sdu|ngmmadhan@gmail.com|Pacific Standard Time|GMT-07:00
23:02:09.21 (21070572)|EXECUTION_STARTED
23:02:09.21 (21073568)|CODE_UNIT_STARTED|[EXTERNAL]|Aura
23:02:09.21 (21157260)|CODE_UNIT_FINISHED|Aura
23:02:09.21 (21780882)|EXECUTION_FINISHED
