34.0 APEX_CODE,DEBUG;APEX_PROFILING,INFO;CALLOUT,INFO;DB,INFO;SYSTEM,DEBUG;VALIDATION,INFO;VISUALFORCE,DEBUG;WAVE,INFO;WORKFLOW,INFO
Execute Anonymous: List<Account> lstAccount = [Select Id,Name FROM Account LIMIT 5];
Execute Anonymous: system.debug('Account Count ' + lstAccount.size());
Execute Anonymous: system.debug('Account List ' + JSON.Serialize(lstAccount)); 
01:44:05.12 (12032679)|USER_INFO|[EXTERNAL]|005280000056Sdu|ngmmadhan@gmail.com|Pacific Standard Time|GMT-07:00
01:44:05.12 (12050634)|EXECUTION_STARTED
01:44:05.12 (12055486)|CODE_UNIT_STARTED|[EXTERNAL]|execute_anonymous_apex
01:44:05.12 (12771209)|SOQL_EXECUTE_BEGIN|[1]|Aggregations:0|SELECT Id, Name FROM Account LIMIT 5
01:44:05.12 (18264614)|SOQL_EXECUTE_END|[1]|Rows:5
01:44:05.12 (18538429)|USER_DEBUG|[2]|DEBUG|Account Count 5
01:44:05.12 (18608357)|SYSTEM_MODE_ENTER|false
01:44:05.12 (19652313)|SYSTEM_MODE_EXIT|false
01:44:05.12 (19681799)|USER_DEBUG|[3]|DEBUG|Account List [{"attributes":{"type":"Account","url":"/services/data/v39.0/sobjects/Account/0012800001Fi86MAAR"},"Id":"0012800001Fi86MAAR","Name":"Test"},{"attributes":{"type":"Account","url":"/services/data/v39.0/sobjects/Account/0012800000usoKLAAY"},"Id":"0012800000usoKLAAY","Name":"GenePoint"},{"attributes":{"type":"Account","url":"/services/data/v39.0/sobjects/Account/0012800000usoKJAAY"},"Id":"0012800000usoKJAAY","Name":"United Oil & Gas, UK"},{"attributes":{"type":"Account","url":"/services/data/v39.0/sobjects/Account/0012800000usoKKAAY"},"Id":"0012800000usoKKAAY","Name":"United Oil & Gas, Singapore"},{"attributes":{"type":"Account","url":"/services/data/v39.0/sobjects/Account/0012800000usoKBAAY"},"Id":"0012800000usoKBAAY","Name":"Edge Communications"}]
01:44:05.19 (19739151)|CUMULATIVE_LIMIT_USAGE
01:44:05.19 (19739151)|LIMIT_USAGE_FOR_NS|(default)|
  Number of SOQL queries: 1 out of 100
  Number of query rows: 5 out of 50000
  Number of SOSL queries: 0 out of 20
  Number of DML statements: 0 out of 150
  Number of DML rows: 0 out of 10000
  Maximum CPU time: 0 out of 10000
  Maximum heap size: 0 out of 6000000
  Number of callouts: 0 out of 100
  Number of Email Invocations: 0 out of 10
  Number of future calls: 0 out of 50
  Number of queueable jobs added to the queue: 0 out of 50
  Number of Mobile Apex push calls: 0 out of 10

01:44:05.19 (19739151)|CUMULATIVE_LIMIT_USAGE_END

01:44:05.12 (19808946)|CODE_UNIT_FINISHED|execute_anonymous_apex
01:44:05.12 (21630900)|EXECUTION_FINISHED
