40.0 APEX_CODE,FINEST;APEX_PROFILING,INFO;CALLOUT,INFO;DB,INFO;SYSTEM,DEBUG;VALIDATION,INFO;VISUALFORCE,INFO;WAVE,INFO;WORKFLOW,INFO
21:12:13.0 (299027)|USER_INFO|[EXTERNAL]|005280000056Sdu|ngmmadhan@gmail.com|Pacific Standard Time|GMT-07:00
21:12:13.0 (320800)|EXECUTION_STARTED
21:12:13.0 (324018)|CODE_UNIT_STARTED|[EXTERNAL]|aura
21:12:13.0 (591727)|HEAP_ALLOCATE|[72]|Bytes:3
21:12:13.0 (641140)|HEAP_ALLOCATE|[77]|Bytes:152
21:12:13.0 (655260)|HEAP_ALLOCATE|[342]|Bytes:408
21:12:13.0 (668997)|HEAP_ALLOCATE|[355]|Bytes:408
21:12:13.0 (683145)|HEAP_ALLOCATE|[467]|Bytes:48
21:12:13.0 (705017)|HEAP_ALLOCATE|[139]|Bytes:6
21:12:13.0 (719948)|HEAP_ALLOCATE|[EXTERNAL]|Bytes:97
21:12:13.0 (741285)|HEAP_ALLOCATE|[EXTERNAL]|Bytes:97
21:12:13.0 (759892)|CODE_UNIT_FINISHED|aura
21:12:13.0 (1516100)|EXECUTION_FINISHED
21:12:13.10 (10956546)|USER_INFO|[EXTERNAL]|005280000056Sdu|ngmmadhan@gmail.com|Pacific Standard Time|GMT-07:00
21:12:13.10 (10971505)|EXECUTION_STARTED
21:12:13.10 (10974721)|CODE_UNIT_STARTED|[EXTERNAL]|01p2800000EnYhK|CruderCntrl.ReadSObjects
21:12:13.10 (11099717)|HEAP_ALLOCATE|[EXTERNAL]|Bytes:30
21:12:13.10 (11106703)|HEAP_ALLOCATE|[EXTERNAL]|Bytes:16
21:12:13.10 (11139504)|METHOD_ENTRY|[16]|01p2800000EnYhK|CruderCntrl.CruderCntrl()
21:12:13.10 (11143114)|STATEMENT_EXECUTE|[16]
21:12:13.10 (11148240)|STATEMENT_EXECUTE|[16]
21:12:13.10 (11182723)|HEAP_ALLOCATE|[50]|Bytes:5
21:12:13.10 (11207451)|HEAP_ALLOCATE|[56]|Bytes:5
21:12:13.10 (11213873)|HEAP_ALLOCATE|[64]|Bytes:7
21:12:13.10 (11230645)|SYSTEM_MODE_ENTER|false
21:12:13.10 (11239571)|HEAP_ALLOCATE|[EXTERNAL]|Bytes:5
21:12:13.10 (11242446)|STATEMENT_EXECUTE|[201]
21:12:13.10 (11243734)|STATEMENT_EXECUTE|[213]
21:12:13.10 (11247553)|SYSTEM_MODE_EXIT|false
21:12:13.10 (11265337)|METHOD_EXIT|[16]|CruderCntrl
21:12:13.10 (11268920)|HEAP_ALLOCATE|[EXTERNAL]|Bytes:97
21:12:13.10 (11273978)|SYSTEM_MODE_ENTER|false
21:12:13.10 (11279432)|VARIABLE_SCOPE_BEGIN|[22]|query|String|false|false
21:12:13.10 (11300657)|VARIABLE_ASSIGNMENT|[22]|query|"SELECT ID, Name, Des (77 more) ..."
21:12:13.10 (11309420)|HEAP_ALLOCATE|[23]|Bytes:5
21:12:13.10 (11312081)|STATEMENT_EXECUTE|[22]
21:12:13.10 (11313186)|STATEMENT_EXECUTE|[23]
21:12:13.10 (11350667)|HEAP_ALLOCATE|[23]|Bytes:20
21:12:13.10 (11379331)|CONSTRUCTOR_ENTRY|[23]|01p2800000EnYhK|<init>()
21:12:13.10 (11402576)|VARIABLE_SCOPE_BEGIN|[201]|this|CruderCntrl.OutputWrapper|true|false
21:12:13.10 (11448906)|VARIABLE_ASSIGNMENT|[201]|this|{}|0x2053304a
21:12:13.10 (11455331)|HEAP_ALLOCATE|[EXTERNAL]|Bytes:6
21:12:13.10 (11471985)|STATEMENT_EXECUTE|[201]
21:12:13.10 (11473205)|STATEMENT_EXECUTE|[203]
21:12:13.10 (11474215)|STATEMENT_EXECUTE|[205]
21:12:13.10 (11475373)|STATEMENT_EXECUTE|[207]
21:12:13.10 (11476360)|STATEMENT_EXECUTE|[209]
21:12:13.10 (11479779)|CONSTRUCTOR_EXIT|[23]|01p2800000EnYhK|<init>()
21:12:13.10 (11482784)|VARIABLE_SCOPE_BEGIN|[23]|wrapObj|CruderCntrl.OutputWrapper|true|false
21:12:13.10 (11492449)|VARIABLE_ASSIGNMENT|[23]|wrapObj|{}|0x2053304a
21:12:13.10 (11494471)|STATEMENT_EXECUTE|[24]
21:12:13.10 (11497789)|VARIABLE_SCOPE_BEGIN|[24]|sObjectApiName|String|false|false
21:12:13.10 (11501623)|VARIABLE_ASSIGNMENT|[24]|sObjectApiName|""
21:12:13.10 (11502973)|STATEMENT_EXECUTE|[25]
21:12:13.10 (11504361)|VARIABLE_SCOPE_BEGIN|[25]|sObjectLabel|String|false|false
21:12:13.10 (11506519)|VARIABLE_ASSIGNMENT|[25]|sObjectLabel|""
21:12:13.10 (11507591)|STATEMENT_EXECUTE|[26]
21:12:13.10 (11510204)|VARIABLE_SCOPE_BEGIN|[26]|success|Boolean|false|false
21:12:13.10 (11513706)|HEAP_ALLOCATE|[26]|Bytes:5
21:12:13.10 (11517507)|VARIABLE_ASSIGNMENT|[26]|success|false
21:12:13.10 (11518614)|STATEMENT_EXECUTE|[27]
21:12:13.10 (11523131)|HEAP_ALLOCATE|[27]|Bytes:4
21:12:13.10 (11542961)|VARIABLE_SCOPE_BEGIN|[27]|sObjList|List<SObject>|true|false
21:12:13.10 (11548355)|HEAP_ALLOCATE|[EXTERNAL]|Bytes:4
21:12:13.10 (11554631)|VARIABLE_ASSIGNMENT|[27]|sObjList|[]|0x28fe0847
21:12:13.10 (11556532)|STATEMENT_EXECUTE|[29]
21:12:13.10 (11557407)|STATEMENT_EXECUTE|[29]
21:12:13.10 (11558645)|STATEMENT_EXECUTE|[30]
21:12:13.10 (11582765)|HEAP_ALLOCATE|[30]|Bytes:5
21:12:13.10 (12702135)|SOQL_EXECUTE_BEGIN|[30]|Aggregations:0|SELECT ID, Name, Description__c, Parent_Warranty_Code__c, Warranty_Code__c FROM Warranty_Codes__c
21:12:13.10 (22035872)|SOQL_EXECUTE_END|[30]|Rows:6
21:12:13.10 (22058873)|HEAP_ALLOCATE|[30]|Bytes:28
21:12:13.10 (22086193)|HEAP_ALLOCATE|[30]|Bytes:737
21:12:13.10 (22152389)|HEAP_ALLOCATE|[30]|Bytes:28
21:12:13.10 (22207237)|VARIABLE_ASSIGNMENT|[30]|sObjList|"List of size 6 too large to display"|0x126b7ed
21:12:13.10 (22286612)|STATEMENT_EXECUTE|[31]
21:12:13.10 (22288464)|STATEMENT_EXECUTE|[32]
21:12:13.10 (22313456)|HEAP_ALLOCATE|[32]|Bytes:24
21:12:13.10 (22381365)|VARIABLE_SCOPE_BEGIN|[32]|type|Schema.SObjectType|true|false
21:12:13.10 (22499740)|VARIABLE_ASSIGNMENT|[32]|type|"common.apex.runtime.impl.ApexSObjectTypeToken@70469b42"|0x70469b42
21:12:13.10 (22503897)|STATEMENT_EXECUTE|[33]
21:12:13.10 (22971931)|HEAP_ALLOCATE|[33]|Bytes:4
21:12:13.10 (22995975)|VARIABLE_SCOPE_BEGIN|[33]|sobjectDescribe|Schema.DescribeSObjectResult|true|false
21:12:13.10 (23057539)|VARIABLE_ASSIGNMENT|[33]|sobjectDescribe|"common.api.soap.wsdl.DescribeSObjectResult@33d95277"|0x3ce32b65
21:12:13.10 (23062486)|STATEMENT_EXECUTE|[34]
21:12:13.10 (23071760)|HEAP_ALLOCATE|[34]|Bytes:24
21:12:13.10 (23127706)|HEAP_ALLOCATE|[34]|Bytes:17
21:12:13.10 (23139387)|VARIABLE_ASSIGNMENT|[34]|sObjectApiName|"Warranty_Codes__c"
21:12:13.10 (23142251)|STATEMENT_EXECUTE|[35]
21:12:13.10 (23161598)|HEAP_ALLOCATE|[35]|Bytes:13
21:12:13.10 (23165723)|VARIABLE_ASSIGNMENT|[35]|sObjectLabel|"Warranty Code"
21:12:13.10 (23167625)|STATEMENT_EXECUTE|[36]
21:12:13.10 (23173322)|HEAP_ALLOCATE|[36]|Bytes:5
21:12:13.10 (23178112)|VARIABLE_ASSIGNMENT|[36]|success|true
21:12:13.10 (23180262)|STATEMENT_EXECUTE|[38]
21:12:13.10 (23204848)|VARIABLE_ASSIGNMENT|[38]|this.sObjList|"List of size 6 too large to display"|0x2053304a
21:12:13.10 (23206720)|STATEMENT_EXECUTE|[39]
21:12:13.10 (23210909)|VARIABLE_ASSIGNMENT|[39]|this.sObjectLabel|"Warranty Code"|0x2053304a
21:12:13.10 (23212312)|STATEMENT_EXECUTE|[40]
21:12:13.10 (23215611)|VARIABLE_ASSIGNMENT|[40]|this.sObjectApiName|"Warranty_Codes__c"|0x2053304a
21:12:13.10 (23217277)|STATEMENT_EXECUTE|[41]
21:12:13.10 (23220288)|HEAP_ALLOCATE|[41]|Bytes:5
21:12:13.10 (23224103)|VARIABLE_ASSIGNMENT|[41]|this.success|true|0x2053304a
21:12:13.10 (23226422)|STATEMENT_EXECUTE|[49]
21:12:13.10 (23238557)|SYSTEM_MODE_EXIT|false
21:12:13.23 (23259868)|CUMULATIVE_LIMIT_USAGE
21:12:13.23 (23259868)|LIMIT_USAGE_FOR_NS|(default)|
  Number of SOQL queries: 1 out of 100
  Number of query rows: 6 out of 50000
  Number of SOSL queries: 0 out of 20
  Number of DML statements: 0 out of 150
  Number of DML rows: 0 out of 10000
  Maximum CPU time: 0 out of 10000
  Maximum heap size: 0 out of 6000000
  Number of callouts: 0 out of 100
  Number of Email Invocations: 0 out of 10
  Number of future calls: 0 out of 50
  Number of queueable jobs added to the queue: 0 out of 50
  Number of Mobile Apex push calls: 0 out of 10

21:12:13.23 (23259868)|CUMULATIVE_LIMIT_USAGE_END

21:12:13.10 (23285022)|CODE_UNIT_FINISHED|CruderCntrl.ReadSObjects
21:12:13.10 (24457419)|EXECUTION_FINISHED
21:12:13.25 (25769509)|USER_INFO|[EXTERNAL]|005280000056Sdu|ngmmadhan@gmail.com|Pacific Standard Time|GMT-07:00
21:12:13.25 (25778702)|EXECUTION_STARTED
21:12:13.25 (25781644)|CODE_UNIT_STARTED|[EXTERNAL]|Aura
21:12:13.25 (25884188)|CODE_UNIT_FINISHED|Aura
21:12:13.25 (26488185)|EXECUTION_FINISHED
