39.0 APEX_CODE,FINEST;APEX_PROFILING,INFO;CALLOUT,INFO;DB,INFO;SYSTEM,DEBUG;VALIDATION,INFO;VISUALFORCE,INFO;WAVE,INFO;WORKFLOW,INFO
02:23:33.1 (1284558)|USER_INFO|[EXTERNAL]|005280000056Sdu|ngmmadhan@gmail.com|Pacific Standard Time|GMT-07:00
02:23:33.1 (1311880)|EXECUTION_STARTED
02:23:33.1 (1315316)|CODE_UNIT_STARTED|[EXTERNAL]|aura
02:23:33.1 (1970149)|HEAP_ALLOCATE|[72]|Bytes:3
02:23:33.1 (2031819)|HEAP_ALLOCATE|[77]|Bytes:152
02:23:33.1 (2050713)|HEAP_ALLOCATE|[342]|Bytes:408
02:23:33.1 (2073566)|HEAP_ALLOCATE|[355]|Bytes:408
02:23:33.1 (2095390)|HEAP_ALLOCATE|[467]|Bytes:48
02:23:33.1 (2133284)|HEAP_ALLOCATE|[139]|Bytes:6
02:23:33.1 (2153068)|HEAP_ALLOCATE|[EXTERNAL]|Bytes:18
02:23:33.1 (2176287)|HEAP_ALLOCATE|[EXTERNAL]|Bytes:4
02:23:33.1 (2487775)|HEAP_ALLOCATE|[EXTERNAL]|Bytes:14
02:23:33.1 (2495645)|HEAP_ALLOCATE|[EXTERNAL]|Bytes:14
02:23:33.1 (2532987)|HEAP_ALLOCATE|[EXTERNAL]|Bytes:2
02:23:33.1 (2536575)|HEAP_ALLOCATE|[EXTERNAL]|Bytes:2
02:23:33.1 (4494587)|CODE_UNIT_STARTED|[EXTERNAL]|01p2800000EnCqi|RelatedListDataGridController.createRelatedObject
02:23:33.1 (4601419)|VARIABLE_SCOPE_BEGIN|[2]|RelatedListDataGridController.typesMap|Map<Schema.DisplayType,String>|true|true
02:23:33.1 (4651090)|HEAP_ALLOCATE|[EXTERNAL]|Bytes:45
02:23:33.1 (4656632)|HEAP_ALLOCATE|[EXTERNAL]|Bytes:7
02:23:33.1 (4665736)|METHOD_ENTRY|[1]|01p2800000EnCqi|RelatedListDataGridController.RelatedListDataGridController()
02:23:33.1 (4669271)|STATEMENT_EXECUTE|[1]
02:23:33.1 (4672950)|STATEMENT_EXECUTE|[1]
02:23:33.1 (4700753)|HEAP_ALLOCATE|[50]|Bytes:5
02:23:33.1 (4717966)|HEAP_ALLOCATE|[56]|Bytes:5
02:23:33.1 (4724532)|HEAP_ALLOCATE|[64]|Bytes:7
02:23:33.1 (4738961)|SYSTEM_MODE_ENTER|false
02:23:33.1 (4747245)|HEAP_ALLOCATE|[2]|Bytes:5
02:23:33.1 (4750338)|STATEMENT_EXECUTE|[2]
02:23:33.1 (4755172)|HEAP_ALLOCATE|[2]|Bytes:4
02:23:33.1 (4800900)|VARIABLE_ASSIGNMENT|[2]|RelatedListDataGridController.typesMap|{}|0x6ac92d18
02:23:33.1 (4803701)|STATEMENT_EXECUTE|[4]
02:23:33.1 (4804945)|STATEMENT_EXECUTE|[5]
02:23:33.1 (4999849)|HEAP_ALLOCATE|[5]|Bytes:8
02:23:33.1 (5060768)|HEAP_ALLOCATE|[EXTERNAL]|Bytes:-4
02:23:33.1 (5069995)|STATEMENT_EXECUTE|[6]
02:23:33.1 (5076094)|HEAP_ALLOCATE|[6]|Bytes:6
02:23:33.1 (5099787)|HEAP_ALLOCATE|[6]|Bytes:12
02:23:33.1 (5108140)|HEAP_ALLOCATE|[EXTERNAL]|Bytes:-4
02:23:33.1 (5113348)|STATEMENT_EXECUTE|[7]
02:23:33.1 (5117554)|HEAP_ALLOCATE|[7]|Bytes:7
02:23:33.1 (5136163)|HEAP_ALLOCATE|[7]|Bytes:12
02:23:33.1 (5144162)|HEAP_ALLOCATE|[7]|Bytes:12
02:23:33.1 (5147440)|HEAP_ALLOCATE|[EXTERNAL]|Bytes:-4
02:23:33.1 (5151542)|STATEMENT_EXECUTE|[8]
02:23:33.1 (5155352)|HEAP_ALLOCATE|[8]|Bytes:8
02:23:33.1 (5173674)|HEAP_ALLOCATE|[8]|Bytes:12
02:23:33.1 (5177903)|HEAP_ALLOCATE|[8]|Bytes:12
02:23:33.1 (5180118)|HEAP_ALLOCATE|[8]|Bytes:12
02:23:33.1 (5182383)|HEAP_ALLOCATE|[EXTERNAL]|Bytes:-4
02:23:33.1 (5186014)|STATEMENT_EXECUTE|[9]
02:23:33.1 (5189423)|HEAP_ALLOCATE|[9]|Bytes:8
02:23:33.1 (5204630)|HEAP_ALLOCATE|[9]|Bytes:12
02:23:33.1 (5208119)|HEAP_ALLOCATE|[9]|Bytes:12
02:23:33.1 (5210363)|HEAP_ALLOCATE|[9]|Bytes:12
02:23:33.1 (5212575)|HEAP_ALLOCATE|[9]|Bytes:12
02:23:33.1 (5214815)|HEAP_ALLOCATE|[EXTERNAL]|Bytes:-4
02:23:33.1 (5218311)|STATEMENT_EXECUTE|[10]
02:23:33.1 (5221735)|HEAP_ALLOCATE|[10]|Bytes:4
02:23:33.1 (5236970)|HEAP_ALLOCATE|[10]|Bytes:12
02:23:33.1 (5240655)|HEAP_ALLOCATE|[10]|Bytes:12
02:23:33.1 (5242821)|HEAP_ALLOCATE|[10]|Bytes:12
02:23:33.1 (5244931)|HEAP_ALLOCATE|[10]|Bytes:12
02:23:33.1 (5247078)|HEAP_ALLOCATE|[10]|Bytes:12
02:23:33.1 (5249387)|HEAP_ALLOCATE|[EXTERNAL]|Bytes:-4
02:23:33.1 (5252930)|STATEMENT_EXECUTE|[11]
02:23:33.1 (5256071)|HEAP_ALLOCATE|[11]|Bytes:8
02:23:33.1 (5273054)|HEAP_ALLOCATE|[11]|Bytes:12
02:23:33.1 (5276767)|HEAP_ALLOCATE|[11]|Bytes:12
02:23:33.1 (5279016)|HEAP_ALLOCATE|[11]|Bytes:12
02:23:33.1 (5281455)|HEAP_ALLOCATE|[11]|Bytes:12
02:23:33.1 (5283675)|HEAP_ALLOCATE|[11]|Bytes:12
02:23:33.1 (5285805)|HEAP_ALLOCATE|[11]|Bytes:12
02:23:33.1 (5288146)|HEAP_ALLOCATE|[EXTERNAL]|Bytes:-4
02:23:33.1 (5291696)|STATEMENT_EXECUTE|[12]
02:23:33.1 (5295492)|HEAP_ALLOCATE|[12]|Bytes:6
02:23:33.1 (5310776)|HEAP_ALLOCATE|[12]|Bytes:12
02:23:33.1 (5314387)|HEAP_ALLOCATE|[12]|Bytes:12
02:23:33.1 (5316552)|HEAP_ALLOCATE|[12]|Bytes:12
02:23:33.1 (5318752)|HEAP_ALLOCATE|[12]|Bytes:12
02:23:33.1 (5320839)|HEAP_ALLOCATE|[12]|Bytes:12
02:23:33.1 (5323090)|HEAP_ALLOCATE|[12]|Bytes:12
02:23:33.1 (5325264)|HEAP_ALLOCATE|[12]|Bytes:12
02:23:33.1 (5327550)|HEAP_ALLOCATE|[EXTERNAL]|Bytes:-4
02:23:33.1 (5331092)|STATEMENT_EXECUTE|[13]
02:23:33.1 (5334773)|HEAP_ALLOCATE|[13]|Bytes:6
02:23:33.1 (5349879)|HEAP_ALLOCATE|[13]|Bytes:12
02:23:33.1 (5353344)|HEAP_ALLOCATE|[13]|Bytes:12
02:23:33.1 (5355688)|HEAP_ALLOCATE|[13]|Bytes:12
02:23:33.1 (5357829)|HEAP_ALLOCATE|[13]|Bytes:12
02:23:33.1 (5359924)|HEAP_ALLOCATE|[13]|Bytes:12
02:23:33.1 (5362046)|HEAP_ALLOCATE|[13]|Bytes:12
02:23:33.1 (5364148)|HEAP_ALLOCATE|[13]|Bytes:12
02:23:33.1 (5366228)|HEAP_ALLOCATE|[13]|Bytes:12
02:23:33.1 (5368409)|HEAP_ALLOCATE|[EXTERNAL]|Bytes:-4
02:23:33.1 (5372016)|STATEMENT_EXECUTE|[14]
02:23:33.1 (5375425)|HEAP_ALLOCATE|[14]|Bytes:5
02:23:33.1 (5390820)|HEAP_ALLOCATE|[14]|Bytes:12
02:23:33.1 (5394264)|HEAP_ALLOCATE|[14]|Bytes:12
02:23:33.1 (5396457)|HEAP_ALLOCATE|[14]|Bytes:12
02:23:33.1 (5398525)|HEAP_ALLOCATE|[14]|Bytes:12
02:23:33.1 (5400649)|HEAP_ALLOCATE|[14]|Bytes:12
02:23:33.1 (5402782)|HEAP_ALLOCATE|[14]|Bytes:12
02:23:33.1 (5404959)|HEAP_ALLOCATE|[14]|Bytes:12
02:23:33.1 (5407058)|HEAP_ALLOCATE|[14]|Bytes:12
02:23:33.1 (5409270)|HEAP_ALLOCATE|[14]|Bytes:12
02:23:33.1 (5411614)|HEAP_ALLOCATE|[EXTERNAL]|Bytes:-4
02:23:33.1 (5415126)|STATEMENT_EXECUTE|[15]
02:23:33.1 (5418375)|HEAP_ALLOCATE|[15]|Bytes:7
02:23:33.1 (5433520)|HEAP_ALLOCATE|[15]|Bytes:12
02:23:33.1 (5436972)|HEAP_ALLOCATE|[15]|Bytes:12
02:23:33.1 (5439227)|HEAP_ALLOCATE|[15]|Bytes:12
02:23:33.1 (5441447)|HEAP_ALLOCATE|[15]|Bytes:12
02:23:33.1 (5443640)|HEAP_ALLOCATE|[15]|Bytes:12
02:23:33.1 (5445751)|HEAP_ALLOCATE|[15]|Bytes:12
02:23:33.1 (5447850)|HEAP_ALLOCATE|[15]|Bytes:12
02:23:33.1 (5449959)|HEAP_ALLOCATE|[15]|Bytes:12
02:23:33.1 (5452127)|HEAP_ALLOCATE|[15]|Bytes:12
02:23:33.1 (5454231)|HEAP_ALLOCATE|[15]|Bytes:12
02:23:33.1 (5456595)|HEAP_ALLOCATE|[EXTERNAL]|Bytes:-4
02:23:33.1 (5460147)|STATEMENT_EXECUTE|[16]
02:23:33.1 (5463420)|HEAP_ALLOCATE|[16]|Bytes:7
02:23:33.1 (5479069)|HEAP_ALLOCATE|[16]|Bytes:12
02:23:33.1 (5482786)|HEAP_ALLOCATE|[16]|Bytes:12
02:23:33.1 (5484967)|HEAP_ALLOCATE|[16]|Bytes:12
02:23:33.1 (5487080)|HEAP_ALLOCATE|[16]|Bytes:12
02:23:33.1 (5489302)|HEAP_ALLOCATE|[16]|Bytes:12
02:23:33.1 (5491524)|HEAP_ALLOCATE|[16]|Bytes:12
02:23:33.1 (5493725)|HEAP_ALLOCATE|[16]|Bytes:12
02:23:33.1 (5495825)|HEAP_ALLOCATE|[16]|Bytes:12
02:23:33.1 (5500265)|HEAP_ALLOCATE|[16]|Bytes:12
02:23:33.1 (5502457)|HEAP_ALLOCATE|[16]|Bytes:12
02:23:33.1 (5504599)|HEAP_ALLOCATE|[16]|Bytes:12
02:23:33.1 (5507019)|HEAP_ALLOCATE|[EXTERNAL]|Bytes:-4
02:23:33.1 (5510964)|STATEMENT_EXECUTE|[17]
02:23:33.1 (5514583)|HEAP_ALLOCATE|[17]|Bytes:14
02:23:33.1 (5530779)|HEAP_ALLOCATE|[17]|Bytes:12
02:23:33.1 (5534591)|HEAP_ALLOCATE|[17]|Bytes:12
02:23:33.1 (5536875)|HEAP_ALLOCATE|[17]|Bytes:12
02:23:33.1 (5538988)|HEAP_ALLOCATE|[17]|Bytes:12
02:23:33.1 (5541163)|HEAP_ALLOCATE|[17]|Bytes:12
02:23:33.1 (5543375)|HEAP_ALLOCATE|[17]|Bytes:12
02:23:33.1 (5545501)|HEAP_ALLOCATE|[17]|Bytes:12
02:23:33.1 (5547605)|HEAP_ALLOCATE|[17]|Bytes:12
02:23:33.1 (5549871)|HEAP_ALLOCATE|[17]|Bytes:12
02:23:33.1 (5551956)|HEAP_ALLOCATE|[17]|Bytes:12
02:23:33.1 (5554059)|HEAP_ALLOCATE|[17]|Bytes:12
02:23:33.1 (5556241)|HEAP_ALLOCATE|[17]|Bytes:12
02:23:33.1 (5558950)|HEAP_ALLOCATE|[EXTERNAL]|Bytes:-4
02:23:33.1 (5562634)|STATEMENT_EXECUTE|[18]
02:23:33.1 (5566213)|HEAP_ALLOCATE|[18]|Bytes:8
02:23:33.1 (5581836)|HEAP_ALLOCATE|[18]|Bytes:12
02:23:33.1 (5585279)|HEAP_ALLOCATE|[18]|Bytes:12
02:23:33.1 (5587551)|HEAP_ALLOCATE|[18]|Bytes:12
02:23:33.1 (5589787)|HEAP_ALLOCATE|[18]|Bytes:12
02:23:33.1 (5591911)|HEAP_ALLOCATE|[18]|Bytes:12
02:23:33.1 (5594040)|HEAP_ALLOCATE|[18]|Bytes:12
02:23:33.1 (5596212)|HEAP_ALLOCATE|[18]|Bytes:12
02:23:33.1 (5598526)|HEAP_ALLOCATE|[18]|Bytes:12
02:23:33.1 (5600659)|HEAP_ALLOCATE|[18]|Bytes:12
02:23:33.1 (5602750)|HEAP_ALLOCATE|[18]|Bytes:12
02:23:33.1 (5604884)|HEAP_ALLOCATE|[18]|Bytes:12
02:23:33.1 (5607008)|HEAP_ALLOCATE|[18]|Bytes:12
02:23:33.1 (5609178)|HEAP_ALLOCATE|[18]|Bytes:12
02:23:33.1 (5611422)|HEAP_ALLOCATE|[EXTERNAL]|Bytes:-4
02:23:33.1 (5614938)|STATEMENT_EXECUTE|[19]
02:23:33.1 (5618482)|HEAP_ALLOCATE|[19]|Bytes:5
02:23:33.1 (5647157)|HEAP_ALLOCATE|[19]|Bytes:12
02:23:33.1 (5652225)|HEAP_ALLOCATE|[19]|Bytes:12
02:23:33.1 (5654635)|HEAP_ALLOCATE|[19]|Bytes:12
02:23:33.1 (5656745)|HEAP_ALLOCATE|[19]|Bytes:12
02:23:33.1 (5659176)|HEAP_ALLOCATE|[19]|Bytes:12
02:23:33.1 (5661297)|HEAP_ALLOCATE|[19]|Bytes:12
02:23:33.1 (5663374)|HEAP_ALLOCATE|[19]|Bytes:12
02:23:33.1 (5665559)|HEAP_ALLOCATE|[19]|Bytes:12
02:23:33.1 (5667644)|HEAP_ALLOCATE|[19]|Bytes:12
02:23:33.1 (5669744)|HEAP_ALLOCATE|[19]|Bytes:12
02:23:33.1 (5671891)|HEAP_ALLOCATE|[19]|Bytes:12
02:23:33.1 (5674089)|HEAP_ALLOCATE|[19]|Bytes:12
02:23:33.1 (5676272)|HEAP_ALLOCATE|[19]|Bytes:12
02:23:33.1 (5678414)|HEAP_ALLOCATE|[19]|Bytes:12
02:23:33.1 (5681018)|HEAP_ALLOCATE|[EXTERNAL]|Bytes:-4
02:23:33.1 (5685387)|STATEMENT_EXECUTE|[20]
02:23:33.1 (5690109)|HEAP_ALLOCATE|[20]|Bytes:9
02:23:33.1 (5707812)|HEAP_ALLOCATE|[20]|Bytes:12
02:23:33.1 (5711759)|HEAP_ALLOCATE|[20]|Bytes:12
02:23:33.1 (5713996)|HEAP_ALLOCATE|[20]|Bytes:12
02:23:33.1 (5716299)|HEAP_ALLOCATE|[20]|Bytes:12
02:23:33.1 (5718435)|HEAP_ALLOCATE|[20]|Bytes:12
02:23:33.1 (5720607)|HEAP_ALLOCATE|[20]|Bytes:12
02:23:33.1 (5722787)|HEAP_ALLOCATE|[20]|Bytes:12
02:23:33.1 (5724930)|HEAP_ALLOCATE|[20]|Bytes:12
02:23:33.1 (5727433)|HEAP_ALLOCATE|[20]|Bytes:12
02:23:33.1 (5729657)|HEAP_ALLOCATE|[20]|Bytes:12
02:23:33.1 (5731882)|HEAP_ALLOCATE|[20]|Bytes:12
02:23:33.1 (5733972)|HEAP_ALLOCATE|[20]|Bytes:12
02:23:33.1 (5736042)|HEAP_ALLOCATE|[20]|Bytes:12
02:23:33.1 (5738135)|HEAP_ALLOCATE|[20]|Bytes:12
02:23:33.1 (5740264)|HEAP_ALLOCATE|[20]|Bytes:12
02:23:33.1 (5742851)|HEAP_ALLOCATE|[EXTERNAL]|Bytes:-4
02:23:33.1 (5746449)|STATEMENT_EXECUTE|[21]
02:23:33.1 (5749942)|HEAP_ALLOCATE|[21]|Bytes:3
02:23:33.1 (5765219)|HEAP_ALLOCATE|[21]|Bytes:12
02:23:33.1 (5768813)|HEAP_ALLOCATE|[21]|Bytes:12
02:23:33.1 (5770988)|HEAP_ALLOCATE|[21]|Bytes:12
02:23:33.1 (5773157)|HEAP_ALLOCATE|[21]|Bytes:12
02:23:33.1 (5775367)|HEAP_ALLOCATE|[21]|Bytes:12
02:23:33.1 (5777536)|HEAP_ALLOCATE|[21]|Bytes:12
02:23:33.1 (5779716)|HEAP_ALLOCATE|[21]|Bytes:12
02:23:33.1 (5781867)|HEAP_ALLOCATE|[21]|Bytes:12
02:23:33.1 (5784029)|HEAP_ALLOCATE|[21]|Bytes:12
02:23:33.1 (5786272)|HEAP_ALLOCATE|[21]|Bytes:12
02:23:33.1 (5788427)|HEAP_ALLOCATE|[21]|Bytes:12
02:23:33.1 (5791072)|HEAP_ALLOCATE|[21]|Bytes:12
02:23:33.1 (5793170)|HEAP_ALLOCATE|[21]|Bytes:12
02:23:33.1 (5795425)|HEAP_ALLOCATE|[21]|Bytes:12
02:23:33.1 (5797539)|HEAP_ALLOCATE|[21]|Bytes:12
02:23:33.1 (5799691)|HEAP_ALLOCATE|[21]|Bytes:12
02:23:33.1 (5802140)|HEAP_ALLOCATE|[EXTERNAL]|Bytes:-4
02:23:33.1 (5810325)|SYSTEM_MODE_EXIT|false
02:23:33.1 (5817218)|METHOD_EXIT|[1]|RelatedListDataGridController
02:23:33.1 (5821552)|HEAP_ALLOCATE|[EXTERNAL]|Bytes:4
02:23:33.1 (5823300)|HEAP_ALLOCATE|[EXTERNAL]|Bytes:14
02:23:33.1 (5824522)|HEAP_ALLOCATE|[EXTERNAL]|Bytes:2
02:23:33.1 (5828731)|SYSTEM_MODE_ENTER|false
02:23:33.1 (5833426)|VARIABLE_SCOPE_BEGIN|[366]|objectId|Id|false|false
02:23:33.1 (5941012)|VARIABLE_ASSIGNMENT|[366]|objectId|"0012800000usoKEAAY"
02:23:33.1 (5947200)|VARIABLE_SCOPE_BEGIN|[366]|objectName|String|false|false
02:23:33.1 (5952696)|VARIABLE_ASSIGNMENT|[366]|objectName|"Utilization__c"
02:23:33.1 (5954473)|VARIABLE_SCOPE_BEGIN|[366]|jsonData|String|false|false
02:23:33.1 (5960321)|VARIABLE_ASSIGNMENT|[366]|jsonData|"{}"
02:23:33.1 (5970548)|HEAP_ALLOCATE|[370]|Bytes:5
02:23:33.1 (5974209)|STATEMENT_EXECUTE|[369]
02:23:33.1 (5988271)|METHOD_ENTRY|[370]|01p2800000EnCqi|RelatedListDataGridController.isSafeObject(String)
02:23:33.1 (6007549)|VARIABLE_SCOPE_BEGIN|[281]|objName|String|false|false
02:23:33.1 (6012597)|VARIABLE_ASSIGNMENT|[281]|objName|"Utilization__c"
02:23:33.1 (6018303)|HEAP_ALLOCATE|[282]|Bytes:5
02:23:33.1 (6020971)|STATEMENT_EXECUTE|[281]
02:23:33.1 (6022130)|STATEMENT_EXECUTE|[282]
02:23:33.1 (104047912)|HEAP_ALLOCATE|[282]|Bytes:2432
02:23:33.1 (104082058)|VARIABLE_SCOPE_BEGIN|[282]|schemaMap|Map<String,Schema.SObjectType>|true|false
02:23:33.1 (104542605)|VARIABLE_ASSIGNMENT|[282]|schemaMap|"{acceptedeventrelation=AcceptedEventRelation, account=Account, accountcleaninfo=AccountCleanInfo, accountcontactrole=AccountContactRole, accountfeed=AccountFeed, accounthistory=AccountHistory, accountpartner=AccountPartner, accountshare=AccountShare, actionlinkgrouptemplate=ActionLinkGroupTemplate, actionlinktemplate=ActionLinkTemplate, ...}"|0x37f9ea30
02:23:33.1 (104551930)|STATEMENT_EXECUTE|[283]
02:23:33.1 (104655179)|VARIABLE_SCOPE_BEGIN|[283]|myObj|Schema.SObjectType|true|false
02:23:33.1 (104726402)|VARIABLE_ASSIGNMENT|[283]|myObj|"common.apex.runtime.impl.ApexSObjectTypeToken@532a804e"|0x532a804e
02:23:33.1 (104730473)|STATEMENT_EXECUTE|[285]
02:23:33.1 (105188889)|HEAP_ALLOCATE|[285]|Bytes:4
02:23:33.1 (105238190)|HEAP_ALLOCATE|[285]|Bytes:5
02:23:33.1 (105255044)|METHOD_EXIT|[370]|01p2800000EnCqi|RelatedListDataGridController.isSafeObject(String)
02:23:33.1 (105261243)|STATEMENT_EXECUTE|[370]
02:23:33.1 (105263065)|STATEMENT_EXECUTE|[371]
02:23:33.1 (105333528)|HEAP_ALLOCATE|[371]|Bytes:24
02:23:33.1 (105350071)|SYSTEM_METHOD_ENTRY|[1]|JSON.JSON()
02:23:33.1 (105352778)|STATEMENT_EXECUTE|[1]
02:23:33.1 (105363215)|SYSTEM_METHOD_EXIT|[1]|JSON
02:23:33.1 (105377341)|METHOD_ENTRY|[371]||System.JSON.deserializeUntyped(String)
02:23:33.1 (105575108)|METHOD_EXIT|[371]||System.JSON.deserializeUntyped(String)
02:23:33.1 (105583946)|VARIABLE_SCOPE_BEGIN|[371]|defaultValues|Map<String,ANY>|true|false
02:23:33.1 (105602390)|VARIABLE_ASSIGNMENT|[371]|defaultValues|{}|0x6af3a449
02:23:33.1 (105605025)|STATEMENT_EXECUTE|[372]
02:23:33.1 (116700135)|HEAP_ALLOCATE|[372]|Bytes:2432
02:23:33.1 (116811992)|VARIABLE_SCOPE_BEGIN|[372]|relatedObjectType|Schema.SObjectType|true|false
02:23:33.1 (117057232)|VARIABLE_ASSIGNMENT|[372]|relatedObjectType|"common.apex.runtime.impl.ApexSObjectTypeToken@532a804e"|0x532a804e
02:23:33.1 (117068117)|STATEMENT_EXECUTE|[373]
02:23:33.1 (117175544)|HEAP_ALLOCATE|[373]|Bytes:4
02:23:33.1 (117237785)|VARIABLE_SCOPE_BEGIN|[373]|relatedDescribe|Schema.DescribeSObjectResult|true|false
02:23:33.1 (117318104)|VARIABLE_ASSIGNMENT|[373]|relatedDescribe|"common.api.soap.wsdl.DescribeSObjectResult@5d1d863a"|0x6d5c61a9
02:23:33.1 (117322597)|STATEMENT_EXECUTE|[375]
02:23:33.1 (117399984)|HEAP_ALLOCATE|[375]|Bytes:4
02:23:33.1 (117407802)|VARIABLE_SCOPE_BEGIN|[375]|relatedObject|SObject|true|false
02:23:33.1 (117422811)|VARIABLE_ASSIGNMENT|[375]|relatedObject|{}|0x7ea45150
02:23:33.1 (117436336)|HEAP_ALLOCATE|[378]|Bytes:4
02:23:33.1 (119217892)|HEAP_ALLOCATE|[378]|Bytes:64
02:23:33.1 (119286872)|HEAP_ALLOCATE|[378]|Bytes:235
02:23:33.1 (119308642)|HEAP_ALLOCATE|[378]|Bytes:60
02:23:33.1 (119417431)|HEAP_ALLOCATE|[378]|Bytes:5
02:23:33.1 (119440053)|VARIABLE_SCOPE_BEGIN|[378]|field|String|false|false
02:23:33.1 (119450991)|VARIABLE_ASSIGNMENT|[378]|field|"id"
02:23:33.1 (119455515)|STATEMENT_EXECUTE|[378]
02:23:33.1 (119510448)|STATEMENT_EXECUTE|[379]
02:23:33.1 (119519239)|HEAP_ALLOCATE|[378]|Bytes:5
02:23:33.1 (119526447)|VARIABLE_SCOPE_BEGIN|[378]|field|String|false|false
02:23:33.1 (119530955)|VARIABLE_ASSIGNMENT|[378]|field|"ownerid"
02:23:33.1 (119533048)|STATEMENT_EXECUTE|[378]
02:23:33.1 (119538704)|STATEMENT_EXECUTE|[379]
02:23:33.1 (119542953)|HEAP_ALLOCATE|[378]|Bytes:5
02:23:33.1 (119548131)|VARIABLE_SCOPE_BEGIN|[378]|field|String|false|false
02:23:33.1 (119551563)|VARIABLE_ASSIGNMENT|[378]|field|"isdeleted"
02:23:33.1 (119553051)|STATEMENT_EXECUTE|[378]
02:23:33.1 (119557527)|STATEMENT_EXECUTE|[379]
02:23:33.1 (119561270)|HEAP_ALLOCATE|[378]|Bytes:5
02:23:33.1 (119566258)|VARIABLE_SCOPE_BEGIN|[378]|field|String|false|false
02:23:33.1 (119569160)|VARIABLE_ASSIGNMENT|[378]|field|"name"
02:23:33.1 (119570627)|STATEMENT_EXECUTE|[378]
02:23:33.1 (119574950)|STATEMENT_EXECUTE|[379]
02:23:33.1 (119578522)|HEAP_ALLOCATE|[378]|Bytes:5
02:23:33.1 (119583474)|VARIABLE_SCOPE_BEGIN|[378]|field|String|false|false
02:23:33.1 (119586488)|VARIABLE_ASSIGNMENT|[378]|field|"createddate"
02:23:33.1 (119587958)|STATEMENT_EXECUTE|[378]
02:23:33.1 (119592463)|STATEMENT_EXECUTE|[379]
02:23:33.1 (119596313)|HEAP_ALLOCATE|[378]|Bytes:5
02:23:33.1 (119600798)|VARIABLE_SCOPE_BEGIN|[378]|field|String|false|false
02:23:33.1 (119603663)|VARIABLE_ASSIGNMENT|[378]|field|"createdbyid"
02:23:33.1 (119604998)|STATEMENT_EXECUTE|[378]
02:23:33.1 (119609225)|STATEMENT_EXECUTE|[379]
02:23:33.1 (119612813)|HEAP_ALLOCATE|[378]|Bytes:5
02:23:33.1 (119617432)|VARIABLE_SCOPE_BEGIN|[378]|field|String|false|false
02:23:33.1 (119620469)|VARIABLE_ASSIGNMENT|[378]|field|"lastmodifieddate"
02:23:33.1 (119621908)|STATEMENT_EXECUTE|[378]
02:23:33.1 (119626125)|STATEMENT_EXECUTE|[379]
02:23:33.1 (119629607)|HEAP_ALLOCATE|[378]|Bytes:5
02:23:33.1 (119634137)|VARIABLE_SCOPE_BEGIN|[378]|field|String|false|false
02:23:33.1 (119636987)|VARIABLE_ASSIGNMENT|[378]|field|"lastmodifiedbyid"
02:23:33.1 (119638547)|STATEMENT_EXECUTE|[378]
02:23:33.1 (119642727)|STATEMENT_EXECUTE|[379]
02:23:33.1 (119646291)|HEAP_ALLOCATE|[378]|Bytes:5
02:23:33.1 (119655376)|VARIABLE_SCOPE_BEGIN|[378]|field|String|false|false
02:23:33.1 (119658644)|VARIABLE_ASSIGNMENT|[378]|field|"systemmodstamp"
02:23:33.1 (119660195)|STATEMENT_EXECUTE|[378]
02:23:33.1 (119664737)|STATEMENT_EXECUTE|[379]
02:23:33.1 (119668558)|HEAP_ALLOCATE|[378]|Bytes:5
02:23:33.1 (119673381)|VARIABLE_SCOPE_BEGIN|[378]|field|String|false|false
02:23:33.1 (119676226)|VARIABLE_ASSIGNMENT|[378]|field|"lastactivitydate"
02:23:33.1 (119677494)|STATEMENT_EXECUTE|[378]
02:23:33.1 (119681694)|STATEMENT_EXECUTE|[379]
02:23:33.1 (119685194)|HEAP_ALLOCATE|[378]|Bytes:5
02:23:33.1 (119689674)|VARIABLE_SCOPE_BEGIN|[378]|field|String|false|false
02:23:33.1 (119692412)|VARIABLE_ASSIGNMENT|[378]|field|"lastvieweddate"
02:23:33.1 (119693709)|STATEMENT_EXECUTE|[378]
02:23:33.1 (119697791)|STATEMENT_EXECUTE|[379]
02:23:33.1 (119701310)|HEAP_ALLOCATE|[378]|Bytes:5
02:23:33.1 (119706516)|VARIABLE_SCOPE_BEGIN|[378]|field|String|false|false
02:23:33.1 (119709321)|VARIABLE_ASSIGNMENT|[378]|field|"lastreferenceddate"
02:23:33.1 (119710914)|STATEMENT_EXECUTE|[378]
02:23:33.1 (119715277)|STATEMENT_EXECUTE|[379]
02:23:33.1 (119718989)|HEAP_ALLOCATE|[378]|Bytes:5
02:23:33.1 (119728282)|VARIABLE_SCOPE_BEGIN|[378]|field|String|false|false
02:23:33.1 (119731427)|VARIABLE_ASSIGNMENT|[378]|field|"account__c"
02:23:33.1 (119732964)|STATEMENT_EXECUTE|[378]
02:23:33.1 (119737297)|STATEMENT_EXECUTE|[379]
02:23:33.1 (119741188)|HEAP_ALLOCATE|[378]|Bytes:5
02:23:33.1 (119746133)|VARIABLE_SCOPE_BEGIN|[378]|field|String|false|false
02:23:33.1 (119748746)|VARIABLE_ASSIGNMENT|[378]|field|"contact__c"
02:23:33.1 (119750046)|STATEMENT_EXECUTE|[378]
02:23:33.1 (119754197)|STATEMENT_EXECUTE|[379]
02:23:33.1 (119757958)|HEAP_ALLOCATE|[378]|Bytes:5
02:23:33.1 (119762727)|VARIABLE_SCOPE_BEGIN|[378]|field|String|false|false
02:23:33.1 (119765496)|VARIABLE_ASSIGNMENT|[378]|field|"allocation__c"
02:23:33.1 (119767236)|STATEMENT_EXECUTE|[378]
02:23:33.1 (119771684)|STATEMENT_EXECUTE|[379]
02:23:33.1 (119775406)|HEAP_ALLOCATE|[378]|Bytes:5
02:23:33.1 (119783082)|VARIABLE_ASSIGNMENT|[378]|field|null
02:23:33.1 (119786288)|STATEMENT_EXECUTE|[384]
02:23:33.1 (119823610)|HEAP_ALLOCATE|[384]|Bytes:8
02:23:33.1 (119832614)|DML_BEGIN|[384]|Op:Insert|Type:Utilization__c|Rows:1
02:23:33.1 (119871463)|HEAP_ALLOCATE|[EXTERNAL]|Bytes:8
02:23:33.1 (125357875)|DML_END|[384]
02:23:33.1 (125454931)|EXCEPTION_THROWN|[384]|System.DmlException: Insert failed. First exception on row 0; first error: REQUIRED_FIELD_MISSING, Required fields are missing: [Allocation]: [Allocation]
02:23:33.1 (126167564)|HEAP_ALLOCATE|[384]|Bytes:137
02:23:33.1 (126265847)|FATAL_ERROR|System.DmlException: Insert failed. First exception on row 0; first error: REQUIRED_FIELD_MISSING, Required fields are missing: [Allocation]: [Allocation]

Class.RelatedListDataGridController.createRelatedObject: line 384, column 1
02:23:33.1 (126290953)|FATAL_ERROR|System.DmlException: Insert failed. First exception on row 0; first error: REQUIRED_FIELD_MISSING, Required fields are missing: [Allocation]: [Allocation]

Class.RelatedListDataGridController.createRelatedObject: line 384, column 1
02:23:33.126 (126296985)|CUMULATIVE_LIMIT_USAGE
02:23:33.126 (126296985)|LIMIT_USAGE_FOR_NS|(default)|
  Number of SOQL queries: 0 out of 100
  Number of query rows: 0 out of 50000
  Number of SOSL queries: 0 out of 20
  Number of DML statements: 1 out of 150
  Number of DML rows: 1 out of 10000
  Maximum CPU time: 0 out of 10000
  Maximum heap size: 0 out of 6000000
  Number of callouts: 0 out of 100
  Number of Email Invocations: 0 out of 10
  Number of future calls: 0 out of 50
  Number of queueable jobs added to the queue: 0 out of 50
  Number of Mobile Apex push calls: 0 out of 10

02:23:33.126 (126296985)|CUMULATIVE_LIMIT_USAGE_END

02:23:33.1 (126334669)|CODE_UNIT_FINISHED|RelatedListDataGridController.createRelatedObject
