40.0 APEX_CODE,FINEST;APEX_PROFILING,INFO;CALLOUT,INFO;DB,INFO;SYSTEM,DEBUG;VALIDATION,INFO;VISUALFORCE,INFO;WAVE,INFO;WORKFLOW,INFO
23:05:44.0 (59250)|USER_INFO|[EXTERNAL]|005280000056Sdu|ngmmadhan@gmail.com|Pacific Standard Time|GMT-07:00
23:05:44.0 (80985)|EXECUTION_STARTED
23:05:44.0 (84381)|CODE_UNIT_STARTED|[EXTERNAL]|aura
23:05:44.0 (355348)|HEAP_ALLOCATE|[72]|Bytes:3
23:05:44.0 (383841)|HEAP_ALLOCATE|[77]|Bytes:152
23:05:44.0 (397793)|HEAP_ALLOCATE|[342]|Bytes:408
23:05:44.0 (411287)|HEAP_ALLOCATE|[355]|Bytes:408
23:05:44.0 (422648)|HEAP_ALLOCATE|[467]|Bytes:48
23:05:44.0 (443432)|HEAP_ALLOCATE|[139]|Bytes:6
23:05:44.0 (459159)|HEAP_ALLOCATE|[EXTERNAL]|Bytes:94
23:05:44.0 (464097)|HEAP_ALLOCATE|[EXTERNAL]|Bytes:94
23:05:44.0 (475313)|CODE_UNIT_FINISHED|aura
23:05:44.0 (1633866)|EXECUTION_FINISHED
23:05:44.2 (2309878)|USER_INFO|[EXTERNAL]|005280000056Sdu|ngmmadhan@gmail.com|Pacific Standard Time|GMT-07:00
23:05:44.2 (2317175)|EXECUTION_STARTED
23:05:44.2 (2319518)|CODE_UNIT_STARTED|[EXTERNAL]|01p2800000EnYhK|CruderCntrl.ReadSObjects
23:05:44.2 (2398061)|HEAP_ALLOCATE|[EXTERNAL]|Bytes:30
23:05:44.2 (2402333)|HEAP_ALLOCATE|[EXTERNAL]|Bytes:16
23:05:44.2 (2408862)|METHOD_ENTRY|[16]|01p2800000EnYhK|CruderCntrl.CruderCntrl()
23:05:44.2 (2412089)|STATEMENT_EXECUTE|[16]
23:05:44.2 (2416153)|STATEMENT_EXECUTE|[16]
23:05:44.2 (2444709)|HEAP_ALLOCATE|[50]|Bytes:5
23:05:44.2 (2462636)|HEAP_ALLOCATE|[56]|Bytes:5
23:05:44.2 (2468005)|HEAP_ALLOCATE|[64]|Bytes:7
23:05:44.2 (2482604)|SYSTEM_MODE_ENTER|false
23:05:44.2 (2490256)|HEAP_ALLOCATE|[EXTERNAL]|Bytes:5
23:05:44.2 (2492980)|STATEMENT_EXECUTE|[201]
23:05:44.2 (2494191)|STATEMENT_EXECUTE|[213]
23:05:44.2 (2497657)|SYSTEM_MODE_EXIT|false
23:05:44.2 (2503953)|METHOD_EXIT|[16]|CruderCntrl
23:05:44.2 (2507380)|HEAP_ALLOCATE|[EXTERNAL]|Bytes:94
23:05:44.2 (2511177)|SYSTEM_MODE_ENTER|false
23:05:44.2 (2516018)|VARIABLE_SCOPE_BEGIN|[22]|query|String|false|false
23:05:44.2 (2536609)|VARIABLE_ASSIGNMENT|[22]|query|"SELECT ID,Parent_War (74 more) ..."
23:05:44.2 (2543753)|HEAP_ALLOCATE|[23]|Bytes:5
23:05:44.2 (2546480)|STATEMENT_EXECUTE|[22]
23:05:44.2 (2547575)|STATEMENT_EXECUTE|[23]
23:05:44.2 (2603615)|HEAP_ALLOCATE|[23]|Bytes:20
23:05:44.2 (2613594)|CONSTRUCTOR_ENTRY|[23]|01p2800000EnYhK|<init>()
23:05:44.2 (2628791)|VARIABLE_SCOPE_BEGIN|[201]|this|CruderCntrl.OutputWrapper|true|false
23:05:44.2 (2656217)|VARIABLE_ASSIGNMENT|[201]|this|{}|0x27d1d521
23:05:44.2 (2662539)|HEAP_ALLOCATE|[EXTERNAL]|Bytes:6
23:05:44.2 (2678193)|STATEMENT_EXECUTE|[201]
23:05:44.2 (2679326)|STATEMENT_EXECUTE|[203]
23:05:44.2 (2680431)|STATEMENT_EXECUTE|[205]
23:05:44.2 (2681441)|STATEMENT_EXECUTE|[207]
23:05:44.2 (2682414)|STATEMENT_EXECUTE|[209]
23:05:44.2 (2685997)|CONSTRUCTOR_EXIT|[23]|01p2800000EnYhK|<init>()
23:05:44.2 (2689287)|VARIABLE_SCOPE_BEGIN|[23]|wrapObj|CruderCntrl.OutputWrapper|true|false
23:05:44.2 (2698076)|VARIABLE_ASSIGNMENT|[23]|wrapObj|{}|0x27d1d521
23:05:44.2 (2700390)|STATEMENT_EXECUTE|[24]
23:05:44.2 (2704298)|VARIABLE_SCOPE_BEGIN|[24]|sObjectApiName|String|false|false
23:05:44.2 (2708061)|VARIABLE_ASSIGNMENT|[24]|sObjectApiName|""
23:05:44.2 (2709513)|STATEMENT_EXECUTE|[25]
23:05:44.2 (2710968)|VARIABLE_SCOPE_BEGIN|[25]|sObjectLabel|String|false|false
23:05:44.2 (2713063)|VARIABLE_ASSIGNMENT|[25]|sObjectLabel|""
23:05:44.2 (2714268)|STATEMENT_EXECUTE|[26]
23:05:44.2 (2717321)|VARIABLE_SCOPE_BEGIN|[26]|success|Boolean|false|false
23:05:44.2 (2720677)|HEAP_ALLOCATE|[26]|Bytes:5
23:05:44.2 (2724113)|VARIABLE_ASSIGNMENT|[26]|success|false
23:05:44.2 (2725280)|STATEMENT_EXECUTE|[27]
23:05:44.2 (2751506)|HEAP_ALLOCATE|[27]|Bytes:4
23:05:44.2 (2772616)|VARIABLE_SCOPE_BEGIN|[27]|sObjList|List<SObject>|true|false
23:05:44.2 (2778823)|HEAP_ALLOCATE|[EXTERNAL]|Bytes:4
23:05:44.2 (2785478)|VARIABLE_ASSIGNMENT|[27]|sObjList|[]|0x669f7c69
23:05:44.2 (2787353)|STATEMENT_EXECUTE|[29]
23:05:44.2 (2788259)|STATEMENT_EXECUTE|[29]
23:05:44.2 (2789193)|STATEMENT_EXECUTE|[30]
23:05:44.2 (2810596)|HEAP_ALLOCATE|[30]|Bytes:5
23:05:44.2 (3286070)|SOQL_EXECUTE_BEGIN|[30]|Aggregations:0|SELECT ID,Parent_Warranty_Code__r.Name, Warranty_Code__c,Description__c FROM Warranty_Codes__c
23:05:44.2 (6327667)|SOQL_EXECUTE_END|[30]|Rows:6
23:05:44.2 (6342885)|HEAP_ALLOCATE|[30]|Bytes:28
23:05:44.2 (6366906)|HEAP_ALLOCATE|[30]|Bytes:857
23:05:44.2 (6421559)|HEAP_ALLOCATE|[30]|Bytes:28
23:05:44.2 (6443410)|VARIABLE_ASSIGNMENT|[30]|sObjList|"List of size 6 too large to display"|0x748386c0
23:05:44.2 (6502770)|STATEMENT_EXECUTE|[31]
23:05:44.2 (6504503)|STATEMENT_EXECUTE|[32]
23:05:44.2 (6525134)|HEAP_ALLOCATE|[32]|Bytes:24
23:05:44.2 (6580040)|VARIABLE_SCOPE_BEGIN|[32]|type|Schema.SObjectType|true|false
23:05:44.2 (6676611)|VARIABLE_ASSIGNMENT|[32]|type|"common.apex.runtime.impl.ApexSObjectTypeToken@d605be9"|0xd605be9
23:05:44.2 (6680712)|STATEMENT_EXECUTE|[33]
23:05:44.2 (6893282)|HEAP_ALLOCATE|[33]|Bytes:4
23:05:44.2 (6915434)|VARIABLE_SCOPE_BEGIN|[33]|sobjectDescribe|Schema.DescribeSObjectResult|true|false
23:05:44.2 (6979449)|VARIABLE_ASSIGNMENT|[33]|sobjectDescribe|"common.api.soap.wsdl.DescribeSObjectResult@33d95277"|0x59f9146
23:05:44.2 (6983884)|STATEMENT_EXECUTE|[34]
23:05:44.2 (6994843)|HEAP_ALLOCATE|[34]|Bytes:24
23:05:44.2 (7060274)|HEAP_ALLOCATE|[34]|Bytes:17
23:05:44.2 (7074533)|VARIABLE_ASSIGNMENT|[34]|sObjectApiName|"Warranty_Codes__c"
23:05:44.2 (7077991)|STATEMENT_EXECUTE|[35]
23:05:44.2 (7096056)|HEAP_ALLOCATE|[35]|Bytes:13
23:05:44.2 (7104477)|VARIABLE_ASSIGNMENT|[35]|sObjectLabel|"Warranty Code"
23:05:44.2 (7107003)|STATEMENT_EXECUTE|[36]
23:05:44.2 (7112357)|HEAP_ALLOCATE|[36]|Bytes:5
23:05:44.2 (7116782)|VARIABLE_ASSIGNMENT|[36]|success|true
23:05:44.2 (7119086)|STATEMENT_EXECUTE|[38]
23:05:44.2 (7130788)|VARIABLE_ASSIGNMENT|[38]|this.sObjList|"List of size 6 too large to display"|0x27d1d521
23:05:44.2 (7132523)|STATEMENT_EXECUTE|[39]
23:05:44.2 (7136322)|VARIABLE_ASSIGNMENT|[39]|this.sObjectLabel|"Warranty Code"|0x27d1d521
23:05:44.2 (7137909)|STATEMENT_EXECUTE|[40]
23:05:44.2 (7140883)|VARIABLE_ASSIGNMENT|[40]|this.sObjectApiName|"Warranty_Codes__c"|0x27d1d521
23:05:44.2 (7142187)|STATEMENT_EXECUTE|[41]
23:05:44.2 (7145150)|HEAP_ALLOCATE|[41]|Bytes:5
23:05:44.2 (7148420)|VARIABLE_ASSIGNMENT|[41]|this.success|true|0x27d1d521
23:05:44.2 (7150344)|STATEMENT_EXECUTE|[49]
23:05:44.2 (7158156)|SYSTEM_MODE_EXIT|false
23:05:44.7 (7177589)|CUMULATIVE_LIMIT_USAGE
23:05:44.7 (7177589)|LIMIT_USAGE_FOR_NS|(default)|
  Number of SOQL queries: 1 out of 100
  Number of query rows: 6 out of 50000
  Number of SOSL queries: 0 out of 20
  Number of DML statements: 0 out of 150
  Number of DML rows: 0 out of 10000
  Maximum CPU time: 0 out of 10000
  Maximum heap size: 0 out of 6000000
  Number of callouts: 0 out of 100
  Number of Email Invocations: 0 out of 10
  Number of future calls: 0 out of 50
  Number of queueable jobs added to the queue: 0 out of 50
  Number of Mobile Apex push calls: 0 out of 10

23:05:44.7 (7177589)|CUMULATIVE_LIMIT_USAGE_END

23:05:44.2 (7213505)|CODE_UNIT_FINISHED|CruderCntrl.ReadSObjects
23:05:44.2 (8490727)|EXECUTION_FINISHED
23:05:44.10 (10103938)|USER_INFO|[EXTERNAL]|005280000056Sdu|ngmmadhan@gmail.com|Pacific Standard Time|GMT-07:00
23:05:44.10 (10112049)|EXECUTION_STARTED
23:05:44.10 (10114768)|CODE_UNIT_STARTED|[EXTERNAL]|Aura
23:05:44.10 (10197357)|CODE_UNIT_FINISHED|Aura
23:05:44.10 (11009084)|EXECUTION_FINISHED
