40.0 APEX_CODE,FINEST;APEX_PROFILING,INFO;CALLOUT,INFO;DB,INFO;SYSTEM,DEBUG;VALIDATION,INFO;VISUALFORCE,INFO;WAVE,INFO;WORKFLOW,INFO
23:08:59.0 (61241)|USER_INFO|[EXTERNAL]|005280000056Sdu|ngmmadhan@gmail.com|Pacific Standard Time|GMT-07:00
23:08:59.0 (89292)|EXECUTION_STARTED
23:08:59.0 (93733)|CODE_UNIT_STARTED|[EXTERNAL]|aura
23:08:59.0 (364254)|HEAP_ALLOCATE|[72]|Bytes:3
23:08:59.0 (401020)|HEAP_ALLOCATE|[77]|Bytes:152
23:08:59.0 (422312)|HEAP_ALLOCATE|[342]|Bytes:408
23:08:59.0 (445050)|HEAP_ALLOCATE|[355]|Bytes:408
23:08:59.0 (463968)|HEAP_ALLOCATE|[467]|Bytes:48
23:08:59.0 (495376)|HEAP_ALLOCATE|[139]|Bytes:6
23:08:59.0 (520333)|HEAP_ALLOCATE|[EXTERNAL]|Bytes:94
23:08:59.0 (526803)|HEAP_ALLOCATE|[EXTERNAL]|Bytes:94
23:08:59.0 (539360)|CODE_UNIT_FINISHED|aura
23:08:59.0 (1323742)|EXECUTION_FINISHED
23:08:59.1 (1988465)|USER_INFO|[EXTERNAL]|005280000056Sdu|ngmmadhan@gmail.com|Pacific Standard Time|GMT-07:00
23:08:59.1 (1994715)|EXECUTION_STARTED
23:08:59.1 (1996961)|CODE_UNIT_STARTED|[EXTERNAL]|01p2800000EnYhK|CruderCntrl.ReadSObjects
23:08:59.1 (2073070)|HEAP_ALLOCATE|[EXTERNAL]|Bytes:30
23:08:59.1 (2077932)|HEAP_ALLOCATE|[EXTERNAL]|Bytes:16
23:08:59.1 (2084832)|METHOD_ENTRY|[16]|01p2800000EnYhK|CruderCntrl.CruderCntrl()
23:08:59.1 (2087684)|STATEMENT_EXECUTE|[16]
23:08:59.1 (2092035)|STATEMENT_EXECUTE|[16]
23:08:59.1 (2120034)|HEAP_ALLOCATE|[50]|Bytes:5
23:08:59.1 (2138201)|HEAP_ALLOCATE|[56]|Bytes:5
23:08:59.1 (2143800)|HEAP_ALLOCATE|[64]|Bytes:7
23:08:59.1 (2157115)|SYSTEM_MODE_ENTER|false
23:08:59.1 (2164735)|HEAP_ALLOCATE|[EXTERNAL]|Bytes:5
23:08:59.1 (2167756)|STATEMENT_EXECUTE|[201]
23:08:59.1 (2169092)|STATEMENT_EXECUTE|[213]
23:08:59.1 (2172012)|SYSTEM_MODE_EXIT|false
23:08:59.1 (2177658)|METHOD_EXIT|[16]|CruderCntrl
23:08:59.1 (2180392)|HEAP_ALLOCATE|[EXTERNAL]|Bytes:94
23:08:59.1 (2184488)|SYSTEM_MODE_ENTER|false
23:08:59.1 (2188740)|VARIABLE_SCOPE_BEGIN|[22]|query|String|false|false
23:08:59.1 (2208287)|VARIABLE_ASSIGNMENT|[22]|query|"SELECT ID,Parent_War (74 more) ..."
23:08:59.1 (2215656)|HEAP_ALLOCATE|[23]|Bytes:5
23:08:59.1 (2218432)|STATEMENT_EXECUTE|[22]
23:08:59.1 (2219466)|STATEMENT_EXECUTE|[23]
23:08:59.1 (2275142)|HEAP_ALLOCATE|[23]|Bytes:20
23:08:59.1 (2285676)|CONSTRUCTOR_ENTRY|[23]|01p2800000EnYhK|<init>()
23:08:59.1 (2300340)|VARIABLE_SCOPE_BEGIN|[201]|this|CruderCntrl.OutputWrapper|true|false
23:08:59.1 (2325848)|VARIABLE_ASSIGNMENT|[201]|this|{}|0x1aef2054
23:08:59.1 (2331589)|HEAP_ALLOCATE|[EXTERNAL]|Bytes:6
23:08:59.1 (2346900)|STATEMENT_EXECUTE|[201]
23:08:59.1 (2348134)|STATEMENT_EXECUTE|[203]
23:08:59.1 (2349228)|STATEMENT_EXECUTE|[205]
23:08:59.1 (2350179)|STATEMENT_EXECUTE|[207]
23:08:59.1 (2351161)|STATEMENT_EXECUTE|[209]
23:08:59.1 (2354435)|CONSTRUCTOR_EXIT|[23]|01p2800000EnYhK|<init>()
23:08:59.1 (2357752)|VARIABLE_SCOPE_BEGIN|[23]|wrapObj|CruderCntrl.OutputWrapper|true|false
23:08:59.1 (2365979)|VARIABLE_ASSIGNMENT|[23]|wrapObj|{}|0x1aef2054
23:08:59.1 (2367690)|STATEMENT_EXECUTE|[24]
23:08:59.1 (2371304)|VARIABLE_SCOPE_BEGIN|[24]|sObjectApiName|String|false|false
23:08:59.1 (2374890)|VARIABLE_ASSIGNMENT|[24]|sObjectApiName|""
23:08:59.1 (2376300)|STATEMENT_EXECUTE|[25]
23:08:59.1 (2377699)|VARIABLE_SCOPE_BEGIN|[25]|sObjectLabel|String|false|false
23:08:59.1 (2380169)|VARIABLE_ASSIGNMENT|[25]|sObjectLabel|""
23:08:59.1 (2381342)|STATEMENT_EXECUTE|[26]
23:08:59.1 (2384058)|VARIABLE_SCOPE_BEGIN|[26]|success|Boolean|false|false
23:08:59.1 (2387328)|HEAP_ALLOCATE|[26]|Bytes:5
23:08:59.1 (2391137)|VARIABLE_ASSIGNMENT|[26]|success|false
23:08:59.1 (2392305)|STATEMENT_EXECUTE|[27]
23:08:59.1 (2419209)|HEAP_ALLOCATE|[27]|Bytes:4
23:08:59.1 (2439373)|VARIABLE_SCOPE_BEGIN|[27]|sObjList|List<SObject>|true|false
23:08:59.1 (2444859)|HEAP_ALLOCATE|[EXTERNAL]|Bytes:4
23:08:59.1 (2451434)|VARIABLE_ASSIGNMENT|[27]|sObjList|[]|0x3f38d9d7
23:08:59.1 (2453240)|STATEMENT_EXECUTE|[29]
23:08:59.1 (2454173)|STATEMENT_EXECUTE|[29]
23:08:59.1 (2455057)|STATEMENT_EXECUTE|[30]
23:08:59.1 (2477520)|HEAP_ALLOCATE|[30]|Bytes:5
23:08:59.1 (2928891)|SOQL_EXECUTE_BEGIN|[30]|Aggregations:0|SELECT ID,Parent_Warranty_Code__r.Name, Warranty_Code__c,Description__c FROM Warranty_Codes__c
23:08:59.1 (6199158)|SOQL_EXECUTE_END|[30]|Rows:6
23:08:59.1 (6212869)|HEAP_ALLOCATE|[30]|Bytes:28
23:08:59.1 (6239313)|HEAP_ALLOCATE|[30]|Bytes:857
23:08:59.1 (6304050)|HEAP_ALLOCATE|[30]|Bytes:28
23:08:59.1 (6332965)|VARIABLE_ASSIGNMENT|[30]|sObjList|"List of size 6 too large to display"|0x22304b57
23:08:59.1 (6391172)|STATEMENT_EXECUTE|[31]
23:08:59.1 (6392982)|STATEMENT_EXECUTE|[32]
23:08:59.1 (6414435)|HEAP_ALLOCATE|[32]|Bytes:24
23:08:59.1 (6492708)|VARIABLE_SCOPE_BEGIN|[32]|type|Schema.SObjectType|true|false
23:08:59.1 (6604127)|VARIABLE_ASSIGNMENT|[32]|type|"common.apex.runtime.impl.ApexSObjectTypeToken@6919ddf9"|0x6919ddf9
23:08:59.1 (6609872)|STATEMENT_EXECUTE|[33]
23:08:59.1 (6868912)|HEAP_ALLOCATE|[33]|Bytes:4
23:08:59.1 (6903007)|VARIABLE_SCOPE_BEGIN|[33]|sobjectDescribe|Schema.DescribeSObjectResult|true|false
23:08:59.1 (6982514)|VARIABLE_ASSIGNMENT|[33]|sobjectDescribe|"common.api.soap.wsdl.DescribeSObjectResult@33d95277"|0x4c84df6c
23:08:59.1 (6987121)|STATEMENT_EXECUTE|[34]
23:08:59.1 (6998361)|HEAP_ALLOCATE|[34]|Bytes:24
23:08:59.1 (7071079)|HEAP_ALLOCATE|[34]|Bytes:17
23:08:59.1 (7087678)|VARIABLE_ASSIGNMENT|[34]|sObjectApiName|"Warranty_Codes__c"
23:08:59.1 (7090890)|STATEMENT_EXECUTE|[35]
23:08:59.1 (7113536)|HEAP_ALLOCATE|[35]|Bytes:13
23:08:59.1 (7120822)|VARIABLE_ASSIGNMENT|[35]|sObjectLabel|"Warranty Code"
23:08:59.1 (7123231)|STATEMENT_EXECUTE|[36]
23:08:59.1 (7128412)|HEAP_ALLOCATE|[36]|Bytes:5
23:08:59.1 (7134202)|VARIABLE_ASSIGNMENT|[36]|success|true
23:08:59.1 (7136714)|STATEMENT_EXECUTE|[38]
23:08:59.1 (7151232)|VARIABLE_ASSIGNMENT|[38]|this.sObjList|"List of size 6 too large to display"|0x1aef2054
23:08:59.1 (7154040)|STATEMENT_EXECUTE|[39]
23:08:59.1 (7159385)|VARIABLE_ASSIGNMENT|[39]|this.sObjectLabel|"Warranty Code"|0x1aef2054
23:08:59.1 (7161566)|STATEMENT_EXECUTE|[40]
23:08:59.1 (7166268)|VARIABLE_ASSIGNMENT|[40]|this.sObjectApiName|"Warranty_Codes__c"|0x1aef2054
23:08:59.1 (7168358)|STATEMENT_EXECUTE|[41]
23:08:59.1 (7171832)|HEAP_ALLOCATE|[41]|Bytes:5
23:08:59.1 (7177154)|VARIABLE_ASSIGNMENT|[41]|this.success|true|0x1aef2054
23:08:59.1 (7180120)|STATEMENT_EXECUTE|[49]
23:08:59.1 (7189178)|SYSTEM_MODE_EXIT|false
23:08:59.7 (7208732)|CUMULATIVE_LIMIT_USAGE
23:08:59.7 (7208732)|LIMIT_USAGE_FOR_NS|(default)|
  Number of SOQL queries: 1 out of 100
  Number of query rows: 6 out of 50000
  Number of SOSL queries: 0 out of 20
  Number of DML statements: 0 out of 150
  Number of DML rows: 0 out of 10000
  Maximum CPU time: 0 out of 10000
  Maximum heap size: 0 out of 6000000
  Number of callouts: 0 out of 100
  Number of Email Invocations: 0 out of 10
  Number of future calls: 0 out of 50
  Number of queueable jobs added to the queue: 0 out of 50
  Number of Mobile Apex push calls: 0 out of 10

23:08:59.7 (7208732)|CUMULATIVE_LIMIT_USAGE_END

23:08:59.1 (7240492)|CODE_UNIT_FINISHED|CruderCntrl.ReadSObjects
23:08:59.1 (8336690)|EXECUTION_FINISHED
23:08:59.9 (9647307)|USER_INFO|[EXTERNAL]|005280000056Sdu|ngmmadhan@gmail.com|Pacific Standard Time|GMT-07:00
23:08:59.9 (9656921)|EXECUTION_STARTED
23:08:59.9 (9660095)|CODE_UNIT_STARTED|[EXTERNAL]|Aura
23:08:59.9 (9779334)|CODE_UNIT_FINISHED|Aura
23:08:59.9 (10456972)|EXECUTION_FINISHED
