40.0 APEX_CODE,FINEST;APEX_PROFILING,INFO;CALLOUT,INFO;DB,INFO;SYSTEM,DEBUG;VALIDATION,INFO;VISUALFORCE,INFO;WAVE,INFO;WORKFLOW,INFO
07:32:36.0 (63005)|USER_INFO|[EXTERNAL]|005280000056Sdu|ngmmadhan@gmail.com|Pacific Standard Time|GMT-07:00
07:32:36.0 (89441)|EXECUTION_STARTED
07:32:36.0 (93140)|CODE_UNIT_STARTED|[EXTERNAL]|aura
07:32:36.0 (353139)|HEAP_ALLOCATE|[72]|Bytes:3
07:32:36.0 (391612)|HEAP_ALLOCATE|[77]|Bytes:152
07:32:36.0 (410405)|HEAP_ALLOCATE|[342]|Bytes:408
07:32:36.0 (426048)|HEAP_ALLOCATE|[355]|Bytes:408
07:32:36.0 (440194)|HEAP_ALLOCATE|[467]|Bytes:48
07:32:36.0 (467487)|HEAP_ALLOCATE|[139]|Bytes:6
07:32:36.0 (485181)|HEAP_ALLOCATE|[EXTERNAL]|Bytes:94
07:32:36.0 (490526)|HEAP_ALLOCATE|[EXTERNAL]|Bytes:94
07:32:36.0 (505238)|CODE_UNIT_FINISHED|aura
07:32:36.0 (1429289)|EXECUTION_FINISHED
07:32:36.2 (2089009)|USER_INFO|[EXTERNAL]|005280000056Sdu|ngmmadhan@gmail.com|Pacific Standard Time|GMT-07:00
07:32:36.2 (2095949)|EXECUTION_STARTED
07:32:36.2 (2098043)|CODE_UNIT_STARTED|[EXTERNAL]|01p2800000EnYhK|CruderCntrl.ReadSObjects
07:32:36.2 (2175259)|HEAP_ALLOCATE|[EXTERNAL]|Bytes:30
07:32:36.2 (2179693)|HEAP_ALLOCATE|[EXTERNAL]|Bytes:16
07:32:36.2 (2188035)|METHOD_ENTRY|[16]|01p2800000EnYhK|CruderCntrl.CruderCntrl()
07:32:36.2 (2191817)|STATEMENT_EXECUTE|[16]
07:32:36.2 (2196873)|STATEMENT_EXECUTE|[16]
07:32:36.2 (2227673)|HEAP_ALLOCATE|[50]|Bytes:5
07:32:36.2 (2249474)|HEAP_ALLOCATE|[56]|Bytes:5
07:32:36.2 (2255292)|HEAP_ALLOCATE|[64]|Bytes:7
07:32:36.2 (2269917)|SYSTEM_MODE_ENTER|false
07:32:36.2 (2280628)|HEAP_ALLOCATE|[EXTERNAL]|Bytes:5
07:32:36.2 (2284012)|STATEMENT_EXECUTE|[201]
07:32:36.2 (2285580)|STATEMENT_EXECUTE|[213]
07:32:36.2 (2289400)|SYSTEM_MODE_EXIT|false
07:32:36.2 (2296063)|METHOD_EXIT|[16]|CruderCntrl
07:32:36.2 (2299506)|HEAP_ALLOCATE|[EXTERNAL]|Bytes:94
07:32:36.2 (2303787)|SYSTEM_MODE_ENTER|false
07:32:36.2 (2308517)|VARIABLE_SCOPE_BEGIN|[22]|query|String|false|false
07:32:36.2 (2328194)|VARIABLE_ASSIGNMENT|[22]|query|"SELECT ID,Parent_War (74 more) ..."
07:32:36.2 (2337292)|HEAP_ALLOCATE|[23]|Bytes:5
07:32:36.2 (2340667)|STATEMENT_EXECUTE|[22]
07:32:36.2 (2341966)|STATEMENT_EXECUTE|[23]
07:32:36.2 (2415812)|HEAP_ALLOCATE|[23]|Bytes:20
07:32:36.2 (2428169)|CONSTRUCTOR_ENTRY|[23]|01p2800000EnYhK|<init>()
07:32:36.2 (2446469)|VARIABLE_SCOPE_BEGIN|[201]|this|CruderCntrl.OutputWrapper|true|false
07:32:36.2 (2480358)|VARIABLE_ASSIGNMENT|[201]|this|{}|0x2888ec61
07:32:36.2 (2487259)|HEAP_ALLOCATE|[EXTERNAL]|Bytes:6
07:32:36.2 (2506669)|STATEMENT_EXECUTE|[201]
07:32:36.2 (2508204)|STATEMENT_EXECUTE|[203]
07:32:36.2 (2509468)|STATEMENT_EXECUTE|[205]
07:32:36.2 (2510652)|STATEMENT_EXECUTE|[207]
07:32:36.2 (2511763)|STATEMENT_EXECUTE|[209]
07:32:36.2 (2516399)|CONSTRUCTOR_EXIT|[23]|01p2800000EnYhK|<init>()
07:32:36.2 (2520250)|VARIABLE_SCOPE_BEGIN|[23]|wrapObj|CruderCntrl.OutputWrapper|true|false
07:32:36.2 (2531323)|VARIABLE_ASSIGNMENT|[23]|wrapObj|{}|0x2888ec61
07:32:36.2 (2533230)|STATEMENT_EXECUTE|[24]
07:32:36.2 (2537634)|VARIABLE_SCOPE_BEGIN|[24]|sObjectApiName|String|false|false
07:32:36.2 (2541998)|VARIABLE_ASSIGNMENT|[24]|sObjectApiName|""
07:32:36.2 (2543611)|STATEMENT_EXECUTE|[25]
07:32:36.2 (2545411)|VARIABLE_SCOPE_BEGIN|[25]|sObjectLabel|String|false|false
07:32:36.2 (2547995)|VARIABLE_ASSIGNMENT|[25]|sObjectLabel|""
07:32:36.2 (2549426)|STATEMENT_EXECUTE|[26]
07:32:36.2 (2552333)|VARIABLE_SCOPE_BEGIN|[26]|success|Boolean|false|false
07:32:36.2 (2556154)|HEAP_ALLOCATE|[26]|Bytes:5
07:32:36.2 (2560742)|VARIABLE_ASSIGNMENT|[26]|success|false
07:32:36.2 (2562345)|STATEMENT_EXECUTE|[27]
07:32:36.2 (2595881)|HEAP_ALLOCATE|[27]|Bytes:4
07:32:36.2 (2623925)|VARIABLE_SCOPE_BEGIN|[27]|sObjList|List<SObject>|true|false
07:32:36.2 (2630387)|HEAP_ALLOCATE|[EXTERNAL]|Bytes:4
07:32:36.2 (2639375)|VARIABLE_ASSIGNMENT|[27]|sObjList|[]|0x21f52f81
07:32:36.2 (2641262)|STATEMENT_EXECUTE|[29]
07:32:36.2 (2642436)|STATEMENT_EXECUTE|[29]
07:32:36.2 (2643440)|STATEMENT_EXECUTE|[30]
07:32:36.2 (2669670)|HEAP_ALLOCATE|[30]|Bytes:5
07:32:36.2 (3149157)|SOQL_EXECUTE_BEGIN|[30]|Aggregations:0|SELECT ID,Parent_Warranty_Code__r.Name, Warranty_Code__c,Description__c FROM Warranty_Codes__c
07:32:36.2 (7310822)|SOQL_EXECUTE_END|[30]|Rows:6
07:32:36.2 (7328096)|HEAP_ALLOCATE|[30]|Bytes:28
07:32:36.2 (7359637)|HEAP_ALLOCATE|[30]|Bytes:857
07:32:36.2 (7419801)|HEAP_ALLOCATE|[30]|Bytes:28
07:32:36.2 (7445861)|VARIABLE_ASSIGNMENT|[30]|sObjList|"List of size 6 too large to display"|0x5c85b50e
07:32:36.2 (7509607)|STATEMENT_EXECUTE|[31]
07:32:36.2 (7511897)|STATEMENT_EXECUTE|[32]
07:32:36.2 (7535278)|HEAP_ALLOCATE|[32]|Bytes:24
07:32:36.2 (7618611)|VARIABLE_SCOPE_BEGIN|[32]|type|Schema.SObjectType|true|false
07:32:36.2 (7717407)|VARIABLE_ASSIGNMENT|[32]|type|"common.apex.runtime.impl.ApexSObjectTypeToken@7dfb1c21"|0x7dfb1c21
07:32:36.2 (7721999)|STATEMENT_EXECUTE|[33]
07:32:36.2 (7968984)|HEAP_ALLOCATE|[33]|Bytes:4
07:32:36.2 (7993113)|VARIABLE_SCOPE_BEGIN|[33]|sobjectDescribe|Schema.DescribeSObjectResult|true|false
07:32:36.2 (8059260)|VARIABLE_ASSIGNMENT|[33]|sobjectDescribe|"common.api.soap.wsdl.DescribeSObjectResult@33d95277"|0x303104b7
07:32:36.2 (8063850)|STATEMENT_EXECUTE|[34]
07:32:36.2 (8073972)|HEAP_ALLOCATE|[34]|Bytes:24
07:32:36.2 (8141562)|HEAP_ALLOCATE|[34]|Bytes:17
07:32:36.2 (8155453)|VARIABLE_ASSIGNMENT|[34]|sObjectApiName|"Warranty_Codes__c"
07:32:36.2 (8158340)|STATEMENT_EXECUTE|[35]
07:32:36.2 (8181169)|HEAP_ALLOCATE|[35]|Bytes:13
07:32:36.2 (8186253)|VARIABLE_ASSIGNMENT|[35]|sObjectLabel|"Warranty Code"
07:32:36.2 (8188179)|STATEMENT_EXECUTE|[36]
07:32:36.2 (8193445)|HEAP_ALLOCATE|[36]|Bytes:5
07:32:36.2 (8198118)|VARIABLE_ASSIGNMENT|[36]|success|true
07:32:36.2 (8200169)|STATEMENT_EXECUTE|[38]
07:32:36.2 (8212575)|VARIABLE_ASSIGNMENT|[38]|this.sObjList|"List of size 6 too large to display"|0x2888ec61
07:32:36.2 (8214663)|STATEMENT_EXECUTE|[39]
07:32:36.2 (8218924)|VARIABLE_ASSIGNMENT|[39]|this.sObjectLabel|"Warranty Code"|0x2888ec61
07:32:36.2 (8220687)|STATEMENT_EXECUTE|[40]
07:32:36.2 (8224008)|VARIABLE_ASSIGNMENT|[40]|this.sObjectApiName|"Warranty_Codes__c"|0x2888ec61
07:32:36.2 (8225570)|STATEMENT_EXECUTE|[41]
07:32:36.2 (8228052)|HEAP_ALLOCATE|[41]|Bytes:5
07:32:36.2 (8231674)|VARIABLE_ASSIGNMENT|[41]|this.success|true|0x2888ec61
07:32:36.2 (8234650)|STATEMENT_EXECUTE|[49]
07:32:36.2 (8245016)|SYSTEM_MODE_EXIT|false
07:32:36.8 (8270484)|CUMULATIVE_LIMIT_USAGE
07:32:36.8 (8270484)|LIMIT_USAGE_FOR_NS|(default)|
  Number of SOQL queries: 1 out of 100
  Number of query rows: 6 out of 50000
  Number of SOSL queries: 0 out of 20
  Number of DML statements: 0 out of 150
  Number of DML rows: 0 out of 10000
  Maximum CPU time: 0 out of 10000
  Maximum heap size: 0 out of 6000000
  Number of callouts: 0 out of 100
  Number of Email Invocations: 0 out of 10
  Number of future calls: 0 out of 50
  Number of queueable jobs added to the queue: 0 out of 50
  Number of Mobile Apex push calls: 0 out of 10

07:32:36.8 (8270484)|CUMULATIVE_LIMIT_USAGE_END

07:32:36.2 (8302202)|CODE_UNIT_FINISHED|CruderCntrl.ReadSObjects
07:32:36.2 (9570671)|EXECUTION_FINISHED
07:32:36.11 (11467506)|USER_INFO|[EXTERNAL]|005280000056Sdu|ngmmadhan@gmail.com|Pacific Standard Time|GMT-07:00
07:32:36.11 (11475735)|EXECUTION_STARTED
07:32:36.11 (11478552)|CODE_UNIT_STARTED|[EXTERNAL]|Aura
07:32:36.11 (11555069)|CODE_UNIT_FINISHED|Aura
07:32:36.11 (12338794)|EXECUTION_FINISHED
