40.0 APEX_CODE,FINEST;APEX_PROFILING,INFO;CALLOUT,INFO;DB,INFO;SYSTEM,DEBUG;VALIDATION,INFO;VISUALFORCE,INFO;WAVE,INFO;WORKFLOW,INFO
22:32:39.0 (414846)|USER_INFO|[EXTERNAL]|005280000056Sdu|ngmmadhan@gmail.com|Pacific Standard Time|GMT-07:00
22:32:39.0 (445591)|EXECUTION_STARTED
22:32:39.0 (450680)|CODE_UNIT_STARTED|[EXTERNAL]|aura
22:32:39.0 (787425)|HEAP_ALLOCATE|[72]|Bytes:3
22:32:39.0 (866090)|HEAP_ALLOCATE|[77]|Bytes:152
22:32:39.0 (889293)|HEAP_ALLOCATE|[342]|Bytes:408
22:32:39.0 (914117)|HEAP_ALLOCATE|[355]|Bytes:408
22:32:39.0 (936764)|HEAP_ALLOCATE|[467]|Bytes:48
22:32:39.0 (996906)|HEAP_ALLOCATE|[139]|Bytes:6
22:32:39.0 (1022217)|HEAP_ALLOCATE|[EXTERNAL]|Bytes:91
22:32:39.0 (1045432)|HEAP_ALLOCATE|[EXTERNAL]|Bytes:91
22:32:39.0 (1091666)|CODE_UNIT_FINISHED|aura
22:32:39.0 (1954725)|EXECUTION_FINISHED
22:32:39.2 (2706597)|USER_INFO|[EXTERNAL]|005280000056Sdu|ngmmadhan@gmail.com|Pacific Standard Time|GMT-07:00
22:32:39.2 (2715461)|EXECUTION_STARTED
22:32:39.2 (2718789)|CODE_UNIT_STARTED|[EXTERNAL]|01p2800000EnYhK|CruderCntrl.ReadSObjects
22:32:39.2 (2859883)|HEAP_ALLOCATE|[EXTERNAL]|Bytes:30
22:32:39.2 (2864596)|HEAP_ALLOCATE|[EXTERNAL]|Bytes:16
22:32:39.2 (2890190)|METHOD_ENTRY|[16]|01p2800000EnYhK|CruderCntrl.CruderCntrl()
22:32:39.2 (2893679)|STATEMENT_EXECUTE|[16]
22:32:39.2 (2898559)|STATEMENT_EXECUTE|[16]
22:32:39.2 (2932275)|HEAP_ALLOCATE|[50]|Bytes:5
22:32:39.2 (2950645)|HEAP_ALLOCATE|[56]|Bytes:5
22:32:39.2 (2955974)|HEAP_ALLOCATE|[64]|Bytes:7
22:32:39.2 (2970006)|SYSTEM_MODE_ENTER|false
22:32:39.2 (3091239)|HEAP_ALLOCATE|[EXTERNAL]|Bytes:5
22:32:39.2 (3095674)|STATEMENT_EXECUTE|[201]
22:32:39.2 (3097047)|STATEMENT_EXECUTE|[213]
22:32:39.2 (3101625)|SYSTEM_MODE_EXIT|false
22:32:39.2 (3122703)|METHOD_EXIT|[16]|CruderCntrl
22:32:39.2 (3126516)|HEAP_ALLOCATE|[EXTERNAL]|Bytes:91
22:32:39.2 (3130812)|SYSTEM_MODE_ENTER|false
22:32:39.2 (3137635)|VARIABLE_SCOPE_BEGIN|[22]|query|String|false|false
22:32:39.2 (3158958)|VARIABLE_ASSIGNMENT|[22]|query|"SELECT Parent_Warran (71 more) ..."
22:32:39.2 (3168373)|HEAP_ALLOCATE|[23]|Bytes:5
22:32:39.2 (3171209)|STATEMENT_EXECUTE|[22]
22:32:39.2 (3172275)|STATEMENT_EXECUTE|[23]
22:32:39.2 (3226406)|HEAP_ALLOCATE|[23]|Bytes:20
22:32:39.2 (3273694)|CONSTRUCTOR_ENTRY|[23]|01p2800000EnYhK|<init>()
22:32:39.2 (3319353)|VARIABLE_SCOPE_BEGIN|[201]|this|CruderCntrl.OutputWrapper|true|false
22:32:39.2 (3378127)|VARIABLE_ASSIGNMENT|[201]|this|{}|0x6cd056fd
22:32:39.2 (3387962)|HEAP_ALLOCATE|[EXTERNAL]|Bytes:6
22:32:39.2 (3411377)|STATEMENT_EXECUTE|[201]
22:32:39.2 (3413542)|STATEMENT_EXECUTE|[203]
22:32:39.2 (3415093)|STATEMENT_EXECUTE|[205]
22:32:39.2 (3416499)|STATEMENT_EXECUTE|[207]
22:32:39.2 (3417870)|STATEMENT_EXECUTE|[209]
22:32:39.2 (3443729)|CONSTRUCTOR_EXIT|[23]|01p2800000EnYhK|<init>()
22:32:39.2 (3455665)|VARIABLE_SCOPE_BEGIN|[23]|wrapObj|CruderCntrl.OutputWrapper|true|false
22:32:39.2 (3472742)|VARIABLE_ASSIGNMENT|[23]|wrapObj|{}|0x6cd056fd
22:32:39.2 (3475559)|STATEMENT_EXECUTE|[24]
22:32:39.2 (3480780)|VARIABLE_SCOPE_BEGIN|[24]|sObjectApiName|String|false|false
22:32:39.2 (3486363)|VARIABLE_ASSIGNMENT|[24]|sObjectApiName|""
22:32:39.2 (3489066)|STATEMENT_EXECUTE|[25]
22:32:39.2 (3491922)|VARIABLE_SCOPE_BEGIN|[25]|sObjectLabel|String|false|false
22:32:39.2 (3495760)|VARIABLE_ASSIGNMENT|[25]|sObjectLabel|""
22:32:39.2 (3497715)|STATEMENT_EXECUTE|[26]
22:32:39.2 (3501191)|VARIABLE_SCOPE_BEGIN|[26]|success|Boolean|false|false
22:32:39.2 (3506052)|HEAP_ALLOCATE|[26]|Bytes:5
22:32:39.2 (3512547)|VARIABLE_ASSIGNMENT|[26]|success|false
22:32:39.2 (3514658)|STATEMENT_EXECUTE|[27]
22:32:39.2 (3520619)|HEAP_ALLOCATE|[27]|Bytes:4
22:32:39.2 (3560235)|VARIABLE_SCOPE_BEGIN|[27]|sObjList|List<SObject>|true|false
22:32:39.2 (3567494)|HEAP_ALLOCATE|[EXTERNAL]|Bytes:4
22:32:39.2 (3576286)|VARIABLE_ASSIGNMENT|[27]|sObjList|[]|0x5b4107a5
22:32:39.2 (3579086)|STATEMENT_EXECUTE|[29]
22:32:39.2 (3580499)|STATEMENT_EXECUTE|[29]
22:32:39.2 (3581948)|STATEMENT_EXECUTE|[30]
22:32:39.2 (3638002)|HEAP_ALLOCATE|[30]|Bytes:5
22:32:39.2 (4854917)|SOQL_EXECUTE_BEGIN|[30]|Aggregations:0|SELECT Parent_Warranty_Code__r.Name, Warranty_Code__c,Description__c FROM Warranty_Codes__c
22:32:39.2 (8837753)|SOQL_EXECUTE_END|[30]|Rows:6
22:32:39.2 (8857283)|HEAP_ALLOCATE|[30]|Bytes:28
22:32:39.2 (8894122)|HEAP_ALLOCATE|[30]|Bytes:857
22:32:39.2 (8964001)|HEAP_ALLOCATE|[30]|Bytes:28
22:32:39.2 (9034470)|VARIABLE_ASSIGNMENT|[30]|sObjList|"List of size 6 too large to display"|0x75e6cbab
22:32:39.2 (9120829)|STATEMENT_EXECUTE|[31]
22:32:39.2 (9124071)|STATEMENT_EXECUTE|[32]
22:32:39.2 (9152661)|HEAP_ALLOCATE|[32]|Bytes:24
22:32:39.2 (9237781)|VARIABLE_SCOPE_BEGIN|[32]|type|Schema.SObjectType|true|false
22:32:39.2 (9361635)|VARIABLE_ASSIGNMENT|[32]|type|"common.apex.runtime.impl.ApexSObjectTypeToken@6c930f82"|0x6c930f82
22:32:39.2 (9367001)|STATEMENT_EXECUTE|[33]
22:32:39.2 (9913430)|HEAP_ALLOCATE|[33]|Bytes:4
22:32:39.2 (9942321)|VARIABLE_SCOPE_BEGIN|[33]|sobjectDescribe|Schema.DescribeSObjectResult|true|false
22:32:39.2 (10034637)|VARIABLE_ASSIGNMENT|[33]|sobjectDescribe|"common.api.soap.wsdl.DescribeSObjectResult@33d95277"|0x665d0aba
22:32:39.2 (10051351)|STATEMENT_EXECUTE|[34]
22:32:39.2 (10064250)|HEAP_ALLOCATE|[34]|Bytes:24
22:32:39.2 (10134610)|HEAP_ALLOCATE|[34]|Bytes:17
22:32:39.2 (10153195)|VARIABLE_ASSIGNMENT|[34]|sObjectApiName|"Warranty_Codes__c"
22:32:39.2 (10157019)|STATEMENT_EXECUTE|[35]
22:32:39.2 (10180809)|HEAP_ALLOCATE|[35]|Bytes:13
22:32:39.2 (10189398)|VARIABLE_ASSIGNMENT|[35]|sObjectLabel|"Warranty Code"
22:32:39.2 (10191736)|STATEMENT_EXECUTE|[36]
22:32:39.2 (10196286)|HEAP_ALLOCATE|[36]|Bytes:5
22:32:39.2 (10201275)|VARIABLE_ASSIGNMENT|[36]|success|true
22:32:39.2 (10203689)|STATEMENT_EXECUTE|[38]
22:32:39.2 (10233446)|VARIABLE_ASSIGNMENT|[38]|this.sObjList|"List of size 6 too large to display"|0x6cd056fd
22:32:39.2 (10237193)|STATEMENT_EXECUTE|[39]
22:32:39.2 (10244633)|VARIABLE_ASSIGNMENT|[39]|this.sObjectLabel|"Warranty Code"|0x6cd056fd
22:32:39.2 (10246939)|STATEMENT_EXECUTE|[40]
22:32:39.2 (10256031)|VARIABLE_ASSIGNMENT|[40]|this.sObjectApiName|"Warranty_Codes__c"|0x6cd056fd
22:32:39.2 (10258430)|STATEMENT_EXECUTE|[41]
22:32:39.2 (10262851)|HEAP_ALLOCATE|[41]|Bytes:5
22:32:39.2 (10269481)|VARIABLE_ASSIGNMENT|[41]|this.success|true|0x6cd056fd
22:32:39.2 (10272836)|STATEMENT_EXECUTE|[49]
22:32:39.2 (10285027)|SYSTEM_MODE_EXIT|false
22:32:39.10 (10324074)|CUMULATIVE_LIMIT_USAGE
22:32:39.10 (10324074)|LIMIT_USAGE_FOR_NS|(default)|
  Number of SOQL queries: 1 out of 100
  Number of query rows: 6 out of 50000
  Number of SOSL queries: 0 out of 20
  Number of DML statements: 0 out of 150
  Number of DML rows: 0 out of 10000
  Maximum CPU time: 0 out of 10000
  Maximum heap size: 0 out of 6000000
  Number of callouts: 0 out of 100
  Number of Email Invocations: 0 out of 10
  Number of future calls: 0 out of 50
  Number of queueable jobs added to the queue: 0 out of 50
  Number of Mobile Apex push calls: 0 out of 10

22:32:39.10 (10324074)|CUMULATIVE_LIMIT_USAGE_END

22:32:39.2 (10355303)|CODE_UNIT_FINISHED|CruderCntrl.ReadSObjects
22:32:39.2 (11431744)|EXECUTION_FINISHED
22:32:39.12 (12888777)|USER_INFO|[EXTERNAL]|005280000056Sdu|ngmmadhan@gmail.com|Pacific Standard Time|GMT-07:00
22:32:39.12 (12908006)|EXECUTION_STARTED
22:32:39.12 (12914744)|CODE_UNIT_STARTED|[EXTERNAL]|Aura
22:32:39.12 (13145334)|CODE_UNIT_FINISHED|Aura
22:32:39.12 (14026370)|EXECUTION_FINISHED
