40.0 APEX_CODE,FINEST;APEX_PROFILING,INFO;CALLOUT,INFO;DB,INFO;SYSTEM,DEBUG;VALIDATION,INFO;VISUALFORCE,INFO;WAVE,INFO;WORKFLOW,INFO
22:48:24.0 (51251)|USER_INFO|[EXTERNAL]|005280000056Sdu|ngmmadhan@gmail.com|Pacific Standard Time|GMT-07:00
22:48:24.0 (73761)|EXECUTION_STARTED
22:48:24.0 (76831)|CODE_UNIT_STARTED|[EXTERNAL]|aura
22:48:24.0 (346414)|HEAP_ALLOCATE|[72]|Bytes:3
22:48:24.0 (402635)|HEAP_ALLOCATE|[77]|Bytes:152
22:48:24.0 (415587)|HEAP_ALLOCATE|[342]|Bytes:408
22:48:24.0 (428748)|HEAP_ALLOCATE|[355]|Bytes:408
22:48:24.0 (440623)|HEAP_ALLOCATE|[467]|Bytes:48
22:48:24.0 (482398)|HEAP_ALLOCATE|[139]|Bytes:6
22:48:24.0 (498518)|HEAP_ALLOCATE|[EXTERNAL]|Bytes:91
22:48:24.0 (511796)|HEAP_ALLOCATE|[EXTERNAL]|Bytes:91
22:48:24.0 (546736)|CODE_UNIT_FINISHED|aura
22:48:24.0 (1577509)|EXECUTION_FINISHED
22:48:24.2 (2341589)|USER_INFO|[EXTERNAL]|005280000056Sdu|ngmmadhan@gmail.com|Pacific Standard Time|GMT-07:00
22:48:24.2 (2348793)|EXECUTION_STARTED
22:48:24.2 (2351205)|CODE_UNIT_STARTED|[EXTERNAL]|01p2800000EnYhK|CruderCntrl.ReadSObjects
22:48:24.2 (2425185)|HEAP_ALLOCATE|[EXTERNAL]|Bytes:30
22:48:24.2 (2429420)|HEAP_ALLOCATE|[EXTERNAL]|Bytes:16
22:48:24.2 (2452193)|METHOD_ENTRY|[16]|01p2800000EnYhK|CruderCntrl.CruderCntrl()
22:48:24.2 (2455776)|STATEMENT_EXECUTE|[16]
22:48:24.2 (2459964)|STATEMENT_EXECUTE|[16]
22:48:24.2 (2488861)|HEAP_ALLOCATE|[50]|Bytes:5
22:48:24.2 (2505642)|HEAP_ALLOCATE|[56]|Bytes:5
22:48:24.2 (2511135)|HEAP_ALLOCATE|[64]|Bytes:7
22:48:24.2 (2524433)|SYSTEM_MODE_ENTER|false
22:48:24.2 (2531966)|HEAP_ALLOCATE|[EXTERNAL]|Bytes:5
22:48:24.2 (2534838)|STATEMENT_EXECUTE|[201]
22:48:24.2 (2536126)|STATEMENT_EXECUTE|[213]
22:48:24.2 (2538838)|SYSTEM_MODE_EXIT|false
22:48:24.2 (2559029)|METHOD_EXIT|[16]|CruderCntrl
22:48:24.2 (2562653)|HEAP_ALLOCATE|[EXTERNAL]|Bytes:91
22:48:24.2 (2566867)|SYSTEM_MODE_ENTER|false
22:48:24.2 (2571685)|VARIABLE_SCOPE_BEGIN|[22]|query|String|false|false
22:48:24.2 (2592990)|VARIABLE_ASSIGNMENT|[22]|query|"SELECT Parent_Warran (71 more) ..."
22:48:24.2 (2600954)|HEAP_ALLOCATE|[23]|Bytes:5
22:48:24.2 (2604008)|STATEMENT_EXECUTE|[22]
22:48:24.2 (2605053)|STATEMENT_EXECUTE|[23]
22:48:24.2 (2665345)|HEAP_ALLOCATE|[23]|Bytes:20
22:48:24.2 (2691512)|CONSTRUCTOR_ENTRY|[23]|01p2800000EnYhK|<init>()
22:48:24.2 (2711279)|VARIABLE_SCOPE_BEGIN|[201]|this|CruderCntrl.OutputWrapper|true|false
22:48:24.2 (2737656)|VARIABLE_ASSIGNMENT|[201]|this|{}|0x1b42bf20
22:48:24.2 (2744264)|HEAP_ALLOCATE|[EXTERNAL]|Bytes:6
22:48:24.2 (2760693)|STATEMENT_EXECUTE|[201]
22:48:24.2 (2761873)|STATEMENT_EXECUTE|[203]
22:48:24.2 (2762977)|STATEMENT_EXECUTE|[205]
22:48:24.2 (2763859)|STATEMENT_EXECUTE|[207]
22:48:24.2 (2764785)|STATEMENT_EXECUTE|[209]
22:48:24.2 (2786737)|CONSTRUCTOR_EXIT|[23]|01p2800000EnYhK|<init>()
22:48:24.2 (2798272)|VARIABLE_SCOPE_BEGIN|[23]|wrapObj|CruderCntrl.OutputWrapper|true|false
22:48:24.2 (2813101)|VARIABLE_ASSIGNMENT|[23]|wrapObj|{}|0x1b42bf20
22:48:24.2 (2815352)|STATEMENT_EXECUTE|[24]
22:48:24.2 (2819686)|VARIABLE_SCOPE_BEGIN|[24]|sObjectApiName|String|false|false
22:48:24.2 (2823851)|VARIABLE_ASSIGNMENT|[24]|sObjectApiName|""
22:48:24.2 (2825283)|STATEMENT_EXECUTE|[25]
22:48:24.2 (2826829)|VARIABLE_SCOPE_BEGIN|[25]|sObjectLabel|String|false|false
22:48:24.2 (2828978)|VARIABLE_ASSIGNMENT|[25]|sObjectLabel|""
22:48:24.2 (2830047)|STATEMENT_EXECUTE|[26]
22:48:24.2 (2832665)|VARIABLE_SCOPE_BEGIN|[26]|success|Boolean|false|false
22:48:24.2 (2836050)|HEAP_ALLOCATE|[26]|Bytes:5
22:48:24.2 (2840396)|VARIABLE_ASSIGNMENT|[26]|success|false
22:48:24.2 (2841529)|STATEMENT_EXECUTE|[27]
22:48:24.2 (2869794)|HEAP_ALLOCATE|[27]|Bytes:4
22:48:24.2 (2903944)|VARIABLE_SCOPE_BEGIN|[27]|sObjList|List<SObject>|true|false
22:48:24.2 (2908817)|HEAP_ALLOCATE|[EXTERNAL]|Bytes:4
22:48:24.2 (2915315)|VARIABLE_ASSIGNMENT|[27]|sObjList|[]|0x64eebc8c
22:48:24.2 (2916961)|STATEMENT_EXECUTE|[29]
22:48:24.2 (2917912)|STATEMENT_EXECUTE|[29]
22:48:24.2 (2918828)|STATEMENT_EXECUTE|[30]
22:48:24.2 (2958759)|HEAP_ALLOCATE|[30]|Bytes:5
22:48:24.2 (3475575)|SOQL_EXECUTE_BEGIN|[30]|Aggregations:0|SELECT Parent_Warranty_Code__r.Name, Warranty_Code__c,Description__c FROM Warranty_Codes__c
22:48:24.2 (6442909)|SOQL_EXECUTE_END|[30]|Rows:6
22:48:24.2 (6457347)|HEAP_ALLOCATE|[30]|Bytes:28
22:48:24.2 (6482641)|HEAP_ALLOCATE|[30]|Bytes:857
22:48:24.2 (6542520)|HEAP_ALLOCATE|[30]|Bytes:28
22:48:24.2 (6598165)|VARIABLE_ASSIGNMENT|[30]|sObjList|"List of size 6 too large to display"|0x2da886c9
22:48:24.2 (6681680)|STATEMENT_EXECUTE|[31]
22:48:24.2 (6684402)|STATEMENT_EXECUTE|[32]
22:48:24.2 (6708850)|HEAP_ALLOCATE|[32]|Bytes:24
22:48:24.2 (6783213)|VARIABLE_SCOPE_BEGIN|[32]|type|Schema.SObjectType|true|false
22:48:24.2 (6876460)|VARIABLE_ASSIGNMENT|[32]|type|"common.apex.runtime.impl.ApexSObjectTypeToken@31deaed4"|0x31deaed4
22:48:24.2 (6880271)|STATEMENT_EXECUTE|[33]
22:48:24.2 (7102743)|HEAP_ALLOCATE|[33]|Bytes:4
22:48:24.2 (7124746)|VARIABLE_SCOPE_BEGIN|[33]|sobjectDescribe|Schema.DescribeSObjectResult|true|false
22:48:24.2 (7188886)|VARIABLE_ASSIGNMENT|[33]|sobjectDescribe|"common.api.soap.wsdl.DescribeSObjectResult@33d95277"|0x2abb572
22:48:24.2 (7192253)|STATEMENT_EXECUTE|[34]
22:48:24.2 (7201140)|HEAP_ALLOCATE|[34]|Bytes:24
22:48:24.2 (7261994)|HEAP_ALLOCATE|[34]|Bytes:17
22:48:24.2 (7273047)|VARIABLE_ASSIGNMENT|[34]|sObjectApiName|"Warranty_Codes__c"
22:48:24.2 (7275321)|STATEMENT_EXECUTE|[35]
22:48:24.2 (7289219)|HEAP_ALLOCATE|[35]|Bytes:13
22:48:24.2 (7293627)|VARIABLE_ASSIGNMENT|[35]|sObjectLabel|"Warranty Code"
22:48:24.2 (7295450)|STATEMENT_EXECUTE|[36]
22:48:24.2 (7300038)|HEAP_ALLOCATE|[36]|Bytes:5
22:48:24.2 (7305602)|VARIABLE_ASSIGNMENT|[36]|success|true
22:48:24.2 (7307579)|STATEMENT_EXECUTE|[38]
22:48:24.2 (7327635)|VARIABLE_ASSIGNMENT|[38]|this.sObjList|"List of size 6 too large to display"|0x1b42bf20
22:48:24.2 (7329488)|STATEMENT_EXECUTE|[39]
22:48:24.2 (7333509)|VARIABLE_ASSIGNMENT|[39]|this.sObjectLabel|"Warranty Code"|0x1b42bf20
22:48:24.2 (7335309)|STATEMENT_EXECUTE|[40]
22:48:24.2 (7338367)|VARIABLE_ASSIGNMENT|[40]|this.sObjectApiName|"Warranty_Codes__c"|0x1b42bf20
22:48:24.2 (7339646)|STATEMENT_EXECUTE|[41]
22:48:24.2 (7342129)|HEAP_ALLOCATE|[41]|Bytes:5
22:48:24.2 (7345582)|VARIABLE_ASSIGNMENT|[41]|this.success|true|0x1b42bf20
22:48:24.2 (7347605)|STATEMENT_EXECUTE|[49]
22:48:24.2 (7355614)|SYSTEM_MODE_EXIT|false
22:48:24.7 (7380046)|CUMULATIVE_LIMIT_USAGE
22:48:24.7 (7380046)|LIMIT_USAGE_FOR_NS|(default)|
  Number of SOQL queries: 1 out of 100
  Number of query rows: 6 out of 50000
  Number of SOSL queries: 0 out of 20
  Number of DML statements: 0 out of 150
  Number of DML rows: 0 out of 10000
  Maximum CPU time: 0 out of 10000
  Maximum heap size: 0 out of 6000000
  Number of callouts: 0 out of 100
  Number of Email Invocations: 0 out of 10
  Number of future calls: 0 out of 50
  Number of queueable jobs added to the queue: 0 out of 50
  Number of Mobile Apex push calls: 0 out of 10

22:48:24.7 (7380046)|CUMULATIVE_LIMIT_USAGE_END

22:48:24.2 (7412855)|CODE_UNIT_FINISHED|CruderCntrl.ReadSObjects
22:48:24.2 (9024503)|EXECUTION_FINISHED
22:48:24.10 (10503951)|USER_INFO|[EXTERNAL]|005280000056Sdu|ngmmadhan@gmail.com|Pacific Standard Time|GMT-07:00
22:48:24.10 (10513650)|EXECUTION_STARTED
22:48:24.10 (10517816)|CODE_UNIT_STARTED|[EXTERNAL]|Aura
22:48:24.10 (10648063)|CODE_UNIT_FINISHED|Aura
22:48:24.10 (11536724)|EXECUTION_FINISHED
