40.0 APEX_CODE,FINEST;APEX_PROFILING,INFO;CALLOUT,INFO;DB,INFO;SYSTEM,DEBUG;VALIDATION,INFO;VISUALFORCE,INFO;WAVE,INFO;WORKFLOW,INFO
22:40:20.0 (52693)|USER_INFO|[EXTERNAL]|005280000056Sdu|ngmmadhan@gmail.com|Pacific Standard Time|GMT-07:00
22:40:20.0 (76083)|EXECUTION_STARTED
22:40:20.0 (78988)|CODE_UNIT_STARTED|[EXTERNAL]|aura
22:40:20.0 (372043)|HEAP_ALLOCATE|[72]|Bytes:3
22:40:20.0 (409265)|HEAP_ALLOCATE|[77]|Bytes:152
22:40:20.0 (432927)|HEAP_ALLOCATE|[342]|Bytes:408
22:40:20.0 (448392)|HEAP_ALLOCATE|[355]|Bytes:408
22:40:20.0 (460565)|HEAP_ALLOCATE|[467]|Bytes:48
22:40:20.0 (483055)|HEAP_ALLOCATE|[139]|Bytes:6
22:40:20.0 (500467)|HEAP_ALLOCATE|[EXTERNAL]|Bytes:91
22:40:20.0 (505394)|HEAP_ALLOCATE|[EXTERNAL]|Bytes:91
22:40:20.0 (516307)|CODE_UNIT_FINISHED|aura
22:40:20.0 (1241673)|EXECUTION_FINISHED
22:40:20.1 (1884678)|USER_INFO|[EXTERNAL]|005280000056Sdu|ngmmadhan@gmail.com|Pacific Standard Time|GMT-07:00
22:40:20.1 (1891356)|EXECUTION_STARTED
22:40:20.1 (1893397)|CODE_UNIT_STARTED|[EXTERNAL]|01p2800000EnYhK|CruderCntrl.ReadSObjects
22:40:20.1 (1977127)|HEAP_ALLOCATE|[EXTERNAL]|Bytes:30
22:40:20.1 (1981993)|HEAP_ALLOCATE|[EXTERNAL]|Bytes:16
22:40:20.1 (1989096)|METHOD_ENTRY|[16]|01p2800000EnYhK|CruderCntrl.CruderCntrl()
22:40:20.1 (1992018)|STATEMENT_EXECUTE|[16]
22:40:20.1 (1997308)|STATEMENT_EXECUTE|[16]
22:40:20.1 (2031418)|HEAP_ALLOCATE|[50]|Bytes:5
22:40:20.1 (2054252)|HEAP_ALLOCATE|[56]|Bytes:5
22:40:20.1 (2060807)|HEAP_ALLOCATE|[64]|Bytes:7
22:40:20.1 (2081903)|SYSTEM_MODE_ENTER|false
22:40:20.1 (2097947)|HEAP_ALLOCATE|[EXTERNAL]|Bytes:5
22:40:20.1 (2102192)|STATEMENT_EXECUTE|[201]
22:40:20.1 (2104089)|STATEMENT_EXECUTE|[213]
22:40:20.1 (2109940)|SYSTEM_MODE_EXIT|false
22:40:20.1 (2118482)|METHOD_EXIT|[16]|CruderCntrl
22:40:20.1 (2122058)|HEAP_ALLOCATE|[EXTERNAL]|Bytes:91
22:40:20.1 (2126797)|SYSTEM_MODE_ENTER|false
22:40:20.1 (2131179)|VARIABLE_SCOPE_BEGIN|[22]|query|String|false|false
22:40:20.1 (2152987)|VARIABLE_ASSIGNMENT|[22]|query|"SELECT Parent_Warran (71 more) ..."
22:40:20.1 (2162253)|HEAP_ALLOCATE|[23]|Bytes:5
22:40:20.1 (2165099)|STATEMENT_EXECUTE|[22]
22:40:20.1 (2166130)|STATEMENT_EXECUTE|[23]
22:40:20.1 (2229492)|HEAP_ALLOCATE|[23]|Bytes:20
22:40:20.1 (2240315)|CONSTRUCTOR_ENTRY|[23]|01p2800000EnYhK|<init>()
22:40:20.1 (2255995)|VARIABLE_SCOPE_BEGIN|[201]|this|CruderCntrl.OutputWrapper|true|false
22:40:20.1 (2284466)|VARIABLE_ASSIGNMENT|[201]|this|{}|0x3deb6325
22:40:20.1 (2294670)|HEAP_ALLOCATE|[EXTERNAL]|Bytes:6
22:40:20.1 (2311416)|STATEMENT_EXECUTE|[201]
22:40:20.1 (2312791)|STATEMENT_EXECUTE|[203]
22:40:20.1 (2313895)|STATEMENT_EXECUTE|[205]
22:40:20.1 (2314870)|STATEMENT_EXECUTE|[207]
22:40:20.1 (2315836)|STATEMENT_EXECUTE|[209]
22:40:20.1 (2319225)|CONSTRUCTOR_EXIT|[23]|01p2800000EnYhK|<init>()
22:40:20.1 (2322470)|VARIABLE_SCOPE_BEGIN|[23]|wrapObj|CruderCntrl.OutputWrapper|true|false
22:40:20.1 (2331891)|VARIABLE_ASSIGNMENT|[23]|wrapObj|{}|0x3deb6325
22:40:20.1 (2333795)|STATEMENT_EXECUTE|[24]
22:40:20.1 (2338039)|VARIABLE_SCOPE_BEGIN|[24]|sObjectApiName|String|false|false
22:40:20.1 (2342403)|VARIABLE_ASSIGNMENT|[24]|sObjectApiName|""
22:40:20.1 (2343634)|STATEMENT_EXECUTE|[25]
22:40:20.1 (2345172)|VARIABLE_SCOPE_BEGIN|[25]|sObjectLabel|String|false|false
22:40:20.1 (2347481)|VARIABLE_ASSIGNMENT|[25]|sObjectLabel|""
22:40:20.1 (2348552)|STATEMENT_EXECUTE|[26]
22:40:20.1 (2351346)|VARIABLE_SCOPE_BEGIN|[26]|success|Boolean|false|false
22:40:20.1 (2354825)|HEAP_ALLOCATE|[26]|Bytes:5
22:40:20.1 (2359047)|VARIABLE_ASSIGNMENT|[26]|success|false
22:40:20.1 (2360163)|STATEMENT_EXECUTE|[27]
22:40:20.1 (2390041)|HEAP_ALLOCATE|[27]|Bytes:4
22:40:20.1 (2412392)|VARIABLE_SCOPE_BEGIN|[27]|sObjList|List<SObject>|true|false
22:40:20.1 (2418298)|HEAP_ALLOCATE|[EXTERNAL]|Bytes:4
22:40:20.1 (2425505)|VARIABLE_ASSIGNMENT|[27]|sObjList|[]|0x1665304f
22:40:20.1 (2427301)|STATEMENT_EXECUTE|[29]
22:40:20.1 (2428193)|STATEMENT_EXECUTE|[29]
22:40:20.1 (2429108)|STATEMENT_EXECUTE|[30]
22:40:20.1 (2463515)|HEAP_ALLOCATE|[30]|Bytes:5
22:40:20.1 (2985191)|SOQL_EXECUTE_BEGIN|[30]|Aggregations:0|SELECT Parent_Warranty_Code__r.Name, Warranty_Code__c,Description__c FROM Warranty_Codes__c
22:40:20.1 (9326277)|SOQL_EXECUTE_END|[30]|Rows:6
22:40:20.1 (9352034)|HEAP_ALLOCATE|[30]|Bytes:28
22:40:20.1 (9391110)|HEAP_ALLOCATE|[30]|Bytes:857
22:40:20.1 (9483589)|HEAP_ALLOCATE|[30]|Bytes:28
22:40:20.1 (9520210)|VARIABLE_ASSIGNMENT|[30]|sObjList|"List of size 6 too large to display"|0x6f5c1e58
22:40:20.1 (9614093)|STATEMENT_EXECUTE|[31]
22:40:20.1 (9616981)|STATEMENT_EXECUTE|[32]
22:40:20.1 (9649555)|HEAP_ALLOCATE|[32]|Bytes:24
22:40:20.1 (9765730)|VARIABLE_SCOPE_BEGIN|[32]|type|Schema.SObjectType|true|false
22:40:20.1 (9906859)|VARIABLE_ASSIGNMENT|[32]|type|"common.apex.runtime.impl.ApexSObjectTypeToken@60dc6396"|0x60dc6396
22:40:20.1 (9912788)|STATEMENT_EXECUTE|[33]
22:40:20.1 (10200636)|HEAP_ALLOCATE|[33]|Bytes:4
22:40:20.1 (10239307)|VARIABLE_SCOPE_BEGIN|[33]|sobjectDescribe|Schema.DescribeSObjectResult|true|false
22:40:20.1 (10325917)|VARIABLE_ASSIGNMENT|[33]|sobjectDescribe|"common.api.soap.wsdl.DescribeSObjectResult@33d95277"|0x35a96e28
22:40:20.1 (10331993)|STATEMENT_EXECUTE|[34]
22:40:20.1 (10343601)|HEAP_ALLOCATE|[34]|Bytes:24
22:40:20.1 (10426121)|HEAP_ALLOCATE|[34]|Bytes:17
22:40:20.1 (10443517)|VARIABLE_ASSIGNMENT|[34]|sObjectApiName|"Warranty_Codes__c"
22:40:20.1 (10446864)|STATEMENT_EXECUTE|[35]
22:40:20.1 (10471862)|HEAP_ALLOCATE|[35]|Bytes:13
22:40:20.1 (10480043)|VARIABLE_ASSIGNMENT|[35]|sObjectLabel|"Warranty Code"
22:40:20.1 (10483267)|STATEMENT_EXECUTE|[36]
22:40:20.1 (10490295)|HEAP_ALLOCATE|[36]|Bytes:5
22:40:20.1 (10497101)|VARIABLE_ASSIGNMENT|[36]|success|true
22:40:20.1 (10500634)|STATEMENT_EXECUTE|[38]
22:40:20.1 (10519665)|VARIABLE_ASSIGNMENT|[38]|this.sObjList|"List of size 6 too large to display"|0x3deb6325
22:40:20.1 (10522678)|STATEMENT_EXECUTE|[39]
22:40:20.1 (10529242)|VARIABLE_ASSIGNMENT|[39]|this.sObjectLabel|"Warranty Code"|0x3deb6325
22:40:20.1 (10532070)|STATEMENT_EXECUTE|[40]
22:40:20.1 (10537176)|VARIABLE_ASSIGNMENT|[40]|this.sObjectApiName|"Warranty_Codes__c"|0x3deb6325
22:40:20.1 (10539445)|STATEMENT_EXECUTE|[41]
22:40:20.1 (10543053)|HEAP_ALLOCATE|[41]|Bytes:5
22:40:20.1 (10548597)|VARIABLE_ASSIGNMENT|[41]|this.success|true|0x3deb6325
22:40:20.1 (10552121)|STATEMENT_EXECUTE|[49]
22:40:20.1 (10566733)|SYSTEM_MODE_EXIT|false
22:40:20.10 (10600374)|CUMULATIVE_LIMIT_USAGE
22:40:20.10 (10600374)|LIMIT_USAGE_FOR_NS|(default)|
  Number of SOQL queries: 1 out of 100
  Number of query rows: 6 out of 50000
  Number of SOSL queries: 0 out of 20
  Number of DML statements: 0 out of 150
  Number of DML rows: 0 out of 10000
  Maximum CPU time: 0 out of 10000
  Maximum heap size: 0 out of 6000000
  Number of callouts: 0 out of 100
  Number of Email Invocations: 0 out of 10
  Number of future calls: 0 out of 50
  Number of queueable jobs added to the queue: 0 out of 50
  Number of Mobile Apex push calls: 0 out of 10

22:40:20.10 (10600374)|CUMULATIVE_LIMIT_USAGE_END

22:40:20.1 (10636677)|CODE_UNIT_FINISHED|CruderCntrl.ReadSObjects
22:40:20.1 (11698510)|EXECUTION_FINISHED
22:40:20.13 (13026227)|USER_INFO|[EXTERNAL]|005280000056Sdu|ngmmadhan@gmail.com|Pacific Standard Time|GMT-07:00
22:40:20.13 (13038043)|EXECUTION_STARTED
22:40:20.13 (13042826)|CODE_UNIT_STARTED|[EXTERNAL]|Aura
22:40:20.13 (13232261)|CODE_UNIT_FINISHED|Aura
22:40:20.13 (13814685)|EXECUTION_FINISHED
