38.0 APEX_CODE,FINEST;APEX_PROFILING,INFO;CALLOUT,INFO;DB,INFO;SYSTEM,DEBUG;VALIDATION,INFO;VISUALFORCE,INFO;WAVE,INFO;WORKFLOW,INFO
02:24:16.0 (520886)|USER_INFO|[EXTERNAL]|005280000056Sdu|ngmmadhan@gmail.com|Pacific Standard Time|GMT-07:00
02:24:16.0 (563800)|EXECUTION_STARTED
02:24:16.0 (570405)|CODE_UNIT_STARTED|[EXTERNAL]|06628000008Q3CD|VF: /apex/getsessionidpage
02:24:16.32 (32436298)|CUMULATIVE_LIMIT_USAGE
02:24:16.32 (32436298)|LIMIT_USAGE_FOR_NS|(default)|
  Number of SOQL queries: 0 out of 100
  Number of query rows: 0 out of 50000
  Number of SOSL queries: 0 out of 20
  Number of DML statements: 0 out of 150
  Number of DML rows: 0 out of 10000
  Maximum CPU time: 16 out of 10000
  Maximum heap size: 0 out of 6000000
  Number of callouts: 0 out of 100
  Number of Email Invocations: 0 out of 10
  Number of future calls: 0 out of 50
  Number of queueable jobs added to the queue: 0 out of 50
  Number of Mobile Apex push calls: 0 out of 10

02:24:16.32 (32436298)|CUMULATIVE_LIMIT_USAGE_END

02:24:16.0 (32480390)|CODE_UNIT_FINISHED|VF: /apex/getsessionidpage
02:24:16.0 (34290820)|EXECUTION_FINISHED
