39.0 APEX_CODE,FINEST;APEX_PROFILING,INFO;CALLOUT,INFO;DB,INFO;SYSTEM,DEBUG;VALIDATION,INFO;VISUALFORCE,INFO;WAVE,INFO;WORKFLOW,INFO
02:20:59.1 (1292354)|USER_INFO|[EXTERNAL]|005280000056Sdu|ngmmadhan@gmail.com|Pacific Standard Time|GMT-07:00
02:20:59.1 (1319445)|EXECUTION_STARTED
02:20:59.1 (1322544)|CODE_UNIT_STARTED|[EXTERNAL]|aura
02:20:59.1 (2654935)|HEAP_ALLOCATE|[72]|Bytes:3
02:20:59.1 (2683936)|HEAP_ALLOCATE|[77]|Bytes:152
02:20:59.1 (2695001)|HEAP_ALLOCATE|[342]|Bytes:408
02:20:59.1 (2706922)|HEAP_ALLOCATE|[355]|Bytes:408
02:20:59.1 (2717616)|HEAP_ALLOCATE|[467]|Bytes:48
02:20:59.1 (2742484)|HEAP_ALLOCATE|[139]|Bytes:6
02:20:59.1 (2757232)|HEAP_ALLOCATE|[EXTERNAL]|Bytes:18
02:20:59.1 (2798481)|HEAP_ALLOCATE|[EXTERNAL]|Bytes:4
02:20:59.1 (3037822)|HEAP_ALLOCATE|[EXTERNAL]|Bytes:7
02:20:59.1 (3044079)|HEAP_ALLOCATE|[EXTERNAL]|Bytes:7
02:20:59.1 (3072085)|HEAP_ALLOCATE|[EXTERNAL]|Bytes:2
02:20:59.1 (3074514)|HEAP_ALLOCATE|[EXTERNAL]|Bytes:2
02:20:59.1 (5219220)|CODE_UNIT_STARTED|[EXTERNAL]|01p2800000EnCqi|RelatedListDataGridController.createRelatedObject
02:20:59.1 (5321686)|VARIABLE_SCOPE_BEGIN|[2]|RelatedListDataGridController.typesMap|Map<Schema.DisplayType,String>|true|true
02:20:59.1 (5363787)|HEAP_ALLOCATE|[EXTERNAL]|Bytes:45
02:20:59.1 (5369391)|HEAP_ALLOCATE|[EXTERNAL]|Bytes:7
02:20:59.1 (5377803)|METHOD_ENTRY|[1]|01p2800000EnCqi|RelatedListDataGridController.RelatedListDataGridController()
02:20:59.1 (5380899)|STATEMENT_EXECUTE|[1]
02:20:59.1 (5385155)|STATEMENT_EXECUTE|[1]
02:20:59.1 (5412302)|HEAP_ALLOCATE|[50]|Bytes:5
02:20:59.1 (5433880)|HEAP_ALLOCATE|[56]|Bytes:5
02:20:59.1 (5440514)|HEAP_ALLOCATE|[64]|Bytes:7
02:20:59.1 (5455641)|SYSTEM_MODE_ENTER|false
02:20:59.1 (5465043)|HEAP_ALLOCATE|[2]|Bytes:5
02:20:59.1 (5468133)|STATEMENT_EXECUTE|[2]
02:20:59.1 (5471472)|HEAP_ALLOCATE|[2]|Bytes:4
02:20:59.1 (5513174)|VARIABLE_ASSIGNMENT|[2]|RelatedListDataGridController.typesMap|{}|0x3ff95f7e
02:20:59.1 (5516111)|STATEMENT_EXECUTE|[4]
02:20:59.1 (5517240)|STATEMENT_EXECUTE|[5]
02:20:59.1 (5705646)|HEAP_ALLOCATE|[5]|Bytes:8
02:20:59.1 (5756158)|HEAP_ALLOCATE|[EXTERNAL]|Bytes:-4
02:20:59.1 (5764672)|STATEMENT_EXECUTE|[6]
02:20:59.1 (5769411)|HEAP_ALLOCATE|[6]|Bytes:6
02:20:59.1 (5791262)|HEAP_ALLOCATE|[6]|Bytes:12
02:20:59.1 (5799079)|HEAP_ALLOCATE|[EXTERNAL]|Bytes:-4
02:20:59.1 (5803764)|STATEMENT_EXECUTE|[7]
02:20:59.1 (5807437)|HEAP_ALLOCATE|[7]|Bytes:7
02:20:59.1 (5825064)|HEAP_ALLOCATE|[7]|Bytes:12
02:20:59.1 (5829305)|HEAP_ALLOCATE|[7]|Bytes:12
02:20:59.1 (5832153)|HEAP_ALLOCATE|[EXTERNAL]|Bytes:-4
02:20:59.1 (5836070)|STATEMENT_EXECUTE|[8]
02:20:59.1 (5839534)|HEAP_ALLOCATE|[8]|Bytes:8
02:20:59.1 (5856711)|HEAP_ALLOCATE|[8]|Bytes:12
02:20:59.1 (5860298)|HEAP_ALLOCATE|[8]|Bytes:12
02:20:59.1 (5862770)|HEAP_ALLOCATE|[8]|Bytes:12
02:20:59.1 (5865108)|HEAP_ALLOCATE|[EXTERNAL]|Bytes:-4
02:20:59.1 (5868837)|STATEMENT_EXECUTE|[9]
02:20:59.1 (5871978)|HEAP_ALLOCATE|[9]|Bytes:8
02:20:59.1 (5904033)|HEAP_ALLOCATE|[9]|Bytes:12
02:20:59.1 (5908258)|HEAP_ALLOCATE|[9]|Bytes:12
02:20:59.1 (5910594)|HEAP_ALLOCATE|[9]|Bytes:12
02:20:59.1 (5912869)|HEAP_ALLOCATE|[9]|Bytes:12
02:20:59.1 (5915326)|HEAP_ALLOCATE|[EXTERNAL]|Bytes:-4
02:20:59.1 (5919175)|STATEMENT_EXECUTE|[10]
02:20:59.1 (5922800)|HEAP_ALLOCATE|[10]|Bytes:4
02:20:59.1 (5940095)|HEAP_ALLOCATE|[10]|Bytes:12
02:20:59.1 (5943520)|HEAP_ALLOCATE|[10]|Bytes:12
02:20:59.1 (5945811)|HEAP_ALLOCATE|[10]|Bytes:12
02:20:59.1 (5948223)|HEAP_ALLOCATE|[10]|Bytes:12
02:20:59.1 (5951723)|HEAP_ALLOCATE|[10]|Bytes:12
02:20:59.1 (5955433)|HEAP_ALLOCATE|[EXTERNAL]|Bytes:-4
02:20:59.1 (5961229)|STATEMENT_EXECUTE|[11]
02:20:59.1 (5966313)|HEAP_ALLOCATE|[11]|Bytes:8
02:20:59.1 (5989260)|HEAP_ALLOCATE|[11]|Bytes:12
02:20:59.1 (5993254)|HEAP_ALLOCATE|[11]|Bytes:12
02:20:59.1 (5995566)|HEAP_ALLOCATE|[11]|Bytes:12
02:20:59.1 (5997867)|HEAP_ALLOCATE|[11]|Bytes:12
02:20:59.1 (6000125)|HEAP_ALLOCATE|[11]|Bytes:12
02:20:59.1 (6003037)|HEAP_ALLOCATE|[11]|Bytes:12
02:20:59.1 (6005467)|HEAP_ALLOCATE|[EXTERNAL]|Bytes:-4
02:20:59.1 (6009602)|STATEMENT_EXECUTE|[12]
02:20:59.1 (6013280)|HEAP_ALLOCATE|[12]|Bytes:6
02:20:59.1 (6030018)|HEAP_ALLOCATE|[12]|Bytes:12
02:20:59.1 (6033485)|HEAP_ALLOCATE|[12]|Bytes:12
02:20:59.1 (6035669)|HEAP_ALLOCATE|[12]|Bytes:12
02:20:59.1 (6037814)|HEAP_ALLOCATE|[12]|Bytes:12
02:20:59.1 (6039980)|HEAP_ALLOCATE|[12]|Bytes:12
02:20:59.1 (6042131)|HEAP_ALLOCATE|[12]|Bytes:12
02:20:59.1 (6044279)|HEAP_ALLOCATE|[12]|Bytes:12
02:20:59.1 (6046499)|HEAP_ALLOCATE|[EXTERNAL]|Bytes:-4
02:20:59.1 (6050160)|STATEMENT_EXECUTE|[13]
02:20:59.1 (6053540)|HEAP_ALLOCATE|[13]|Bytes:6
02:20:59.1 (6069381)|HEAP_ALLOCATE|[13]|Bytes:12
02:20:59.1 (6072798)|HEAP_ALLOCATE|[13]|Bytes:12
02:20:59.1 (6075387)|HEAP_ALLOCATE|[13]|Bytes:12
02:20:59.1 (6077577)|HEAP_ALLOCATE|[13]|Bytes:12
02:20:59.1 (6079755)|HEAP_ALLOCATE|[13]|Bytes:12
02:20:59.1 (6081921)|HEAP_ALLOCATE|[13]|Bytes:12
02:20:59.1 (6084124)|HEAP_ALLOCATE|[13]|Bytes:12
02:20:59.1 (6086310)|HEAP_ALLOCATE|[13]|Bytes:12
02:20:59.1 (6088584)|HEAP_ALLOCATE|[EXTERNAL]|Bytes:-4
02:20:59.1 (6092214)|STATEMENT_EXECUTE|[14]
02:20:59.1 (6095796)|HEAP_ALLOCATE|[14]|Bytes:5
02:20:59.1 (6111470)|HEAP_ALLOCATE|[14]|Bytes:12
02:20:59.1 (6114818)|HEAP_ALLOCATE|[14]|Bytes:12
02:20:59.1 (6116994)|HEAP_ALLOCATE|[14]|Bytes:12
02:20:59.1 (6119224)|HEAP_ALLOCATE|[14]|Bytes:12
02:20:59.1 (6121367)|HEAP_ALLOCATE|[14]|Bytes:12
02:20:59.1 (6123584)|HEAP_ALLOCATE|[14]|Bytes:12
02:20:59.1 (6125792)|HEAP_ALLOCATE|[14]|Bytes:12
02:20:59.1 (6128002)|HEAP_ALLOCATE|[14]|Bytes:12
02:20:59.1 (6130202)|HEAP_ALLOCATE|[14]|Bytes:12
02:20:59.1 (6132525)|HEAP_ALLOCATE|[EXTERNAL]|Bytes:-4
02:20:59.1 (6136267)|STATEMENT_EXECUTE|[15]
02:20:59.1 (6139608)|HEAP_ALLOCATE|[15]|Bytes:7
02:20:59.1 (6155863)|HEAP_ALLOCATE|[15]|Bytes:12
02:20:59.1 (6159363)|HEAP_ALLOCATE|[15]|Bytes:12
02:20:59.1 (6161601)|HEAP_ALLOCATE|[15]|Bytes:12
02:20:59.1 (6163918)|HEAP_ALLOCATE|[15]|Bytes:12
02:20:59.1 (6166084)|HEAP_ALLOCATE|[15]|Bytes:12
02:20:59.1 (6168254)|HEAP_ALLOCATE|[15]|Bytes:12
02:20:59.1 (6170417)|HEAP_ALLOCATE|[15]|Bytes:12
02:20:59.1 (6172632)|HEAP_ALLOCATE|[15]|Bytes:12
02:20:59.1 (6174804)|HEAP_ALLOCATE|[15]|Bytes:12
02:20:59.1 (6176978)|HEAP_ALLOCATE|[15]|Bytes:12
02:20:59.1 (6179246)|HEAP_ALLOCATE|[EXTERNAL]|Bytes:-4
02:20:59.1 (6183193)|STATEMENT_EXECUTE|[16]
02:20:59.1 (6186317)|HEAP_ALLOCATE|[16]|Bytes:7
02:20:59.1 (6202529)|HEAP_ALLOCATE|[16]|Bytes:12
02:20:59.1 (6205977)|HEAP_ALLOCATE|[16]|Bytes:12
02:20:59.1 (6208188)|HEAP_ALLOCATE|[16]|Bytes:12
02:20:59.1 (6210453)|HEAP_ALLOCATE|[16]|Bytes:12
02:20:59.1 (6212617)|HEAP_ALLOCATE|[16]|Bytes:12
02:20:59.1 (6214843)|HEAP_ALLOCATE|[16]|Bytes:12
02:20:59.1 (6217025)|HEAP_ALLOCATE|[16]|Bytes:12
02:20:59.1 (6219183)|HEAP_ALLOCATE|[16]|Bytes:12
02:20:59.1 (6221636)|HEAP_ALLOCATE|[16]|Bytes:12
02:20:59.1 (6223798)|HEAP_ALLOCATE|[16]|Bytes:12
02:20:59.1 (6226090)|HEAP_ALLOCATE|[16]|Bytes:12
02:20:59.1 (6228354)|HEAP_ALLOCATE|[EXTERNAL]|Bytes:-4
02:20:59.1 (6232213)|STATEMENT_EXECUTE|[17]
02:20:59.1 (6235567)|HEAP_ALLOCATE|[17]|Bytes:14
02:20:59.1 (6251180)|HEAP_ALLOCATE|[17]|Bytes:12
02:20:59.1 (6254770)|HEAP_ALLOCATE|[17]|Bytes:12
02:20:59.1 (6257003)|HEAP_ALLOCATE|[17]|Bytes:12
02:20:59.1 (6259199)|HEAP_ALLOCATE|[17]|Bytes:12
02:20:59.1 (6261456)|HEAP_ALLOCATE|[17]|Bytes:12
02:20:59.1 (6263697)|HEAP_ALLOCATE|[17]|Bytes:12
02:20:59.1 (6265876)|HEAP_ALLOCATE|[17]|Bytes:12
02:20:59.1 (6268012)|HEAP_ALLOCATE|[17]|Bytes:12
02:20:59.1 (6270154)|HEAP_ALLOCATE|[17]|Bytes:12
02:20:59.1 (6272377)|HEAP_ALLOCATE|[17]|Bytes:12
02:20:59.1 (6274611)|HEAP_ALLOCATE|[17]|Bytes:12
02:20:59.1 (6276769)|HEAP_ALLOCATE|[17]|Bytes:12
02:20:59.1 (6279528)|HEAP_ALLOCATE|[EXTERNAL]|Bytes:-4
02:20:59.1 (6283212)|STATEMENT_EXECUTE|[18]
02:20:59.1 (6287061)|HEAP_ALLOCATE|[18]|Bytes:8
02:20:59.1 (6303095)|HEAP_ALLOCATE|[18]|Bytes:12
02:20:59.1 (6306543)|HEAP_ALLOCATE|[18]|Bytes:12
02:20:59.1 (6308732)|HEAP_ALLOCATE|[18]|Bytes:12
02:20:59.1 (6310951)|HEAP_ALLOCATE|[18]|Bytes:12
02:20:59.1 (6313143)|HEAP_ALLOCATE|[18]|Bytes:12
02:20:59.1 (6315360)|HEAP_ALLOCATE|[18]|Bytes:12
02:20:59.1 (6317516)|HEAP_ALLOCATE|[18]|Bytes:12
02:20:59.1 (6319711)|HEAP_ALLOCATE|[18]|Bytes:12
02:20:59.1 (6321881)|HEAP_ALLOCATE|[18]|Bytes:12
02:20:59.1 (6324030)|HEAP_ALLOCATE|[18]|Bytes:12
02:20:59.1 (6326340)|HEAP_ALLOCATE|[18]|Bytes:12
02:20:59.1 (6328486)|HEAP_ALLOCATE|[18]|Bytes:12
02:20:59.1 (6330788)|HEAP_ALLOCATE|[18]|Bytes:12
02:20:59.1 (6333055)|HEAP_ALLOCATE|[EXTERNAL]|Bytes:-4
02:20:59.1 (6336534)|STATEMENT_EXECUTE|[19]
02:20:59.1 (6339833)|HEAP_ALLOCATE|[19]|Bytes:5
02:20:59.1 (6355596)|HEAP_ALLOCATE|[19]|Bytes:12
02:20:59.1 (6359068)|HEAP_ALLOCATE|[19]|Bytes:12
02:20:59.1 (6361358)|HEAP_ALLOCATE|[19]|Bytes:12
02:20:59.1 (6363533)|HEAP_ALLOCATE|[19]|Bytes:12
02:20:59.1 (6366031)|HEAP_ALLOCATE|[19]|Bytes:12
02:20:59.1 (6368276)|HEAP_ALLOCATE|[19]|Bytes:12
02:20:59.1 (6370434)|HEAP_ALLOCATE|[19]|Bytes:12
02:20:59.1 (6372581)|HEAP_ALLOCATE|[19]|Bytes:12
02:20:59.1 (6374733)|HEAP_ALLOCATE|[19]|Bytes:12
02:20:59.1 (6376896)|HEAP_ALLOCATE|[19]|Bytes:12
02:20:59.1 (6379166)|HEAP_ALLOCATE|[19]|Bytes:12
02:20:59.1 (6381361)|HEAP_ALLOCATE|[19]|Bytes:12
02:20:59.1 (6383654)|HEAP_ALLOCATE|[19]|Bytes:12
02:20:59.1 (6385813)|HEAP_ALLOCATE|[19]|Bytes:12
02:20:59.1 (6388091)|HEAP_ALLOCATE|[EXTERNAL]|Bytes:-4
02:20:59.1 (6391781)|STATEMENT_EXECUTE|[20]
02:20:59.1 (6394932)|HEAP_ALLOCATE|[20]|Bytes:9
02:20:59.1 (6410658)|HEAP_ALLOCATE|[20]|Bytes:12
02:20:59.1 (6414062)|HEAP_ALLOCATE|[20]|Bytes:12
02:20:59.1 (6416292)|HEAP_ALLOCATE|[20]|Bytes:12
02:20:59.1 (6418499)|HEAP_ALLOCATE|[20]|Bytes:12
02:20:59.1 (6420772)|HEAP_ALLOCATE|[20]|Bytes:12
02:20:59.1 (6422978)|HEAP_ALLOCATE|[20]|Bytes:12
02:20:59.1 (6425146)|HEAP_ALLOCATE|[20]|Bytes:12
02:20:59.1 (6427322)|HEAP_ALLOCATE|[20]|Bytes:12
02:20:59.1 (6429824)|HEAP_ALLOCATE|[20]|Bytes:12
02:20:59.1 (6431982)|HEAP_ALLOCATE|[20]|Bytes:12
02:20:59.1 (6434190)|HEAP_ALLOCATE|[20]|Bytes:12
02:20:59.1 (6436368)|HEAP_ALLOCATE|[20]|Bytes:12
02:20:59.1 (6438511)|HEAP_ALLOCATE|[20]|Bytes:12
02:20:59.1 (6440690)|HEAP_ALLOCATE|[20]|Bytes:12
02:20:59.1 (6442887)|HEAP_ALLOCATE|[20]|Bytes:12
02:20:59.1 (6445184)|HEAP_ALLOCATE|[EXTERNAL]|Bytes:-4
02:20:59.1 (6448906)|STATEMENT_EXECUTE|[21]
02:20:59.1 (6452132)|HEAP_ALLOCATE|[21]|Bytes:3
02:20:59.1 (6467705)|HEAP_ALLOCATE|[21]|Bytes:12
02:20:59.1 (6471093)|HEAP_ALLOCATE|[21]|Bytes:12
02:20:59.1 (6473288)|HEAP_ALLOCATE|[21]|Bytes:12
02:20:59.1 (6475522)|HEAP_ALLOCATE|[21]|Bytes:12
02:20:59.1 (6477722)|HEAP_ALLOCATE|[21]|Bytes:12
02:20:59.1 (6479911)|HEAP_ALLOCATE|[21]|Bytes:12
02:20:59.1 (6482119)|HEAP_ALLOCATE|[21]|Bytes:12
02:20:59.1 (6484367)|HEAP_ALLOCATE|[21]|Bytes:12
02:20:59.1 (6486528)|HEAP_ALLOCATE|[21]|Bytes:12
02:20:59.1 (6488800)|HEAP_ALLOCATE|[21]|Bytes:12
02:20:59.1 (6490988)|HEAP_ALLOCATE|[21]|Bytes:12
02:20:59.1 (6493423)|HEAP_ALLOCATE|[21]|Bytes:12
02:20:59.1 (6495598)|HEAP_ALLOCATE|[21]|Bytes:12
02:20:59.1 (6497822)|HEAP_ALLOCATE|[21]|Bytes:12
02:20:59.1 (6500108)|HEAP_ALLOCATE|[21]|Bytes:12
02:20:59.1 (6502263)|HEAP_ALLOCATE|[21]|Bytes:12
02:20:59.1 (6504572)|HEAP_ALLOCATE|[EXTERNAL]|Bytes:-4
02:20:59.1 (6513298)|SYSTEM_MODE_EXIT|false
02:20:59.1 (6520998)|METHOD_EXIT|[1]|RelatedListDataGridController
02:20:59.1 (6525523)|HEAP_ALLOCATE|[EXTERNAL]|Bytes:4
02:20:59.1 (6527553)|HEAP_ALLOCATE|[EXTERNAL]|Bytes:7
02:20:59.1 (6528772)|HEAP_ALLOCATE|[EXTERNAL]|Bytes:2
02:20:59.1 (6532284)|SYSTEM_MODE_ENTER|false
02:20:59.1 (6537253)|VARIABLE_SCOPE_BEGIN|[366]|objectId|Id|false|false
02:20:59.1 (6663734)|VARIABLE_ASSIGNMENT|[366]|objectId|"0012800000usoKEAAY"
02:20:59.1 (6671333)|VARIABLE_SCOPE_BEGIN|[366]|objectName|String|false|false
02:20:59.1 (6679372)|VARIABLE_ASSIGNMENT|[366]|objectName|"Contact"
02:20:59.1 (6682093)|VARIABLE_SCOPE_BEGIN|[366]|jsonData|String|false|false
02:20:59.1 (6685704)|VARIABLE_ASSIGNMENT|[366]|jsonData|"{}"
02:20:59.1 (6698313)|HEAP_ALLOCATE|[370]|Bytes:5
02:20:59.1 (6702304)|STATEMENT_EXECUTE|[369]
02:20:59.1 (6716921)|METHOD_ENTRY|[370]|01p2800000EnCqi|RelatedListDataGridController.isSafeObject(String)
02:20:59.1 (6731339)|VARIABLE_SCOPE_BEGIN|[281]|objName|String|false|false
02:20:59.1 (6735575)|VARIABLE_ASSIGNMENT|[281]|objName|"Contact"
02:20:59.1 (6741187)|HEAP_ALLOCATE|[282]|Bytes:5
02:20:59.1 (6743783)|STATEMENT_EXECUTE|[281]
02:20:59.1 (6744934)|STATEMENT_EXECUTE|[282]
02:20:59.1 (184661804)|HEAP_ALLOCATE|[282]|Bytes:2432
02:20:59.1 (184686364)|VARIABLE_SCOPE_BEGIN|[282]|schemaMap|Map<String,Schema.SObjectType>|true|false
02:20:59.1 (185026857)|VARIABLE_ASSIGNMENT|[282]|schemaMap|"{acceptedeventrelation=AcceptedEventRelation, account=Account, accountcleaninfo=AccountCleanInfo, accountcontactrole=AccountContactRole, accountfeed=AccountFeed, accounthistory=AccountHistory, accountpartner=AccountPartner, accountshare=AccountShare, actionlinkgrouptemplate=ActionLinkGroupTemplate, actionlinktemplate=ActionLinkTemplate, ...}"|0x5388edc9
02:20:59.1 (185035192)|STATEMENT_EXECUTE|[283]
02:20:59.1 (185122037)|VARIABLE_SCOPE_BEGIN|[283]|myObj|Schema.SObjectType|true|false
02:20:59.1 (185187514)|VARIABLE_ASSIGNMENT|[283]|myObj|"common.apex.runtime.impl.ApexSObjectTypeToken@5939b969"|0x5939b969
02:20:59.1 (185191351)|STATEMENT_EXECUTE|[285]
02:20:59.1 (187312131)|HEAP_ALLOCATE|[285]|Bytes:4
02:20:59.1 (187355703)|HEAP_ALLOCATE|[285]|Bytes:5
02:20:59.1 (187374768)|METHOD_EXIT|[370]|01p2800000EnCqi|RelatedListDataGridController.isSafeObject(String)
02:20:59.1 (187382514)|STATEMENT_EXECUTE|[370]
02:20:59.1 (187385109)|STATEMENT_EXECUTE|[371]
02:20:59.1 (187459005)|HEAP_ALLOCATE|[371]|Bytes:24
02:20:59.1 (187476221)|SYSTEM_METHOD_ENTRY|[1]|JSON.JSON()
02:20:59.1 (187479229)|STATEMENT_EXECUTE|[1]
02:20:59.1 (187489771)|SYSTEM_METHOD_EXIT|[1]|JSON
02:20:59.1 (187506379)|METHOD_ENTRY|[371]||System.JSON.deserializeUntyped(String)
02:20:59.1 (187705811)|METHOD_EXIT|[371]||System.JSON.deserializeUntyped(String)
02:20:59.1 (187717952)|VARIABLE_SCOPE_BEGIN|[371]|defaultValues|Map<String,ANY>|true|false
02:20:59.1 (187735942)|VARIABLE_ASSIGNMENT|[371]|defaultValues|{}|0x9419fe9
02:20:59.1 (187740015)|STATEMENT_EXECUTE|[372]
02:20:59.1 (213708002)|HEAP_ALLOCATE|[372]|Bytes:2432
02:20:59.1 (213761502)|VARIABLE_SCOPE_BEGIN|[372]|relatedObjectType|Schema.SObjectType|true|false
02:20:59.1 (213863627)|VARIABLE_ASSIGNMENT|[372]|relatedObjectType|"common.apex.runtime.impl.ApexSObjectTypeToken@5939b969"|0x5939b969
02:20:59.1 (213869949)|STATEMENT_EXECUTE|[373]
02:20:59.1 (213928296)|HEAP_ALLOCATE|[373]|Bytes:4
02:20:59.1 (213957577)|VARIABLE_SCOPE_BEGIN|[373]|relatedDescribe|Schema.DescribeSObjectResult|true|false
02:20:59.1 (214019503)|VARIABLE_ASSIGNMENT|[373]|relatedDescribe|"common.api.soap.wsdl.DescribeSObjectResult@36bd9e2e"|0x1da79d59
02:20:59.1 (214023829)|STATEMENT_EXECUTE|[375]
02:20:59.1 (214074830)|HEAP_ALLOCATE|[375]|Bytes:4
02:20:59.1 (214082130)|VARIABLE_SCOPE_BEGIN|[375]|relatedObject|SObject|true|false
02:20:59.1 (214093676)|VARIABLE_ASSIGNMENT|[375]|relatedObject|{}|0x139d3f62
02:20:59.1 (214103422)|HEAP_ALLOCATE|[378]|Bytes:4
02:20:59.1 (215324919)|HEAP_ALLOCATE|[378]|Bytes:292
02:20:59.1 (215380414)|HEAP_ALLOCATE|[378]|Bytes:1178
02:20:59.1 (215403209)|HEAP_ALLOCATE|[378]|Bytes:288
02:20:59.1 (215469657)|HEAP_ALLOCATE|[378]|Bytes:5
02:20:59.1 (215485683)|VARIABLE_SCOPE_BEGIN|[378]|field|String|false|false
02:20:59.1 (215493659)|VARIABLE_ASSIGNMENT|[378]|field|"id"
02:20:59.1 (215497068)|STATEMENT_EXECUTE|[378]
02:20:59.1 (215544970)|STATEMENT_EXECUTE|[379]
02:20:59.1 (215552992)|HEAP_ALLOCATE|[378]|Bytes:5
02:20:59.1 (215560095)|VARIABLE_SCOPE_BEGIN|[378]|field|String|false|false
02:20:59.1 (215564586)|VARIABLE_ASSIGNMENT|[378]|field|"isdeleted"
02:20:59.1 (215566257)|STATEMENT_EXECUTE|[378]
02:20:59.1 (215571667)|STATEMENT_EXECUTE|[379]
02:20:59.1 (215575793)|HEAP_ALLOCATE|[378]|Bytes:5
02:20:59.1 (215580733)|VARIABLE_SCOPE_BEGIN|[378]|field|String|false|false
02:20:59.1 (215583764)|VARIABLE_ASSIGNMENT|[378]|field|"masterrecordid"
02:20:59.1 (215585271)|STATEMENT_EXECUTE|[378]
02:20:59.1 (215589878)|STATEMENT_EXECUTE|[379]
02:20:59.1 (215593659)|HEAP_ALLOCATE|[378]|Bytes:5
02:20:59.1 (215598219)|VARIABLE_SCOPE_BEGIN|[378]|field|String|false|false
02:20:59.1 (215600850)|VARIABLE_ASSIGNMENT|[378]|field|"accountid"
02:20:59.1 (215602125)|STATEMENT_EXECUTE|[378]
02:20:59.1 (215606713)|STATEMENT_EXECUTE|[379]
02:20:59.1 (215610386)|HEAP_ALLOCATE|[378]|Bytes:5
02:20:59.1 (215615102)|VARIABLE_SCOPE_BEGIN|[378]|field|String|false|false
02:20:59.1 (215617864)|VARIABLE_ASSIGNMENT|[378]|field|"lastname"
02:20:59.1 (215619303)|STATEMENT_EXECUTE|[378]
02:20:59.1 (215623644)|STATEMENT_EXECUTE|[379]
02:20:59.1 (215627288)|HEAP_ALLOCATE|[378]|Bytes:5
02:20:59.1 (215631745)|VARIABLE_SCOPE_BEGIN|[378]|field|String|false|false
02:20:59.1 (215634455)|VARIABLE_ASSIGNMENT|[378]|field|"firstname"
02:20:59.1 (215635649)|STATEMENT_EXECUTE|[378]
02:20:59.1 (215639964)|STATEMENT_EXECUTE|[379]
02:20:59.1 (215643556)|HEAP_ALLOCATE|[378]|Bytes:5
02:20:59.1 (215647925)|VARIABLE_SCOPE_BEGIN|[378]|field|String|false|false
02:20:59.1 (215650704)|VARIABLE_ASSIGNMENT|[378]|field|"salutation"
02:20:59.1 (215652078)|STATEMENT_EXECUTE|[378]
02:20:59.1 (215656379)|STATEMENT_EXECUTE|[379]
02:20:59.1 (215660033)|HEAP_ALLOCATE|[378]|Bytes:5
02:20:59.1 (215664458)|VARIABLE_SCOPE_BEGIN|[378]|field|String|false|false
02:20:59.1 (215667127)|VARIABLE_ASSIGNMENT|[378]|field|"name"
02:20:59.1 (215668825)|STATEMENT_EXECUTE|[378]
02:20:59.1 (215673204)|STATEMENT_EXECUTE|[379]
02:20:59.1 (215676783)|HEAP_ALLOCATE|[378]|Bytes:5
02:20:59.1 (215681497)|VARIABLE_SCOPE_BEGIN|[378]|field|String|false|false
02:20:59.1 (215684401)|VARIABLE_ASSIGNMENT|[378]|field|"recordtypeid"
02:20:59.1 (215685836)|STATEMENT_EXECUTE|[378]
02:20:59.1 (215690292)|STATEMENT_EXECUTE|[379]
02:20:59.1 (215693832)|HEAP_ALLOCATE|[378]|Bytes:5
02:20:59.1 (215698391)|VARIABLE_SCOPE_BEGIN|[378]|field|String|false|false
02:20:59.1 (215701207)|VARIABLE_ASSIGNMENT|[378]|field|"otherstreet"
02:20:59.1 (215702487)|STATEMENT_EXECUTE|[378]
02:20:59.1 (215706950)|STATEMENT_EXECUTE|[379]
02:20:59.1 (215710616)|HEAP_ALLOCATE|[378]|Bytes:5
02:20:59.1 (215715040)|VARIABLE_SCOPE_BEGIN|[378]|field|String|false|false
02:20:59.1 (215717705)|VARIABLE_ASSIGNMENT|[378]|field|"othercity"
02:20:59.1 (215718978)|STATEMENT_EXECUTE|[378]
02:20:59.1 (215723243)|STATEMENT_EXECUTE|[379]
02:20:59.1 (215726855)|HEAP_ALLOCATE|[378]|Bytes:5
02:20:59.1 (215731239)|VARIABLE_SCOPE_BEGIN|[378]|field|String|false|false
02:20:59.1 (215734205)|VARIABLE_ASSIGNMENT|[378]|field|"otherstate"
02:20:59.1 (215735471)|STATEMENT_EXECUTE|[378]
02:20:59.1 (215739804)|STATEMENT_EXECUTE|[379]
02:20:59.1 (215743365)|HEAP_ALLOCATE|[378]|Bytes:5
02:20:59.1 (215747752)|VARIABLE_SCOPE_BEGIN|[378]|field|String|false|false
02:20:59.1 (215750659)|VARIABLE_ASSIGNMENT|[378]|field|"otherpostalcode"
02:20:59.1 (215752125)|STATEMENT_EXECUTE|[378]
02:20:59.1 (215756491)|STATEMENT_EXECUTE|[379]
02:20:59.1 (215760275)|HEAP_ALLOCATE|[378]|Bytes:5
02:20:59.1 (215764671)|VARIABLE_SCOPE_BEGIN|[378]|field|String|false|false
02:20:59.1 (215767360)|VARIABLE_ASSIGNMENT|[378]|field|"othercountry"
02:20:59.1 (215768660)|STATEMENT_EXECUTE|[378]
02:20:59.1 (215773143)|STATEMENT_EXECUTE|[379]
02:20:59.1 (215776793)|HEAP_ALLOCATE|[378]|Bytes:5
02:20:59.1 (215781215)|VARIABLE_SCOPE_BEGIN|[378]|field|String|false|false
02:20:59.1 (215784070)|VARIABLE_ASSIGNMENT|[378]|field|"otherlatitude"
02:20:59.1 (215785483)|STATEMENT_EXECUTE|[378]
02:20:59.1 (215790321)|STATEMENT_EXECUTE|[379]
02:20:59.1 (215794102)|HEAP_ALLOCATE|[378]|Bytes:5
02:20:59.1 (215798529)|VARIABLE_SCOPE_BEGIN|[378]|field|String|false|false
02:20:59.1 (215801254)|VARIABLE_ASSIGNMENT|[378]|field|"otherlongitude"
02:20:59.1 (215802573)|STATEMENT_EXECUTE|[378]
02:20:59.1 (215806994)|STATEMENT_EXECUTE|[379]
02:20:59.1 (215810627)|HEAP_ALLOCATE|[378]|Bytes:5
02:20:59.1 (215815124)|VARIABLE_SCOPE_BEGIN|[378]|field|String|false|false
02:20:59.1 (215818120)|VARIABLE_ASSIGNMENT|[378]|field|"othergeocodeaccuracy"
02:20:59.1 (215819591)|STATEMENT_EXECUTE|[378]
02:20:59.1 (215823989)|STATEMENT_EXECUTE|[379]
02:20:59.1 (215827598)|HEAP_ALLOCATE|[378]|Bytes:5
02:20:59.1 (215831968)|VARIABLE_SCOPE_BEGIN|[378]|field|String|false|false
02:20:59.1 (215834642)|VARIABLE_ASSIGNMENT|[378]|field|"otheraddress"
02:20:59.1 (215835969)|STATEMENT_EXECUTE|[378]
02:20:59.1 (215840326)|STATEMENT_EXECUTE|[379]
02:20:59.1 (215844148)|HEAP_ALLOCATE|[378]|Bytes:5
02:20:59.1 (215848718)|VARIABLE_SCOPE_BEGIN|[378]|field|String|false|false
02:20:59.1 (215851676)|VARIABLE_ASSIGNMENT|[378]|field|"mailingstreet"
02:20:59.1 (215852937)|STATEMENT_EXECUTE|[378]
02:20:59.1 (215857239)|STATEMENT_EXECUTE|[379]
02:20:59.1 (215860938)|HEAP_ALLOCATE|[378]|Bytes:5
02:20:59.1 (215865331)|VARIABLE_SCOPE_BEGIN|[378]|field|String|false|false
02:20:59.1 (215868161)|VARIABLE_ASSIGNMENT|[378]|field|"mailingcity"
02:20:59.1 (215869489)|STATEMENT_EXECUTE|[378]
02:20:59.1 (215873802)|STATEMENT_EXECUTE|[379]
02:20:59.1 (215877432)|HEAP_ALLOCATE|[378]|Bytes:5
02:20:59.1 (215881850)|VARIABLE_SCOPE_BEGIN|[378]|field|String|false|false
02:20:59.1 (215884505)|VARIABLE_ASSIGNMENT|[378]|field|"mailingstate"
02:20:59.1 (215890151)|STATEMENT_EXECUTE|[378]
02:20:59.1 (215895280)|STATEMENT_EXECUTE|[379]
02:20:59.1 (215899322)|HEAP_ALLOCATE|[378]|Bytes:5
02:20:59.1 (215903988)|VARIABLE_SCOPE_BEGIN|[378]|field|String|false|false
02:20:59.1 (215907112)|VARIABLE_ASSIGNMENT|[378]|field|"mailingpostalcode"
02:20:59.1 (215908558)|STATEMENT_EXECUTE|[378]
02:20:59.1 (215913274)|STATEMENT_EXECUTE|[379]
02:20:59.1 (215916955)|HEAP_ALLOCATE|[378]|Bytes:5
02:20:59.1 (215921569)|VARIABLE_SCOPE_BEGIN|[378]|field|String|false|false
02:20:59.1 (215924278)|VARIABLE_ASSIGNMENT|[378]|field|"mailingcountry"
02:20:59.1 (215925544)|STATEMENT_EXECUTE|[378]
02:20:59.1 (215929833)|STATEMENT_EXECUTE|[379]
02:20:59.1 (215933514)|HEAP_ALLOCATE|[378]|Bytes:5
02:20:59.1 (215937913)|VARIABLE_SCOPE_BEGIN|[378]|field|String|false|false
02:20:59.1 (215940756)|VARIABLE_ASSIGNMENT|[378]|field|"mailinglatitude"
02:20:59.1 (215942079)|STATEMENT_EXECUTE|[378]
02:20:59.1 (215946499)|STATEMENT_EXECUTE|[379]
02:20:59.1 (215950390)|HEAP_ALLOCATE|[378]|Bytes:5
02:20:59.1 (215954870)|VARIABLE_SCOPE_BEGIN|[378]|field|String|false|false
02:20:59.1 (215957680)|VARIABLE_ASSIGNMENT|[378]|field|"mailinglongitude"
02:20:59.1 (215959094)|STATEMENT_EXECUTE|[378]
02:20:59.1 (215963503)|STATEMENT_EXECUTE|[379]
02:20:59.1 (215967155)|HEAP_ALLOCATE|[378]|Bytes:5
02:20:59.1 (215971627)|VARIABLE_SCOPE_BEGIN|[378]|field|String|false|false
02:20:59.1 (215976732)|VARIABLE_ASSIGNMENT|[378]|field|"mailinggeocodeaccura (2 more) ..."
02:20:59.1 (215978320)|STATEMENT_EXECUTE|[378]
02:20:59.1 (215982834)|STATEMENT_EXECUTE|[379]
02:20:59.1 (215986559)|HEAP_ALLOCATE|[378]|Bytes:5
02:20:59.1 (215991103)|VARIABLE_SCOPE_BEGIN|[378]|field|String|false|false
02:20:59.1 (215993957)|VARIABLE_ASSIGNMENT|[378]|field|"mailingaddress"
02:20:59.1 (215995287)|STATEMENT_EXECUTE|[378]
02:20:59.1 (215999631)|STATEMENT_EXECUTE|[379]
02:20:59.1 (216003350)|HEAP_ALLOCATE|[378]|Bytes:5
02:20:59.1 (216008691)|VARIABLE_SCOPE_BEGIN|[378]|field|String|false|false
02:20:59.1 (216011312)|VARIABLE_ASSIGNMENT|[378]|field|"phone"
02:20:59.1 (216012789)|STATEMENT_EXECUTE|[378]
02:20:59.1 (216017245)|STATEMENT_EXECUTE|[379]
02:20:59.1 (216020879)|HEAP_ALLOCATE|[378]|Bytes:5
02:20:59.1 (216025435)|VARIABLE_SCOPE_BEGIN|[378]|field|String|false|false
02:20:59.1 (216028016)|VARIABLE_ASSIGNMENT|[378]|field|"fax"
02:20:59.1 (216029522)|STATEMENT_EXECUTE|[378]
02:20:59.1 (216033965)|STATEMENT_EXECUTE|[379]
02:20:59.1 (216037737)|HEAP_ALLOCATE|[378]|Bytes:5
02:20:59.1 (216042135)|VARIABLE_SCOPE_BEGIN|[378]|field|String|false|false
02:20:59.1 (216044886)|VARIABLE_ASSIGNMENT|[378]|field|"mobilephone"
02:20:59.1 (216046161)|STATEMENT_EXECUTE|[378]
02:20:59.1 (216050559)|STATEMENT_EXECUTE|[379]
02:20:59.1 (216054256)|HEAP_ALLOCATE|[378]|Bytes:5
02:20:59.1 (216058680)|VARIABLE_SCOPE_BEGIN|[378]|field|String|false|false
02:20:59.1 (216061455)|VARIABLE_ASSIGNMENT|[378]|field|"homephone"
02:20:59.1 (216062707)|STATEMENT_EXECUTE|[378]
02:20:59.1 (216066966)|STATEMENT_EXECUTE|[379]
02:20:59.1 (216070592)|HEAP_ALLOCATE|[378]|Bytes:5
02:20:59.1 (216075012)|VARIABLE_SCOPE_BEGIN|[378]|field|String|false|false
02:20:59.1 (216077678)|VARIABLE_ASSIGNMENT|[378]|field|"otherphone"
02:20:59.1 (216078977)|STATEMENT_EXECUTE|[378]
02:20:59.1 (216083365)|STATEMENT_EXECUTE|[379]
02:20:59.1 (216087108)|HEAP_ALLOCATE|[378]|Bytes:5
02:20:59.1 (216091478)|VARIABLE_SCOPE_BEGIN|[378]|field|String|false|false
02:20:59.1 (216094524)|VARIABLE_ASSIGNMENT|[378]|field|"assistantphone"
02:20:59.1 (216095795)|STATEMENT_EXECUTE|[378]
02:20:59.1 (216100255)|STATEMENT_EXECUTE|[379]
02:20:59.1 (216103961)|HEAP_ALLOCATE|[378]|Bytes:5
02:20:59.1 (216108619)|VARIABLE_SCOPE_BEGIN|[378]|field|String|false|false
02:20:59.1 (216111280)|VARIABLE_ASSIGNMENT|[378]|field|"reportstoid"
02:20:59.1 (216112556)|STATEMENT_EXECUTE|[378]
02:20:59.1 (216116986)|STATEMENT_EXECUTE|[379]
02:20:59.1 (216120665)|HEAP_ALLOCATE|[378]|Bytes:5
02:20:59.1 (216125074)|VARIABLE_SCOPE_BEGIN|[378]|field|String|false|false
02:20:59.1 (216127659)|VARIABLE_ASSIGNMENT|[378]|field|"email"
02:20:59.1 (216129010)|STATEMENT_EXECUTE|[378]
02:20:59.1 (216133293)|STATEMENT_EXECUTE|[379]
02:20:59.1 (216136911)|HEAP_ALLOCATE|[378]|Bytes:5
02:20:59.1 (216141435)|VARIABLE_SCOPE_BEGIN|[378]|field|String|false|false
02:20:59.1 (216144133)|VARIABLE_ASSIGNMENT|[378]|field|"title"
02:20:59.1 (216145394)|STATEMENT_EXECUTE|[378]
02:20:59.1 (216149707)|STATEMENT_EXECUTE|[379]
02:20:59.1 (216153582)|HEAP_ALLOCATE|[378]|Bytes:5
02:20:59.1 (216158029)|VARIABLE_SCOPE_BEGIN|[378]|field|String|false|false
02:20:59.1 (216160714)|VARIABLE_ASSIGNMENT|[378]|field|"department"
02:20:59.1 (216161929)|STATEMENT_EXECUTE|[378]
02:20:59.1 (216166345)|STATEMENT_EXECUTE|[379]
02:20:59.1 (216170119)|HEAP_ALLOCATE|[378]|Bytes:5
02:20:59.1 (216174617)|VARIABLE_SCOPE_BEGIN|[378]|field|String|false|false
02:20:59.1 (216177609)|VARIABLE_ASSIGNMENT|[378]|field|"assistantname"
02:20:59.1 (216178974)|STATEMENT_EXECUTE|[378]
02:20:59.1 (216186650)|STATEMENT_EXECUTE|[379]
02:20:59.1 (216190911)|HEAP_ALLOCATE|[378]|Bytes:5
02:20:59.1 (216195882)|VARIABLE_SCOPE_BEGIN|[378]|field|String|false|false
02:20:59.1 (216199199)|VARIABLE_ASSIGNMENT|[378]|field|"leadsource"
02:20:59.1 (216200522)|STATEMENT_EXECUTE|[378]
02:20:59.1 (216205059)|STATEMENT_EXECUTE|[379]
02:20:59.1 (216208857)|HEAP_ALLOCATE|[378]|Bytes:5
02:20:59.1 (216213416)|VARIABLE_SCOPE_BEGIN|[378]|field|String|false|false
02:20:59.1 (216216294)|VARIABLE_ASSIGNMENT|[378]|field|"birthdate"
02:20:59.1 (216217620)|STATEMENT_EXECUTE|[378]
02:20:59.1 (216222018)|STATEMENT_EXECUTE|[379]
02:20:59.1 (216225641)|HEAP_ALLOCATE|[378]|Bytes:5
02:20:59.1 (216230156)|VARIABLE_SCOPE_BEGIN|[378]|field|String|false|false
02:20:59.1 (216232865)|VARIABLE_ASSIGNMENT|[378]|field|"description"
02:20:59.1 (216234090)|STATEMENT_EXECUTE|[378]
02:20:59.1 (216238351)|STATEMENT_EXECUTE|[379]
02:20:59.1 (216241975)|HEAP_ALLOCATE|[378]|Bytes:5
02:20:59.1 (216246495)|VARIABLE_SCOPE_BEGIN|[378]|field|String|false|false
02:20:59.1 (216249116)|VARIABLE_ASSIGNMENT|[378]|field|"ownerid"
02:20:59.1 (216250513)|STATEMENT_EXECUTE|[378]
02:20:59.1 (216254889)|STATEMENT_EXECUTE|[379]
02:20:59.1 (216258492)|HEAP_ALLOCATE|[378]|Bytes:5
02:20:59.1 (216262928)|VARIABLE_SCOPE_BEGIN|[378]|field|String|false|false
02:20:59.1 (216265939)|VARIABLE_ASSIGNMENT|[378]|field|"hasoptedoutofemail"
02:20:59.1 (216267497)|STATEMENT_EXECUTE|[378]
02:20:59.1 (216271942)|STATEMENT_EXECUTE|[379]
02:20:59.1 (216275943)|HEAP_ALLOCATE|[378]|Bytes:5
02:20:59.1 (216280369)|VARIABLE_SCOPE_BEGIN|[378]|field|String|false|false
02:20:59.1 (216283255)|VARIABLE_ASSIGNMENT|[378]|field|"hasoptedoutoffax"
02:20:59.1 (216284672)|STATEMENT_EXECUTE|[378]
02:20:59.1 (216288943)|STATEMENT_EXECUTE|[379]
02:20:59.1 (216292574)|HEAP_ALLOCATE|[378]|Bytes:5
02:20:59.1 (216296947)|VARIABLE_SCOPE_BEGIN|[378]|field|String|false|false
02:20:59.1 (216299687)|VARIABLE_ASSIGNMENT|[378]|field|"donotcall"
02:20:59.1 (216300959)|STATEMENT_EXECUTE|[378]
02:20:59.1 (216305201)|STATEMENT_EXECUTE|[379]
02:20:59.1 (216308821)|HEAP_ALLOCATE|[378]|Bytes:5
02:20:59.1 (216313266)|VARIABLE_SCOPE_BEGIN|[378]|field|String|false|false
02:20:59.1 (216316033)|VARIABLE_ASSIGNMENT|[378]|field|"createddate"
02:20:59.1 (216317298)|STATEMENT_EXECUTE|[378]
02:20:59.1 (216321565)|STATEMENT_EXECUTE|[379]
02:20:59.1 (216325502)|HEAP_ALLOCATE|[378]|Bytes:5
02:20:59.1 (216329964)|VARIABLE_SCOPE_BEGIN|[378]|field|String|false|false
02:20:59.1 (216332695)|VARIABLE_ASSIGNMENT|[378]|field|"createdbyid"
02:20:59.1 (216334257)|STATEMENT_EXECUTE|[378]
02:20:59.1 (216338632)|STATEMENT_EXECUTE|[379]
02:20:59.1 (216342224)|HEAP_ALLOCATE|[378]|Bytes:5
02:20:59.1 (216346664)|VARIABLE_SCOPE_BEGIN|[378]|field|String|false|false
02:20:59.1 (216349547)|VARIABLE_ASSIGNMENT|[378]|field|"lastmodifieddate"
02:20:59.1 (216350851)|STATEMENT_EXECUTE|[378]
02:20:59.1 (216355154)|STATEMENT_EXECUTE|[379]
02:20:59.1 (216358688)|HEAP_ALLOCATE|[378]|Bytes:5
02:20:59.1 (216363060)|VARIABLE_SCOPE_BEGIN|[378]|field|String|false|false
02:20:59.1 (216365786)|VARIABLE_ASSIGNMENT|[378]|field|"lastmodifiedbyid"
02:20:59.1 (216367065)|STATEMENT_EXECUTE|[378]
02:20:59.1 (216371340)|STATEMENT_EXECUTE|[379]
02:20:59.1 (216374965)|HEAP_ALLOCATE|[378]|Bytes:5
02:20:59.1 (216379370)|VARIABLE_SCOPE_BEGIN|[378]|field|String|false|false
02:20:59.1 (216382169)|VARIABLE_ASSIGNMENT|[378]|field|"systemmodstamp"
02:20:59.1 (216383631)|STATEMENT_EXECUTE|[378]
02:20:59.1 (216387870)|STATEMENT_EXECUTE|[379]
02:20:59.1 (216391960)|HEAP_ALLOCATE|[378]|Bytes:5
02:20:59.1 (216396427)|VARIABLE_SCOPE_BEGIN|[378]|field|String|false|false
02:20:59.1 (216399178)|VARIABLE_ASSIGNMENT|[378]|field|"lastactivitydate"
02:20:59.1 (216400465)|STATEMENT_EXECUTE|[378]
02:20:59.1 (216404696)|STATEMENT_EXECUTE|[379]
02:20:59.1 (216408586)|HEAP_ALLOCATE|[378]|Bytes:5
02:20:59.1 (216413041)|VARIABLE_SCOPE_BEGIN|[378]|field|String|false|false
02:20:59.1 (216415915)|VARIABLE_ASSIGNMENT|[378]|field|"lastcurequestdate"
02:20:59.1 (216417231)|STATEMENT_EXECUTE|[378]
02:20:59.1 (216421556)|STATEMENT_EXECUTE|[379]
02:20:59.1 (216425222)|HEAP_ALLOCATE|[378]|Bytes:5
02:20:59.1 (216429662)|VARIABLE_SCOPE_BEGIN|[378]|field|String|false|false
02:20:59.1 (216432505)|VARIABLE_ASSIGNMENT|[378]|field|"lastcuupdatedate"
02:20:59.1 (216433785)|STATEMENT_EXECUTE|[378]
02:20:59.1 (216438077)|STATEMENT_EXECUTE|[379]
02:20:59.1 (216441727)|HEAP_ALLOCATE|[378]|Bytes:5
02:20:59.1 (216446169)|VARIABLE_SCOPE_BEGIN|[378]|field|String|false|false
02:20:59.1 (216448960)|VARIABLE_ASSIGNMENT|[378]|field|"lastvieweddate"
02:20:59.1 (216450362)|STATEMENT_EXECUTE|[378]
02:20:59.1 (216454681)|STATEMENT_EXECUTE|[379]
02:20:59.1 (216458419)|HEAP_ALLOCATE|[378]|Bytes:5
02:20:59.1 (216462852)|VARIABLE_SCOPE_BEGIN|[378]|field|String|false|false
02:20:59.1 (216465621)|VARIABLE_ASSIGNMENT|[378]|field|"lastreferenceddate"
02:20:59.1 (216467015)|STATEMENT_EXECUTE|[378]
02:20:59.1 (216471294)|STATEMENT_EXECUTE|[379]
02:20:59.1 (216474933)|HEAP_ALLOCATE|[378]|Bytes:5
02:20:59.1 (216479417)|VARIABLE_SCOPE_BEGIN|[378]|field|String|false|false
02:20:59.1 (216482319)|VARIABLE_ASSIGNMENT|[378]|field|"emailbouncedreason"
02:20:59.1 (216483568)|STATEMENT_EXECUTE|[378]
02:20:59.1 (216487940)|STATEMENT_EXECUTE|[379]
02:20:59.1 (216491640)|HEAP_ALLOCATE|[378]|Bytes:5
02:20:59.1 (216496008)|VARIABLE_SCOPE_BEGIN|[378]|field|String|false|false
02:20:59.1 (216498713)|VARIABLE_ASSIGNMENT|[378]|field|"emailbounceddate"
02:20:59.1 (216500002)|STATEMENT_EXECUTE|[378]
02:20:59.1 (216504208)|STATEMENT_EXECUTE|[379]
02:20:59.1 (216508110)|HEAP_ALLOCATE|[378]|Bytes:5
02:20:59.1 (216512570)|VARIABLE_SCOPE_BEGIN|[378]|field|String|false|false
02:20:59.1 (216515381)|VARIABLE_ASSIGNMENT|[378]|field|"isemailbounced"
02:20:59.1 (216516629)|STATEMENT_EXECUTE|[378]
02:20:59.1 (216520877)|STATEMENT_EXECUTE|[379]
02:20:59.1 (216524691)|HEAP_ALLOCATE|[378]|Bytes:5
02:20:59.1 (216529133)|VARIABLE_SCOPE_BEGIN|[378]|field|String|false|false
02:20:59.1 (216531761)|VARIABLE_ASSIGNMENT|[378]|field|"photourl"
02:20:59.1 (216533122)|STATEMENT_EXECUTE|[378]
02:20:59.1 (216537539)|STATEMENT_EXECUTE|[379]
02:20:59.1 (216541254)|HEAP_ALLOCATE|[378]|Bytes:5
02:20:59.1 (216545683)|VARIABLE_SCOPE_BEGIN|[378]|field|String|false|false
02:20:59.1 (216548321)|VARIABLE_ASSIGNMENT|[378]|field|"jigsaw"
02:20:59.1 (216549809)|STATEMENT_EXECUTE|[378]
02:20:59.1 (216554076)|STATEMENT_EXECUTE|[379]
02:20:59.1 (216557732)|HEAP_ALLOCATE|[378]|Bytes:5
02:20:59.1 (216562323)|VARIABLE_SCOPE_BEGIN|[378]|field|String|false|false
02:20:59.1 (216565162)|VARIABLE_ASSIGNMENT|[378]|field|"jigsawcontactid"
02:20:59.1 (216566678)|STATEMENT_EXECUTE|[378]
02:20:59.1 (216570996)|STATEMENT_EXECUTE|[379]
02:20:59.1 (216574650)|HEAP_ALLOCATE|[378]|Bytes:5
02:20:59.1 (216579072)|VARIABLE_SCOPE_BEGIN|[378]|field|String|false|false
02:20:59.1 (216581790)|VARIABLE_ASSIGNMENT|[378]|field|"cleanstatus"
02:20:59.1 (216583048)|STATEMENT_EXECUTE|[378]
02:20:59.1 (216587251)|STATEMENT_EXECUTE|[379]
02:20:59.1 (216590910)|HEAP_ALLOCATE|[378]|Bytes:5
02:20:59.1 (216595401)|VARIABLE_SCOPE_BEGIN|[378]|field|String|false|false
02:20:59.1 (216598180)|VARIABLE_ASSIGNMENT|[378]|field|"level__c"
02:20:59.1 (216599523)|STATEMENT_EXECUTE|[378]
02:20:59.1 (216603749)|STATEMENT_EXECUTE|[379]
02:20:59.1 (216607411)|HEAP_ALLOCATE|[378]|Bytes:5
02:20:59.1 (216611876)|VARIABLE_SCOPE_BEGIN|[378]|field|String|false|false
02:20:59.1 (216614686)|VARIABLE_ASSIGNMENT|[378]|field|"languages__c"
02:20:59.1 (216615999)|STATEMENT_EXECUTE|[378]
02:20:59.1 (216620272)|STATEMENT_EXECUTE|[379]
02:20:59.1 (216623903)|HEAP_ALLOCATE|[378]|Bytes:5
02:20:59.1 (216628595)|VARIABLE_SCOPE_BEGIN|[378]|field|String|false|false
02:20:59.1 (216631553)|VARIABLE_ASSIGNMENT|[378]|field|"points_check_in__c"
02:20:59.1 (216632943)|STATEMENT_EXECUTE|[378]
02:20:59.1 (216637203)|STATEMENT_EXECUTE|[379]
02:20:59.1 (216640796)|HEAP_ALLOCATE|[378]|Bytes:5
02:20:59.1 (216645269)|VARIABLE_SCOPE_BEGIN|[378]|field|String|false|false
02:20:59.1 (216648237)|VARIABLE_ASSIGNMENT|[378]|field|"points_today__c"
02:20:59.1 (216649522)|STATEMENT_EXECUTE|[378]
02:20:59.1 (216653907)|STATEMENT_EXECUTE|[379]
02:20:59.1 (216657438)|HEAP_ALLOCATE|[378]|Bytes:5
02:20:59.1 (216661836)|VARIABLE_SCOPE_BEGIN|[378]|field|String|false|false
02:20:59.1 (216664722)|VARIABLE_ASSIGNMENT|[378]|field|"sf_dev_user_id__c"
02:20:59.1 (216666005)|STATEMENT_EXECUTE|[378]
02:20:59.1 (216670310)|STATEMENT_EXECUTE|[379]
02:20:59.1 (216673872)|HEAP_ALLOCATE|[378]|Bytes:5
02:20:59.1 (216678377)|VARIABLE_SCOPE_BEGIN|[378]|field|String|false|false
02:20:59.1 (216681244)|VARIABLE_ASSIGNMENT|[378]|field|"total_points__c"
02:20:59.1 (216682785)|STATEMENT_EXECUTE|[378]
02:20:59.1 (216687179)|STATEMENT_EXECUTE|[379]
02:20:59.1 (216690884)|HEAP_ALLOCATE|[378]|Bytes:5
02:20:59.1 (216695358)|VARIABLE_SCOPE_BEGIN|[378]|field|String|false|false
02:20:59.1 (216698301)|VARIABLE_ASSIGNMENT|[378]|field|"trailhead_url__c"
02:20:59.1 (216699626)|STATEMENT_EXECUTE|[378]
02:20:59.1 (216703976)|STATEMENT_EXECUTE|[379]
02:20:59.1 (216707628)|HEAP_ALLOCATE|[378]|Bytes:5
02:20:59.1 (216712031)|VARIABLE_SCOPE_BEGIN|[378]|field|String|false|false
02:20:59.1 (216714851)|VARIABLE_ASSIGNMENT|[378]|field|"twitter_url__c"
02:20:59.1 (216716123)|STATEMENT_EXECUTE|[378]
02:20:59.1 (216720358)|STATEMENT_EXECUTE|[379]
02:20:59.1 (216723930)|HEAP_ALLOCATE|[378]|Bytes:5
02:20:59.1 (216728327)|VARIABLE_SCOPE_BEGIN|[378]|field|String|false|false
02:20:59.1 (216730998)|VARIABLE_ASSIGNMENT|[378]|field|"twitter__c"
02:20:59.1 (216732318)|STATEMENT_EXECUTE|[378]
02:20:59.1 (216736697)|STATEMENT_EXECUTE|[379]
02:20:59.1 (216740298)|HEAP_ALLOCATE|[378]|Bytes:5
02:20:59.1 (216745228)|VARIABLE_SCOPE_BEGIN|[378]|field|String|false|false
02:20:59.1 (216749120)|VARIABLE_ASSIGNMENT|[378]|field|"number_of_contacts__ (1 more) ..."
02:20:59.1 (216750598)|STATEMENT_EXECUTE|[378]
02:20:59.1 (216755023)|STATEMENT_EXECUTE|[379]
02:20:59.1 (216758828)|HEAP_ALLOCATE|[378]|Bytes:5
02:20:59.1 (216765321)|VARIABLE_ASSIGNMENT|[378]|field|null
02:20:59.1 (216767531)|STATEMENT_EXECUTE|[384]
02:20:59.1 (216791924)|HEAP_ALLOCATE|[384]|Bytes:8
02:20:59.1 (216798255)|DML_BEGIN|[384]|Op:Insert|Type:Contact|Rows:1
02:20:59.1 (216817289)|HEAP_ALLOCATE|[EXTERNAL]|Bytes:8
02:20:59.1 (266355105)|CODE_UNIT_STARTED|[EXTERNAL]|Validation:Contact:new
02:20:59.1 (266367352)|VALIDATION_RULE|03d28000000a8sz|Contact_must_be_in_Account_ZIP_Code
02:20:59.1 (266553067)|VALIDATION_FORMULA|AND( NOT(ISBLANK(Account.ShippingPostalCode))  ,
    MailingPostalCode <> Account.ShippingPostalCode )|Account.ShippingPostalCode=null , MailingPostalCode=null
02:20:59.1 (266558018)|VALIDATION_PASS
02:20:59.1 (266582978)|CODE_UNIT_FINISHED|Validation:Contact:new
02:20:59.1 (268607170)|DML_END|[384]
02:20:59.1 (268701271)|EXCEPTION_THROWN|[384]|System.DmlException: Insert failed. First exception on row 0; first error: REQUIRED_FIELD_MISSING, Required fields are missing: [Last Name]: [Last Name]
02:20:59.1 (269795191)|HEAP_ALLOCATE|[384]|Bytes:135
02:20:59.1 (269968850)|FATAL_ERROR|System.DmlException: Insert failed. First exception on row 0; first error: REQUIRED_FIELD_MISSING, Required fields are missing: [Last Name]: [Last Name]

Class.RelatedListDataGridController.createRelatedObject: line 384, column 1
02:20:59.1 (269984089)|FATAL_ERROR|System.DmlException: Insert failed. First exception on row 0; first error: REQUIRED_FIELD_MISSING, Required fields are missing: [Last Name]: [Last Name]

Class.RelatedListDataGridController.createRelatedObject: line 384, column 1
02:20:59.269 (269991355)|CUMULATIVE_LIMIT_USAGE
02:20:59.269 (269991355)|LIMIT_USAGE_FOR_NS|(default)|
  Number of SOQL queries: 0 out of 100
  Number of query rows: 0 out of 50000
  Number of SOSL queries: 0 out of 20
  Number of DML statements: 1 out of 150
  Number of DML rows: 1 out of 10000
  Maximum CPU time: 0 out of 10000
  Maximum heap size: 0 out of 6000000
  Number of callouts: 0 out of 100
  Number of Email Invocations: 0 out of 10
  Number of future calls: 0 out of 50
  Number of queueable jobs added to the queue: 0 out of 50
  Number of Mobile Apex push calls: 0 out of 10

02:20:59.269 (269991355)|CUMULATIVE_LIMIT_USAGE_END

02:20:59.1 (270050124)|CODE_UNIT_FINISHED|RelatedListDataGridController.createRelatedObject
