39.0 APEX_CODE,FINEST;APEX_PROFILING,INFO;CALLOUT,INFO;DB,INFO;SYSTEM,DEBUG;VALIDATION,INFO;VISUALFORCE,INFO;WAVE,INFO;WORKFLOW,INFO
02:31:16.0 (72375)|USER_INFO|[EXTERNAL]|005280000056Sdu|ngmmadhan@gmail.com|Pacific Standard Time|GMT-07:00
02:31:16.0 (98646)|EXECUTION_STARTED
02:31:16.0 (101917)|CODE_UNIT_STARTED|[EXTERNAL]|aura
02:31:16.0 (452696)|HEAP_ALLOCATE|[72]|Bytes:3
02:31:16.0 (480066)|HEAP_ALLOCATE|[77]|Bytes:152
02:31:16.0 (492864)|HEAP_ALLOCATE|[342]|Bytes:408
02:31:16.0 (507380)|HEAP_ALLOCATE|[355]|Bytes:408
02:31:16.0 (520059)|HEAP_ALLOCATE|[467]|Bytes:48
02:31:16.0 (543582)|HEAP_ALLOCATE|[139]|Bytes:6
02:31:16.0 (562363)|HEAP_ALLOCATE|[EXTERNAL]|Bytes:817
02:31:16.0 (568360)|HEAP_ALLOCATE|[EXTERNAL]|Bytes:817
02:31:16.0 (2125549)|CODE_UNIT_STARTED|[EXTERNAL]|01p2800000EnCqi|RelatedListDataGridController.saveRelatedListItems
02:31:16.0 (2155281)|VARIABLE_SCOPE_BEGIN|[2]|RelatedListDataGridController.typesMap|Map<Schema.DisplayType,String>|true|true
02:31:16.0 (2240343)|HEAP_ALLOCATE|[EXTERNAL]|Bytes:45
02:31:16.0 (2247231)|HEAP_ALLOCATE|[EXTERNAL]|Bytes:7
02:31:16.0 (2306364)|METHOD_ENTRY|[1]|01p2800000EnCqi|RelatedListDataGridController.RelatedListDataGridController()
02:31:16.0 (2310994)|STATEMENT_EXECUTE|[1]
02:31:16.0 (2315151)|STATEMENT_EXECUTE|[1]
02:31:16.0 (2344187)|HEAP_ALLOCATE|[50]|Bytes:5
02:31:16.0 (2367711)|HEAP_ALLOCATE|[56]|Bytes:5
02:31:16.0 (2373677)|HEAP_ALLOCATE|[64]|Bytes:7
02:31:16.0 (2388629)|SYSTEM_MODE_ENTER|false
02:31:16.0 (2396721)|HEAP_ALLOCATE|[2]|Bytes:5
02:31:16.0 (2399583)|STATEMENT_EXECUTE|[2]
02:31:16.0 (2402977)|HEAP_ALLOCATE|[2]|Bytes:4
02:31:16.0 (2454593)|VARIABLE_ASSIGNMENT|[2]|RelatedListDataGridController.typesMap|{}|0x271b9cf8
02:31:16.0 (2457320)|STATEMENT_EXECUTE|[4]
02:31:16.0 (2458484)|STATEMENT_EXECUTE|[5]
02:31:16.0 (2666641)|HEAP_ALLOCATE|[5]|Bytes:8
02:31:16.0 (2713089)|HEAP_ALLOCATE|[EXTERNAL]|Bytes:-4
02:31:16.0 (2721110)|STATEMENT_EXECUTE|[6]
02:31:16.0 (2724714)|HEAP_ALLOCATE|[6]|Bytes:6
02:31:16.0 (2744416)|HEAP_ALLOCATE|[6]|Bytes:12
02:31:16.0 (2752440)|HEAP_ALLOCATE|[EXTERNAL]|Bytes:-4
02:31:16.0 (2756815)|STATEMENT_EXECUTE|[7]
02:31:16.0 (2759960)|HEAP_ALLOCATE|[7]|Bytes:7
02:31:16.0 (2782339)|HEAP_ALLOCATE|[7]|Bytes:12
02:31:16.0 (2787131)|HEAP_ALLOCATE|[7]|Bytes:12
02:31:16.0 (2789699)|HEAP_ALLOCATE|[EXTERNAL]|Bytes:-4
02:31:16.0 (2793942)|STATEMENT_EXECUTE|[8]
02:31:16.0 (2796732)|HEAP_ALLOCATE|[8]|Bytes:8
02:31:16.0 (2812744)|HEAP_ALLOCATE|[8]|Bytes:12
02:31:16.0 (2816364)|HEAP_ALLOCATE|[8]|Bytes:12
02:31:16.0 (2818691)|HEAP_ALLOCATE|[8]|Bytes:12
02:31:16.0 (2821142)|HEAP_ALLOCATE|[EXTERNAL]|Bytes:-4
02:31:16.0 (2825030)|STATEMENT_EXECUTE|[9]
02:31:16.0 (2827721)|HEAP_ALLOCATE|[9]|Bytes:8
02:31:16.0 (2842018)|HEAP_ALLOCATE|[9]|Bytes:12
02:31:16.0 (2845311)|HEAP_ALLOCATE|[9]|Bytes:12
02:31:16.0 (2847555)|HEAP_ALLOCATE|[9]|Bytes:12
02:31:16.0 (2849772)|HEAP_ALLOCATE|[9]|Bytes:12
02:31:16.0 (2852073)|HEAP_ALLOCATE|[EXTERNAL]|Bytes:-4
02:31:16.0 (2855452)|STATEMENT_EXECUTE|[10]
02:31:16.0 (2858337)|HEAP_ALLOCATE|[10]|Bytes:4
02:31:16.0 (2873366)|HEAP_ALLOCATE|[10]|Bytes:12
02:31:16.0 (2876765)|HEAP_ALLOCATE|[10]|Bytes:12
02:31:16.0 (2879072)|HEAP_ALLOCATE|[10]|Bytes:12
02:31:16.0 (2881267)|HEAP_ALLOCATE|[10]|Bytes:12
02:31:16.0 (2883452)|HEAP_ALLOCATE|[10]|Bytes:12
02:31:16.0 (2885758)|HEAP_ALLOCATE|[EXTERNAL]|Bytes:-4
02:31:16.0 (2889115)|STATEMENT_EXECUTE|[11]
02:31:16.0 (2891852)|HEAP_ALLOCATE|[11]|Bytes:8
02:31:16.0 (2907880)|HEAP_ALLOCATE|[11]|Bytes:12
02:31:16.0 (2911122)|HEAP_ALLOCATE|[11]|Bytes:12
02:31:16.0 (2913527)|HEAP_ALLOCATE|[11]|Bytes:12
02:31:16.0 (2915767)|HEAP_ALLOCATE|[11]|Bytes:12
02:31:16.0 (2918489)|HEAP_ALLOCATE|[11]|Bytes:12
02:31:16.0 (2920750)|HEAP_ALLOCATE|[11]|Bytes:12
02:31:16.0 (2923009)|HEAP_ALLOCATE|[EXTERNAL]|Bytes:-4
02:31:16.0 (2926337)|STATEMENT_EXECUTE|[12]
02:31:16.0 (2928850)|HEAP_ALLOCATE|[12]|Bytes:6
02:31:16.0 (2943334)|HEAP_ALLOCATE|[12]|Bytes:12
02:31:16.0 (2946698)|HEAP_ALLOCATE|[12]|Bytes:12
02:31:16.0 (2948993)|HEAP_ALLOCATE|[12]|Bytes:12
02:31:16.0 (2951316)|HEAP_ALLOCATE|[12]|Bytes:12
02:31:16.0 (2953503)|HEAP_ALLOCATE|[12]|Bytes:12
02:31:16.0 (2955693)|HEAP_ALLOCATE|[12]|Bytes:12
02:31:16.0 (2957854)|HEAP_ALLOCATE|[12]|Bytes:12
02:31:16.0 (2960100)|HEAP_ALLOCATE|[EXTERNAL]|Bytes:-4
02:31:16.0 (2963409)|STATEMENT_EXECUTE|[13]
02:31:16.0 (2966232)|HEAP_ALLOCATE|[13]|Bytes:6
02:31:16.0 (2980638)|HEAP_ALLOCATE|[13]|Bytes:12
02:31:16.0 (2983752)|HEAP_ALLOCATE|[13]|Bytes:12
02:31:16.0 (2986029)|HEAP_ALLOCATE|[13]|Bytes:12
02:31:16.0 (2999368)|HEAP_ALLOCATE|[13]|Bytes:12
02:31:16.0 (3003391)|HEAP_ALLOCATE|[13]|Bytes:12
02:31:16.0 (3008821)|HEAP_ALLOCATE|[13]|Bytes:12
02:31:16.0 (3017633)|HEAP_ALLOCATE|[13]|Bytes:12
02:31:16.0 (3023374)|HEAP_ALLOCATE|[13]|Bytes:12
02:31:16.0 (3029901)|HEAP_ALLOCATE|[EXTERNAL]|Bytes:-4
02:31:16.0 (3038893)|STATEMENT_EXECUTE|[14]
02:31:16.0 (3044253)|HEAP_ALLOCATE|[14]|Bytes:5
02:31:16.0 (3070246)|HEAP_ALLOCATE|[14]|Bytes:12
02:31:16.0 (3074634)|HEAP_ALLOCATE|[14]|Bytes:12
02:31:16.0 (3077079)|HEAP_ALLOCATE|[14]|Bytes:12
02:31:16.0 (3079355)|HEAP_ALLOCATE|[14]|Bytes:12
02:31:16.0 (3081539)|HEAP_ALLOCATE|[14]|Bytes:12
02:31:16.0 (3083796)|HEAP_ALLOCATE|[14]|Bytes:12
02:31:16.0 (3086044)|HEAP_ALLOCATE|[14]|Bytes:12
02:31:16.0 (3088258)|HEAP_ALLOCATE|[14]|Bytes:12
02:31:16.0 (3090477)|HEAP_ALLOCATE|[14]|Bytes:12
02:31:16.0 (3093118)|HEAP_ALLOCATE|[EXTERNAL]|Bytes:-4
02:31:16.0 (3097317)|STATEMENT_EXECUTE|[15]
02:31:16.0 (3100241)|HEAP_ALLOCATE|[15]|Bytes:7
02:31:16.0 (3115823)|HEAP_ALLOCATE|[15]|Bytes:12
02:31:16.0 (3119048)|HEAP_ALLOCATE|[15]|Bytes:12
02:31:16.0 (3121310)|HEAP_ALLOCATE|[15]|Bytes:12
02:31:16.0 (3123532)|HEAP_ALLOCATE|[15]|Bytes:12
02:31:16.0 (3126214)|HEAP_ALLOCATE|[15]|Bytes:12
02:31:16.0 (3128438)|HEAP_ALLOCATE|[15]|Bytes:12
02:31:16.0 (3130663)|HEAP_ALLOCATE|[15]|Bytes:12
02:31:16.0 (3132879)|HEAP_ALLOCATE|[15]|Bytes:12
02:31:16.0 (3135058)|HEAP_ALLOCATE|[15]|Bytes:12
02:31:16.0 (3137249)|HEAP_ALLOCATE|[15]|Bytes:12
02:31:16.0 (3139503)|HEAP_ALLOCATE|[EXTERNAL]|Bytes:-4
02:31:16.0 (3142805)|STATEMENT_EXECUTE|[16]
02:31:16.0 (3145186)|HEAP_ALLOCATE|[16]|Bytes:7
02:31:16.0 (3160936)|HEAP_ALLOCATE|[16]|Bytes:12
02:31:16.0 (3164326)|HEAP_ALLOCATE|[16]|Bytes:12
02:31:16.0 (3166640)|HEAP_ALLOCATE|[16]|Bytes:12
02:31:16.0 (3168894)|HEAP_ALLOCATE|[16]|Bytes:12
02:31:16.0 (3171098)|HEAP_ALLOCATE|[16]|Bytes:12
02:31:16.0 (3173347)|HEAP_ALLOCATE|[16]|Bytes:12
02:31:16.0 (3175525)|HEAP_ALLOCATE|[16]|Bytes:12
02:31:16.0 (3177726)|HEAP_ALLOCATE|[16]|Bytes:12
02:31:16.0 (3179897)|HEAP_ALLOCATE|[16]|Bytes:12
02:31:16.0 (3182150)|HEAP_ALLOCATE|[16]|Bytes:12
02:31:16.0 (3184313)|HEAP_ALLOCATE|[16]|Bytes:12
02:31:16.0 (3186643)|HEAP_ALLOCATE|[EXTERNAL]|Bytes:-4
02:31:16.0 (3190598)|STATEMENT_EXECUTE|[17]
02:31:16.0 (3193572)|HEAP_ALLOCATE|[17]|Bytes:14
02:31:16.0 (3208010)|HEAP_ALLOCATE|[17]|Bytes:12
02:31:16.0 (3211487)|HEAP_ALLOCATE|[17]|Bytes:12
02:31:16.0 (3213888)|HEAP_ALLOCATE|[17]|Bytes:12
02:31:16.0 (3216153)|HEAP_ALLOCATE|[17]|Bytes:12
02:31:16.0 (3218364)|HEAP_ALLOCATE|[17]|Bytes:12
02:31:16.0 (3220562)|HEAP_ALLOCATE|[17]|Bytes:12
02:31:16.0 (3222778)|HEAP_ALLOCATE|[17]|Bytes:12
02:31:16.0 (3224943)|HEAP_ALLOCATE|[17]|Bytes:12
02:31:16.0 (3227175)|HEAP_ALLOCATE|[17]|Bytes:12
02:31:16.0 (3229382)|HEAP_ALLOCATE|[17]|Bytes:12
02:31:16.0 (3231584)|HEAP_ALLOCATE|[17]|Bytes:12
02:31:16.0 (3233795)|HEAP_ALLOCATE|[17]|Bytes:12
02:31:16.0 (3236535)|HEAP_ALLOCATE|[EXTERNAL]|Bytes:-4
02:31:16.0 (3239928)|STATEMENT_EXECUTE|[18]
02:31:16.0 (3242410)|HEAP_ALLOCATE|[18]|Bytes:8
02:31:16.0 (3259528)|HEAP_ALLOCATE|[18]|Bytes:12
02:31:16.0 (3262947)|HEAP_ALLOCATE|[18]|Bytes:12
02:31:16.0 (3265355)|HEAP_ALLOCATE|[18]|Bytes:12
02:31:16.0 (3267678)|HEAP_ALLOCATE|[18]|Bytes:12
02:31:16.0 (3270345)|HEAP_ALLOCATE|[18]|Bytes:12
02:31:16.0 (3272587)|HEAP_ALLOCATE|[18]|Bytes:12
02:31:16.0 (3274866)|HEAP_ALLOCATE|[18]|Bytes:12
02:31:16.0 (3277085)|HEAP_ALLOCATE|[18]|Bytes:12
02:31:16.0 (3279395)|HEAP_ALLOCATE|[18]|Bytes:12
02:31:16.0 (3281591)|HEAP_ALLOCATE|[18]|Bytes:12
02:31:16.0 (3283774)|HEAP_ALLOCATE|[18]|Bytes:12
02:31:16.0 (3286039)|HEAP_ALLOCATE|[18]|Bytes:12
02:31:16.0 (3288230)|HEAP_ALLOCATE|[18]|Bytes:12
02:31:16.0 (3290601)|HEAP_ALLOCATE|[EXTERNAL]|Bytes:-4
02:31:16.0 (3294152)|STATEMENT_EXECUTE|[19]
02:31:16.0 (3296982)|HEAP_ALLOCATE|[19]|Bytes:5
02:31:16.0 (3311783)|HEAP_ALLOCATE|[19]|Bytes:12
02:31:16.0 (3315201)|HEAP_ALLOCATE|[19]|Bytes:12
02:31:16.0 (3317563)|HEAP_ALLOCATE|[19]|Bytes:12
02:31:16.0 (3321960)|HEAP_ALLOCATE|[19]|Bytes:12
02:31:16.0 (3324318)|HEAP_ALLOCATE|[19]|Bytes:12
02:31:16.0 (3326554)|HEAP_ALLOCATE|[19]|Bytes:12
02:31:16.0 (3328837)|HEAP_ALLOCATE|[19]|Bytes:12
02:31:16.0 (3331043)|HEAP_ALLOCATE|[19]|Bytes:12
02:31:16.0 (3333252)|HEAP_ALLOCATE|[19]|Bytes:12
02:31:16.0 (3335739)|HEAP_ALLOCATE|[19]|Bytes:12
02:31:16.0 (3337968)|HEAP_ALLOCATE|[19]|Bytes:12
02:31:16.0 (3340239)|HEAP_ALLOCATE|[19]|Bytes:12
02:31:16.0 (3342428)|HEAP_ALLOCATE|[19]|Bytes:12
02:31:16.0 (3344683)|HEAP_ALLOCATE|[19]|Bytes:12
02:31:16.0 (3347073)|HEAP_ALLOCATE|[EXTERNAL]|Bytes:-4
02:31:16.0 (3350702)|STATEMENT_EXECUTE|[20]
02:31:16.0 (3353287)|HEAP_ALLOCATE|[20]|Bytes:9
02:31:16.0 (3370855)|HEAP_ALLOCATE|[20]|Bytes:12
02:31:16.0 (3374370)|HEAP_ALLOCATE|[20]|Bytes:12
02:31:16.0 (3376607)|HEAP_ALLOCATE|[20]|Bytes:12
02:31:16.0 (3378930)|HEAP_ALLOCATE|[20]|Bytes:12
02:31:16.0 (3381162)|HEAP_ALLOCATE|[20]|Bytes:12
02:31:16.0 (3383441)|HEAP_ALLOCATE|[20]|Bytes:12
02:31:16.0 (3385609)|HEAP_ALLOCATE|[20]|Bytes:12
02:31:16.0 (3387847)|HEAP_ALLOCATE|[20]|Bytes:12
02:31:16.0 (3390002)|HEAP_ALLOCATE|[20]|Bytes:12
02:31:16.0 (3392254)|HEAP_ALLOCATE|[20]|Bytes:12
02:31:16.0 (3394416)|HEAP_ALLOCATE|[20]|Bytes:12
02:31:16.0 (3396647)|HEAP_ALLOCATE|[20]|Bytes:12
02:31:16.0 (3398800)|HEAP_ALLOCATE|[20]|Bytes:12
02:31:16.0 (3401204)|HEAP_ALLOCATE|[20]|Bytes:12
02:31:16.0 (3410776)|HEAP_ALLOCATE|[20]|Bytes:12
02:31:16.0 (3413365)|HEAP_ALLOCATE|[EXTERNAL]|Bytes:-4
02:31:16.0 (3417447)|STATEMENT_EXECUTE|[21]
02:31:16.0 (3420066)|HEAP_ALLOCATE|[21]|Bytes:3
02:31:16.0 (3436470)|HEAP_ALLOCATE|[21]|Bytes:12
02:31:16.0 (3439846)|HEAP_ALLOCATE|[21]|Bytes:12
02:31:16.0 (3442079)|HEAP_ALLOCATE|[21]|Bytes:12
02:31:16.0 (3444300)|HEAP_ALLOCATE|[21]|Bytes:12
02:31:16.0 (3446558)|HEAP_ALLOCATE|[21]|Bytes:12
02:31:16.0 (3448789)|HEAP_ALLOCATE|[21]|Bytes:12
02:31:16.0 (3451043)|HEAP_ALLOCATE|[21]|Bytes:12
02:31:16.0 (3453282)|HEAP_ALLOCATE|[21]|Bytes:12
02:31:16.0 (3455475)|HEAP_ALLOCATE|[21]|Bytes:12
02:31:16.0 (3457667)|HEAP_ALLOCATE|[21]|Bytes:12
02:31:16.0 (3459829)|HEAP_ALLOCATE|[21]|Bytes:12
02:31:16.0 (3462033)|HEAP_ALLOCATE|[21]|Bytes:12
02:31:16.0 (3464194)|HEAP_ALLOCATE|[21]|Bytes:12
02:31:16.0 (3466363)|HEAP_ALLOCATE|[21]|Bytes:12
02:31:16.0 (3468559)|HEAP_ALLOCATE|[21]|Bytes:12
02:31:16.0 (3470731)|HEAP_ALLOCATE|[21]|Bytes:12
02:31:16.0 (3473305)|HEAP_ALLOCATE|[EXTERNAL]|Bytes:-4
02:31:16.0 (3482829)|SYSTEM_MODE_EXIT|false
02:31:16.0 (3490206)|METHOD_EXIT|[1]|RelatedListDataGridController
02:31:16.0 (3493801)|HEAP_ALLOCATE|[EXTERNAL]|Bytes:817
02:31:16.0 (3498974)|SYSTEM_MODE_ENTER|false
02:31:16.0 (3504660)|VARIABLE_SCOPE_BEGIN|[222]|jsonData|String|false|false
02:31:16.0 (3517783)|VARIABLE_ASSIGNMENT|[222]|jsonData|"[{\"attributes\":{\"typ (797 more) ..."
02:31:16.0 (3525920)|HEAP_ALLOCATE|[224]|Bytes:5
02:31:16.0 (3528559)|STATEMENT_EXECUTE|[223]
02:31:16.0 (3529834)|STATEMENT_EXECUTE|[224]
02:31:16.0 (3559328)|HEAP_ALLOCATE|[224]|Bytes:4
02:31:16.0 (3595507)|VARIABLE_SCOPE_BEGIN|[224]|sObjectsItems|List<SObject>|true|false
02:31:16.0 (3604240)|HEAP_ALLOCATE|[EXTERNAL]|Bytes:4
02:31:16.0 (3615353)|VARIABLE_ASSIGNMENT|[224]|sObjectsItems|[]|0xe808601
02:31:16.0 (3618494)|STATEMENT_EXECUTE|[226]
02:31:16.0 (3659030)|HEAP_ALLOCATE|[226]|Bytes:24
02:31:16.0 (3668809)|SYSTEM_METHOD_ENTRY|[1]|JSON.JSON()
02:31:16.0 (3671782)|STATEMENT_EXECUTE|[1]
02:31:16.0 (3678087)|SYSTEM_METHOD_EXIT|[1]|JSON
02:31:16.0 (3688946)|METHOD_ENTRY|[226]||System.JSON.deserializeUntyped(String)
02:31:16.0 (4516740)|METHOD_EXIT|[226]||System.JSON.deserializeUntyped(String)
02:31:16.0 (4526704)|VARIABLE_SCOPE_BEGIN|[226]|items|List<ANY>|true|false
02:31:16.0 (4556531)|HEAP_ALLOCATE|[EXTERNAL]|Bytes:8
02:31:16.0 (4571978)|VARIABLE_ASSIGNMENT|[226]|items|["Map of size 20 too large to display"]|0x6fc84663
02:31:16.0 (4642657)|HEAP_ALLOCATE|[228]|Bytes:5
02:31:16.0 (4658707)|HEAP_ALLOCATE|[228]|Bytes:84
02:31:16.0 (4668469)|VARIABLE_SCOPE_BEGIN|[228]|obj|Object|false|false
02:31:16.0 (4679970)|VARIABLE_ASSIGNMENT|[228]|obj|"Map of size 20 too large to display"
02:31:16.0 (4682883)|STATEMENT_EXECUTE|[228]
02:31:16.0 (4684323)|STATEMENT_EXECUTE|[229]
02:31:16.0 (4689816)|VARIABLE_SCOPE_BEGIN|[229]|mObj|Map<String,ANY>|true|false
02:31:16.0 (4696205)|VARIABLE_ASSIGNMENT|[229]|mObj|"Map of size 20 too large to display"|0x45af8195
02:31:16.0 (4697932)|STATEMENT_EXECUTE|[232]
02:31:16.0 (4700790)|HEAP_ALLOCATE|[232]|Bytes:2
02:31:16.0 (4733613)|HEAP_ALLOCATE|[232]|Bytes:4
02:31:16.0 (4737360)|VARIABLE_SCOPE_BEGIN|[232]|objId|Id|false|false
02:31:16.0 (4854346)|VARIABLE_ASSIGNMENT|[232]|objId|"a2628000000raQUAAY"
02:31:16.0 (4858667)|STATEMENT_EXECUTE|[233]
02:31:16.0 (4930598)|VARIABLE_SCOPE_BEGIN|[233]|objType|Schema.SObjectType|true|false
02:31:16.0 (4984150)|VARIABLE_ASSIGNMENT|[233]|objType|"common.apex.runtime.impl.ApexSObjectTypeToken@2f516c8f"|0x2f516c8f
02:31:16.0 (4987686)|STATEMENT_EXECUTE|[234]
02:31:16.0 (5179149)|HEAP_ALLOCATE|[234]|Bytes:8
02:31:16.0 (5190893)|VARIABLE_SCOPE_BEGIN|[234]|sObj|SObject|true|false
02:31:16.0 (5204937)|VARIABLE_ASSIGNMENT|[234]|sObj|{"Id":"a2628000000raQUAAY"}|0x3b9d56a4
02:31:16.0 (5213680)|HEAP_ALLOCATE|[237]|Bytes:4
02:31:16.0 (5282679)|HEAP_ALLOCATE|[237]|Bytes:333
02:31:16.0 (5312402)|HEAP_ALLOCATE|[237]|Bytes:80
02:31:16.0 (5333237)|HEAP_ALLOCATE|[237]|Bytes:5
02:31:16.0 (5345438)|VARIABLE_SCOPE_BEGIN|[237]|field|String|false|false
02:31:16.0 (5351774)|VARIABLE_ASSIGNMENT|[237]|field|"attributes"
02:31:16.0 (5354226)|STATEMENT_EXECUTE|[237]
02:31:16.0 (5355719)|STATEMENT_EXECUTE|[238]
02:31:16.0 (5547340)|HEAP_ALLOCATE|[238]|Bytes:4
02:31:16.0 (5875311)|HEAP_ALLOCATE|[238]|Bytes:64
02:31:16.0 (5910667)|VARIABLE_SCOPE_BEGIN|[238]|sfield|Schema.SObjectField|true|false
02:31:16.0 (5918302)|VARIABLE_ASSIGNMENT|[238]|sfield|null|
02:31:16.0 (5923359)|STATEMENT_EXECUTE|[239]
02:31:16.0 (5932754)|HEAP_ALLOCATE|[237]|Bytes:5
02:31:16.0 (5941671)|VARIABLE_SCOPE_BEGIN|[237]|field|String|false|false
02:31:16.0 (5946638)|VARIABLE_ASSIGNMENT|[237]|field|"Id"
02:31:16.0 (5948539)|STATEMENT_EXECUTE|[237]
02:31:16.0 (5949661)|STATEMENT_EXECUTE|[238]
02:31:16.0 (5961025)|HEAP_ALLOCATE|[238]|Bytes:4
02:31:16.0 (6063625)|HEAP_ALLOCATE|[238]|Bytes:64
02:31:16.0 (6083126)|VARIABLE_SCOPE_BEGIN|[238]|sfield|Schema.SObjectField|true|false
02:31:16.0 (6138350)|VARIABLE_ASSIGNMENT|[238]|sfield|"common.apex.runtime.impl.ApexFieldToken@6b5b7abf"|0x6b5b7abf
02:31:16.0 (6376018)|HEAP_ALLOCATE|[239]|Bytes:8
02:31:16.0 (6396546)|STATEMENT_EXECUTE|[239]
02:31:16.0 (6407501)|HEAP_ALLOCATE|[237]|Bytes:5
02:31:16.0 (6417315)|VARIABLE_SCOPE_BEGIN|[237]|field|String|false|false
02:31:16.0 (6423909)|VARIABLE_ASSIGNMENT|[237]|field|"OwnerId"
02:31:16.0 (6426089)|STATEMENT_EXECUTE|[237]
02:31:16.0 (6427297)|STATEMENT_EXECUTE|[238]
02:31:16.0 (6437024)|HEAP_ALLOCATE|[238]|Bytes:4
02:31:16.0 (6532764)|HEAP_ALLOCATE|[238]|Bytes:64
02:31:16.0 (6561399)|VARIABLE_SCOPE_BEGIN|[238]|sfield|Schema.SObjectField|true|false
02:31:16.0 (6617293)|VARIABLE_ASSIGNMENT|[238]|sfield|"common.apex.runtime.impl.ApexFieldToken@10dae5f6"|0x10dae5f6
02:31:16.0 (6802086)|HEAP_ALLOCATE|[239]|Bytes:8
02:31:16.0 (6820104)|STATEMENT_EXECUTE|[239]
02:31:16.0 (6878341)|HEAP_ALLOCATE|[240]|Bytes:8
02:31:16.0 (7420674)|HEAP_ALLOCATE|[240]|Bytes:12
02:31:16.0 (7521164)|HEAP_ALLOCATE|[246]|Bytes:8
02:31:16.0 (7547858)|HEAP_ALLOCATE|[246]|Bytes:12
02:31:16.0 (7573928)|STATEMENT_EXECUTE|[252]
02:31:16.0 (7575937)|STATEMENT_EXECUTE|[253]
02:31:16.0 (7690631)|HEAP_ALLOCATE|[237]|Bytes:5
02:31:16.0 (7709936)|VARIABLE_SCOPE_BEGIN|[237]|field|String|false|false
02:31:16.0 (7719724)|VARIABLE_ASSIGNMENT|[237]|field|"IsDeleted"
02:31:16.0 (7723450)|STATEMENT_EXECUTE|[237]
02:31:16.0 (7725154)|STATEMENT_EXECUTE|[238]
02:31:16.0 (7743470)|HEAP_ALLOCATE|[238]|Bytes:4
02:31:16.0 (7874379)|HEAP_ALLOCATE|[238]|Bytes:64
02:31:16.0 (7894646)|VARIABLE_SCOPE_BEGIN|[238]|sfield|Schema.SObjectField|true|false
02:31:16.0 (7961453)|VARIABLE_ASSIGNMENT|[238]|sfield|"common.apex.runtime.impl.ApexFieldToken@4b9db80f"|0x4b9db80f
02:31:16.0 (8074959)|HEAP_ALLOCATE|[239]|Bytes:8
02:31:16.0 (8088534)|STATEMENT_EXECUTE|[239]
02:31:16.0 (8098458)|HEAP_ALLOCATE|[237]|Bytes:5
02:31:16.0 (8108141)|VARIABLE_SCOPE_BEGIN|[237]|field|String|false|false
02:31:16.0 (8114715)|VARIABLE_ASSIGNMENT|[237]|field|"Name"
02:31:16.0 (8116704)|STATEMENT_EXECUTE|[237]
02:31:16.0 (8117828)|STATEMENT_EXECUTE|[238]
02:31:16.0 (8126844)|HEAP_ALLOCATE|[238]|Bytes:4
02:31:16.0 (8229102)|HEAP_ALLOCATE|[238]|Bytes:64
02:31:16.0 (8246863)|VARIABLE_SCOPE_BEGIN|[238]|sfield|Schema.SObjectField|true|false
02:31:16.0 (8308574)|VARIABLE_ASSIGNMENT|[238]|sfield|"common.apex.runtime.impl.ApexFieldToken@478f8a46"|0x478f8a46
02:31:16.0 (8474777)|HEAP_ALLOCATE|[239]|Bytes:8
02:31:16.0 (8494780)|STATEMENT_EXECUTE|[239]
02:31:16.0 (8516246)|HEAP_ALLOCATE|[240]|Bytes:8
02:31:16.0 (8538350)|HEAP_ALLOCATE|[240]|Bytes:12
02:31:16.0 (8584318)|HEAP_ALLOCATE|[246]|Bytes:8
02:31:16.0 (8599243)|HEAP_ALLOCATE|[246]|Bytes:12
02:31:16.0 (8618337)|STATEMENT_EXECUTE|[252]
02:31:16.0 (8619859)|STATEMENT_EXECUTE|[253]
02:31:16.0 (8673716)|HEAP_ALLOCATE|[237]|Bytes:5
02:31:16.0 (8684063)|VARIABLE_SCOPE_BEGIN|[237]|field|String|false|false
02:31:16.0 (8691104)|VARIABLE_ASSIGNMENT|[237]|field|"CreatedDate"
02:31:16.0 (8693340)|STATEMENT_EXECUTE|[237]
02:31:16.0 (8694445)|STATEMENT_EXECUTE|[238]
02:31:16.0 (8704573)|HEAP_ALLOCATE|[238]|Bytes:4
02:31:16.0 (8808216)|HEAP_ALLOCATE|[238]|Bytes:64
02:31:16.0 (8836279)|VARIABLE_SCOPE_BEGIN|[238]|sfield|Schema.SObjectField|true|false
02:31:16.0 (8910905)|VARIABLE_ASSIGNMENT|[238]|sfield|"common.apex.runtime.impl.ApexFieldToken@84db494"|0x84db494
02:31:16.0 (9092407)|HEAP_ALLOCATE|[239]|Bytes:8
02:31:16.0 (9107290)|STATEMENT_EXECUTE|[239]
02:31:16.0 (9118177)|HEAP_ALLOCATE|[237]|Bytes:5
02:31:16.0 (9128641)|VARIABLE_SCOPE_BEGIN|[237]|field|String|false|false
02:31:16.0 (9135576)|VARIABLE_ASSIGNMENT|[237]|field|"CreatedById"
02:31:16.0 (9137647)|STATEMENT_EXECUTE|[237]
02:31:16.0 (9138809)|STATEMENT_EXECUTE|[238]
02:31:16.0 (9147645)|HEAP_ALLOCATE|[238]|Bytes:4
02:31:16.0 (9260409)|HEAP_ALLOCATE|[238]|Bytes:64
02:31:16.0 (9282224)|VARIABLE_SCOPE_BEGIN|[238]|sfield|Schema.SObjectField|true|false
02:31:16.0 (9344991)|VARIABLE_ASSIGNMENT|[238]|sfield|"common.apex.runtime.impl.ApexFieldToken@1faaf52"|0x1faaf52
02:31:16.0 (9498514)|HEAP_ALLOCATE|[239]|Bytes:8
02:31:16.0 (9511931)|STATEMENT_EXECUTE|[239]
02:31:16.0 (9535358)|HEAP_ALLOCATE|[237]|Bytes:5
02:31:16.0 (9545473)|VARIABLE_SCOPE_BEGIN|[237]|field|String|false|false
02:31:16.0 (9552587)|VARIABLE_ASSIGNMENT|[237]|field|"LastModifiedDate"
02:31:16.0 (9554715)|STATEMENT_EXECUTE|[237]
02:31:16.0 (9555860)|STATEMENT_EXECUTE|[238]
02:31:16.0 (9565270)|HEAP_ALLOCATE|[238]|Bytes:4
02:31:16.0 (9658828)|HEAP_ALLOCATE|[238]|Bytes:64
02:31:16.0 (9675741)|VARIABLE_SCOPE_BEGIN|[238]|sfield|Schema.SObjectField|true|false
02:31:16.0 (9728521)|VARIABLE_ASSIGNMENT|[238]|sfield|"common.apex.runtime.impl.ApexFieldToken@573de153"|0x573de153
02:31:16.0 (9855068)|HEAP_ALLOCATE|[239]|Bytes:8
02:31:16.0 (9867595)|STATEMENT_EXECUTE|[239]
02:31:16.0 (9877151)|HEAP_ALLOCATE|[237]|Bytes:5
02:31:16.0 (9886312)|VARIABLE_SCOPE_BEGIN|[237]|field|String|false|false
02:31:16.0 (9893054)|VARIABLE_ASSIGNMENT|[237]|field|"LastModifiedById"
02:31:16.0 (9894967)|STATEMENT_EXECUTE|[237]
02:31:16.0 (9896017)|STATEMENT_EXECUTE|[238]
02:31:16.0 (9904209)|HEAP_ALLOCATE|[238]|Bytes:4
02:31:16.0 (10011334)|HEAP_ALLOCATE|[238]|Bytes:64
02:31:16.0 (10038122)|VARIABLE_SCOPE_BEGIN|[238]|sfield|Schema.SObjectField|true|false
02:31:16.0 (10090407)|VARIABLE_ASSIGNMENT|[238]|sfield|"common.apex.runtime.impl.ApexFieldToken@418f2c6c"|0x418f2c6c
02:31:16.0 (10211126)|HEAP_ALLOCATE|[239]|Bytes:8
02:31:16.0 (10223570)|STATEMENT_EXECUTE|[239]
02:31:16.0 (10233758)|HEAP_ALLOCATE|[237]|Bytes:5
02:31:16.0 (10252141)|VARIABLE_SCOPE_BEGIN|[237]|field|String|false|false
02:31:16.0 (10260023)|VARIABLE_ASSIGNMENT|[237]|field|"SystemModstamp"
02:31:16.0 (10262119)|STATEMENT_EXECUTE|[237]
02:31:16.0 (10263284)|STATEMENT_EXECUTE|[238]
02:31:16.0 (10272091)|HEAP_ALLOCATE|[238]|Bytes:4
02:31:16.0 (10362912)|HEAP_ALLOCATE|[238]|Bytes:64
02:31:16.0 (10379457)|VARIABLE_SCOPE_BEGIN|[238]|sfield|Schema.SObjectField|true|false
02:31:16.0 (10430434)|VARIABLE_ASSIGNMENT|[238]|sfield|"common.apex.runtime.impl.ApexFieldToken@110202f6"|0x110202f6
02:31:16.0 (10540844)|HEAP_ALLOCATE|[239]|Bytes:8
02:31:16.0 (10554679)|STATEMENT_EXECUTE|[239]
02:31:16.0 (10564833)|HEAP_ALLOCATE|[237]|Bytes:5
02:31:16.0 (10573979)|VARIABLE_SCOPE_BEGIN|[237]|field|String|false|false
02:31:16.0 (10580582)|VARIABLE_ASSIGNMENT|[237]|field|"LastViewedDate"
02:31:16.0 (10582574)|STATEMENT_EXECUTE|[237]
02:31:16.0 (10583654)|STATEMENT_EXECUTE|[238]
02:31:16.0 (10592643)|HEAP_ALLOCATE|[238]|Bytes:4
02:31:16.0 (10684259)|HEAP_ALLOCATE|[238]|Bytes:64
02:31:16.0 (10700904)|VARIABLE_SCOPE_BEGIN|[238]|sfield|Schema.SObjectField|true|false
02:31:16.0 (10754424)|VARIABLE_ASSIGNMENT|[238]|sfield|"common.apex.runtime.impl.ApexFieldToken@5248aea2"|0x5248aea2
02:31:16.0 (11080259)|HEAP_ALLOCATE|[239]|Bytes:8
02:31:16.0 (11102747)|STATEMENT_EXECUTE|[239]
02:31:16.0 (11118400)|HEAP_ALLOCATE|[237]|Bytes:5
02:31:16.0 (11131326)|VARIABLE_SCOPE_BEGIN|[237]|field|String|false|false
02:31:16.0 (11140180)|VARIABLE_ASSIGNMENT|[237]|field|"LastReferencedDate"
02:31:16.0 (11142612)|STATEMENT_EXECUTE|[237]
02:31:16.0 (11144166)|STATEMENT_EXECUTE|[238]
02:31:16.0 (11158452)|HEAP_ALLOCATE|[238]|Bytes:4
02:31:16.0 (11281833)|HEAP_ALLOCATE|[238]|Bytes:64
02:31:16.0 (11304045)|VARIABLE_SCOPE_BEGIN|[238]|sfield|Schema.SObjectField|true|false
02:31:16.0 (11367369)|VARIABLE_ASSIGNMENT|[238]|sfield|"common.apex.runtime.impl.ApexFieldToken@656761d5"|0x656761d5
02:31:16.0 (11479300)|HEAP_ALLOCATE|[239]|Bytes:8
02:31:16.0 (11494995)|STATEMENT_EXECUTE|[239]
02:31:16.0 (11506695)|HEAP_ALLOCATE|[237]|Bytes:5
02:31:16.0 (11517015)|VARIABLE_SCOPE_BEGIN|[237]|field|String|false|false
02:31:16.0 (11523608)|VARIABLE_ASSIGNMENT|[237]|field|"Account__c"
02:31:16.0 (11525839)|STATEMENT_EXECUTE|[237]
02:31:16.0 (11526968)|STATEMENT_EXECUTE|[238]
02:31:16.0 (11536447)|HEAP_ALLOCATE|[238]|Bytes:4
02:31:16.0 (11641313)|HEAP_ALLOCATE|[238]|Bytes:64
02:31:16.0 (11663323)|VARIABLE_SCOPE_BEGIN|[238]|sfield|Schema.SObjectField|true|false
02:31:16.0 (11726710)|VARIABLE_ASSIGNMENT|[238]|sfield|"common.apex.runtime.impl.ApexFieldToken@42adab5"|0x42adab5
02:31:16.0 (12014203)|HEAP_ALLOCATE|[239]|Bytes:8
02:31:16.0 (12029780)|STATEMENT_EXECUTE|[239]
02:31:16.0 (12047907)|HEAP_ALLOCATE|[240]|Bytes:8
02:31:16.0 (12077071)|HEAP_ALLOCATE|[240]|Bytes:12
02:31:16.0 (12133915)|HEAP_ALLOCATE|[246]|Bytes:8
02:31:16.0 (12151086)|HEAP_ALLOCATE|[246]|Bytes:12
02:31:16.0 (12176144)|STATEMENT_EXECUTE|[252]
02:31:16.0 (12178167)|STATEMENT_EXECUTE|[253]
02:31:16.0 (12249912)|HEAP_ALLOCATE|[237]|Bytes:5
02:31:16.0 (12260813)|VARIABLE_SCOPE_BEGIN|[237]|field|String|false|false
02:31:16.0 (12267835)|VARIABLE_ASSIGNMENT|[237]|field|"Contact__c"
02:31:16.0 (12270084)|STATEMENT_EXECUTE|[237]
02:31:16.0 (12271200)|STATEMENT_EXECUTE|[238]
02:31:16.0 (12284681)|HEAP_ALLOCATE|[238]|Bytes:4
02:31:16.0 (12390845)|HEAP_ALLOCATE|[238]|Bytes:64
02:31:16.0 (12411027)|VARIABLE_SCOPE_BEGIN|[238]|sfield|Schema.SObjectField|true|false
02:31:16.0 (12468692)|VARIABLE_ASSIGNMENT|[238]|sfield|"common.apex.runtime.impl.ApexFieldToken@7ced7349"|0x7ced7349
02:31:16.0 (12617257)|HEAP_ALLOCATE|[239]|Bytes:8
02:31:16.0 (12632222)|STATEMENT_EXECUTE|[239]
02:31:16.0 (12649715)|HEAP_ALLOCATE|[240]|Bytes:8
02:31:16.0 (12669759)|HEAP_ALLOCATE|[240]|Bytes:12
02:31:16.0 (12724870)|HEAP_ALLOCATE|[246]|Bytes:8
02:31:16.0 (12745425)|HEAP_ALLOCATE|[246]|Bytes:12
02:31:16.0 (12767237)|STATEMENT_EXECUTE|[252]
02:31:16.0 (12768798)|STATEMENT_EXECUTE|[253]
02:31:16.0 (12834946)|HEAP_ALLOCATE|[237]|Bytes:5
02:31:16.0 (12850557)|VARIABLE_SCOPE_BEGIN|[237]|field|String|false|false
02:31:16.0 (12858658)|VARIABLE_ASSIGNMENT|[237]|field|"Allocation__c"
02:31:16.0 (12861144)|STATEMENT_EXECUTE|[237]
02:31:16.0 (12862263)|STATEMENT_EXECUTE|[238]
02:31:16.0 (12873449)|HEAP_ALLOCATE|[238]|Bytes:4
02:31:16.0 (12975016)|HEAP_ALLOCATE|[238]|Bytes:64
02:31:16.0 (12993241)|VARIABLE_SCOPE_BEGIN|[238]|sfield|Schema.SObjectField|true|false
02:31:16.0 (13051839)|VARIABLE_ASSIGNMENT|[238]|sfield|"common.apex.runtime.impl.ApexFieldToken@2cfeb82f"|0x2cfeb82f
02:31:16.0 (13165597)|HEAP_ALLOCATE|[239]|Bytes:8
02:31:16.0 (13178171)|STATEMENT_EXECUTE|[239]
02:31:16.0 (13198112)|HEAP_ALLOCATE|[240]|Bytes:8
02:31:16.0 (13218331)|HEAP_ALLOCATE|[240]|Bytes:12
02:31:16.0 (13267155)|HEAP_ALLOCATE|[246]|Bytes:8
02:31:16.0 (13282834)|HEAP_ALLOCATE|[246]|Bytes:12
02:31:16.0 (13305759)|STATEMENT_EXECUTE|[252]
02:31:16.0 (13307837)|STATEMENT_EXECUTE|[253]
02:31:16.0 (13372208)|HEAP_ALLOCATE|[237]|Bytes:5
02:31:16.0 (13382744)|VARIABLE_SCOPE_BEGIN|[237]|field|String|false|false
02:31:16.0 (13389807)|VARIABLE_ASSIGNMENT|[237]|field|"OwnerId__Name"
02:31:16.0 (13392076)|STATEMENT_EXECUTE|[237]
02:31:16.0 (13393194)|STATEMENT_EXECUTE|[238]
02:31:16.0 (13403364)|HEAP_ALLOCATE|[238]|Bytes:4
02:31:16.0 (13505529)|HEAP_ALLOCATE|[238]|Bytes:64
02:31:16.0 (13521162)|VARIABLE_SCOPE_BEGIN|[238]|sfield|Schema.SObjectField|true|false
02:31:16.0 (13529376)|VARIABLE_ASSIGNMENT|[238]|sfield|null|
02:31:16.0 (13533875)|STATEMENT_EXECUTE|[239]
02:31:16.0 (13542074)|HEAP_ALLOCATE|[237]|Bytes:5
02:31:16.0 (13550297)|VARIABLE_SCOPE_BEGIN|[237]|field|String|false|false
02:31:16.0 (13555300)|VARIABLE_ASSIGNMENT|[237]|field|"CreatedById__Name"
02:31:16.0 (13557085)|STATEMENT_EXECUTE|[237]
02:31:16.0 (13558104)|STATEMENT_EXECUTE|[238]
02:31:16.0 (13567358)|HEAP_ALLOCATE|[238]|Bytes:4
02:31:16.0 (13663227)|HEAP_ALLOCATE|[238]|Bytes:64
02:31:16.0 (13677797)|VARIABLE_SCOPE_BEGIN|[238]|sfield|Schema.SObjectField|true|false
02:31:16.0 (13682826)|VARIABLE_ASSIGNMENT|[238]|sfield|null|
02:31:16.0 (13686439)|STATEMENT_EXECUTE|[239]
02:31:16.0 (13727157)|HEAP_ALLOCATE|[237]|Bytes:5
02:31:16.0 (13738287)|VARIABLE_SCOPE_BEGIN|[237]|field|String|false|false
02:31:16.0 (13745588)|VARIABLE_ASSIGNMENT|[237]|field|"LastModifiedById__Na (2 more) ..."
02:31:16.0 (13748144)|STATEMENT_EXECUTE|[237]
02:31:16.0 (13749747)|STATEMENT_EXECUTE|[238]
02:31:16.0 (13763628)|HEAP_ALLOCATE|[238]|Bytes:4
02:31:16.0 (13859535)|HEAP_ALLOCATE|[238]|Bytes:64
02:31:16.0 (13877661)|VARIABLE_SCOPE_BEGIN|[238]|sfield|Schema.SObjectField|true|false
02:31:16.0 (13882479)|VARIABLE_ASSIGNMENT|[238]|sfield|null|
02:31:16.0 (13885578)|STATEMENT_EXECUTE|[239]
02:31:16.0 (13892449)|HEAP_ALLOCATE|[237]|Bytes:5
02:31:16.0 (13899329)|VARIABLE_SCOPE_BEGIN|[237]|field|String|false|false
02:31:16.0 (13903893)|VARIABLE_ASSIGNMENT|[237]|field|"Account__c__Name"
02:31:16.0 (13905676)|STATEMENT_EXECUTE|[237]
02:31:16.0 (13906905)|STATEMENT_EXECUTE|[238]
02:31:16.0 (13915459)|HEAP_ALLOCATE|[238]|Bytes:4
02:31:16.0 (14006210)|HEAP_ALLOCATE|[238]|Bytes:64
02:31:16.0 (14021261)|VARIABLE_SCOPE_BEGIN|[238]|sfield|Schema.SObjectField|true|false
02:31:16.0 (14025561)|VARIABLE_ASSIGNMENT|[238]|sfield|null|
02:31:16.0 (14028483)|STATEMENT_EXECUTE|[239]
02:31:16.0 (14037629)|HEAP_ALLOCATE|[237]|Bytes:5
02:31:16.0 (14045943)|VARIABLE_SCOPE_BEGIN|[237]|field|String|false|false
02:31:16.0 (14050630)|VARIABLE_ASSIGNMENT|[237]|field|"Contact__c__Name"
02:31:16.0 (14052293)|STATEMENT_EXECUTE|[237]
02:31:16.0 (14053307)|STATEMENT_EXECUTE|[238]
02:31:16.0 (14061594)|HEAP_ALLOCATE|[238]|Bytes:4
02:31:16.0 (14148513)|HEAP_ALLOCATE|[238]|Bytes:64
02:31:16.0 (14163300)|VARIABLE_SCOPE_BEGIN|[238]|sfield|Schema.SObjectField|true|false
02:31:16.0 (14167639)|VARIABLE_ASSIGNMENT|[238]|sfield|null|
02:31:16.0 (14170532)|STATEMENT_EXECUTE|[239]
02:31:16.0 (14177335)|HEAP_ALLOCATE|[237]|Bytes:5
02:31:16.0 (14183648)|VARIABLE_ASSIGNMENT|[237]|field|null
02:31:16.0 (14186445)|STATEMENT_EXECUTE|[258]
02:31:16.0 (14227363)|HEAP_ALLOCATE|[EXTERNAL]|Bytes:4
02:31:16.0 (14241513)|HEAP_ALLOCATE|[228]|Bytes:5
02:31:16.0 (14252403)|VARIABLE_ASSIGNMENT|[228]|obj|null
02:31:16.0 (14255185)|STATEMENT_EXECUTE|[261]
02:31:16.0 (14299640)|DML_BEGIN|[261]|Op:Update|Type:SObject|Rows:1
02:31:16.0 (14319659)|HEAP_ALLOCATE|[EXTERNAL]|Bytes:8
02:31:16.0 (50258434)|DML_END|[261]
02:31:16.0 (50316635)|HEAP_ALLOCATE|[EXTERNAL]|Bytes:8
02:31:16.0 (50331259)|STATEMENT_EXECUTE|[262]
02:31:16.0 (50340454)|HEAP_ALLOCATE|[262]|Bytes:5
02:31:16.0 (50351008)|HEAP_ALLOCATE|[262]|Bytes:5
02:31:16.0 (50357426)|SYSTEM_MODE_EXIT|false
02:31:16.57 (57099676)|CUMULATIVE_LIMIT_USAGE
02:31:16.57 (57099676)|LIMIT_USAGE_FOR_NS|(default)|
  Number of SOQL queries: 0 out of 100
  Number of query rows: 0 out of 50000
  Number of SOSL queries: 0 out of 20
  Number of DML statements: 1 out of 150
  Number of DML rows: 1 out of 10000
  Maximum CPU time: 0 out of 10000
  Maximum heap size: 0 out of 6000000
  Number of callouts: 0 out of 100
  Number of Email Invocations: 0 out of 10
  Number of future calls: 0 out of 50
  Number of queueable jobs added to the queue: 0 out of 50
  Number of Mobile Apex push calls: 0 out of 10

02:31:16.57 (57099676)|CUMULATIVE_LIMIT_USAGE_END

02:31:16.0 (57137706)|CODE_UNIT_FINISHED|RelatedListDataGridController.saveRelatedListItems
