40.0 APEX_CODE,FINEST;APEX_PROFILING,INFO;CALLOUT,INFO;DB,INFO;SYSTEM,DEBUG;VALIDATION,INFO;VISUALFORCE,INFO;WAVE,INFO;WORKFLOW,INFO
07:31:09.0 (57656)|USER_INFO|[EXTERNAL]|005280000056Sdu|ngmmadhan@gmail.com|Pacific Standard Time|GMT-07:00
07:31:09.0 (81919)|EXECUTION_STARTED
07:31:09.0 (85273)|CODE_UNIT_STARTED|[EXTERNAL]|aura
07:31:09.0 (335803)|HEAP_ALLOCATE|[72]|Bytes:3
07:31:09.0 (371079)|HEAP_ALLOCATE|[77]|Bytes:152
07:31:09.0 (386538)|HEAP_ALLOCATE|[342]|Bytes:408
07:31:09.0 (405923)|HEAP_ALLOCATE|[355]|Bytes:408
07:31:09.0 (420500)|HEAP_ALLOCATE|[467]|Bytes:48
07:31:09.0 (447588)|HEAP_ALLOCATE|[139]|Bytes:6
07:31:09.0 (464816)|HEAP_ALLOCATE|[EXTERNAL]|Bytes:94
07:31:09.0 (469979)|HEAP_ALLOCATE|[EXTERNAL]|Bytes:94
07:31:09.0 (481711)|CODE_UNIT_FINISHED|aura
07:31:09.0 (1174125)|EXECUTION_FINISHED
07:31:09.1 (1809680)|USER_INFO|[EXTERNAL]|005280000056Sdu|ngmmadhan@gmail.com|Pacific Standard Time|GMT-07:00
07:31:09.1 (1816628)|EXECUTION_STARTED
07:31:09.1 (1819062)|CODE_UNIT_STARTED|[EXTERNAL]|01p2800000EnYhK|CruderCntrl.ReadSObjects
07:31:09.1 (1897700)|HEAP_ALLOCATE|[EXTERNAL]|Bytes:30
07:31:09.1 (1902531)|HEAP_ALLOCATE|[EXTERNAL]|Bytes:16
07:31:09.1 (1911320)|METHOD_ENTRY|[16]|01p2800000EnYhK|CruderCntrl.CruderCntrl()
07:31:09.1 (1915248)|STATEMENT_EXECUTE|[16]
07:31:09.1 (1919995)|STATEMENT_EXECUTE|[16]
07:31:09.1 (1951452)|HEAP_ALLOCATE|[50]|Bytes:5
07:31:09.1 (1974447)|HEAP_ALLOCATE|[56]|Bytes:5
07:31:09.1 (1980424)|HEAP_ALLOCATE|[64]|Bytes:7
07:31:09.1 (1995276)|SYSTEM_MODE_ENTER|false
07:31:09.1 (2007011)|HEAP_ALLOCATE|[EXTERNAL]|Bytes:5
07:31:09.1 (2010730)|STATEMENT_EXECUTE|[201]
07:31:09.1 (2012591)|STATEMENT_EXECUTE|[213]
07:31:09.1 (2017145)|SYSTEM_MODE_EXIT|false
07:31:09.1 (2023873)|METHOD_EXIT|[16]|CruderCntrl
07:31:09.1 (2027571)|HEAP_ALLOCATE|[EXTERNAL]|Bytes:94
07:31:09.1 (2031804)|SYSTEM_MODE_ENTER|false
07:31:09.1 (2036704)|VARIABLE_SCOPE_BEGIN|[22]|query|String|false|false
07:31:09.1 (2052604)|VARIABLE_ASSIGNMENT|[22]|query|"SELECT ID,Parent_War (74 more) ..."
07:31:09.1 (2062153)|HEAP_ALLOCATE|[23]|Bytes:5
07:31:09.1 (2065495)|STATEMENT_EXECUTE|[22]
07:31:09.1 (2067107)|STATEMENT_EXECUTE|[23]
07:31:09.1 (2127824)|HEAP_ALLOCATE|[23]|Bytes:20
07:31:09.1 (2139537)|CONSTRUCTOR_ENTRY|[23]|01p2800000EnYhK|<init>()
07:31:09.1 (2158453)|VARIABLE_SCOPE_BEGIN|[201]|this|CruderCntrl.OutputWrapper|true|false
07:31:09.1 (2185178)|VARIABLE_ASSIGNMENT|[201]|this|{}|0x693b2901
07:31:09.1 (2192098)|HEAP_ALLOCATE|[EXTERNAL]|Bytes:6
07:31:09.1 (2210488)|STATEMENT_EXECUTE|[201]
07:31:09.1 (2212125)|STATEMENT_EXECUTE|[203]
07:31:09.1 (2213275)|STATEMENT_EXECUTE|[205]
07:31:09.1 (2214448)|STATEMENT_EXECUTE|[207]
07:31:09.1 (2215568)|STATEMENT_EXECUTE|[209]
07:31:09.1 (2220000)|CONSTRUCTOR_EXIT|[23]|01p2800000EnYhK|<init>()
07:31:09.1 (2223846)|VARIABLE_SCOPE_BEGIN|[23]|wrapObj|CruderCntrl.OutputWrapper|true|false
07:31:09.1 (2233955)|VARIABLE_ASSIGNMENT|[23]|wrapObj|{}|0x693b2901
07:31:09.1 (2235888)|STATEMENT_EXECUTE|[24]
07:31:09.1 (2240268)|VARIABLE_SCOPE_BEGIN|[24]|sObjectApiName|String|false|false
07:31:09.1 (2244591)|VARIABLE_ASSIGNMENT|[24]|sObjectApiName|""
07:31:09.1 (2246287)|STATEMENT_EXECUTE|[25]
07:31:09.1 (2248166)|VARIABLE_SCOPE_BEGIN|[25]|sObjectLabel|String|false|false
07:31:09.1 (2250888)|VARIABLE_ASSIGNMENT|[25]|sObjectLabel|""
07:31:09.1 (2252300)|STATEMENT_EXECUTE|[26]
07:31:09.1 (2256300)|VARIABLE_SCOPE_BEGIN|[26]|success|Boolean|false|false
07:31:09.1 (2260656)|HEAP_ALLOCATE|[26]|Bytes:5
07:31:09.1 (2265043)|VARIABLE_ASSIGNMENT|[26]|success|false
07:31:09.1 (2266564)|STATEMENT_EXECUTE|[27]
07:31:09.1 (2300175)|HEAP_ALLOCATE|[27]|Bytes:4
07:31:09.1 (2326595)|VARIABLE_SCOPE_BEGIN|[27]|sObjList|List<SObject>|true|false
07:31:09.1 (2336327)|HEAP_ALLOCATE|[EXTERNAL]|Bytes:4
07:31:09.1 (2345164)|VARIABLE_ASSIGNMENT|[27]|sObjList|[]|0x2e1b668d
07:31:09.1 (2347086)|STATEMENT_EXECUTE|[29]
07:31:09.1 (2348289)|STATEMENT_EXECUTE|[29]
07:31:09.1 (2349269)|STATEMENT_EXECUTE|[30]
07:31:09.1 (2378441)|HEAP_ALLOCATE|[30]|Bytes:5
07:31:09.1 (3086914)|SOQL_EXECUTE_BEGIN|[30]|Aggregations:0|SELECT ID,Parent_Warranty_Code__r.Name, Warranty_Code__c,Description__c FROM Warranty_Codes__c
07:31:09.1 (6334336)|SOQL_EXECUTE_END|[30]|Rows:6
07:31:09.1 (6351603)|HEAP_ALLOCATE|[30]|Bytes:28
07:31:09.1 (6382364)|HEAP_ALLOCATE|[30]|Bytes:857
07:31:09.1 (6449480)|HEAP_ALLOCATE|[30]|Bytes:28
07:31:09.1 (6468918)|VARIABLE_ASSIGNMENT|[30]|sObjList|"List of size 6 too large to display"|0x29ad83b9
07:31:09.1 (6534794)|STATEMENT_EXECUTE|[31]
07:31:09.1 (6536966)|STATEMENT_EXECUTE|[32]
07:31:09.1 (6562536)|HEAP_ALLOCATE|[32]|Bytes:24
07:31:09.1 (6634081)|VARIABLE_SCOPE_BEGIN|[32]|type|Schema.SObjectType|true|false
07:31:09.1 (6721700)|VARIABLE_ASSIGNMENT|[32]|type|"common.apex.runtime.impl.ApexSObjectTypeToken@6ad19b3c"|0x6ad19b3c
07:31:09.1 (6726107)|STATEMENT_EXECUTE|[33]
07:31:09.1 (6964990)|HEAP_ALLOCATE|[33]|Bytes:4
07:31:09.1 (6989215)|VARIABLE_SCOPE_BEGIN|[33]|sobjectDescribe|Schema.DescribeSObjectResult|true|false
07:31:09.1 (7053330)|VARIABLE_ASSIGNMENT|[33]|sobjectDescribe|"common.api.soap.wsdl.DescribeSObjectResult@33d95277"|0x5e638660
07:31:09.1 (7057953)|STATEMENT_EXECUTE|[34]
07:31:09.1 (7068351)|HEAP_ALLOCATE|[34]|Bytes:24
07:31:09.1 (7133721)|HEAP_ALLOCATE|[34]|Bytes:17
07:31:09.1 (7145997)|VARIABLE_ASSIGNMENT|[34]|sObjectApiName|"Warranty_Codes__c"
07:31:09.1 (7148496)|STATEMENT_EXECUTE|[35]
07:31:09.1 (7171028)|HEAP_ALLOCATE|[35]|Bytes:13
07:31:09.1 (7175825)|VARIABLE_ASSIGNMENT|[35]|sObjectLabel|"Warranty Code"
07:31:09.1 (7177598)|STATEMENT_EXECUTE|[36]
07:31:09.1 (7182261)|HEAP_ALLOCATE|[36]|Bytes:5
07:31:09.1 (7186437)|VARIABLE_ASSIGNMENT|[36]|success|true
07:31:09.1 (7188477)|STATEMENT_EXECUTE|[38]
07:31:09.1 (7200920)|VARIABLE_ASSIGNMENT|[38]|this.sObjList|"List of size 6 too large to display"|0x693b2901
07:31:09.1 (7202916)|STATEMENT_EXECUTE|[39]
07:31:09.1 (7207023)|VARIABLE_ASSIGNMENT|[39]|this.sObjectLabel|"Warranty Code"|0x693b2901
07:31:09.1 (7208881)|STATEMENT_EXECUTE|[40]
07:31:09.1 (7212307)|VARIABLE_ASSIGNMENT|[40]|this.sObjectApiName|"Warranty_Codes__c"|0x693b2901
07:31:09.1 (7213858)|STATEMENT_EXECUTE|[41]
07:31:09.1 (7216395)|HEAP_ALLOCATE|[41]|Bytes:5
07:31:09.1 (7219881)|VARIABLE_ASSIGNMENT|[41]|this.success|true|0x693b2901
07:31:09.1 (7222390)|STATEMENT_EXECUTE|[49]
07:31:09.1 (7231176)|SYSTEM_MODE_EXIT|false
07:31:09.7 (7253397)|CUMULATIVE_LIMIT_USAGE
07:31:09.7 (7253397)|LIMIT_USAGE_FOR_NS|(default)|
  Number of SOQL queries: 1 out of 100
  Number of query rows: 6 out of 50000
  Number of SOSL queries: 0 out of 20
  Number of DML statements: 0 out of 150
  Number of DML rows: 0 out of 10000
  Maximum CPU time: 0 out of 10000
  Maximum heap size: 0 out of 6000000
  Number of callouts: 0 out of 100
  Number of Email Invocations: 0 out of 10
  Number of future calls: 0 out of 50
  Number of queueable jobs added to the queue: 0 out of 50
  Number of Mobile Apex push calls: 0 out of 10

07:31:09.7 (7253397)|CUMULATIVE_LIMIT_USAGE_END

07:31:09.1 (7280549)|CODE_UNIT_FINISHED|CruderCntrl.ReadSObjects
07:31:09.1 (8574061)|EXECUTION_FINISHED
07:31:09.9 (9785576)|USER_INFO|[EXTERNAL]|005280000056Sdu|ngmmadhan@gmail.com|Pacific Standard Time|GMT-07:00
07:31:09.9 (9792664)|EXECUTION_STARTED
07:31:09.9 (9795243)|CODE_UNIT_STARTED|[EXTERNAL]|Aura
07:31:09.9 (9865775)|CODE_UNIT_FINISHED|Aura
07:31:09.9 (10496814)|EXECUTION_FINISHED
