40.0 APEX_CODE,FINEST;APEX_PROFILING,INFO;CALLOUT,INFO;DB,INFO;SYSTEM,DEBUG;VALIDATION,INFO;VISUALFORCE,INFO;WAVE,INFO;WORKFLOW,INFO
07:41:34.0 (320366)|USER_INFO|[EXTERNAL]|005280000056Sdu|ngmmadhan@gmail.com|Pacific Standard Time|GMT-07:00
07:41:34.0 (342895)|EXECUTION_STARTED
07:41:34.0 (346287)|CODE_UNIT_STARTED|[EXTERNAL]|aura
07:41:34.0 (603237)|HEAP_ALLOCATE|[72]|Bytes:3
07:41:34.0 (627083)|HEAP_ALLOCATE|[77]|Bytes:152
07:41:34.0 (638860)|HEAP_ALLOCATE|[342]|Bytes:408
07:41:34.0 (655658)|HEAP_ALLOCATE|[355]|Bytes:408
07:41:34.0 (669494)|HEAP_ALLOCATE|[467]|Bytes:48
07:41:34.0 (691843)|HEAP_ALLOCATE|[139]|Bytes:6
07:41:34.0 (707682)|HEAP_ALLOCATE|[EXTERNAL]|Bytes:94
07:41:34.0 (713231)|HEAP_ALLOCATE|[EXTERNAL]|Bytes:94
07:41:34.0 (728855)|CODE_UNIT_FINISHED|aura
07:41:34.0 (1752417)|EXECUTION_FINISHED
07:41:34.2 (2624714)|USER_INFO|[EXTERNAL]|005280000056Sdu|ngmmadhan@gmail.com|Pacific Standard Time|GMT-07:00
07:41:34.2 (2631818)|EXECUTION_STARTED
07:41:34.2 (2634736)|CODE_UNIT_STARTED|[EXTERNAL]|01p2800000EnYhK|CruderCntrl.ReadSObjects
07:41:34.2 (2699041)|HEAP_ALLOCATE|[EXTERNAL]|Bytes:30
07:41:34.2 (2703474)|HEAP_ALLOCATE|[EXTERNAL]|Bytes:16
07:41:34.2 (2711774)|METHOD_ENTRY|[16]|01p2800000EnYhK|CruderCntrl.CruderCntrl()
07:41:34.2 (2715416)|STATEMENT_EXECUTE|[16]
07:41:34.2 (2719151)|STATEMENT_EXECUTE|[16]
07:41:34.2 (2745805)|HEAP_ALLOCATE|[50]|Bytes:5
07:41:34.2 (2764293)|HEAP_ALLOCATE|[56]|Bytes:5
07:41:34.2 (2771241)|HEAP_ALLOCATE|[64]|Bytes:7
07:41:34.2 (2791822)|SYSTEM_MODE_ENTER|false
07:41:34.2 (2800147)|HEAP_ALLOCATE|[EXTERNAL]|Bytes:5
07:41:34.2 (2803571)|STATEMENT_EXECUTE|[201]
07:41:34.2 (2805220)|STATEMENT_EXECUTE|[213]
07:41:34.2 (2809308)|SYSTEM_MODE_EXIT|false
07:41:34.2 (2816172)|METHOD_EXIT|[16]|CruderCntrl
07:41:34.2 (2820092)|HEAP_ALLOCATE|[EXTERNAL]|Bytes:94
07:41:34.2 (2824895)|SYSTEM_MODE_ENTER|false
07:41:34.2 (2830798)|VARIABLE_SCOPE_BEGIN|[22]|query|String|false|false
07:41:34.2 (2849522)|VARIABLE_ASSIGNMENT|[22]|query|"SELECT ID,Parent_War (74 more) ..."
07:41:34.2 (2862002)|HEAP_ALLOCATE|[23]|Bytes:5
07:41:34.2 (2865300)|STATEMENT_EXECUTE|[22]
07:41:34.2 (2866621)|STATEMENT_EXECUTE|[23]
07:41:34.2 (2933388)|HEAP_ALLOCATE|[23]|Bytes:20
07:41:34.2 (2944275)|CONSTRUCTOR_ENTRY|[23]|01p2800000EnYhK|<init>()
07:41:34.2 (2961778)|VARIABLE_SCOPE_BEGIN|[201]|this|CruderCntrl.OutputWrapper|true|false
07:41:34.2 (2996360)|VARIABLE_ASSIGNMENT|[201]|this|{}|0x53963a98
07:41:34.2 (3003907)|HEAP_ALLOCATE|[EXTERNAL]|Bytes:6
07:41:34.2 (3022868)|STATEMENT_EXECUTE|[201]
07:41:34.2 (3024477)|STATEMENT_EXECUTE|[203]
07:41:34.2 (3025814)|STATEMENT_EXECUTE|[205]
07:41:34.2 (3026967)|STATEMENT_EXECUTE|[207]
07:41:34.2 (3028087)|STATEMENT_EXECUTE|[209]
07:41:34.2 (3032512)|CONSTRUCTOR_EXIT|[23]|01p2800000EnYhK|<init>()
07:41:34.2 (3036604)|VARIABLE_SCOPE_BEGIN|[23]|wrapObj|CruderCntrl.OutputWrapper|true|false
07:41:34.2 (3048080)|VARIABLE_ASSIGNMENT|[23]|wrapObj|{}|0x53963a98
07:41:34.2 (3050200)|STATEMENT_EXECUTE|[24]
07:41:34.2 (3054618)|VARIABLE_SCOPE_BEGIN|[24]|sObjectApiName|String|false|false
07:41:34.2 (3059041)|VARIABLE_ASSIGNMENT|[24]|sObjectApiName|""
07:41:34.2 (3061207)|STATEMENT_EXECUTE|[25]
07:41:34.2 (3066730)|VARIABLE_SCOPE_BEGIN|[25]|sObjectLabel|String|false|false
07:41:34.2 (3069582)|VARIABLE_ASSIGNMENT|[25]|sObjectLabel|""
07:41:34.2 (3071150)|STATEMENT_EXECUTE|[26]
07:41:34.2 (3074312)|VARIABLE_SCOPE_BEGIN|[26]|success|Boolean|false|false
07:41:34.2 (3078335)|HEAP_ALLOCATE|[26]|Bytes:5
07:41:34.2 (3083314)|VARIABLE_ASSIGNMENT|[26]|success|false
07:41:34.2 (3084893)|STATEMENT_EXECUTE|[27]
07:41:34.2 (3117194)|HEAP_ALLOCATE|[27]|Bytes:4
07:41:34.2 (3146592)|VARIABLE_SCOPE_BEGIN|[27]|sObjList|List<SObject>|true|false
07:41:34.2 (3153734)|HEAP_ALLOCATE|[EXTERNAL]|Bytes:4
07:41:34.2 (3163074)|VARIABLE_ASSIGNMENT|[27]|sObjList|[]|0x683eb1eb
07:41:34.2 (3165029)|STATEMENT_EXECUTE|[29]
07:41:34.2 (3166192)|STATEMENT_EXECUTE|[29]
07:41:34.2 (3167176)|STATEMENT_EXECUTE|[30]
07:41:34.2 (3192141)|HEAP_ALLOCATE|[30]|Bytes:5
07:41:34.2 (4520539)|SOQL_EXECUTE_BEGIN|[30]|Aggregations:0|SELECT ID,Parent_Warranty_Code__r.Name, Warranty_Code__c,Description__c FROM Warranty_Codes__c
07:41:34.2 (9198186)|SOQL_EXECUTE_END|[30]|Rows:6
07:41:34.2 (9216799)|HEAP_ALLOCATE|[30]|Bytes:28
07:41:34.2 (9252031)|HEAP_ALLOCATE|[30]|Bytes:857
07:41:34.2 (9325189)|HEAP_ALLOCATE|[30]|Bytes:28
07:41:34.2 (9352929)|VARIABLE_ASSIGNMENT|[30]|sObjList|"List of size 6 too large to display"|0x302909d7
07:41:34.2 (9434063)|STATEMENT_EXECUTE|[31]
07:41:34.2 (9436321)|STATEMENT_EXECUTE|[32]
07:41:34.2 (9466397)|HEAP_ALLOCATE|[32]|Bytes:24
07:41:34.2 (9543304)|VARIABLE_SCOPE_BEGIN|[32]|type|Schema.SObjectType|true|false
07:41:34.2 (9634549)|VARIABLE_ASSIGNMENT|[32]|type|"common.apex.runtime.impl.ApexSObjectTypeToken@522c704c"|0x522c704c
07:41:34.2 (9639419)|STATEMENT_EXECUTE|[33]
07:41:34.2 (10179019)|HEAP_ALLOCATE|[33]|Bytes:4
07:41:34.2 (10210914)|VARIABLE_SCOPE_BEGIN|[33]|sobjectDescribe|Schema.DescribeSObjectResult|true|false
07:41:34.2 (10294701)|VARIABLE_ASSIGNMENT|[33]|sobjectDescribe|"common.api.soap.wsdl.DescribeSObjectResult@33d95277"|0x58ef37d0
07:41:34.2 (10299092)|STATEMENT_EXECUTE|[34]
07:41:34.2 (10310111)|HEAP_ALLOCATE|[34]|Bytes:24
07:41:34.2 (10389500)|HEAP_ALLOCATE|[34]|Bytes:17
07:41:34.2 (10403130)|VARIABLE_ASSIGNMENT|[34]|sObjectApiName|"Warranty_Codes__c"
07:41:34.2 (10405920)|STATEMENT_EXECUTE|[35]
07:41:34.2 (10429085)|HEAP_ALLOCATE|[35]|Bytes:13
07:41:34.2 (10434526)|VARIABLE_ASSIGNMENT|[35]|sObjectLabel|"Warranty Code"
07:41:34.2 (10436450)|STATEMENT_EXECUTE|[36]
07:41:34.2 (10441684)|HEAP_ALLOCATE|[36]|Bytes:5
07:41:34.2 (10446756)|VARIABLE_ASSIGNMENT|[36]|success|true
07:41:34.2 (10448868)|STATEMENT_EXECUTE|[38]
07:41:34.2 (10463378)|VARIABLE_ASSIGNMENT|[38]|this.sObjList|"List of size 6 too large to display"|0x53963a98
07:41:34.2 (10465402)|STATEMENT_EXECUTE|[39]
07:41:34.2 (10469746)|VARIABLE_ASSIGNMENT|[39]|this.sObjectLabel|"Warranty Code"|0x53963a98
07:41:34.2 (10471545)|STATEMENT_EXECUTE|[40]
07:41:34.2 (10475001)|VARIABLE_ASSIGNMENT|[40]|this.sObjectApiName|"Warranty_Codes__c"|0x53963a98
07:41:34.2 (10491797)|STATEMENT_EXECUTE|[41]
07:41:34.2 (10495176)|HEAP_ALLOCATE|[41]|Bytes:5
07:41:34.2 (10508112)|VARIABLE_ASSIGNMENT|[41]|this.success|true|0x53963a98
07:41:34.2 (10511534)|STATEMENT_EXECUTE|[49]
07:41:34.2 (10525182)|SYSTEM_MODE_EXIT|false
07:41:34.10 (10549217)|CUMULATIVE_LIMIT_USAGE
07:41:34.10 (10549217)|LIMIT_USAGE_FOR_NS|(default)|
  Number of SOQL queries: 1 out of 100
  Number of query rows: 6 out of 50000
  Number of SOSL queries: 0 out of 20
  Number of DML statements: 0 out of 150
  Number of DML rows: 0 out of 10000
  Maximum CPU time: 0 out of 10000
  Maximum heap size: 0 out of 6000000
  Number of callouts: 0 out of 100
  Number of Email Invocations: 0 out of 10
  Number of future calls: 0 out of 50
  Number of queueable jobs added to the queue: 0 out of 50
  Number of Mobile Apex push calls: 0 out of 10

07:41:34.10 (10549217)|CUMULATIVE_LIMIT_USAGE_END

07:41:34.2 (10579252)|CODE_UNIT_FINISHED|CruderCntrl.ReadSObjects
07:41:34.2 (11558934)|EXECUTION_FINISHED
07:41:34.12 (12806526)|USER_INFO|[EXTERNAL]|005280000056Sdu|ngmmadhan@gmail.com|Pacific Standard Time|GMT-07:00
07:41:34.12 (12814107)|EXECUTION_STARTED
07:41:34.12 (12816843)|CODE_UNIT_STARTED|[EXTERNAL]|Aura
07:41:34.12 (12894117)|CODE_UNIT_FINISHED|Aura
07:41:34.12 (13493002)|EXECUTION_FINISHED
