40.0 APEX_CODE,FINEST;APEX_PROFILING,INFO;CALLOUT,INFO;DB,INFO;SYSTEM,DEBUG;VALIDATION,INFO;VISUALFORCE,INFO;WAVE,INFO;WORKFLOW,INFO
21:12:20.0 (67266)|USER_INFO|[EXTERNAL]|005280000056Sdu|ngmmadhan@gmail.com|Pacific Standard Time|GMT-07:00
21:12:20.0 (101124)|EXECUTION_STARTED
21:12:20.0 (105571)|CODE_UNIT_STARTED|[EXTERNAL]|aura
21:12:20.0 (399925)|HEAP_ALLOCATE|[72]|Bytes:3
21:12:20.0 (436775)|HEAP_ALLOCATE|[77]|Bytes:152
21:12:20.0 (451351)|HEAP_ALLOCATE|[342]|Bytes:408
21:12:20.0 (465158)|HEAP_ALLOCATE|[355]|Bytes:408
21:12:20.0 (476627)|HEAP_ALLOCATE|[467]|Bytes:48
21:12:20.0 (505056)|HEAP_ALLOCATE|[139]|Bytes:6
21:12:20.0 (527705)|HEAP_ALLOCATE|[EXTERNAL]|Bytes:97
21:12:20.0 (535567)|HEAP_ALLOCATE|[EXTERNAL]|Bytes:97
21:12:20.0 (550188)|CODE_UNIT_FINISHED|aura
21:12:20.0 (1399700)|EXECUTION_FINISHED
21:12:20.2 (2084169)|USER_INFO|[EXTERNAL]|005280000056Sdu|ngmmadhan@gmail.com|Pacific Standard Time|GMT-07:00
21:12:20.2 (2090684)|EXECUTION_STARTED
21:12:20.2 (2093258)|CODE_UNIT_STARTED|[EXTERNAL]|01p2800000EnYhK|CruderCntrl.ReadSObjects
21:12:20.2 (2163312)|HEAP_ALLOCATE|[EXTERNAL]|Bytes:30
21:12:20.2 (2167383)|HEAP_ALLOCATE|[EXTERNAL]|Bytes:16
21:12:20.2 (2173849)|METHOD_ENTRY|[16]|01p2800000EnYhK|CruderCntrl.CruderCntrl()
21:12:20.2 (2176708)|STATEMENT_EXECUTE|[16]
21:12:20.2 (2181422)|STATEMENT_EXECUTE|[16]
21:12:20.2 (2215092)|HEAP_ALLOCATE|[50]|Bytes:5
21:12:20.2 (2248348)|HEAP_ALLOCATE|[56]|Bytes:5
21:12:20.2 (2257571)|HEAP_ALLOCATE|[64]|Bytes:7
21:12:20.2 (2276805)|SYSTEM_MODE_ENTER|false
21:12:20.2 (2291086)|HEAP_ALLOCATE|[EXTERNAL]|Bytes:5
21:12:20.2 (2295153)|STATEMENT_EXECUTE|[201]
21:12:20.2 (2297038)|STATEMENT_EXECUTE|[213]
21:12:20.2 (2302228)|SYSTEM_MODE_EXIT|false
21:12:20.2 (2311137)|METHOD_EXIT|[16]|CruderCntrl
21:12:20.2 (2316115)|HEAP_ALLOCATE|[EXTERNAL]|Bytes:97
21:12:20.2 (2322470)|SYSTEM_MODE_ENTER|false
21:12:20.2 (2328771)|VARIABLE_SCOPE_BEGIN|[22]|query|String|false|false
21:12:20.2 (2352593)|VARIABLE_ASSIGNMENT|[22]|query|"SELECT ID, Name, Des (77 more) ..."
21:12:20.2 (2365716)|HEAP_ALLOCATE|[23]|Bytes:5
21:12:20.2 (2369709)|STATEMENT_EXECUTE|[22]
21:12:20.2 (2371096)|STATEMENT_EXECUTE|[23]
21:12:20.2 (2437229)|HEAP_ALLOCATE|[23]|Bytes:20
21:12:20.2 (2452192)|CONSTRUCTOR_ENTRY|[23]|01p2800000EnYhK|<init>()
21:12:20.2 (2471256)|VARIABLE_SCOPE_BEGIN|[201]|this|CruderCntrl.OutputWrapper|true|false
21:12:20.2 (2505002)|VARIABLE_ASSIGNMENT|[201]|this|{}|0x3f704b0
21:12:20.2 (2513736)|HEAP_ALLOCATE|[EXTERNAL]|Bytes:6
21:12:20.2 (2535993)|STATEMENT_EXECUTE|[201]
21:12:20.2 (2538085)|STATEMENT_EXECUTE|[203]
21:12:20.2 (2539760)|STATEMENT_EXECUTE|[205]
21:12:20.2 (2541264)|STATEMENT_EXECUTE|[207]
21:12:20.2 (2542788)|STATEMENT_EXECUTE|[209]
21:12:20.2 (2547837)|CONSTRUCTOR_EXIT|[23]|01p2800000EnYhK|<init>()
21:12:20.2 (2552681)|VARIABLE_SCOPE_BEGIN|[23]|wrapObj|CruderCntrl.OutputWrapper|true|false
21:12:20.2 (2568759)|VARIABLE_ASSIGNMENT|[23]|wrapObj|{}|0x3f704b0
21:12:20.2 (2572132)|STATEMENT_EXECUTE|[24]
21:12:20.2 (2578163)|VARIABLE_SCOPE_BEGIN|[24]|sObjectApiName|String|false|false
21:12:20.2 (2584171)|VARIABLE_ASSIGNMENT|[24]|sObjectApiName|""
21:12:20.2 (2586288)|STATEMENT_EXECUTE|[25]
21:12:20.2 (2588659)|VARIABLE_SCOPE_BEGIN|[25]|sObjectLabel|String|false|false
21:12:20.2 (2592472)|VARIABLE_ASSIGNMENT|[25]|sObjectLabel|""
21:12:20.2 (2594475)|STATEMENT_EXECUTE|[26]
21:12:20.2 (2598489)|VARIABLE_SCOPE_BEGIN|[26]|success|Boolean|false|false
21:12:20.2 (2603758)|HEAP_ALLOCATE|[26]|Bytes:5
21:12:20.2 (2611217)|VARIABLE_ASSIGNMENT|[26]|success|false
21:12:20.2 (2613289)|STATEMENT_EXECUTE|[27]
21:12:20.2 (2653397)|HEAP_ALLOCATE|[27]|Bytes:4
21:12:20.2 (2685621)|VARIABLE_SCOPE_BEGIN|[27]|sObjList|List<SObject>|true|false
21:12:20.2 (2694241)|HEAP_ALLOCATE|[EXTERNAL]|Bytes:4
21:12:20.2 (2703503)|VARIABLE_ASSIGNMENT|[27]|sObjList|[]|0x4502f697
21:12:20.2 (2706194)|STATEMENT_EXECUTE|[29]
21:12:20.2 (2707535)|STATEMENT_EXECUTE|[29]
21:12:20.2 (2708877)|STATEMENT_EXECUTE|[30]
21:12:20.2 (2742989)|HEAP_ALLOCATE|[30]|Bytes:5
21:12:20.2 (3286731)|SOQL_EXECUTE_BEGIN|[30]|Aggregations:0|SELECT ID, Name, Description__c, Parent_Warranty_Code__c, Warranty_Code__c FROM Warranty_Codes__c
21:12:20.2 (5423721)|SOQL_EXECUTE_END|[30]|Rows:6
21:12:20.2 (5442781)|HEAP_ALLOCATE|[30]|Bytes:28
21:12:20.2 (5474606)|HEAP_ALLOCATE|[30]|Bytes:737
21:12:20.2 (5548270)|HEAP_ALLOCATE|[30]|Bytes:28
21:12:20.2 (5571480)|VARIABLE_ASSIGNMENT|[30]|sObjList|"List of size 6 too large to display"|0x5d61d121
21:12:20.2 (5645775)|STATEMENT_EXECUTE|[31]
21:12:20.2 (5648665)|STATEMENT_EXECUTE|[32]
21:12:20.2 (5678928)|HEAP_ALLOCATE|[32]|Bytes:24
21:12:20.2 (5757396)|VARIABLE_SCOPE_BEGIN|[32]|type|Schema.SObjectType|true|false
21:12:20.2 (5872186)|VARIABLE_ASSIGNMENT|[32]|type|"common.apex.runtime.impl.ApexSObjectTypeToken@65f5c615"|0x65f5c615
21:12:20.2 (5877713)|STATEMENT_EXECUTE|[33]
21:12:20.2 (6104012)|HEAP_ALLOCATE|[33]|Bytes:4
21:12:20.2 (6134695)|VARIABLE_SCOPE_BEGIN|[33]|sobjectDescribe|Schema.DescribeSObjectResult|true|false
21:12:20.2 (6198944)|VARIABLE_ASSIGNMENT|[33]|sobjectDescribe|"common.api.soap.wsdl.DescribeSObjectResult@33d95277"|0xe9efef7
21:12:20.2 (6203093)|STATEMENT_EXECUTE|[34]
21:12:20.2 (6212611)|HEAP_ALLOCATE|[34]|Bytes:24
21:12:20.2 (6268172)|HEAP_ALLOCATE|[34]|Bytes:17
21:12:20.2 (6278916)|VARIABLE_ASSIGNMENT|[34]|sObjectApiName|"Warranty_Codes__c"
21:12:20.2 (6281069)|STATEMENT_EXECUTE|[35]
21:12:20.2 (6300118)|HEAP_ALLOCATE|[35]|Bytes:13
21:12:20.2 (6304464)|VARIABLE_ASSIGNMENT|[35]|sObjectLabel|"Warranty Code"
21:12:20.2 (6306238)|STATEMENT_EXECUTE|[36]
21:12:20.2 (6310344)|HEAP_ALLOCATE|[36]|Bytes:5
21:12:20.2 (6313928)|VARIABLE_ASSIGNMENT|[36]|success|true
21:12:20.2 (6315695)|STATEMENT_EXECUTE|[38]
21:12:20.2 (6325994)|VARIABLE_ASSIGNMENT|[38]|this.sObjList|"List of size 6 too large to display"|0x3f704b0
21:12:20.2 (6327552)|STATEMENT_EXECUTE|[39]
21:12:20.2 (6331118)|VARIABLE_ASSIGNMENT|[39]|this.sObjectLabel|"Warranty Code"|0x3f704b0
21:12:20.2 (6332649)|STATEMENT_EXECUTE|[40]
21:12:20.2 (6335716)|VARIABLE_ASSIGNMENT|[40]|this.sObjectApiName|"Warranty_Codes__c"|0x3f704b0
21:12:20.2 (6336995)|STATEMENT_EXECUTE|[41]
21:12:20.2 (6339239)|HEAP_ALLOCATE|[41]|Bytes:5
21:12:20.2 (6342331)|VARIABLE_ASSIGNMENT|[41]|this.success|true|0x3f704b0
21:12:20.2 (6344451)|STATEMENT_EXECUTE|[49]
21:12:20.2 (6351543)|SYSTEM_MODE_EXIT|false
21:12:20.6 (6369735)|CUMULATIVE_LIMIT_USAGE
21:12:20.6 (6369735)|LIMIT_USAGE_FOR_NS|(default)|
  Number of SOQL queries: 1 out of 100
  Number of query rows: 6 out of 50000
  Number of SOSL queries: 0 out of 20
  Number of DML statements: 0 out of 150
  Number of DML rows: 0 out of 10000
  Maximum CPU time: 0 out of 10000
  Maximum heap size: 0 out of 6000000
  Number of callouts: 0 out of 100
  Number of Email Invocations: 0 out of 10
  Number of future calls: 0 out of 50
  Number of queueable jobs added to the queue: 0 out of 50
  Number of Mobile Apex push calls: 0 out of 10

21:12:20.6 (6369735)|CUMULATIVE_LIMIT_USAGE_END

21:12:20.2 (6392961)|CODE_UNIT_FINISHED|CruderCntrl.ReadSObjects
21:12:20.2 (7398005)|EXECUTION_FINISHED
21:12:20.8 (8772769)|USER_INFO|[EXTERNAL]|005280000056Sdu|ngmmadhan@gmail.com|Pacific Standard Time|GMT-07:00
21:12:20.8 (8780787)|EXECUTION_STARTED
21:12:20.8 (8783759)|CODE_UNIT_STARTED|[EXTERNAL]|Aura
21:12:20.8 (8899405)|CODE_UNIT_FINISHED|Aura
21:12:20.8 (9666800)|EXECUTION_FINISHED
