40.0 APEX_CODE,FINEST;APEX_PROFILING,INFO;CALLOUT,INFO;DB,INFO;SYSTEM,DEBUG;VALIDATION,INFO;VISUALFORCE,INFO;WAVE,INFO;WORKFLOW,INFO
07:32:12.0 (62875)|USER_INFO|[EXTERNAL]|005280000056Sdu|ngmmadhan@gmail.com|Pacific Standard Time|GMT-07:00
07:32:12.0 (87098)|EXECUTION_STARTED
07:32:12.0 (90713)|CODE_UNIT_STARTED|[EXTERNAL]|aura
07:32:12.0 (330599)|HEAP_ALLOCATE|[72]|Bytes:3
07:32:12.0 (352526)|HEAP_ALLOCATE|[77]|Bytes:152
07:32:12.0 (364723)|HEAP_ALLOCATE|[342]|Bytes:408
07:32:12.0 (378578)|HEAP_ALLOCATE|[355]|Bytes:408
07:32:12.0 (391894)|HEAP_ALLOCATE|[467]|Bytes:48
07:32:12.0 (413134)|HEAP_ALLOCATE|[139]|Bytes:6
07:32:12.0 (427394)|HEAP_ALLOCATE|[EXTERNAL]|Bytes:94
07:32:12.0 (432867)|HEAP_ALLOCATE|[EXTERNAL]|Bytes:94
07:32:12.0 (446237)|CODE_UNIT_FINISHED|aura
07:32:12.0 (1207983)|EXECUTION_FINISHED
07:32:12.1 (1868448)|USER_INFO|[EXTERNAL]|005280000056Sdu|ngmmadhan@gmail.com|Pacific Standard Time|GMT-07:00
07:32:12.1 (1876160)|EXECUTION_STARTED
07:32:12.1 (1878423)|CODE_UNIT_STARTED|[EXTERNAL]|01p2800000EnYhK|CruderCntrl.ReadSObjects
07:32:12.1 (1946961)|HEAP_ALLOCATE|[EXTERNAL]|Bytes:30
07:32:12.1 (1951689)|HEAP_ALLOCATE|[EXTERNAL]|Bytes:16
07:32:12.1 (1960922)|METHOD_ENTRY|[16]|01p2800000EnYhK|CruderCntrl.CruderCntrl()
07:32:12.1 (1964713)|STATEMENT_EXECUTE|[16]
07:32:12.1 (1969784)|STATEMENT_EXECUTE|[16]
07:32:12.1 (2000396)|HEAP_ALLOCATE|[50]|Bytes:5
07:32:12.1 (2017908)|HEAP_ALLOCATE|[56]|Bytes:5
07:32:12.1 (2023540)|HEAP_ALLOCATE|[64]|Bytes:7
07:32:12.1 (2038680)|SYSTEM_MODE_ENTER|false
07:32:12.1 (2046936)|HEAP_ALLOCATE|[EXTERNAL]|Bytes:5
07:32:12.1 (2050096)|STATEMENT_EXECUTE|[201]
07:32:12.1 (2051799)|STATEMENT_EXECUTE|[213]
07:32:12.1 (2054677)|SYSTEM_MODE_EXIT|false
07:32:12.1 (2060808)|METHOD_EXIT|[16]|CruderCntrl
07:32:12.1 (2064800)|HEAP_ALLOCATE|[EXTERNAL]|Bytes:94
07:32:12.1 (2068712)|SYSTEM_MODE_ENTER|false
07:32:12.1 (2073526)|VARIABLE_SCOPE_BEGIN|[22]|query|String|false|false
07:32:12.1 (2093596)|VARIABLE_ASSIGNMENT|[22]|query|"SELECT ID,Parent_War (74 more) ..."
07:32:12.1 (2102011)|HEAP_ALLOCATE|[23]|Bytes:5
07:32:12.1 (2105127)|STATEMENT_EXECUTE|[22]
07:32:12.1 (2106467)|STATEMENT_EXECUTE|[23]
07:32:12.1 (2168615)|HEAP_ALLOCATE|[23]|Bytes:20
07:32:12.1 (2179704)|CONSTRUCTOR_ENTRY|[23]|01p2800000EnYhK|<init>()
07:32:12.1 (2198282)|VARIABLE_SCOPE_BEGIN|[201]|this|CruderCntrl.OutputWrapper|true|false
07:32:12.1 (2229566)|VARIABLE_ASSIGNMENT|[201]|this|{}|0x75ca2457
07:32:12.1 (2236271)|HEAP_ALLOCATE|[EXTERNAL]|Bytes:6
07:32:12.1 (2254119)|STATEMENT_EXECUTE|[201]
07:32:12.1 (2255787)|STATEMENT_EXECUTE|[203]
07:32:12.1 (2257094)|STATEMENT_EXECUTE|[205]
07:32:12.1 (2258362)|STATEMENT_EXECUTE|[207]
07:32:12.1 (2259415)|STATEMENT_EXECUTE|[209]
07:32:12.1 (2264089)|CONSTRUCTOR_EXIT|[23]|01p2800000EnYhK|<init>()
07:32:12.1 (2267742)|VARIABLE_SCOPE_BEGIN|[23]|wrapObj|CruderCntrl.OutputWrapper|true|false
07:32:12.1 (2277657)|VARIABLE_ASSIGNMENT|[23]|wrapObj|{}|0x75ca2457
07:32:12.1 (2279501)|STATEMENT_EXECUTE|[24]
07:32:12.1 (2283753)|VARIABLE_SCOPE_BEGIN|[24]|sObjectApiName|String|false|false
07:32:12.1 (2287931)|VARIABLE_ASSIGNMENT|[24]|sObjectApiName|""
07:32:12.1 (2289673)|STATEMENT_EXECUTE|[25]
07:32:12.1 (2291423)|VARIABLE_SCOPE_BEGIN|[25]|sObjectLabel|String|false|false
07:32:12.1 (2293963)|VARIABLE_ASSIGNMENT|[25]|sObjectLabel|""
07:32:12.1 (2295378)|STATEMENT_EXECUTE|[26]
07:32:12.1 (2298387)|VARIABLE_SCOPE_BEGIN|[26]|success|Boolean|false|false
07:32:12.1 (2302543)|HEAP_ALLOCATE|[26]|Bytes:5
07:32:12.1 (2307416)|VARIABLE_ASSIGNMENT|[26]|success|false
07:32:12.1 (2308950)|STATEMENT_EXECUTE|[27]
07:32:12.1 (2337655)|HEAP_ALLOCATE|[27]|Bytes:4
07:32:12.1 (2364519)|VARIABLE_SCOPE_BEGIN|[27]|sObjList|List<SObject>|true|false
07:32:12.1 (2370927)|HEAP_ALLOCATE|[EXTERNAL]|Bytes:4
07:32:12.1 (2379544)|VARIABLE_ASSIGNMENT|[27]|sObjList|[]|0x4c985761
07:32:12.1 (2381623)|STATEMENT_EXECUTE|[29]
07:32:12.1 (2382836)|STATEMENT_EXECUTE|[29]
07:32:12.1 (2383827)|STATEMENT_EXECUTE|[30]
07:32:12.1 (2406263)|HEAP_ALLOCATE|[30]|Bytes:5
07:32:12.1 (2882418)|SOQL_EXECUTE_BEGIN|[30]|Aggregations:0|SELECT ID,Parent_Warranty_Code__r.Name, Warranty_Code__c,Description__c FROM Warranty_Codes__c
07:32:12.1 (5889245)|SOQL_EXECUTE_END|[30]|Rows:6
07:32:12.1 (5903789)|HEAP_ALLOCATE|[30]|Bytes:28
07:32:12.1 (5929295)|HEAP_ALLOCATE|[30]|Bytes:857
07:32:12.1 (5975804)|HEAP_ALLOCATE|[30]|Bytes:28
07:32:12.1 (5998332)|VARIABLE_ASSIGNMENT|[30]|sObjList|"List of size 6 too large to display"|0x19739ad9
07:32:12.1 (6049764)|STATEMENT_EXECUTE|[31]
07:32:12.1 (6052247)|STATEMENT_EXECUTE|[32]
07:32:12.1 (6073220)|HEAP_ALLOCATE|[32]|Bytes:24
07:32:12.1 (6145239)|VARIABLE_SCOPE_BEGIN|[32]|type|Schema.SObjectType|true|false
07:32:12.1 (6236452)|VARIABLE_ASSIGNMENT|[32]|type|"common.apex.runtime.impl.ApexSObjectTypeToken@510690"|0x510690
07:32:12.1 (6241005)|STATEMENT_EXECUTE|[33]
07:32:12.1 (6477698)|HEAP_ALLOCATE|[33]|Bytes:4
07:32:12.1 (6501974)|VARIABLE_SCOPE_BEGIN|[33]|sobjectDescribe|Schema.DescribeSObjectResult|true|false
07:32:12.1 (6564745)|VARIABLE_ASSIGNMENT|[33]|sobjectDescribe|"common.api.soap.wsdl.DescribeSObjectResult@33d95277"|0x2fb012a3
07:32:12.1 (6568802)|STATEMENT_EXECUTE|[34]
07:32:12.1 (6579427)|HEAP_ALLOCATE|[34]|Bytes:24
07:32:12.1 (6642713)|HEAP_ALLOCATE|[34]|Bytes:17
07:32:12.1 (6655340)|VARIABLE_ASSIGNMENT|[34]|sObjectApiName|"Warranty_Codes__c"
07:32:12.1 (6657992)|STATEMENT_EXECUTE|[35]
07:32:12.1 (6681015)|HEAP_ALLOCATE|[35]|Bytes:13
07:32:12.1 (6686006)|VARIABLE_ASSIGNMENT|[35]|sObjectLabel|"Warranty Code"
07:32:12.1 (6687844)|STATEMENT_EXECUTE|[36]
07:32:12.1 (6692584)|HEAP_ALLOCATE|[36]|Bytes:5
07:32:12.1 (6697300)|VARIABLE_ASSIGNMENT|[36]|success|true
07:32:12.1 (6699757)|STATEMENT_EXECUTE|[38]
07:32:12.1 (6713058)|VARIABLE_ASSIGNMENT|[38]|this.sObjList|"List of size 6 too large to display"|0x75ca2457
07:32:12.1 (6715044)|STATEMENT_EXECUTE|[39]
07:32:12.1 (6719077)|VARIABLE_ASSIGNMENT|[39]|this.sObjectLabel|"Warranty Code"|0x75ca2457
07:32:12.1 (6720847)|STATEMENT_EXECUTE|[40]
07:32:12.1 (6724260)|VARIABLE_ASSIGNMENT|[40]|this.sObjectApiName|"Warranty_Codes__c"|0x75ca2457
07:32:12.1 (6725814)|STATEMENT_EXECUTE|[41]
07:32:12.1 (6728388)|HEAP_ALLOCATE|[41]|Bytes:5
07:32:12.1 (6731718)|VARIABLE_ASSIGNMENT|[41]|this.success|true|0x75ca2457
07:32:12.1 (6734246)|STATEMENT_EXECUTE|[49]
07:32:12.1 (6742735)|SYSTEM_MODE_EXIT|false
07:32:12.6 (6764882)|CUMULATIVE_LIMIT_USAGE
07:32:12.6 (6764882)|LIMIT_USAGE_FOR_NS|(default)|
  Number of SOQL queries: 1 out of 100
  Number of query rows: 6 out of 50000
  Number of SOSL queries: 0 out of 20
  Number of DML statements: 0 out of 150
  Number of DML rows: 0 out of 10000
  Maximum CPU time: 0 out of 10000
  Maximum heap size: 0 out of 6000000
  Number of callouts: 0 out of 100
  Number of Email Invocations: 0 out of 10
  Number of future calls: 0 out of 50
  Number of queueable jobs added to the queue: 0 out of 50
  Number of Mobile Apex push calls: 0 out of 10

07:32:12.6 (6764882)|CUMULATIVE_LIMIT_USAGE_END

07:32:12.1 (6794330)|CODE_UNIT_FINISHED|CruderCntrl.ReadSObjects
07:32:12.1 (8177876)|EXECUTION_FINISHED
07:32:12.9 (9836557)|USER_INFO|[EXTERNAL]|005280000056Sdu|ngmmadhan@gmail.com|Pacific Standard Time|GMT-07:00
07:32:12.9 (9846479)|EXECUTION_STARTED
07:32:12.9 (9849842)|CODE_UNIT_STARTED|[EXTERNAL]|Aura
07:32:12.9 (9943763)|CODE_UNIT_FINISHED|Aura
07:32:12.9 (11151181)|EXECUTION_FINISHED
