40.0 APEX_CODE,FINEST;APEX_PROFILING,INFO;CALLOUT,INFO;DB,INFO;SYSTEM,DEBUG;VALIDATION,INFO;VISUALFORCE,INFO;WAVE,INFO;WORKFLOW,INFO
23:06:29.0 (51579)|USER_INFO|[EXTERNAL]|005280000056Sdu|ngmmadhan@gmail.com|Pacific Standard Time|GMT-07:00
23:06:29.0 (73031)|EXECUTION_STARTED
23:06:29.0 (75780)|CODE_UNIT_STARTED|[EXTERNAL]|aura
23:06:29.0 (375302)|HEAP_ALLOCATE|[72]|Bytes:3
23:06:29.0 (439524)|HEAP_ALLOCATE|[77]|Bytes:152
23:06:29.0 (453357)|HEAP_ALLOCATE|[342]|Bytes:408
23:06:29.0 (467794)|HEAP_ALLOCATE|[355]|Bytes:408
23:06:29.0 (488670)|HEAP_ALLOCATE|[467]|Bytes:48
23:06:29.0 (546461)|HEAP_ALLOCATE|[139]|Bytes:6
23:06:29.0 (564406)|HEAP_ALLOCATE|[EXTERNAL]|Bytes:94
23:06:29.0 (579812)|HEAP_ALLOCATE|[EXTERNAL]|Bytes:94
23:06:29.0 (604185)|CODE_UNIT_FINISHED|aura
23:06:29.0 (1533509)|EXECUTION_FINISHED
23:06:29.2 (2331632)|USER_INFO|[EXTERNAL]|005280000056Sdu|ngmmadhan@gmail.com|Pacific Standard Time|GMT-07:00
23:06:29.2 (2340185)|EXECUTION_STARTED
23:06:29.2 (2342828)|CODE_UNIT_STARTED|[EXTERNAL]|01p2800000EnYhK|CruderCntrl.ReadSObjects
23:06:29.2 (2419886)|HEAP_ALLOCATE|[EXTERNAL]|Bytes:30
23:06:29.2 (2427245)|HEAP_ALLOCATE|[EXTERNAL]|Bytes:16
23:06:29.2 (2464513)|METHOD_ENTRY|[16]|01p2800000EnYhK|CruderCntrl.CruderCntrl()
23:06:29.2 (2469142)|STATEMENT_EXECUTE|[16]
23:06:29.2 (2475303)|STATEMENT_EXECUTE|[16]
23:06:29.2 (2520042)|HEAP_ALLOCATE|[50]|Bytes:5
23:06:29.2 (2543375)|HEAP_ALLOCATE|[56]|Bytes:5
23:06:29.2 (2552550)|HEAP_ALLOCATE|[64]|Bytes:7
23:06:29.2 (2572048)|SYSTEM_MODE_ENTER|false
23:06:29.2 (2582706)|HEAP_ALLOCATE|[EXTERNAL]|Bytes:5
23:06:29.2 (2587186)|STATEMENT_EXECUTE|[201]
23:06:29.2 (2589044)|STATEMENT_EXECUTE|[213]
23:06:29.2 (2593044)|SYSTEM_MODE_EXIT|false
23:06:29.2 (2630030)|METHOD_EXIT|[16]|CruderCntrl
23:06:29.2 (2636575)|HEAP_ALLOCATE|[EXTERNAL]|Bytes:94
23:06:29.2 (2643788)|SYSTEM_MODE_ENTER|false
23:06:29.2 (2650167)|VARIABLE_SCOPE_BEGIN|[22]|query|String|false|false
23:06:29.2 (2679006)|VARIABLE_ASSIGNMENT|[22]|query|"SELECT ID,Parent_War (74 more) ..."
23:06:29.2 (2701163)|HEAP_ALLOCATE|[23]|Bytes:5
23:06:29.2 (2706324)|STATEMENT_EXECUTE|[22]
23:06:29.2 (2708049)|STATEMENT_EXECUTE|[23]
23:06:29.2 (2792914)|HEAP_ALLOCATE|[23]|Bytes:20
23:06:29.2 (2821194)|CONSTRUCTOR_ENTRY|[23]|01p2800000EnYhK|<init>()
23:06:29.2 (2848492)|VARIABLE_SCOPE_BEGIN|[201]|this|CruderCntrl.OutputWrapper|true|false
23:06:29.2 (2895055)|VARIABLE_ASSIGNMENT|[201]|this|{}|0x3c76e714
23:06:29.2 (2906407)|HEAP_ALLOCATE|[EXTERNAL]|Bytes:6
23:06:29.2 (2942858)|STATEMENT_EXECUTE|[201]
23:06:29.2 (2945493)|STATEMENT_EXECUTE|[203]
23:06:29.2 (2947377)|STATEMENT_EXECUTE|[205]
23:06:29.2 (2948687)|STATEMENT_EXECUTE|[207]
23:06:29.2 (2950112)|STATEMENT_EXECUTE|[209]
23:06:29.2 (2981615)|CONSTRUCTOR_EXIT|[23]|01p2800000EnYhK|<init>()
23:06:29.2 (2994308)|VARIABLE_SCOPE_BEGIN|[23]|wrapObj|CruderCntrl.OutputWrapper|true|false
23:06:29.2 (3017819)|VARIABLE_ASSIGNMENT|[23]|wrapObj|{}|0x3c76e714
23:06:29.2 (3022305)|STATEMENT_EXECUTE|[24]
23:06:29.2 (3028785)|VARIABLE_SCOPE_BEGIN|[24]|sObjectApiName|String|false|false
23:06:29.2 (3035323)|VARIABLE_ASSIGNMENT|[24]|sObjectApiName|""
23:06:29.2 (3037722)|STATEMENT_EXECUTE|[25]
23:06:29.2 (3040232)|VARIABLE_SCOPE_BEGIN|[25]|sObjectLabel|String|false|false
23:06:29.2 (3044032)|VARIABLE_ASSIGNMENT|[25]|sObjectLabel|""
23:06:29.2 (3046003)|STATEMENT_EXECUTE|[26]
23:06:29.2 (3049729)|VARIABLE_SCOPE_BEGIN|[26]|success|Boolean|false|false
23:06:29.2 (3055712)|HEAP_ALLOCATE|[26]|Bytes:5
23:06:29.2 (3061626)|VARIABLE_ASSIGNMENT|[26]|success|false
23:06:29.2 (3063604)|STATEMENT_EXECUTE|[27]
23:06:29.2 (3105173)|HEAP_ALLOCATE|[27]|Bytes:4
23:06:29.2 (3148490)|VARIABLE_SCOPE_BEGIN|[27]|sObjList|List<SObject>|true|false
23:06:29.2 (3155979)|HEAP_ALLOCATE|[EXTERNAL]|Bytes:4
23:06:29.2 (3169740)|VARIABLE_ASSIGNMENT|[27]|sObjList|[]|0x7f05c768
23:06:29.2 (3172771)|STATEMENT_EXECUTE|[29]
23:06:29.2 (3174195)|STATEMENT_EXECUTE|[29]
23:06:29.2 (3175679)|STATEMENT_EXECUTE|[30]
23:06:29.2 (3234458)|HEAP_ALLOCATE|[30]|Bytes:5
23:06:29.2 (3842816)|SOQL_EXECUTE_BEGIN|[30]|Aggregations:0|SELECT ID,Parent_Warranty_Code__r.Name, Warranty_Code__c,Description__c FROM Warranty_Codes__c
23:06:29.2 (7449587)|SOQL_EXECUTE_END|[30]|Rows:6
23:06:29.2 (7471396)|HEAP_ALLOCATE|[30]|Bytes:28
23:06:29.2 (7505271)|HEAP_ALLOCATE|[30]|Bytes:857
23:06:29.2 (7572720)|HEAP_ALLOCATE|[30]|Bytes:28
23:06:29.2 (7652139)|VARIABLE_ASSIGNMENT|[30]|sObjList|"List of size 6 too large to display"|0x356e1c21
23:06:29.2 (7739049)|STATEMENT_EXECUTE|[31]
23:06:29.2 (7742246)|STATEMENT_EXECUTE|[32]
23:06:29.2 (7771442)|HEAP_ALLOCATE|[32]|Bytes:24
23:06:29.2 (7861477)|VARIABLE_SCOPE_BEGIN|[32]|type|Schema.SObjectType|true|false
23:06:29.2 (7964284)|VARIABLE_ASSIGNMENT|[32]|type|"common.apex.runtime.impl.ApexSObjectTypeToken@163a0314"|0x163a0314
23:06:29.2 (7968387)|STATEMENT_EXECUTE|[33]
23:06:29.2 (8181030)|HEAP_ALLOCATE|[33]|Bytes:4
23:06:29.2 (8210263)|VARIABLE_SCOPE_BEGIN|[33]|sobjectDescribe|Schema.DescribeSObjectResult|true|false
23:06:29.2 (8292699)|VARIABLE_ASSIGNMENT|[33]|sobjectDescribe|"common.api.soap.wsdl.DescribeSObjectResult@33d95277"|0x63d95261
23:06:29.2 (8303068)|STATEMENT_EXECUTE|[34]
23:06:29.2 (8319436)|HEAP_ALLOCATE|[34]|Bytes:24
23:06:29.2 (8393246)|HEAP_ALLOCATE|[34]|Bytes:17
23:06:29.2 (8409828)|VARIABLE_ASSIGNMENT|[34]|sObjectApiName|"Warranty_Codes__c"
23:06:29.2 (8413442)|STATEMENT_EXECUTE|[35]
23:06:29.2 (8441118)|HEAP_ALLOCATE|[35]|Bytes:13
23:06:29.2 (8448582)|VARIABLE_ASSIGNMENT|[35]|sObjectLabel|"Warranty Code"
23:06:29.2 (8451568)|STATEMENT_EXECUTE|[36]
23:06:29.2 (8456673)|HEAP_ALLOCATE|[36]|Bytes:5
23:06:29.2 (8462607)|VARIABLE_ASSIGNMENT|[36]|success|true
23:06:29.2 (8465125)|STATEMENT_EXECUTE|[38]
23:06:29.2 (8481624)|VARIABLE_ASSIGNMENT|[38]|this.sObjList|"List of size 6 too large to display"|0x3c76e714
23:06:29.2 (8484449)|STATEMENT_EXECUTE|[39]
23:06:29.2 (8490705)|VARIABLE_ASSIGNMENT|[39]|this.sObjectLabel|"Warranty Code"|0x3c76e714
23:06:29.2 (8493251)|STATEMENT_EXECUTE|[40]
23:06:29.2 (8498201)|VARIABLE_ASSIGNMENT|[40]|this.sObjectApiName|"Warranty_Codes__c"|0x3c76e714
23:06:29.2 (8500532)|STATEMENT_EXECUTE|[41]
23:06:29.2 (8504483)|HEAP_ALLOCATE|[41]|Bytes:5
23:06:29.2 (8509973)|VARIABLE_ASSIGNMENT|[41]|this.success|true|0x3c76e714
23:06:29.2 (8512913)|STATEMENT_EXECUTE|[49]
23:06:29.2 (8523514)|SYSTEM_MODE_EXIT|false
23:06:29.8 (8552785)|CUMULATIVE_LIMIT_USAGE
23:06:29.8 (8552785)|LIMIT_USAGE_FOR_NS|(default)|
  Number of SOQL queries: 1 out of 100
  Number of query rows: 6 out of 50000
  Number of SOSL queries: 0 out of 20
  Number of DML statements: 0 out of 150
  Number of DML rows: 0 out of 10000
  Maximum CPU time: 0 out of 10000
  Maximum heap size: 0 out of 6000000
  Number of callouts: 0 out of 100
  Number of Email Invocations: 0 out of 10
  Number of future calls: 0 out of 50
  Number of queueable jobs added to the queue: 0 out of 50
  Number of Mobile Apex push calls: 0 out of 10

23:06:29.8 (8552785)|CUMULATIVE_LIMIT_USAGE_END

23:06:29.2 (8588845)|CODE_UNIT_FINISHED|CruderCntrl.ReadSObjects
23:06:29.2 (9635868)|EXECUTION_FINISHED
23:06:29.11 (11119317)|USER_INFO|[EXTERNAL]|005280000056Sdu|ngmmadhan@gmail.com|Pacific Standard Time|GMT-07:00
23:06:29.11 (11128424)|EXECUTION_STARTED
23:06:29.11 (11131287)|CODE_UNIT_STARTED|[EXTERNAL]|Aura
23:06:29.11 (11246842)|CODE_UNIT_FINISHED|Aura
23:06:29.11 (11865234)|EXECUTION_FINISHED
