40.0 APEX_CODE,FINEST;APEX_PROFILING,INFO;CALLOUT,INFO;DB,INFO;SYSTEM,DEBUG;VALIDATION,INFO;VISUALFORCE,INFO;WAVE,INFO;WORKFLOW,INFO
22:48:47.0 (66822)|USER_INFO|[EXTERNAL]|005280000056Sdu|ngmmadhan@gmail.com|Pacific Standard Time|GMT-07:00
22:48:47.0 (98233)|EXECUTION_STARTED
22:48:47.0 (103031)|CODE_UNIT_STARTED|[EXTERNAL]|aura
22:48:47.0 (403076)|HEAP_ALLOCATE|[72]|Bytes:3
22:48:47.0 (438663)|HEAP_ALLOCATE|[77]|Bytes:152
22:48:47.0 (462225)|HEAP_ALLOCATE|[342]|Bytes:408
22:48:47.0 (489294)|HEAP_ALLOCATE|[355]|Bytes:408
22:48:47.0 (514004)|HEAP_ALLOCATE|[467]|Bytes:48
22:48:47.0 (545964)|HEAP_ALLOCATE|[139]|Bytes:6
22:48:47.0 (569031)|HEAP_ALLOCATE|[EXTERNAL]|Bytes:91
22:48:47.0 (575351)|HEAP_ALLOCATE|[EXTERNAL]|Bytes:91
22:48:47.0 (590119)|CODE_UNIT_FINISHED|aura
22:48:47.0 (1462547)|EXECUTION_FINISHED
22:48:47.2 (2251253)|USER_INFO|[EXTERNAL]|005280000056Sdu|ngmmadhan@gmail.com|Pacific Standard Time|GMT-07:00
22:48:47.2 (2261653)|EXECUTION_STARTED
22:48:47.2 (2265499)|CODE_UNIT_STARTED|[EXTERNAL]|01p2800000EnYhK|CruderCntrl.ReadSObjects
22:48:47.2 (2364530)|HEAP_ALLOCATE|[EXTERNAL]|Bytes:30
22:48:47.2 (2371468)|HEAP_ALLOCATE|[EXTERNAL]|Bytes:16
22:48:47.2 (2380421)|METHOD_ENTRY|[16]|01p2800000EnYhK|CruderCntrl.CruderCntrl()
22:48:47.2 (2384278)|STATEMENT_EXECUTE|[16]
22:48:47.2 (2389870)|STATEMENT_EXECUTE|[16]
22:48:47.2 (2426691)|HEAP_ALLOCATE|[50]|Bytes:5
22:48:47.2 (2450423)|HEAP_ALLOCATE|[56]|Bytes:5
22:48:47.2 (2458530)|HEAP_ALLOCATE|[64]|Bytes:7
22:48:47.2 (2476818)|SYSTEM_MODE_ENTER|false
22:48:47.2 (2488827)|HEAP_ALLOCATE|[EXTERNAL]|Bytes:5
22:48:47.2 (2493354)|STATEMENT_EXECUTE|[201]
22:48:47.2 (2495235)|STATEMENT_EXECUTE|[213]
22:48:47.2 (2499319)|SYSTEM_MODE_EXIT|false
22:48:47.2 (2505723)|METHOD_EXIT|[16]|CruderCntrl
22:48:47.2 (2509430)|HEAP_ALLOCATE|[EXTERNAL]|Bytes:91
22:48:47.2 (2513555)|SYSTEM_MODE_ENTER|false
22:48:47.2 (2518317)|VARIABLE_SCOPE_BEGIN|[22]|query|String|false|false
22:48:47.2 (2541270)|VARIABLE_ASSIGNMENT|[22]|query|"SELECT Parent_Warran (71 more) ..."
22:48:47.2 (2551860)|HEAP_ALLOCATE|[23]|Bytes:5
22:48:47.2 (2556221)|STATEMENT_EXECUTE|[22]
22:48:47.2 (2557752)|STATEMENT_EXECUTE|[23]
22:48:47.2 (2621380)|HEAP_ALLOCATE|[23]|Bytes:20
22:48:47.2 (2636197)|CONSTRUCTOR_ENTRY|[23]|01p2800000EnYhK|<init>()
22:48:47.2 (2655808)|VARIABLE_SCOPE_BEGIN|[201]|this|CruderCntrl.OutputWrapper|true|false
22:48:47.2 (2685153)|VARIABLE_ASSIGNMENT|[201]|this|{}|0x109e1437
22:48:47.2 (2692059)|HEAP_ALLOCATE|[EXTERNAL]|Bytes:6
22:48:47.2 (2708971)|STATEMENT_EXECUTE|[201]
22:48:47.2 (2710303)|STATEMENT_EXECUTE|[203]
22:48:47.2 (2711393)|STATEMENT_EXECUTE|[205]
22:48:47.2 (2712361)|STATEMENT_EXECUTE|[207]
22:48:47.2 (2713486)|STATEMENT_EXECUTE|[209]
22:48:47.2 (2716961)|CONSTRUCTOR_EXIT|[23]|01p2800000EnYhK|<init>()
22:48:47.2 (2720095)|VARIABLE_SCOPE_BEGIN|[23]|wrapObj|CruderCntrl.OutputWrapper|true|false
22:48:47.2 (2728875)|VARIABLE_ASSIGNMENT|[23]|wrapObj|{}|0x109e1437
22:48:47.2 (2730673)|STATEMENT_EXECUTE|[24]
22:48:47.2 (2734738)|VARIABLE_SCOPE_BEGIN|[24]|sObjectApiName|String|false|false
22:48:47.2 (2738376)|VARIABLE_ASSIGNMENT|[24]|sObjectApiName|""
22:48:47.2 (2739744)|STATEMENT_EXECUTE|[25]
22:48:47.2 (2741165)|VARIABLE_SCOPE_BEGIN|[25]|sObjectLabel|String|false|false
22:48:47.2 (2743857)|VARIABLE_ASSIGNMENT|[25]|sObjectLabel|""
22:48:47.2 (2744942)|STATEMENT_EXECUTE|[26]
22:48:47.2 (2747471)|VARIABLE_SCOPE_BEGIN|[26]|success|Boolean|false|false
22:48:47.2 (2751047)|HEAP_ALLOCATE|[26]|Bytes:5
22:48:47.2 (2755324)|VARIABLE_ASSIGNMENT|[26]|success|false
22:48:47.2 (2756508)|STATEMENT_EXECUTE|[27]
22:48:47.2 (2787132)|HEAP_ALLOCATE|[27]|Bytes:4
22:48:47.2 (2810456)|VARIABLE_SCOPE_BEGIN|[27]|sObjList|List<SObject>|true|false
22:48:47.2 (2815850)|HEAP_ALLOCATE|[EXTERNAL]|Bytes:4
22:48:47.2 (2822779)|VARIABLE_ASSIGNMENT|[27]|sObjList|[]|0x1c9204aa
22:48:47.2 (2824640)|STATEMENT_EXECUTE|[29]
22:48:47.2 (2825585)|STATEMENT_EXECUTE|[29]
22:48:47.2 (2826505)|STATEMENT_EXECUTE|[30]
22:48:47.2 (2847962)|HEAP_ALLOCATE|[30]|Bytes:5
22:48:47.2 (3386980)|SOQL_EXECUTE_BEGIN|[30]|Aggregations:0|SELECT Parent_Warranty_Code__r.Name, Warranty_Code__c,Description__c FROM Warranty_Codes__c
22:48:47.2 (6586308)|SOQL_EXECUTE_END|[30]|Rows:6
22:48:47.2 (6603018)|HEAP_ALLOCATE|[30]|Bytes:28
22:48:47.2 (6630157)|HEAP_ALLOCATE|[30]|Bytes:857
22:48:47.2 (6691712)|HEAP_ALLOCATE|[30]|Bytes:28
22:48:47.2 (6716644)|VARIABLE_ASSIGNMENT|[30]|sObjList|"List of size 6 too large to display"|0x19126633
22:48:47.2 (6784616)|STATEMENT_EXECUTE|[31]
22:48:47.2 (6787436)|STATEMENT_EXECUTE|[32]
22:48:47.2 (6811889)|HEAP_ALLOCATE|[32]|Bytes:24
22:48:47.2 (6879620)|VARIABLE_SCOPE_BEGIN|[32]|type|Schema.SObjectType|true|false
22:48:47.2 (6988838)|VARIABLE_ASSIGNMENT|[32]|type|"common.apex.runtime.impl.ApexSObjectTypeToken@55e62a49"|0x55e62a49
22:48:47.2 (6993346)|STATEMENT_EXECUTE|[33]
22:48:47.2 (7256949)|HEAP_ALLOCATE|[33]|Bytes:4
22:48:47.2 (7279876)|VARIABLE_SCOPE_BEGIN|[33]|sobjectDescribe|Schema.DescribeSObjectResult|true|false
22:48:47.2 (7367217)|VARIABLE_ASSIGNMENT|[33]|sobjectDescribe|"common.api.soap.wsdl.DescribeSObjectResult@33d95277"|0x2aa77e9c
22:48:47.2 (7371386)|STATEMENT_EXECUTE|[34]
22:48:47.2 (7381143)|HEAP_ALLOCATE|[34]|Bytes:24
22:48:47.2 (7453598)|HEAP_ALLOCATE|[34]|Bytes:17
22:48:47.2 (7465870)|VARIABLE_ASSIGNMENT|[34]|sObjectApiName|"Warranty_Codes__c"
22:48:47.2 (7468739)|STATEMENT_EXECUTE|[35]
22:48:47.2 (7489048)|HEAP_ALLOCATE|[35]|Bytes:13
22:48:47.2 (7493806)|VARIABLE_ASSIGNMENT|[35]|sObjectLabel|"Warranty Code"
22:48:47.2 (7495504)|STATEMENT_EXECUTE|[36]
22:48:47.2 (7499865)|HEAP_ALLOCATE|[36]|Bytes:5
22:48:47.2 (7504101)|VARIABLE_ASSIGNMENT|[36]|success|true
22:48:47.2 (7506416)|STATEMENT_EXECUTE|[38]
22:48:47.2 (7529103)|VARIABLE_ASSIGNMENT|[38]|this.sObjList|"List of size 6 too large to display"|0x109e1437
22:48:47.2 (7531985)|STATEMENT_EXECUTE|[39]
22:48:47.2 (7538670)|VARIABLE_ASSIGNMENT|[39]|this.sObjectLabel|"Warranty Code"|0x109e1437
22:48:47.2 (7540914)|STATEMENT_EXECUTE|[40]
22:48:47.2 (7545712)|VARIABLE_ASSIGNMENT|[40]|this.sObjectApiName|"Warranty_Codes__c"|0x109e1437
22:48:47.2 (7547914)|STATEMENT_EXECUTE|[41]
22:48:47.2 (7551978)|HEAP_ALLOCATE|[41]|Bytes:5
22:48:47.2 (7557772)|VARIABLE_ASSIGNMENT|[41]|this.success|true|0x109e1437
22:48:47.2 (7560978)|STATEMENT_EXECUTE|[49]
22:48:47.2 (7571667)|SYSTEM_MODE_EXIT|false
22:48:47.7 (7595654)|CUMULATIVE_LIMIT_USAGE
22:48:47.7 (7595654)|LIMIT_USAGE_FOR_NS|(default)|
  Number of SOQL queries: 1 out of 100
  Number of query rows: 6 out of 50000
  Number of SOSL queries: 0 out of 20
  Number of DML statements: 0 out of 150
  Number of DML rows: 0 out of 10000
  Maximum CPU time: 0 out of 10000
  Maximum heap size: 0 out of 6000000
  Number of callouts: 0 out of 100
  Number of Email Invocations: 0 out of 10
  Number of future calls: 0 out of 50
  Number of queueable jobs added to the queue: 0 out of 50
  Number of Mobile Apex push calls: 0 out of 10

22:48:47.7 (7595654)|CUMULATIVE_LIMIT_USAGE_END

22:48:47.2 (7622023)|CODE_UNIT_FINISHED|CruderCntrl.ReadSObjects
22:48:47.2 (8701001)|EXECUTION_FINISHED
22:48:47.10 (10243577)|USER_INFO|[EXTERNAL]|005280000056Sdu|ngmmadhan@gmail.com|Pacific Standard Time|GMT-07:00
22:48:47.10 (10259503)|EXECUTION_STARTED
22:48:47.10 (10263556)|CODE_UNIT_STARTED|[EXTERNAL]|Aura
22:48:47.10 (10359012)|CODE_UNIT_FINISHED|Aura
22:48:47.10 (11351205)|EXECUTION_FINISHED
