40.0 APEX_CODE,FINEST;APEX_PROFILING,INFO;CALLOUT,INFO;DB,INFO;SYSTEM,DEBUG;VALIDATION,INFO;VISUALFORCE,INFO;WAVE,INFO;WORKFLOW,INFO
21:37:59.0 (53308)|USER_INFO|[EXTERNAL]|005280000056Sdu|ngmmadhan@gmail.com|Pacific Standard Time|GMT-07:00
21:37:59.0 (76325)|EXECUTION_STARTED
21:37:59.0 (89202)|CODE_UNIT_STARTED|[EXTERNAL]|aura
21:37:59.0 (360677)|HEAP_ALLOCATE|[72]|Bytes:3
21:37:59.0 (397702)|HEAP_ALLOCATE|[77]|Bytes:152
21:37:59.0 (412833)|HEAP_ALLOCATE|[342]|Bytes:408
21:37:59.0 (427052)|HEAP_ALLOCATE|[355]|Bytes:408
21:37:59.0 (438975)|HEAP_ALLOCATE|[467]|Bytes:48
21:37:59.0 (461767)|HEAP_ALLOCATE|[139]|Bytes:6
21:37:59.0 (478232)|HEAP_ALLOCATE|[EXTERNAL]|Bytes:97
21:37:59.0 (483259)|HEAP_ALLOCATE|[EXTERNAL]|Bytes:97
21:37:59.0 (495090)|CODE_UNIT_FINISHED|aura
21:37:59.0 (1535362)|EXECUTION_FINISHED
21:37:59.2 (2269472)|USER_INFO|[EXTERNAL]|005280000056Sdu|ngmmadhan@gmail.com|Pacific Standard Time|GMT-07:00
21:37:59.2 (2276752)|EXECUTION_STARTED
21:37:59.2 (2279449)|CODE_UNIT_STARTED|[EXTERNAL]|01p2800000EnYhK|CruderCntrl.ReadSObjects
21:37:59.2 (2369319)|HEAP_ALLOCATE|[EXTERNAL]|Bytes:30
21:37:59.2 (2374002)|HEAP_ALLOCATE|[EXTERNAL]|Bytes:16
21:37:59.2 (2381322)|METHOD_ENTRY|[16]|01p2800000EnYhK|CruderCntrl.CruderCntrl()
21:37:59.2 (2384949)|STATEMENT_EXECUTE|[16]
21:37:59.2 (2389397)|STATEMENT_EXECUTE|[16]
21:37:59.2 (2425260)|HEAP_ALLOCATE|[50]|Bytes:5
21:37:59.2 (2447718)|HEAP_ALLOCATE|[56]|Bytes:5
21:37:59.2 (2453030)|HEAP_ALLOCATE|[64]|Bytes:7
21:37:59.2 (2469032)|SYSTEM_MODE_ENTER|false
21:37:59.2 (2478342)|HEAP_ALLOCATE|[EXTERNAL]|Bytes:5
21:37:59.2 (2481020)|STATEMENT_EXECUTE|[201]
21:37:59.2 (2482280)|STATEMENT_EXECUTE|[213]
21:37:59.2 (2487150)|SYSTEM_MODE_EXIT|false
21:37:59.2 (2493981)|METHOD_EXIT|[16]|CruderCntrl
21:37:59.2 (2496901)|HEAP_ALLOCATE|[EXTERNAL]|Bytes:97
21:37:59.2 (2501139)|SYSTEM_MODE_ENTER|false
21:37:59.2 (2505120)|VARIABLE_SCOPE_BEGIN|[22]|query|String|false|false
21:37:59.2 (2528196)|VARIABLE_ASSIGNMENT|[22]|query|"SELECT ID, Name, Des (77 more) ..."
21:37:59.2 (2536196)|HEAP_ALLOCATE|[23]|Bytes:5
21:37:59.2 (2538614)|STATEMENT_EXECUTE|[22]
21:37:59.2 (2539908)|STATEMENT_EXECUTE|[23]
21:37:59.2 (2595234)|HEAP_ALLOCATE|[23]|Bytes:20
21:37:59.2 (2606842)|CONSTRUCTOR_ENTRY|[23]|01p2800000EnYhK|<init>()
21:37:59.2 (2622230)|VARIABLE_SCOPE_BEGIN|[201]|this|CruderCntrl.OutputWrapper|true|false
21:37:59.2 (2651815)|VARIABLE_ASSIGNMENT|[201]|this|{}|0x3245a24a
21:37:59.2 (2658090)|HEAP_ALLOCATE|[EXTERNAL]|Bytes:6
21:37:59.2 (2673288)|STATEMENT_EXECUTE|[201]
21:37:59.2 (2674371)|STATEMENT_EXECUTE|[203]
21:37:59.2 (2675414)|STATEMENT_EXECUTE|[205]
21:37:59.2 (2676380)|STATEMENT_EXECUTE|[207]
21:37:59.2 (2677366)|STATEMENT_EXECUTE|[209]
21:37:59.2 (2680963)|CONSTRUCTOR_EXIT|[23]|01p2800000EnYhK|<init>()
21:37:59.2 (2684414)|VARIABLE_SCOPE_BEGIN|[23]|wrapObj|CruderCntrl.OutputWrapper|true|false
21:37:59.2 (2693172)|VARIABLE_ASSIGNMENT|[23]|wrapObj|{}|0x3245a24a
21:37:59.2 (2695267)|STATEMENT_EXECUTE|[24]
21:37:59.2 (2699937)|VARIABLE_SCOPE_BEGIN|[24]|sObjectApiName|String|false|false
21:37:59.2 (2703855)|VARIABLE_ASSIGNMENT|[24]|sObjectApiName|""
21:37:59.2 (2705084)|STATEMENT_EXECUTE|[25]
21:37:59.2 (2706636)|VARIABLE_SCOPE_BEGIN|[25]|sObjectLabel|String|false|false
21:37:59.2 (2708926)|VARIABLE_ASSIGNMENT|[25]|sObjectLabel|""
21:37:59.2 (2709981)|STATEMENT_EXECUTE|[26]
21:37:59.2 (2712842)|VARIABLE_SCOPE_BEGIN|[26]|success|Boolean|false|false
21:37:59.2 (2716331)|HEAP_ALLOCATE|[26]|Bytes:5
21:37:59.2 (2721066)|VARIABLE_ASSIGNMENT|[26]|success|false
21:37:59.2 (2722205)|STATEMENT_EXECUTE|[27]
21:37:59.2 (2753207)|HEAP_ALLOCATE|[27]|Bytes:4
21:37:59.2 (2776623)|VARIABLE_SCOPE_BEGIN|[27]|sObjList|List<SObject>|true|false
21:37:59.2 (2784320)|HEAP_ALLOCATE|[EXTERNAL]|Bytes:4
21:37:59.2 (2791252)|VARIABLE_ASSIGNMENT|[27]|sObjList|[]|0x4c3a259a
21:37:59.2 (2793452)|STATEMENT_EXECUTE|[29]
21:37:59.2 (2794407)|STATEMENT_EXECUTE|[29]
21:37:59.2 (2795409)|STATEMENT_EXECUTE|[30]
21:37:59.2 (2824133)|HEAP_ALLOCATE|[30]|Bytes:5
21:37:59.2 (3230076)|SOQL_EXECUTE_BEGIN|[30]|Aggregations:0|SELECT ID, Name, Description__c, Parent_Warranty_Code__c, Warranty_Code__c FROM Warranty_Codes__c
21:37:59.2 (5044569)|SOQL_EXECUTE_END|[30]|Rows:6
21:37:59.2 (5060801)|HEAP_ALLOCATE|[30]|Bytes:28
21:37:59.2 (5087965)|HEAP_ALLOCATE|[30]|Bytes:737
21:37:59.2 (5148775)|HEAP_ALLOCATE|[30]|Bytes:28
21:37:59.2 (5171279)|VARIABLE_ASSIGNMENT|[30]|sObjList|"List of size 6 too large to display"|0x1da1503
21:37:59.2 (5233505)|STATEMENT_EXECUTE|[31]
21:37:59.2 (5235214)|STATEMENT_EXECUTE|[32]
21:37:59.2 (5254369)|HEAP_ALLOCATE|[32]|Bytes:24
21:37:59.2 (5315615)|VARIABLE_SCOPE_BEGIN|[32]|type|Schema.SObjectType|true|false
21:37:59.2 (5427568)|VARIABLE_ASSIGNMENT|[32]|type|"common.apex.runtime.impl.ApexSObjectTypeToken@2887eafd"|0x2887eafd
21:37:59.2 (5431295)|STATEMENT_EXECUTE|[33]
21:37:59.2 (5653344)|HEAP_ALLOCATE|[33]|Bytes:4
21:37:59.2 (5674738)|VARIABLE_SCOPE_BEGIN|[33]|sobjectDescribe|Schema.DescribeSObjectResult|true|false
21:37:59.2 (5732689)|VARIABLE_ASSIGNMENT|[33]|sobjectDescribe|"common.api.soap.wsdl.DescribeSObjectResult@33d95277"|0x5a8d04db
21:37:59.2 (5735733)|STATEMENT_EXECUTE|[34]
21:37:59.2 (5744224)|HEAP_ALLOCATE|[34]|Bytes:24
21:37:59.2 (5798535)|HEAP_ALLOCATE|[34]|Bytes:17
21:37:59.2 (5808814)|VARIABLE_ASSIGNMENT|[34]|sObjectApiName|"Warranty_Codes__c"
21:37:59.2 (5811302)|STATEMENT_EXECUTE|[35]
21:37:59.2 (5830845)|HEAP_ALLOCATE|[35]|Bytes:13
21:37:59.2 (5835062)|VARIABLE_ASSIGNMENT|[35]|sObjectLabel|"Warranty Code"
21:37:59.2 (5836723)|STATEMENT_EXECUTE|[36]
21:37:59.2 (5840639)|HEAP_ALLOCATE|[36]|Bytes:5
21:37:59.2 (5844656)|VARIABLE_ASSIGNMENT|[36]|success|true
21:37:59.2 (5846527)|STATEMENT_EXECUTE|[38]
21:37:59.2 (5876161)|VARIABLE_ASSIGNMENT|[38]|this.sObjList|"List of size 6 too large to display"|0x3245a24a
21:37:59.2 (5878055)|STATEMENT_EXECUTE|[39]
21:37:59.2 (5881866)|VARIABLE_ASSIGNMENT|[39]|this.sObjectLabel|"Warranty Code"|0x3245a24a
21:37:59.2 (5883399)|STATEMENT_EXECUTE|[40]
21:37:59.2 (5886411)|VARIABLE_ASSIGNMENT|[40]|this.sObjectApiName|"Warranty_Codes__c"|0x3245a24a
21:37:59.2 (5888013)|STATEMENT_EXECUTE|[41]
21:37:59.2 (5890427)|HEAP_ALLOCATE|[41]|Bytes:5
21:37:59.2 (5893755)|VARIABLE_ASSIGNMENT|[41]|this.success|true|0x3245a24a
21:37:59.2 (5896090)|STATEMENT_EXECUTE|[49]
21:37:59.2 (5905421)|SYSTEM_MODE_EXIT|false
21:37:59.5 (5930511)|CUMULATIVE_LIMIT_USAGE
21:37:59.5 (5930511)|LIMIT_USAGE_FOR_NS|(default)|
  Number of SOQL queries: 1 out of 100
  Number of query rows: 6 out of 50000
  Number of SOSL queries: 0 out of 20
  Number of DML statements: 0 out of 150
  Number of DML rows: 0 out of 10000
  Maximum CPU time: 0 out of 10000
  Maximum heap size: 0 out of 6000000
  Number of callouts: 0 out of 100
  Number of Email Invocations: 0 out of 10
  Number of future calls: 0 out of 50
  Number of queueable jobs added to the queue: 0 out of 50
  Number of Mobile Apex push calls: 0 out of 10

21:37:59.5 (5930511)|CUMULATIVE_LIMIT_USAGE_END

21:37:59.2 (5957419)|CODE_UNIT_FINISHED|CruderCntrl.ReadSObjects
21:37:59.2 (6893421)|EXECUTION_FINISHED
21:37:59.8 (8107612)|USER_INFO|[EXTERNAL]|005280000056Sdu|ngmmadhan@gmail.com|Pacific Standard Time|GMT-07:00
21:37:59.8 (8115006)|EXECUTION_STARTED
21:37:59.8 (8117989)|CODE_UNIT_STARTED|[EXTERNAL]|Aura
21:37:59.8 (8194351)|CODE_UNIT_FINISHED|Aura
21:37:59.8 (8824908)|EXECUTION_FINISHED
