40.0 APEX_CODE,FINEST;APEX_PROFILING,INFO;CALLOUT,INFO;DB,INFO;SYSTEM,DEBUG;VALIDATION,INFO;VISUALFORCE,INFO;WAVE,INFO;WORKFLOW,INFO
21:27:05.0 (293736)|USER_INFO|[EXTERNAL]|005280000056Sdu|ngmmadhan@gmail.com|Pacific Standard Time|GMT-07:00
21:27:05.0 (322414)|EXECUTION_STARTED
21:27:05.0 (326172)|CODE_UNIT_STARTED|[EXTERNAL]|aura
21:27:05.0 (602790)|HEAP_ALLOCATE|[72]|Bytes:3
21:27:05.0 (638180)|HEAP_ALLOCATE|[77]|Bytes:152
21:27:05.0 (660483)|HEAP_ALLOCATE|[342]|Bytes:408
21:27:05.0 (687955)|HEAP_ALLOCATE|[355]|Bytes:408
21:27:05.0 (711497)|HEAP_ALLOCATE|[467]|Bytes:48
21:27:05.0 (740566)|HEAP_ALLOCATE|[139]|Bytes:6
21:27:05.0 (763111)|HEAP_ALLOCATE|[EXTERNAL]|Bytes:97
21:27:05.0 (769468)|HEAP_ALLOCATE|[EXTERNAL]|Bytes:97
21:27:05.0 (784287)|CODE_UNIT_FINISHED|aura
21:27:05.0 (1752418)|EXECUTION_FINISHED
21:27:05.2 (2763429)|USER_INFO|[EXTERNAL]|005280000056Sdu|ngmmadhan@gmail.com|Pacific Standard Time|GMT-07:00
21:27:05.2 (2771552)|EXECUTION_STARTED
21:27:05.2 (2774727)|CODE_UNIT_STARTED|[EXTERNAL]|01p2800000EnYhK|CruderCntrl.ReadSObjects
21:27:05.2 (2925290)|HEAP_ALLOCATE|[EXTERNAL]|Bytes:30
21:27:05.2 (2931982)|HEAP_ALLOCATE|[EXTERNAL]|Bytes:16
21:27:05.2 (2942071)|METHOD_ENTRY|[16]|01p2800000EnYhK|CruderCntrl.CruderCntrl()
21:27:05.2 (2946447)|STATEMENT_EXECUTE|[16]
21:27:05.2 (2952070)|STATEMENT_EXECUTE|[16]
21:27:05.2 (2992210)|HEAP_ALLOCATE|[50]|Bytes:5
21:27:05.2 (3014684)|HEAP_ALLOCATE|[56]|Bytes:5
21:27:05.2 (3024096)|HEAP_ALLOCATE|[64]|Bytes:7
21:27:05.2 (3042555)|SYSTEM_MODE_ENTER|false
21:27:05.2 (3052621)|HEAP_ALLOCATE|[EXTERNAL]|Bytes:5
21:27:05.2 (3056907)|STATEMENT_EXECUTE|[201]
21:27:05.2 (3059035)|STATEMENT_EXECUTE|[213]
21:27:05.2 (3063399)|SYSTEM_MODE_EXIT|false
21:27:05.2 (3071089)|METHOD_EXIT|[16]|CruderCntrl
21:27:05.2 (3075208)|HEAP_ALLOCATE|[EXTERNAL]|Bytes:97
21:27:05.2 (3080733)|SYSTEM_MODE_ENTER|false
21:27:05.2 (3088469)|VARIABLE_SCOPE_BEGIN|[22]|query|String|false|false
21:27:05.2 (3114058)|VARIABLE_ASSIGNMENT|[22]|query|"SELECT ID, Name, Des (77 more) ..."
21:27:05.2 (3125148)|HEAP_ALLOCATE|[23]|Bytes:5
21:27:05.2 (3129313)|STATEMENT_EXECUTE|[22]
21:27:05.2 (3131271)|STATEMENT_EXECUTE|[23]
21:27:05.2 (3207821)|HEAP_ALLOCATE|[23]|Bytes:20
21:27:05.2 (3243145)|CONSTRUCTOR_ENTRY|[23]|01p2800000EnYhK|<init>()
21:27:05.2 (3276990)|VARIABLE_SCOPE_BEGIN|[201]|this|CruderCntrl.OutputWrapper|true|false
21:27:05.2 (3337157)|VARIABLE_ASSIGNMENT|[201]|this|{}|0x6c73b21e
21:27:05.2 (3346607)|HEAP_ALLOCATE|[EXTERNAL]|Bytes:6
21:27:05.2 (3369876)|STATEMENT_EXECUTE|[201]
21:27:05.2 (3372001)|STATEMENT_EXECUTE|[203]
21:27:05.2 (3373858)|STATEMENT_EXECUTE|[205]
21:27:05.2 (3375475)|STATEMENT_EXECUTE|[207]
21:27:05.2 (3376982)|STATEMENT_EXECUTE|[209]
21:27:05.2 (3382467)|CONSTRUCTOR_EXIT|[23]|01p2800000EnYhK|<init>()
21:27:05.2 (3387278)|VARIABLE_SCOPE_BEGIN|[23]|wrapObj|CruderCntrl.OutputWrapper|true|false
21:27:05.2 (3400730)|VARIABLE_ASSIGNMENT|[23]|wrapObj|{}|0x6c73b21e
21:27:05.2 (3403352)|STATEMENT_EXECUTE|[24]
21:27:05.2 (3408928)|VARIABLE_SCOPE_BEGIN|[24]|sObjectApiName|String|false|false
21:27:05.2 (3414625)|VARIABLE_ASSIGNMENT|[24]|sObjectApiName|""
21:27:05.2 (3416663)|STATEMENT_EXECUTE|[25]
21:27:05.2 (3418793)|VARIABLE_SCOPE_BEGIN|[25]|sObjectLabel|String|false|false
21:27:05.2 (3422755)|VARIABLE_ASSIGNMENT|[25]|sObjectLabel|""
21:27:05.2 (3424870)|STATEMENT_EXECUTE|[26]
21:27:05.2 (3428399)|VARIABLE_SCOPE_BEGIN|[26]|success|Boolean|false|false
21:27:05.2 (3433580)|HEAP_ALLOCATE|[26]|Bytes:5
21:27:05.2 (3439539)|VARIABLE_ASSIGNMENT|[26]|success|false
21:27:05.2 (3441361)|STATEMENT_EXECUTE|[27]
21:27:05.2 (3447129)|HEAP_ALLOCATE|[27]|Bytes:4
21:27:05.2 (3472230)|VARIABLE_SCOPE_BEGIN|[27]|sObjList|List<SObject>|true|false
21:27:05.2 (3478364)|HEAP_ALLOCATE|[EXTERNAL]|Bytes:4
21:27:05.2 (3486486)|VARIABLE_ASSIGNMENT|[27]|sObjList|[]|0x4389900a
21:27:05.2 (3494586)|STATEMENT_EXECUTE|[29]
21:27:05.2 (3495994)|STATEMENT_EXECUTE|[29]
21:27:05.2 (3497403)|STATEMENT_EXECUTE|[30]
21:27:05.2 (3527503)|HEAP_ALLOCATE|[30]|Bytes:5
21:27:05.2 (4745220)|SOQL_EXECUTE_BEGIN|[30]|Aggregations:0|SELECT ID, Name, Description__c, Parent_Warranty_Code__c, Warranty_Code__c FROM Warranty_Codes__c
21:27:05.2 (6995737)|SOQL_EXECUTE_END|[30]|Rows:6
21:27:05.2 (7010205)|HEAP_ALLOCATE|[30]|Bytes:28
21:27:05.2 (7034423)|HEAP_ALLOCATE|[30]|Bytes:737
21:27:05.2 (7088319)|HEAP_ALLOCATE|[30]|Bytes:28
21:27:05.2 (7110596)|VARIABLE_ASSIGNMENT|[30]|sObjList|"List of size 6 too large to display"|0x43062dc7
21:27:05.2 (7165141)|STATEMENT_EXECUTE|[31]
21:27:05.2 (7166893)|STATEMENT_EXECUTE|[32]
21:27:05.2 (7186677)|HEAP_ALLOCATE|[32]|Bytes:24
21:27:05.2 (7242929)|VARIABLE_SCOPE_BEGIN|[32]|type|Schema.SObjectType|true|false
21:27:05.2 (7346210)|VARIABLE_ASSIGNMENT|[32]|type|"common.apex.runtime.impl.ApexSObjectTypeToken@1534dc3a"|0x1534dc3a
21:27:05.2 (7350336)|STATEMENT_EXECUTE|[33]
21:27:05.2 (7573689)|HEAP_ALLOCATE|[33]|Bytes:4
21:27:05.2 (7596085)|VARIABLE_SCOPE_BEGIN|[33]|sobjectDescribe|Schema.DescribeSObjectResult|true|false
21:27:05.2 (7657135)|VARIABLE_ASSIGNMENT|[33]|sobjectDescribe|"common.api.soap.wsdl.DescribeSObjectResult@33d95277"|0x5a001993
21:27:05.2 (7660541)|STATEMENT_EXECUTE|[34]
21:27:05.2 (7669349)|HEAP_ALLOCATE|[34]|Bytes:24
21:27:05.2 (7723552)|HEAP_ALLOCATE|[34]|Bytes:17
21:27:05.2 (7734871)|VARIABLE_ASSIGNMENT|[34]|sObjectApiName|"Warranty_Codes__c"
21:27:05.2 (7737248)|STATEMENT_EXECUTE|[35]
21:27:05.2 (7756582)|HEAP_ALLOCATE|[35]|Bytes:13
21:27:05.2 (7761096)|VARIABLE_ASSIGNMENT|[35]|sObjectLabel|"Warranty Code"
21:27:05.2 (7762833)|STATEMENT_EXECUTE|[36]
21:27:05.2 (7767148)|HEAP_ALLOCATE|[36]|Bytes:5
21:27:05.2 (7771190)|VARIABLE_ASSIGNMENT|[36]|success|true
21:27:05.2 (7772989)|STATEMENT_EXECUTE|[38]
21:27:05.2 (7784991)|VARIABLE_ASSIGNMENT|[38]|this.sObjList|"List of size 6 too large to display"|0x6c73b21e
21:27:05.2 (7786835)|STATEMENT_EXECUTE|[39]
21:27:05.2 (7790707)|VARIABLE_ASSIGNMENT|[39]|this.sObjectLabel|"Warranty Code"|0x6c73b21e
21:27:05.2 (7792819)|STATEMENT_EXECUTE|[40]
21:27:05.2 (7796272)|VARIABLE_ASSIGNMENT|[40]|this.sObjectApiName|"Warranty_Codes__c"|0x6c73b21e
21:27:05.2 (7797562)|STATEMENT_EXECUTE|[41]
21:27:05.2 (7799754)|HEAP_ALLOCATE|[41]|Bytes:5
21:27:05.2 (7803341)|VARIABLE_ASSIGNMENT|[41]|this.success|true|0x6c73b21e
21:27:05.2 (7805434)|STATEMENT_EXECUTE|[49]
21:27:05.2 (7813365)|SYSTEM_MODE_EXIT|false
21:27:05.7 (7834957)|CUMULATIVE_LIMIT_USAGE
21:27:05.7 (7834957)|LIMIT_USAGE_FOR_NS|(default)|
  Number of SOQL queries: 1 out of 100
  Number of query rows: 6 out of 50000
  Number of SOSL queries: 0 out of 20
  Number of DML statements: 0 out of 150
  Number of DML rows: 0 out of 10000
  Maximum CPU time: 0 out of 10000
  Maximum heap size: 0 out of 6000000
  Number of callouts: 0 out of 100
  Number of Email Invocations: 0 out of 10
  Number of future calls: 0 out of 50
  Number of queueable jobs added to the queue: 0 out of 50
  Number of Mobile Apex push calls: 0 out of 10

21:27:05.7 (7834957)|CUMULATIVE_LIMIT_USAGE_END

21:27:05.2 (7861329)|CODE_UNIT_FINISHED|CruderCntrl.ReadSObjects
21:27:05.2 (9270713)|EXECUTION_FINISHED
21:27:05.11 (11123792)|USER_INFO|[EXTERNAL]|005280000056Sdu|ngmmadhan@gmail.com|Pacific Standard Time|GMT-07:00
21:27:05.11 (11130810)|EXECUTION_STARTED
21:27:05.11 (11133191)|CODE_UNIT_STARTED|[EXTERNAL]|Aura
21:27:05.11 (11223129)|CODE_UNIT_FINISHED|Aura
21:27:05.11 (11906594)|EXECUTION_FINISHED
