39.0 APEX_CODE,FINEST;APEX_PROFILING,INFO;CALLOUT,INFO;DB,INFO;SYSTEM,DEBUG;VALIDATION,INFO;VISUALFORCE,INFO;WAVE,INFO;WORKFLOW,INFO
02:31:11.0 (647537)|USER_INFO|[EXTERNAL]|005280000056Sdu|ngmmadhan@gmail.com|Pacific Standard Time|GMT-07:00
02:31:11.0 (691086)|EXECUTION_STARTED
02:31:11.0 (697422)|CODE_UNIT_STARTED|[EXTERNAL]|aura
02:31:11.0 (1214859)|HEAP_ALLOCATE|[72]|Bytes:3
02:31:11.0 (1331799)|HEAP_ALLOCATE|[77]|Bytes:152
02:31:11.0 (1360149)|HEAP_ALLOCATE|[342]|Bytes:408
02:31:11.0 (1398167)|HEAP_ALLOCATE|[355]|Bytes:408
02:31:11.0 (1434326)|HEAP_ALLOCATE|[467]|Bytes:48
02:31:11.0 (1531434)|HEAP_ALLOCATE|[139]|Bytes:6
02:31:11.0 (1560725)|HEAP_ALLOCATE|[EXTERNAL]|Bytes:18
02:31:11.0 (1612927)|HEAP_ALLOCATE|[EXTERNAL]|Bytes:4
02:31:11.0 (3820629)|CODE_UNIT_STARTED|[EXTERNAL]|01p2800000EnCqi|RelatedListDataGridController.deleteRelatedRecord
02:31:11.0 (4099628)|VARIABLE_SCOPE_BEGIN|[2]|RelatedListDataGridController.typesMap|Map<Schema.DisplayType,String>|true|true
02:31:11.0 (4451962)|HEAP_ALLOCATE|[EXTERNAL]|Bytes:45
02:31:11.0 (4466409)|HEAP_ALLOCATE|[EXTERNAL]|Bytes:7
02:31:11.0 (4516966)|METHOD_ENTRY|[1]|01p2800000EnCqi|RelatedListDataGridController.RelatedListDataGridController()
02:31:11.0 (4524449)|STATEMENT_EXECUTE|[1]
02:31:11.0 (4531890)|STATEMENT_EXECUTE|[1]
02:31:11.0 (4588034)|HEAP_ALLOCATE|[50]|Bytes:5
02:31:11.0 (4640855)|HEAP_ALLOCATE|[56]|Bytes:5
02:31:11.0 (4655523)|HEAP_ALLOCATE|[64]|Bytes:7
02:31:11.0 (4686390)|SYSTEM_MODE_ENTER|false
02:31:11.0 (4701773)|HEAP_ALLOCATE|[2]|Bytes:5
02:31:11.0 (4708536)|STATEMENT_EXECUTE|[2]
02:31:11.0 (4727078)|HEAP_ALLOCATE|[2]|Bytes:4
02:31:11.0 (4840146)|VARIABLE_ASSIGNMENT|[2]|RelatedListDataGridController.typesMap|{}|0x777594f6
02:31:11.0 (4847394)|STATEMENT_EXECUTE|[4]
02:31:11.0 (4849118)|STATEMENT_EXECUTE|[5]
02:31:11.0 (5241742)|HEAP_ALLOCATE|[5]|Bytes:8
02:31:11.0 (5406608)|HEAP_ALLOCATE|[EXTERNAL]|Bytes:-4
02:31:11.0 (5470272)|STATEMENT_EXECUTE|[6]
02:31:11.0 (5480437)|HEAP_ALLOCATE|[6]|Bytes:6
02:31:11.0 (5527644)|HEAP_ALLOCATE|[6]|Bytes:12
02:31:11.0 (5554547)|HEAP_ALLOCATE|[EXTERNAL]|Bytes:-4
02:31:11.0 (5572705)|STATEMENT_EXECUTE|[7]
02:31:11.0 (5583734)|HEAP_ALLOCATE|[7]|Bytes:7
02:31:11.0 (5621903)|HEAP_ALLOCATE|[7]|Bytes:12
02:31:11.0 (5630924)|HEAP_ALLOCATE|[7]|Bytes:12
02:31:11.0 (5636093)|HEAP_ALLOCATE|[EXTERNAL]|Bytes:-4
02:31:11.0 (5643240)|STATEMENT_EXECUTE|[8]
02:31:11.0 (5649826)|HEAP_ALLOCATE|[8]|Bytes:8
02:31:11.0 (5691768)|HEAP_ALLOCATE|[8]|Bytes:12
02:31:11.0 (5704027)|HEAP_ALLOCATE|[8]|Bytes:12
02:31:11.0 (5711228)|HEAP_ALLOCATE|[8]|Bytes:12
02:31:11.0 (5716391)|HEAP_ALLOCATE|[EXTERNAL]|Bytes:-4
02:31:11.0 (5724459)|STATEMENT_EXECUTE|[9]
02:31:11.0 (5731171)|HEAP_ALLOCATE|[9]|Bytes:8
02:31:11.0 (5767593)|HEAP_ALLOCATE|[9]|Bytes:12
02:31:11.0 (5776192)|HEAP_ALLOCATE|[9]|Bytes:12
02:31:11.0 (5780229)|HEAP_ALLOCATE|[9]|Bytes:12
02:31:11.0 (5783875)|HEAP_ALLOCATE|[9]|Bytes:12
02:31:11.0 (5788427)|HEAP_ALLOCATE|[EXTERNAL]|Bytes:-4
02:31:11.0 (5794977)|STATEMENT_EXECUTE|[10]
02:31:11.0 (5801194)|HEAP_ALLOCATE|[10]|Bytes:4
02:31:11.0 (5855420)|HEAP_ALLOCATE|[10]|Bytes:12
02:31:11.0 (5868661)|HEAP_ALLOCATE|[10]|Bytes:12
02:31:11.0 (5876649)|HEAP_ALLOCATE|[10]|Bytes:12
02:31:11.0 (5884517)|HEAP_ALLOCATE|[10]|Bytes:12
02:31:11.0 (5891775)|HEAP_ALLOCATE|[10]|Bytes:12
02:31:11.0 (5899554)|HEAP_ALLOCATE|[EXTERNAL]|Bytes:-4
02:31:11.0 (5911473)|STATEMENT_EXECUTE|[11]
02:31:11.0 (5920718)|HEAP_ALLOCATE|[11]|Bytes:8
02:31:11.0 (5973759)|HEAP_ALLOCATE|[11]|Bytes:12
02:31:11.0 (5987091)|HEAP_ALLOCATE|[11]|Bytes:12
02:31:11.0 (5995257)|HEAP_ALLOCATE|[11]|Bytes:12
02:31:11.0 (6002519)|HEAP_ALLOCATE|[11]|Bytes:12
02:31:11.0 (6013455)|HEAP_ALLOCATE|[11]|Bytes:12
02:31:11.0 (6022349)|HEAP_ALLOCATE|[11]|Bytes:12
02:31:11.0 (6030943)|HEAP_ALLOCATE|[EXTERNAL]|Bytes:-4
02:31:11.0 (6043130)|STATEMENT_EXECUTE|[12]
02:31:11.0 (6053276)|HEAP_ALLOCATE|[12]|Bytes:6
02:31:11.0 (6106884)|HEAP_ALLOCATE|[12]|Bytes:12
02:31:11.0 (6118845)|HEAP_ALLOCATE|[12]|Bytes:12
02:31:11.0 (6125395)|HEAP_ALLOCATE|[12]|Bytes:12
02:31:11.0 (6131841)|HEAP_ALLOCATE|[12]|Bytes:12
02:31:11.0 (6137776)|HEAP_ALLOCATE|[12]|Bytes:12
02:31:11.0 (6144358)|HEAP_ALLOCATE|[12]|Bytes:12
02:31:11.0 (6150539)|HEAP_ALLOCATE|[12]|Bytes:12
02:31:11.0 (6157903)|HEAP_ALLOCATE|[EXTERNAL]|Bytes:-4
02:31:11.0 (6168032)|STATEMENT_EXECUTE|[13]
02:31:11.0 (6177341)|HEAP_ALLOCATE|[13]|Bytes:6
02:31:11.0 (6222435)|HEAP_ALLOCATE|[13]|Bytes:12
02:31:11.0 (6235432)|HEAP_ALLOCATE|[13]|Bytes:12
02:31:11.0 (6243714)|HEAP_ALLOCATE|[13]|Bytes:12
02:31:11.0 (6250302)|HEAP_ALLOCATE|[13]|Bytes:12
02:31:11.0 (6257320)|HEAP_ALLOCATE|[13]|Bytes:12
02:31:11.0 (6264358)|HEAP_ALLOCATE|[13]|Bytes:12
02:31:11.0 (6271411)|HEAP_ALLOCATE|[13]|Bytes:12
02:31:11.0 (6278623)|HEAP_ALLOCATE|[13]|Bytes:12
02:31:11.0 (6287046)|HEAP_ALLOCATE|[EXTERNAL]|Bytes:-4
02:31:11.0 (6297983)|STATEMENT_EXECUTE|[14]
02:31:11.0 (6307407)|HEAP_ALLOCATE|[14]|Bytes:5
02:31:11.0 (6355929)|HEAP_ALLOCATE|[14]|Bytes:12
02:31:11.0 (6368281)|HEAP_ALLOCATE|[14]|Bytes:12
02:31:11.0 (6380991)|HEAP_ALLOCATE|[14]|Bytes:12
02:31:11.0 (6394523)|HEAP_ALLOCATE|[14]|Bytes:12
02:31:11.0 (6407413)|HEAP_ALLOCATE|[14]|Bytes:12
02:31:11.0 (6421265)|HEAP_ALLOCATE|[14]|Bytes:12
02:31:11.0 (6436674)|HEAP_ALLOCATE|[14]|Bytes:12
02:31:11.0 (6447933)|HEAP_ALLOCATE|[14]|Bytes:12
02:31:11.0 (6455576)|HEAP_ALLOCATE|[14]|Bytes:12
02:31:11.0 (6463468)|HEAP_ALLOCATE|[EXTERNAL]|Bytes:-4
02:31:11.0 (6473891)|STATEMENT_EXECUTE|[15]
02:31:11.0 (6484095)|HEAP_ALLOCATE|[15]|Bytes:7
02:31:11.0 (6539353)|HEAP_ALLOCATE|[15]|Bytes:12
02:31:11.0 (6553957)|HEAP_ALLOCATE|[15]|Bytes:12
02:31:11.0 (6562125)|HEAP_ALLOCATE|[15]|Bytes:12
02:31:11.0 (6575845)|HEAP_ALLOCATE|[15]|Bytes:12
02:31:11.0 (6585238)|HEAP_ALLOCATE|[15]|Bytes:12
02:31:11.0 (6593516)|HEAP_ALLOCATE|[15]|Bytes:12
02:31:11.0 (6602245)|HEAP_ALLOCATE|[15]|Bytes:12
02:31:11.0 (6610451)|HEAP_ALLOCATE|[15]|Bytes:12
02:31:11.0 (6618440)|HEAP_ALLOCATE|[15]|Bytes:12
02:31:11.0 (6645871)|HEAP_ALLOCATE|[15]|Bytes:12
02:31:11.0 (6658002)|HEAP_ALLOCATE|[EXTERNAL]|Bytes:-4
02:31:11.0 (6671454)|STATEMENT_EXECUTE|[16]
02:31:11.0 (6682344)|HEAP_ALLOCATE|[16]|Bytes:7
02:31:11.0 (6740212)|HEAP_ALLOCATE|[16]|Bytes:12
02:31:11.0 (6752760)|HEAP_ALLOCATE|[16]|Bytes:12
02:31:11.0 (6772846)|HEAP_ALLOCATE|[16]|Bytes:12
02:31:11.0 (6781500)|HEAP_ALLOCATE|[16]|Bytes:12
02:31:11.0 (6788339)|HEAP_ALLOCATE|[16]|Bytes:12
02:31:11.0 (6796269)|HEAP_ALLOCATE|[16]|Bytes:12
02:31:11.0 (6804257)|HEAP_ALLOCATE|[16]|Bytes:12
02:31:11.0 (6811653)|HEAP_ALLOCATE|[16]|Bytes:12
02:31:11.0 (6817744)|HEAP_ALLOCATE|[16]|Bytes:12
02:31:11.0 (6825248)|HEAP_ALLOCATE|[16]|Bytes:12
02:31:11.0 (6832301)|HEAP_ALLOCATE|[16]|Bytes:12
02:31:11.0 (6840358)|HEAP_ALLOCATE|[EXTERNAL]|Bytes:-4
02:31:11.0 (6853839)|STATEMENT_EXECUTE|[17]
02:31:11.0 (6865719)|HEAP_ALLOCATE|[17]|Bytes:14
02:31:11.0 (6906482)|HEAP_ALLOCATE|[17]|Bytes:12
02:31:11.0 (6927689)|HEAP_ALLOCATE|[17]|Bytes:12
02:31:11.0 (6932467)|HEAP_ALLOCATE|[17]|Bytes:12
02:31:11.0 (6936363)|HEAP_ALLOCATE|[17]|Bytes:12
02:31:11.0 (6939989)|HEAP_ALLOCATE|[17]|Bytes:12
02:31:11.0 (6943762)|HEAP_ALLOCATE|[17]|Bytes:12
02:31:11.0 (6947332)|HEAP_ALLOCATE|[17]|Bytes:12
02:31:11.0 (6950863)|HEAP_ALLOCATE|[17]|Bytes:12
02:31:11.0 (6954393)|HEAP_ALLOCATE|[17]|Bytes:12
02:31:11.0 (6957861)|HEAP_ALLOCATE|[17]|Bytes:12
02:31:11.0 (6961266)|HEAP_ALLOCATE|[17]|Bytes:12
02:31:11.0 (6964855)|HEAP_ALLOCATE|[17]|Bytes:12
02:31:11.0 (6970323)|HEAP_ALLOCATE|[EXTERNAL]|Bytes:-4
02:31:11.0 (6978015)|STATEMENT_EXECUTE|[18]
02:31:11.0 (6984849)|HEAP_ALLOCATE|[18]|Bytes:8
02:31:11.0 (7017203)|HEAP_ALLOCATE|[18]|Bytes:12
02:31:11.0 (7026253)|HEAP_ALLOCATE|[18]|Bytes:12
02:31:11.0 (7030205)|HEAP_ALLOCATE|[18]|Bytes:12
02:31:11.0 (7033934)|HEAP_ALLOCATE|[18]|Bytes:12
02:31:11.0 (7039179)|HEAP_ALLOCATE|[18]|Bytes:12
02:31:11.0 (7045934)|HEAP_ALLOCATE|[18]|Bytes:12
02:31:11.0 (7054037)|HEAP_ALLOCATE|[18]|Bytes:12
02:31:11.0 (7061591)|HEAP_ALLOCATE|[18]|Bytes:12
02:31:11.0 (7070133)|HEAP_ALLOCATE|[18]|Bytes:12
02:31:11.0 (7079034)|HEAP_ALLOCATE|[18]|Bytes:12
02:31:11.0 (7085991)|HEAP_ALLOCATE|[18]|Bytes:12
02:31:11.0 (7093857)|HEAP_ALLOCATE|[18]|Bytes:12
02:31:11.0 (7100662)|HEAP_ALLOCATE|[18]|Bytes:12
02:31:11.0 (7107913)|HEAP_ALLOCATE|[EXTERNAL]|Bytes:-4
02:31:11.0 (7119342)|STATEMENT_EXECUTE|[19]
02:31:11.0 (7129377)|HEAP_ALLOCATE|[19]|Bytes:5
02:31:11.0 (7176633)|HEAP_ALLOCATE|[19]|Bytes:12
02:31:11.0 (7188020)|HEAP_ALLOCATE|[19]|Bytes:12
02:31:11.0 (7194598)|HEAP_ALLOCATE|[19]|Bytes:12
02:31:11.0 (7202225)|HEAP_ALLOCATE|[19]|Bytes:12
02:31:11.0 (7208377)|HEAP_ALLOCATE|[19]|Bytes:12
02:31:11.0 (7216105)|HEAP_ALLOCATE|[19]|Bytes:12
02:31:11.0 (7223025)|HEAP_ALLOCATE|[19]|Bytes:12
02:31:11.0 (7230723)|HEAP_ALLOCATE|[19]|Bytes:12
02:31:11.0 (7237665)|HEAP_ALLOCATE|[19]|Bytes:12
02:31:11.0 (7305824)|HEAP_ALLOCATE|[19]|Bytes:12
02:31:11.0 (7315721)|HEAP_ALLOCATE|[19]|Bytes:12
02:31:11.0 (7322063)|HEAP_ALLOCATE|[19]|Bytes:12
02:31:11.0 (7326024)|HEAP_ALLOCATE|[19]|Bytes:12
02:31:11.0 (7329791)|HEAP_ALLOCATE|[19]|Bytes:12
02:31:11.0 (7334614)|HEAP_ALLOCATE|[EXTERNAL]|Bytes:-4
02:31:11.0 (7343197)|STATEMENT_EXECUTE|[20]
02:31:11.0 (7351685)|HEAP_ALLOCATE|[20]|Bytes:9
02:31:11.0 (7402391)|HEAP_ALLOCATE|[20]|Bytes:12
02:31:11.0 (7412227)|HEAP_ALLOCATE|[20]|Bytes:12
02:31:11.0 (7416141)|HEAP_ALLOCATE|[20]|Bytes:12
02:31:11.0 (7419866)|HEAP_ALLOCATE|[20]|Bytes:12
02:31:11.0 (7423344)|HEAP_ALLOCATE|[20]|Bytes:12
02:31:11.0 (7426908)|HEAP_ALLOCATE|[20]|Bytes:12
02:31:11.0 (7430430)|HEAP_ALLOCATE|[20]|Bytes:12
02:31:11.0 (7433828)|HEAP_ALLOCATE|[20]|Bytes:12
02:31:11.0 (7437287)|HEAP_ALLOCATE|[20]|Bytes:12
02:31:11.0 (7440820)|HEAP_ALLOCATE|[20]|Bytes:12
02:31:11.0 (7444303)|HEAP_ALLOCATE|[20]|Bytes:12
02:31:11.0 (7447837)|HEAP_ALLOCATE|[20]|Bytes:12
02:31:11.0 (7451353)|HEAP_ALLOCATE|[20]|Bytes:12
02:31:11.0 (7455633)|HEAP_ALLOCATE|[20]|Bytes:12
02:31:11.0 (7459080)|HEAP_ALLOCATE|[20]|Bytes:12
02:31:11.0 (7463660)|HEAP_ALLOCATE|[EXTERNAL]|Bytes:-4
02:31:11.0 (7470998)|STATEMENT_EXECUTE|[21]
02:31:11.0 (7477308)|HEAP_ALLOCATE|[21]|Bytes:3
02:31:11.0 (7540261)|HEAP_ALLOCATE|[21]|Bytes:12
02:31:11.0 (7553013)|HEAP_ALLOCATE|[21]|Bytes:12
02:31:11.0 (7560663)|HEAP_ALLOCATE|[21]|Bytes:12
02:31:11.0 (7572316)|HEAP_ALLOCATE|[21]|Bytes:12
02:31:11.0 (7579884)|HEAP_ALLOCATE|[21]|Bytes:12
02:31:11.0 (7586715)|HEAP_ALLOCATE|[21]|Bytes:12
02:31:11.0 (7593293)|HEAP_ALLOCATE|[21]|Bytes:12
02:31:11.0 (7599640)|HEAP_ALLOCATE|[21]|Bytes:12
02:31:11.0 (7605869)|HEAP_ALLOCATE|[21]|Bytes:12
02:31:11.0 (7611951)|HEAP_ALLOCATE|[21]|Bytes:12
02:31:11.0 (7618106)|HEAP_ALLOCATE|[21]|Bytes:12
02:31:11.0 (7625113)|HEAP_ALLOCATE|[21]|Bytes:12
02:31:11.0 (7631687)|HEAP_ALLOCATE|[21]|Bytes:12
02:31:11.0 (7638344)|HEAP_ALLOCATE|[21]|Bytes:12
02:31:11.0 (7645187)|HEAP_ALLOCATE|[21]|Bytes:12
02:31:11.0 (7652187)|HEAP_ALLOCATE|[21]|Bytes:12
02:31:11.0 (7659994)|HEAP_ALLOCATE|[EXTERNAL]|Bytes:-4
02:31:11.0 (7677805)|SYSTEM_MODE_EXIT|false
02:31:11.0 (7734500)|METHOD_EXIT|[1]|RelatedListDataGridController
02:31:11.0 (7744874)|HEAP_ALLOCATE|[EXTERNAL]|Bytes:4
02:31:11.0 (7756059)|SYSTEM_MODE_ENTER|false
02:31:11.0 (7770367)|VARIABLE_SCOPE_BEGIN|[298]|objectId|Id|false|false
02:31:11.0 (7995615)|VARIABLE_ASSIGNMENT|[298]|objectId|"a2628000000raQPAAY"
02:31:11.0 (8013017)|HEAP_ALLOCATE|[299]|Bytes:5
02:31:11.0 (8019684)|STATEMENT_EXECUTE|[298]
02:31:11.0 (8021710)|STATEMENT_EXECUTE|[299]
02:31:11.0 (8127853)|VARIABLE_SCOPE_BEGIN|[299]|sobjectType|Schema.SObjectType|true|false
02:31:11.0 (8209403)|VARIABLE_ASSIGNMENT|[299]|sobjectType|"common.apex.runtime.impl.ApexSObjectTypeToken@61f86bde"|0x61f86bde
02:31:11.0 (8215528)|STATEMENT_EXECUTE|[300]
02:31:11.0 (9507366)|HEAP_ALLOCATE|[300]|Bytes:4
02:31:11.0 (9552153)|HEAP_ALLOCATE|[300]|Bytes:14
02:31:11.0 (9562182)|VARIABLE_SCOPE_BEGIN|[300]|sobjectName|String|false|false
02:31:11.0 (9578415)|VARIABLE_ASSIGNMENT|[300]|sobjectName|"Utilization__c"
02:31:11.0 (9606679)|METHOD_ENTRY|[302]|01p2800000EnCqi|RelatedListDataGridController.isSafeObject(String)
02:31:11.0 (9638958)|VARIABLE_SCOPE_BEGIN|[281]|objName|String|false|false
02:31:11.0 (9647604)|VARIABLE_ASSIGNMENT|[281]|objName|"Utilization__c"
02:31:11.0 (9660757)|HEAP_ALLOCATE|[282]|Bytes:5
02:31:11.0 (9666681)|STATEMENT_EXECUTE|[281]
02:31:11.0 (9669022)|STATEMENT_EXECUTE|[282]
02:31:11.0 (149817420)|HEAP_ALLOCATE|[282]|Bytes:2432
02:31:11.0 (149858017)|VARIABLE_SCOPE_BEGIN|[282]|schemaMap|Map<String,Schema.SObjectType>|true|false
02:31:11.0 (150340869)|VARIABLE_ASSIGNMENT|[282]|schemaMap|"{acceptedeventrelation=AcceptedEventRelation, account=Account, accountcleaninfo=AccountCleanInfo, accountcontactrole=AccountContactRole, accountfeed=AccountFeed, accounthistory=AccountHistory, accountpartner=AccountPartner, accountshare=AccountShare, actionlinkgrouptemplate=ActionLinkGroupTemplate, actionlinktemplate=ActionLinkTemplate, ...}"|0x3eaeafb9
02:31:11.0 (150350620)|STATEMENT_EXECUTE|[283]
02:31:11.0 (150485157)|VARIABLE_SCOPE_BEGIN|[283]|myObj|Schema.SObjectType|true|false
02:31:11.0 (150545346)|VARIABLE_ASSIGNMENT|[283]|myObj|"common.apex.runtime.impl.ApexSObjectTypeToken@61f86bde"|0x61f86bde
02:31:11.0 (150551966)|STATEMENT_EXECUTE|[285]
02:31:11.0 (150616400)|HEAP_ALLOCATE|[285]|Bytes:4
02:31:11.0 (150662794)|HEAP_ALLOCATE|[285]|Bytes:5
02:31:11.0 (150679711)|METHOD_EXIT|[302]|01p2800000EnCqi|RelatedListDataGridController.isSafeObject(String)
02:31:11.0 (150686064)|STATEMENT_EXECUTE|[302]
02:31:11.0 (150687676)|STATEMENT_EXECUTE|[303]
02:31:11.0 (150789802)|HEAP_ALLOCATE|[303]|Bytes:8
02:31:11.0 (150812806)|DML_BEGIN|[303]|Op:Delete|Type:Id|Rows:1
02:31:11.0 (150860719)|HEAP_ALLOCATE|[EXTERNAL]|Bytes:8
02:31:11.0 (428824516)|DML_END|[303]
02:31:11.0 (429057612)|HEAP_ALLOCATE|[303]|Bytes:4
02:31:11.0 (429122694)|VARIABLE_SCOPE_BEGIN|[303]|result|Database.DeleteResult|true|false
02:31:11.0 (429973985)|VARIABLE_ASSIGNMENT|[303]|result|"DeleteResult [id=a2628000000raQPAAY, success=true, errors=[]]"|0x2f9d6fcb
02:31:11.0 (429983091)|STATEMENT_EXECUTE|[304]
02:31:11.0 (430029167)|HEAP_ALLOCATE|[304]|Bytes:5
02:31:11.0 (430046784)|HEAP_ALLOCATE|[304]|Bytes:5
02:31:11.0 (430069978)|SYSTEM_MODE_EXIT|false
02:31:11.442 (442725496)|CUMULATIVE_LIMIT_USAGE
02:31:11.442 (442725496)|LIMIT_USAGE_FOR_NS|(default)|
  Number of SOQL queries: 0 out of 100
  Number of query rows: 0 out of 50000
  Number of SOSL queries: 0 out of 20
  Number of DML statements: 1 out of 150
  Number of DML rows: 1 out of 10000
  Maximum CPU time: 0 out of 10000
  Maximum heap size: 0 out of 6000000
  Number of callouts: 0 out of 100
  Number of Email Invocations: 0 out of 10
  Number of future calls: 0 out of 50
  Number of queueable jobs added to the queue: 0 out of 50
  Number of Mobile Apex push calls: 0 out of 10

02:31:11.442 (442725496)|CUMULATIVE_LIMIT_USAGE_END

02:31:11.0 (442775801)|CODE_UNIT_FINISHED|RelatedListDataGridController.deleteRelatedRecord
