40.0 APEX_CODE,FINEST;APEX_PROFILING,INFO;CALLOUT,INFO;DB,INFO;SYSTEM,DEBUG;VALIDATION,INFO;VISUALFORCE,INFO;WAVE,INFO;WORKFLOW,INFO
22:40:56.0 (54611)|USER_INFO|[EXTERNAL]|005280000056Sdu|ngmmadhan@gmail.com|Pacific Standard Time|GMT-07:00
22:40:56.0 (74282)|EXECUTION_STARTED
22:40:56.0 (77427)|CODE_UNIT_STARTED|[EXTERNAL]|aura
22:40:56.0 (300316)|HEAP_ALLOCATE|[72]|Bytes:3
22:40:56.0 (327640)|HEAP_ALLOCATE|[77]|Bytes:152
22:40:56.0 (340460)|HEAP_ALLOCATE|[342]|Bytes:408
22:40:56.0 (355381)|HEAP_ALLOCATE|[355]|Bytes:408
22:40:56.0 (366715)|HEAP_ALLOCATE|[467]|Bytes:48
22:40:56.0 (388139)|HEAP_ALLOCATE|[139]|Bytes:6
22:40:56.0 (402012)|HEAP_ALLOCATE|[EXTERNAL]|Bytes:91
22:40:56.0 (406323)|HEAP_ALLOCATE|[EXTERNAL]|Bytes:91
22:40:56.0 (417574)|CODE_UNIT_FINISHED|aura
22:40:56.0 (1098593)|EXECUTION_FINISHED
22:40:56.1 (1715364)|USER_INFO|[EXTERNAL]|005280000056Sdu|ngmmadhan@gmail.com|Pacific Standard Time|GMT-07:00
22:40:56.1 (1721611)|EXECUTION_STARTED
22:40:56.1 (1723745)|CODE_UNIT_STARTED|[EXTERNAL]|01p2800000EnYhK|CruderCntrl.ReadSObjects
22:40:56.1 (1785638)|HEAP_ALLOCATE|[EXTERNAL]|Bytes:30
22:40:56.1 (1789634)|HEAP_ALLOCATE|[EXTERNAL]|Bytes:16
22:40:56.1 (1796313)|METHOD_ENTRY|[16]|01p2800000EnYhK|CruderCntrl.CruderCntrl()
22:40:56.1 (1799793)|STATEMENT_EXECUTE|[16]
22:40:56.1 (1804102)|STATEMENT_EXECUTE|[16]
22:40:56.1 (1833637)|HEAP_ALLOCATE|[50]|Bytes:5
22:40:56.1 (1851786)|HEAP_ALLOCATE|[56]|Bytes:5
22:40:56.1 (1857007)|HEAP_ALLOCATE|[64]|Bytes:7
22:40:56.1 (1870514)|SYSTEM_MODE_ENTER|false
22:40:56.1 (1879229)|HEAP_ALLOCATE|[EXTERNAL]|Bytes:5
22:40:56.1 (1881860)|STATEMENT_EXECUTE|[201]
22:40:56.1 (1883184)|STATEMENT_EXECUTE|[213]
22:40:56.1 (1886299)|SYSTEM_MODE_EXIT|false
22:40:56.1 (1891718)|METHOD_EXIT|[16]|CruderCntrl
22:40:56.1 (1894684)|HEAP_ALLOCATE|[EXTERNAL]|Bytes:91
22:40:56.1 (1898452)|SYSTEM_MODE_ENTER|false
22:40:56.1 (1902430)|VARIABLE_SCOPE_BEGIN|[22]|query|String|false|false
22:40:56.1 (1922268)|VARIABLE_ASSIGNMENT|[22]|query|"SELECT Parent_Warran (71 more) ..."
22:40:56.1 (1929964)|HEAP_ALLOCATE|[23]|Bytes:5
22:40:56.1 (1933129)|STATEMENT_EXECUTE|[22]
22:40:56.1 (1934233)|STATEMENT_EXECUTE|[23]
22:40:56.1 (1984128)|HEAP_ALLOCATE|[23]|Bytes:20
22:40:56.1 (1994330)|CONSTRUCTOR_ENTRY|[23]|01p2800000EnYhK|<init>()
22:40:56.1 (2009592)|VARIABLE_SCOPE_BEGIN|[201]|this|CruderCntrl.OutputWrapper|true|false
22:40:56.1 (2040163)|VARIABLE_ASSIGNMENT|[201]|this|{}|0x6ecda348
22:40:56.1 (2046124)|HEAP_ALLOCATE|[EXTERNAL]|Bytes:6
22:40:56.1 (2062273)|STATEMENT_EXECUTE|[201]
22:40:56.1 (2063440)|STATEMENT_EXECUTE|[203]
22:40:56.1 (2064496)|STATEMENT_EXECUTE|[205]
22:40:56.1 (2065734)|STATEMENT_EXECUTE|[207]
22:40:56.1 (2066714)|STATEMENT_EXECUTE|[209]
22:40:56.1 (2070181)|CONSTRUCTOR_EXIT|[23]|01p2800000EnYhK|<init>()
22:40:56.1 (2073334)|VARIABLE_SCOPE_BEGIN|[23]|wrapObj|CruderCntrl.OutputWrapper|true|false
22:40:56.1 (2082462)|VARIABLE_ASSIGNMENT|[23]|wrapObj|{}|0x6ecda348
22:40:56.1 (2084486)|STATEMENT_EXECUTE|[24]
22:40:56.1 (2088183)|VARIABLE_SCOPE_BEGIN|[24]|sObjectApiName|String|false|false
22:40:56.1 (2091802)|VARIABLE_ASSIGNMENT|[24]|sObjectApiName|""
22:40:56.1 (2093135)|STATEMENT_EXECUTE|[25]
22:40:56.1 (2094569)|VARIABLE_SCOPE_BEGIN|[25]|sObjectLabel|String|false|false
22:40:56.1 (2096882)|VARIABLE_ASSIGNMENT|[25]|sObjectLabel|""
22:40:56.1 (2097986)|STATEMENT_EXECUTE|[26]
22:40:56.1 (2100386)|VARIABLE_SCOPE_BEGIN|[26]|success|Boolean|false|false
22:40:56.1 (2103430)|HEAP_ALLOCATE|[26]|Bytes:5
22:40:56.1 (2107389)|VARIABLE_ASSIGNMENT|[26]|success|false
22:40:56.1 (2108558)|STATEMENT_EXECUTE|[27]
22:40:56.1 (2135390)|HEAP_ALLOCATE|[27]|Bytes:4
22:40:56.1 (2155683)|VARIABLE_SCOPE_BEGIN|[27]|sObjList|List<SObject>|true|false
22:40:56.1 (2160996)|HEAP_ALLOCATE|[EXTERNAL]|Bytes:4
22:40:56.1 (2167745)|VARIABLE_ASSIGNMENT|[27]|sObjList|[]|0x78d2ca4b
22:40:56.1 (2169678)|STATEMENT_EXECUTE|[29]
22:40:56.1 (2170622)|STATEMENT_EXECUTE|[29]
22:40:56.1 (2171565)|STATEMENT_EXECUTE|[30]
22:40:56.1 (2191055)|HEAP_ALLOCATE|[30]|Bytes:5
22:40:56.1 (2620591)|SOQL_EXECUTE_BEGIN|[30]|Aggregations:0|SELECT Parent_Warranty_Code__r.Name, Warranty_Code__c,Description__c FROM Warranty_Codes__c
22:40:56.1 (5139513)|SOQL_EXECUTE_END|[30]|Rows:6
22:40:56.1 (5152972)|HEAP_ALLOCATE|[30]|Bytes:28
22:40:56.1 (5176379)|HEAP_ALLOCATE|[30]|Bytes:857
22:40:56.1 (5218886)|HEAP_ALLOCATE|[30]|Bytes:28
22:40:56.1 (5237351)|VARIABLE_ASSIGNMENT|[30]|sObjList|"List of size 6 too large to display"|0x3ea7d012
22:40:56.1 (5286761)|STATEMENT_EXECUTE|[31]
22:40:56.1 (5288497)|STATEMENT_EXECUTE|[32]
22:40:56.1 (5306513)|HEAP_ALLOCATE|[32]|Bytes:24
22:40:56.1 (5360638)|VARIABLE_SCOPE_BEGIN|[32]|type|Schema.SObjectType|true|false
22:40:56.1 (5439221)|VARIABLE_ASSIGNMENT|[32]|type|"common.apex.runtime.impl.ApexSObjectTypeToken@54b1c2a0"|0x54b1c2a0
22:40:56.1 (5443013)|STATEMENT_EXECUTE|[33]
22:40:56.1 (5635955)|HEAP_ALLOCATE|[33]|Bytes:4
22:40:56.1 (5656219)|VARIABLE_SCOPE_BEGIN|[33]|sobjectDescribe|Schema.DescribeSObjectResult|true|false
22:40:56.1 (5712224)|VARIABLE_ASSIGNMENT|[33]|sobjectDescribe|"common.api.soap.wsdl.DescribeSObjectResult@33d95277"|0x46a4c6a2
22:40:56.1 (5715459)|STATEMENT_EXECUTE|[34]
22:40:56.1 (5723841)|HEAP_ALLOCATE|[34]|Bytes:24
22:40:56.1 (5773492)|HEAP_ALLOCATE|[34]|Bytes:17
22:40:56.1 (5783536)|VARIABLE_ASSIGNMENT|[34]|sObjectApiName|"Warranty_Codes__c"
22:40:56.1 (5785699)|STATEMENT_EXECUTE|[35]
22:40:56.1 (5804007)|HEAP_ALLOCATE|[35]|Bytes:13
22:40:56.1 (5808417)|VARIABLE_ASSIGNMENT|[35]|sObjectLabel|"Warranty Code"
22:40:56.1 (5809917)|STATEMENT_EXECUTE|[36]
22:40:56.1 (5813690)|HEAP_ALLOCATE|[36]|Bytes:5
22:40:56.1 (5817491)|VARIABLE_ASSIGNMENT|[36]|success|true
22:40:56.1 (5819153)|STATEMENT_EXECUTE|[38]
22:40:56.1 (5829706)|VARIABLE_ASSIGNMENT|[38]|this.sObjList|"List of size 6 too large to display"|0x6ecda348
22:40:56.1 (5831443)|STATEMENT_EXECUTE|[39]
22:40:56.1 (5834807)|VARIABLE_ASSIGNMENT|[39]|this.sObjectLabel|"Warranty Code"|0x6ecda348
22:40:56.1 (5836215)|STATEMENT_EXECUTE|[40]
22:40:56.1 (5839322)|VARIABLE_ASSIGNMENT|[40]|this.sObjectApiName|"Warranty_Codes__c"|0x6ecda348
22:40:56.1 (5840546)|STATEMENT_EXECUTE|[41]
22:40:56.1 (5842814)|HEAP_ALLOCATE|[41]|Bytes:5
22:40:56.1 (5846130)|VARIABLE_ASSIGNMENT|[41]|this.success|true|0x6ecda348
22:40:56.1 (5848093)|STATEMENT_EXECUTE|[49]
22:40:56.1 (5854676)|SYSTEM_MODE_EXIT|false
22:40:56.5 (5873563)|CUMULATIVE_LIMIT_USAGE
22:40:56.5 (5873563)|LIMIT_USAGE_FOR_NS|(default)|
  Number of SOQL queries: 1 out of 100
  Number of query rows: 6 out of 50000
  Number of SOSL queries: 0 out of 20
  Number of DML statements: 0 out of 150
  Number of DML rows: 0 out of 10000
  Maximum CPU time: 0 out of 10000
  Maximum heap size: 0 out of 6000000
  Number of callouts: 0 out of 100
  Number of Email Invocations: 0 out of 10
  Number of future calls: 0 out of 50
  Number of queueable jobs added to the queue: 0 out of 50
  Number of Mobile Apex push calls: 0 out of 10

22:40:56.5 (5873563)|CUMULATIVE_LIMIT_USAGE_END

22:40:56.1 (5897885)|CODE_UNIT_FINISHED|CruderCntrl.ReadSObjects
22:40:56.1 (6801919)|EXECUTION_FINISHED
22:40:56.7 (7954203)|USER_INFO|[EXTERNAL]|005280000056Sdu|ngmmadhan@gmail.com|Pacific Standard Time|GMT-07:00
22:40:56.7 (7960153)|EXECUTION_STARTED
22:40:56.7 (7962236)|CODE_UNIT_STARTED|[EXTERNAL]|Aura
22:40:56.7 (8041498)|CODE_UNIT_FINISHED|Aura
22:40:56.7 (8615964)|EXECUTION_FINISHED
