39.0 APEX_CODE,FINEST;APEX_PROFILING,INFO;CALLOUT,INFO;DB,INFO;SYSTEM,DEBUG;VALIDATION,INFO;VISUALFORCE,INFO;WAVE,INFO;WORKFLOW,INFO
02:49:24.0 (570433)|USER_INFO|[EXTERNAL]|005280000056Sdu|ngmmadhan@gmail.com|Pacific Standard Time|GMT-07:00
02:49:24.0 (608905)|EXECUTION_STARTED
02:49:24.0 (612659)|CODE_UNIT_STARTED|[EXTERNAL]|aura
02:49:24.0 (1132758)|HEAP_ALLOCATE|[72]|Bytes:3
02:49:24.0 (1175446)|HEAP_ALLOCATE|[77]|Bytes:152
02:49:24.0 (1192293)|HEAP_ALLOCATE|[342]|Bytes:408
02:49:24.0 (1212456)|HEAP_ALLOCATE|[355]|Bytes:408
02:49:24.0 (1241640)|HEAP_ALLOCATE|[467]|Bytes:48
02:49:24.0 (1277781)|HEAP_ALLOCATE|[139]|Bytes:6
02:49:24.0 (1296652)|HEAP_ALLOCATE|[EXTERNAL]|Bytes:18
02:49:24.0 (1347559)|HEAP_ALLOCATE|[EXTERNAL]|Bytes:4
02:49:24.0 (1649087)|HEAP_ALLOCATE|[EXTERNAL]|Bytes:14
02:49:24.0 (1655736)|HEAP_ALLOCATE|[EXTERNAL]|Bytes:14
02:49:24.0 (3561666)|CODE_UNIT_STARTED|[EXTERNAL]|01p2800000EnCqi|RelatedListDataGridController.getReleatedListItems
02:49:24.0 (3723475)|VARIABLE_SCOPE_BEGIN|[2]|RelatedListDataGridController.typesMap|Map<Schema.DisplayType,String>|true|true
02:49:24.0 (3819419)|HEAP_ALLOCATE|[EXTERNAL]|Bytes:45
02:49:24.0 (3829697)|HEAP_ALLOCATE|[EXTERNAL]|Bytes:7
02:49:24.0 (3843331)|METHOD_ENTRY|[1]|01p2800000EnCqi|RelatedListDataGridController.RelatedListDataGridController()
02:49:24.0 (3848041)|STATEMENT_EXECUTE|[1]
02:49:24.0 (3854216)|STATEMENT_EXECUTE|[1]
02:49:24.0 (3890100)|HEAP_ALLOCATE|[50]|Bytes:5
02:49:24.0 (3922807)|HEAP_ALLOCATE|[56]|Bytes:5
02:49:24.0 (3936529)|HEAP_ALLOCATE|[64]|Bytes:7
02:49:24.0 (3977749)|SYSTEM_MODE_ENTER|false
02:49:24.0 (3994347)|HEAP_ALLOCATE|[2]|Bytes:5
02:49:24.0 (4000465)|STATEMENT_EXECUTE|[2]
02:49:24.0 (4009723)|HEAP_ALLOCATE|[2]|Bytes:4
02:49:24.0 (4103200)|VARIABLE_ASSIGNMENT|[2]|RelatedListDataGridController.typesMap|{}|0x124fbb6e
02:49:24.0 (4110130)|STATEMENT_EXECUTE|[4]
02:49:24.0 (4112257)|STATEMENT_EXECUTE|[5]
02:49:24.0 (4693242)|HEAP_ALLOCATE|[5]|Bytes:8
02:49:24.0 (4795366)|HEAP_ALLOCATE|[EXTERNAL]|Bytes:-4
02:49:24.0 (4807687)|STATEMENT_EXECUTE|[6]
02:49:24.0 (4815676)|HEAP_ALLOCATE|[6]|Bytes:6
02:49:24.0 (4862803)|HEAP_ALLOCATE|[6]|Bytes:12
02:49:24.0 (4875513)|HEAP_ALLOCATE|[EXTERNAL]|Bytes:-4
02:49:24.0 (4882322)|STATEMENT_EXECUTE|[7]
02:49:24.0 (4888393)|HEAP_ALLOCATE|[7]|Bytes:7
02:49:24.0 (4916689)|HEAP_ALLOCATE|[7]|Bytes:12
02:49:24.0 (4924558)|HEAP_ALLOCATE|[7]|Bytes:12
02:49:24.0 (4929728)|HEAP_ALLOCATE|[EXTERNAL]|Bytes:-4
02:49:24.0 (4938578)|STATEMENT_EXECUTE|[8]
02:49:24.0 (4951959)|HEAP_ALLOCATE|[8]|Bytes:8
02:49:24.0 (4996127)|HEAP_ALLOCATE|[8]|Bytes:12
02:49:24.0 (5008614)|HEAP_ALLOCATE|[8]|Bytes:12
02:49:24.0 (5017899)|HEAP_ALLOCATE|[8]|Bytes:12
02:49:24.0 (5026245)|HEAP_ALLOCATE|[EXTERNAL]|Bytes:-4
02:49:24.0 (5035671)|STATEMENT_EXECUTE|[9]
02:49:24.0 (5044279)|HEAP_ALLOCATE|[9]|Bytes:8
02:49:24.0 (5090196)|HEAP_ALLOCATE|[9]|Bytes:12
02:49:24.0 (5103994)|HEAP_ALLOCATE|[9]|Bytes:12
02:49:24.0 (5112255)|HEAP_ALLOCATE|[9]|Bytes:12
02:49:24.0 (5120992)|HEAP_ALLOCATE|[9]|Bytes:12
02:49:24.0 (5128850)|HEAP_ALLOCATE|[EXTERNAL]|Bytes:-4
02:49:24.0 (5138226)|STATEMENT_EXECUTE|[10]
02:49:24.0 (5147755)|HEAP_ALLOCATE|[10]|Bytes:4
02:49:24.0 (5193337)|HEAP_ALLOCATE|[10]|Bytes:12
02:49:24.0 (5202907)|HEAP_ALLOCATE|[10]|Bytes:12
02:49:24.0 (5206957)|HEAP_ALLOCATE|[10]|Bytes:12
02:49:24.0 (5210516)|HEAP_ALLOCATE|[10]|Bytes:12
02:49:24.0 (5214077)|HEAP_ALLOCATE|[10]|Bytes:12
02:49:24.0 (5218195)|HEAP_ALLOCATE|[EXTERNAL]|Bytes:-4
02:49:24.0 (5224963)|STATEMENT_EXECUTE|[11]
02:49:24.0 (5230723)|HEAP_ALLOCATE|[11]|Bytes:8
02:49:24.0 (5259491)|HEAP_ALLOCATE|[11]|Bytes:12
02:49:24.0 (5266926)|HEAP_ALLOCATE|[11]|Bytes:12
02:49:24.0 (5270903)|HEAP_ALLOCATE|[11]|Bytes:12
02:49:24.0 (5274607)|HEAP_ALLOCATE|[11]|Bytes:12
02:49:24.0 (5278059)|HEAP_ALLOCATE|[11]|Bytes:12
02:49:24.0 (5281599)|HEAP_ALLOCATE|[11]|Bytes:12
02:49:24.0 (5285417)|HEAP_ALLOCATE|[EXTERNAL]|Bytes:-4
02:49:24.0 (5291010)|STATEMENT_EXECUTE|[12]
02:49:24.0 (5296291)|HEAP_ALLOCATE|[12]|Bytes:6
02:49:24.0 (5322784)|HEAP_ALLOCATE|[12]|Bytes:12
02:49:24.0 (5330143)|HEAP_ALLOCATE|[12]|Bytes:12
02:49:24.0 (5333980)|HEAP_ALLOCATE|[12]|Bytes:12
02:49:24.0 (5337535)|HEAP_ALLOCATE|[12]|Bytes:12
02:49:24.0 (5341342)|HEAP_ALLOCATE|[12]|Bytes:12
02:49:24.0 (5347932)|HEAP_ALLOCATE|[12]|Bytes:12
02:49:24.0 (5355513)|HEAP_ALLOCATE|[12]|Bytes:12
02:49:24.0 (5363170)|HEAP_ALLOCATE|[EXTERNAL]|Bytes:-4
02:49:24.0 (5372993)|STATEMENT_EXECUTE|[13]
02:49:24.0 (5382471)|HEAP_ALLOCATE|[13]|Bytes:6
02:49:24.0 (5425979)|HEAP_ALLOCATE|[13]|Bytes:12
02:49:24.0 (5435053)|HEAP_ALLOCATE|[13]|Bytes:12
02:49:24.0 (5438973)|HEAP_ALLOCATE|[13]|Bytes:12
02:49:24.0 (5442687)|HEAP_ALLOCATE|[13]|Bytes:12
02:49:24.0 (5446457)|HEAP_ALLOCATE|[13]|Bytes:12
02:49:24.0 (5449916)|HEAP_ALLOCATE|[13]|Bytes:12
02:49:24.0 (5453391)|HEAP_ALLOCATE|[13]|Bytes:12
02:49:24.0 (5456971)|HEAP_ALLOCATE|[13]|Bytes:12
02:49:24.0 (5460872)|HEAP_ALLOCATE|[EXTERNAL]|Bytes:-4
02:49:24.0 (5467377)|STATEMENT_EXECUTE|[14]
02:49:24.0 (5473301)|HEAP_ALLOCATE|[14]|Bytes:5
02:49:24.0 (5500376)|HEAP_ALLOCATE|[14]|Bytes:12
02:49:24.0 (5507612)|HEAP_ALLOCATE|[14]|Bytes:12
02:49:24.0 (5511406)|HEAP_ALLOCATE|[14]|Bytes:12
02:49:24.0 (5514942)|HEAP_ALLOCATE|[14]|Bytes:12
02:49:24.0 (5518706)|HEAP_ALLOCATE|[14]|Bytes:12
02:49:24.0 (5522196)|HEAP_ALLOCATE|[14]|Bytes:12
02:49:24.0 (5525794)|HEAP_ALLOCATE|[14]|Bytes:12
02:49:24.0 (5529384)|HEAP_ALLOCATE|[14]|Bytes:12
02:49:24.0 (5532857)|HEAP_ALLOCATE|[14]|Bytes:12
02:49:24.0 (5536934)|HEAP_ALLOCATE|[EXTERNAL]|Bytes:-4
02:49:24.0 (5542656)|STATEMENT_EXECUTE|[15]
02:49:24.0 (5548140)|HEAP_ALLOCATE|[15]|Bytes:7
02:49:24.0 (5573867)|HEAP_ALLOCATE|[15]|Bytes:12
02:49:24.0 (5580939)|HEAP_ALLOCATE|[15]|Bytes:12
02:49:24.0 (5584815)|HEAP_ALLOCATE|[15]|Bytes:12
02:49:24.0 (5588371)|HEAP_ALLOCATE|[15]|Bytes:12
02:49:24.0 (5591918)|HEAP_ALLOCATE|[15]|Bytes:12
02:49:24.0 (5595426)|HEAP_ALLOCATE|[15]|Bytes:12
02:49:24.0 (5598927)|HEAP_ALLOCATE|[15]|Bytes:12
02:49:24.0 (5602450)|HEAP_ALLOCATE|[15]|Bytes:12
02:49:24.0 (5605869)|HEAP_ALLOCATE|[15]|Bytes:12
02:49:24.0 (5609267)|HEAP_ALLOCATE|[15]|Bytes:12
02:49:24.0 (5613157)|HEAP_ALLOCATE|[EXTERNAL]|Bytes:-4
02:49:24.0 (5618828)|STATEMENT_EXECUTE|[16]
02:49:24.0 (5623719)|HEAP_ALLOCATE|[16]|Bytes:7
02:49:24.0 (5665671)|HEAP_ALLOCATE|[16]|Bytes:12
02:49:24.0 (5678071)|HEAP_ALLOCATE|[16]|Bytes:12
02:49:24.0 (5685534)|HEAP_ALLOCATE|[16]|Bytes:12
02:49:24.0 (5692977)|HEAP_ALLOCATE|[16]|Bytes:12
02:49:24.0 (5701508)|HEAP_ALLOCATE|[16]|Bytes:12
02:49:24.0 (5708198)|HEAP_ALLOCATE|[16]|Bytes:12
02:49:24.0 (5712040)|HEAP_ALLOCATE|[16]|Bytes:12
02:49:24.0 (5715671)|HEAP_ALLOCATE|[16]|Bytes:12
02:49:24.0 (5719134)|HEAP_ALLOCATE|[16]|Bytes:12
02:49:24.0 (5722780)|HEAP_ALLOCATE|[16]|Bytes:12
02:49:24.0 (5726591)|HEAP_ALLOCATE|[16]|Bytes:12
02:49:24.0 (5730816)|HEAP_ALLOCATE|[EXTERNAL]|Bytes:-4
02:49:24.0 (5738106)|STATEMENT_EXECUTE|[17]
02:49:24.0 (5744074)|HEAP_ALLOCATE|[17]|Bytes:14
02:49:24.0 (5773405)|HEAP_ALLOCATE|[17]|Bytes:12
02:49:24.0 (5782915)|HEAP_ALLOCATE|[17]|Bytes:12
02:49:24.0 (5788063)|HEAP_ALLOCATE|[17]|Bytes:12
02:49:24.0 (5791742)|HEAP_ALLOCATE|[17]|Bytes:12
02:49:24.0 (5795320)|HEAP_ALLOCATE|[17]|Bytes:12
02:49:24.0 (5798822)|HEAP_ALLOCATE|[17]|Bytes:12
02:49:24.0 (5802507)|HEAP_ALLOCATE|[17]|Bytes:12
02:49:24.0 (5805976)|HEAP_ALLOCATE|[17]|Bytes:12
02:49:24.0 (5810298)|HEAP_ALLOCATE|[17]|Bytes:12
02:49:24.0 (5817794)|HEAP_ALLOCATE|[17]|Bytes:12
02:49:24.0 (5825284)|HEAP_ALLOCATE|[17]|Bytes:12
02:49:24.0 (5833636)|HEAP_ALLOCATE|[17]|Bytes:12
02:49:24.0 (5860035)|HEAP_ALLOCATE|[EXTERNAL]|Bytes:-4
02:49:24.0 (5873310)|STATEMENT_EXECUTE|[18]
02:49:24.0 (5882631)|HEAP_ALLOCATE|[18]|Bytes:8
02:49:24.0 (5937552)|HEAP_ALLOCATE|[18]|Bytes:12
02:49:24.0 (5952769)|HEAP_ALLOCATE|[18]|Bytes:12
02:49:24.0 (5957228)|HEAP_ALLOCATE|[18]|Bytes:12
02:49:24.0 (5960992)|HEAP_ALLOCATE|[18]|Bytes:12
02:49:24.0 (5964643)|HEAP_ALLOCATE|[18]|Bytes:12
02:49:24.0 (5968181)|HEAP_ALLOCATE|[18]|Bytes:12
02:49:24.0 (5971650)|HEAP_ALLOCATE|[18]|Bytes:12
02:49:24.0 (5975145)|HEAP_ALLOCATE|[18]|Bytes:12
02:49:24.0 (5978596)|HEAP_ALLOCATE|[18]|Bytes:12
02:49:24.0 (5982119)|HEAP_ALLOCATE|[18]|Bytes:12
02:49:24.0 (5985649)|HEAP_ALLOCATE|[18]|Bytes:12
02:49:24.0 (5989272)|HEAP_ALLOCATE|[18]|Bytes:12
02:49:24.0 (5992773)|HEAP_ALLOCATE|[18]|Bytes:12
02:49:24.0 (5997003)|HEAP_ALLOCATE|[EXTERNAL]|Bytes:-4
02:49:24.0 (6003868)|STATEMENT_EXECUTE|[19]
02:49:24.0 (6010519)|HEAP_ALLOCATE|[19]|Bytes:5
02:49:24.0 (6038861)|HEAP_ALLOCATE|[19]|Bytes:12
02:49:24.0 (6046323)|HEAP_ALLOCATE|[19]|Bytes:12
02:49:24.0 (6050348)|HEAP_ALLOCATE|[19]|Bytes:12
02:49:24.0 (6053981)|HEAP_ALLOCATE|[19]|Bytes:12
02:49:24.0 (6057444)|HEAP_ALLOCATE|[19]|Bytes:12
02:49:24.0 (6060985)|HEAP_ALLOCATE|[19]|Bytes:12
02:49:24.0 (6064588)|HEAP_ALLOCATE|[19]|Bytes:12
02:49:24.0 (6068344)|HEAP_ALLOCATE|[19]|Bytes:12
02:49:24.0 (6071768)|HEAP_ALLOCATE|[19]|Bytes:12
02:49:24.0 (6075250)|HEAP_ALLOCATE|[19]|Bytes:12
02:49:24.0 (6078801)|HEAP_ALLOCATE|[19]|Bytes:12
02:49:24.0 (6082147)|HEAP_ALLOCATE|[19]|Bytes:12
02:49:24.0 (6085752)|HEAP_ALLOCATE|[19]|Bytes:12
02:49:24.0 (6089238)|HEAP_ALLOCATE|[19]|Bytes:12
02:49:24.0 (6093232)|HEAP_ALLOCATE|[EXTERNAL]|Bytes:-4
02:49:24.0 (6098964)|STATEMENT_EXECUTE|[20]
02:49:24.0 (6104153)|HEAP_ALLOCATE|[20]|Bytes:9
02:49:24.0 (6143129)|HEAP_ALLOCATE|[20]|Bytes:12
02:49:24.0 (6155065)|HEAP_ALLOCATE|[20]|Bytes:12
02:49:24.0 (6163034)|HEAP_ALLOCATE|[20]|Bytes:12
02:49:24.0 (6170030)|HEAP_ALLOCATE|[20]|Bytes:12
02:49:24.0 (6177600)|HEAP_ALLOCATE|[20]|Bytes:12
02:49:24.0 (6185291)|HEAP_ALLOCATE|[20]|Bytes:12
02:49:24.0 (6192257)|HEAP_ALLOCATE|[20]|Bytes:12
02:49:24.0 (6200035)|HEAP_ALLOCATE|[20]|Bytes:12
02:49:24.0 (6206841)|HEAP_ALLOCATE|[20]|Bytes:12
02:49:24.0 (6212950)|HEAP_ALLOCATE|[20]|Bytes:12
02:49:24.0 (6221212)|HEAP_ALLOCATE|[20]|Bytes:12
02:49:24.0 (6229589)|HEAP_ALLOCATE|[20]|Bytes:12
02:49:24.0 (6237417)|HEAP_ALLOCATE|[20]|Bytes:12
02:49:24.0 (6244926)|HEAP_ALLOCATE|[20]|Bytes:12
02:49:24.0 (6252725)|HEAP_ALLOCATE|[20]|Bytes:12
02:49:24.0 (6260453)|HEAP_ALLOCATE|[EXTERNAL]|Bytes:-4
02:49:24.0 (6271219)|STATEMENT_EXECUTE|[21]
02:49:24.0 (6280535)|HEAP_ALLOCATE|[21]|Bytes:3
02:49:24.0 (6316405)|HEAP_ALLOCATE|[21]|Bytes:12
02:49:24.0 (6324794)|HEAP_ALLOCATE|[21]|Bytes:12
02:49:24.0 (6328761)|HEAP_ALLOCATE|[21]|Bytes:12
02:49:24.0 (6332303)|HEAP_ALLOCATE|[21]|Bytes:12
02:49:24.0 (6335864)|HEAP_ALLOCATE|[21]|Bytes:12
02:49:24.0 (6339351)|HEAP_ALLOCATE|[21]|Bytes:12
02:49:24.0 (6342889)|HEAP_ALLOCATE|[21]|Bytes:12
02:49:24.0 (6346584)|HEAP_ALLOCATE|[21]|Bytes:12
02:49:24.0 (6350092)|HEAP_ALLOCATE|[21]|Bytes:12
02:49:24.0 (6353592)|HEAP_ALLOCATE|[21]|Bytes:12
02:49:24.0 (6357093)|HEAP_ALLOCATE|[21]|Bytes:12
02:49:24.0 (6360557)|HEAP_ALLOCATE|[21]|Bytes:12
02:49:24.0 (6364032)|HEAP_ALLOCATE|[21]|Bytes:12
02:49:24.0 (6367692)|HEAP_ALLOCATE|[21]|Bytes:12
02:49:24.0 (6371214)|HEAP_ALLOCATE|[21]|Bytes:12
02:49:24.0 (6374715)|HEAP_ALLOCATE|[21]|Bytes:12
02:49:24.0 (6378807)|HEAP_ALLOCATE|[EXTERNAL]|Bytes:-4
02:49:24.0 (6388889)|SYSTEM_MODE_EXIT|false
02:49:24.0 (6396493)|METHOD_EXIT|[1]|RelatedListDataGridController
02:49:24.0 (6401660)|HEAP_ALLOCATE|[EXTERNAL]|Bytes:4
02:49:24.0 (6403888)|HEAP_ALLOCATE|[EXTERNAL]|Bytes:14
02:49:24.0 (6408226)|SYSTEM_MODE_ENTER|false
02:49:24.0 (6416246)|VARIABLE_SCOPE_BEGIN|[140]|objectId|Id|false|false
02:49:24.0 (6559437)|VARIABLE_ASSIGNMENT|[140]|objectId|"0012800000usoKEAAY"
02:49:24.0 (6567143)|VARIABLE_SCOPE_BEGIN|[140]|relatedlistName|String|false|false
02:49:24.0 (6574646)|VARIABLE_ASSIGNMENT|[140]|relatedlistName|"Utilization__r"
02:49:24.0 (6587255)|HEAP_ALLOCATE|[143]|Bytes:5
02:49:24.0 (6591865)|STATEMENT_EXECUTE|[142]
02:49:24.0 (6593245)|STATEMENT_EXECUTE|[143]
02:49:24.0 (10359553)|VARIABLE_SCOPE_BEGIN|[3]|RestAPIUtils.QUERY_API_URL|String|false|true
02:49:24.0 (10375547)|VARIABLE_SCOPE_BEGIN|[2]|RestAPIUtils.SF_HOST|String|false|true
02:49:24.0 (10382320)|VARIABLE_SCOPE_BEGIN|[4]|RestAPIUtils.SOBJECT_API_URL|String|false|true
02:49:24.0 (10401151)|HEAP_ALLOCATE|[143]|Bytes:31
02:49:24.0 (10412966)|HEAP_ALLOCATE|[143]|Bytes:3
02:49:24.0 (10430047)|METHOD_ENTRY|[1]|01p2800000EnCql|RestAPIUtils.RestAPIUtils()
02:49:24.0 (10434296)|STATEMENT_EXECUTE|[1]
02:49:24.0 (10439006)|STATEMENT_EXECUTE|[1]
02:49:24.0 (10447457)|HEAP_ALLOCATE|[2]|Bytes:5
02:49:24.0 (10452432)|STATEMENT_EXECUTE|[2]
02:49:24.0 (10514674)|HEAP_ALLOCATE|[2]|Bytes:60
02:49:24.0 (10552729)|SYSTEM_METHOD_ENTRY|[1]|Url.Url()
02:49:24.0 (10557169)|STATEMENT_EXECUTE|[1]
02:49:24.0 (10569399)|SYSTEM_METHOD_EXIT|[1]|Url
02:49:24.0 (10592259)|METHOD_ENTRY|[2]||System.Url.getSalesforceBaseUrl()
02:49:24.0 (11391855)|METHOD_EXIT|[2]||System.Url.getSalesforceBaseUrl()
02:49:24.0 (11414091)|METHOD_ENTRY|[2]||System.Url.toExternalForm()
02:49:24.0 (11460937)|METHOD_EXIT|[2]||System.Url.toExternalForm()
02:49:24.0 (11490439)|VARIABLE_ASSIGNMENT|[2]|RestAPIUtils.SF_HOST|"https://ngmmadhan-de (22 more) ..."
02:49:24.0 (11495142)|STATEMENT_EXECUTE|[3]
02:49:24.0 (11503504)|HEAP_ALLOCATE|[3]|Bytes:38
02:49:24.0 (11527664)|HEAP_ALLOCATE|[3]|Bytes:80
02:49:24.0 (11543976)|VARIABLE_ASSIGNMENT|[3]|RestAPIUtils.QUERY_API_URL|"https://ngmmadhan-de (60 more) ..."
02:49:24.0 (11547858)|STATEMENT_EXECUTE|[4]
02:49:24.0 (11554782)|HEAP_ALLOCATE|[4]|Bytes:30
02:49:24.0 (11565044)|HEAP_ALLOCATE|[4]|Bytes:72
02:49:24.0 (11579923)|VARIABLE_ASSIGNMENT|[4]|RestAPIUtils.SOBJECT_API_URL|"https://ngmmadhan-de (52 more) ..."
02:49:24.0 (11591810)|METHOD_EXIT|[1]|RestAPIUtils
02:49:24.0 (11622910)|METHOD_ENTRY|[143]|01p2800000EnCql|RestAPIUtils.getRelatedListItems(Id, String)
02:49:24.0 (11651782)|VARIABLE_SCOPE_BEGIN|[111]|objectId|Id|false|false
02:49:24.0 (11787953)|VARIABLE_ASSIGNMENT|[111]|objectId|"0012800000usoKEAAY"
02:49:24.0 (11796460)|VARIABLE_SCOPE_BEGIN|[111]|relatedlistName|String|false|false
02:49:24.0 (11804385)|VARIABLE_ASSIGNMENT|[111]|relatedlistName|"Utilization__r"
02:49:24.0 (11815490)|HEAP_ALLOCATE|[114]|Bytes:5
02:49:24.0 (11821845)|STATEMENT_EXECUTE|[113]
02:49:24.0 (11823945)|STATEMENT_EXECUTE|[114]
02:49:24.0 (12990993)|HEAP_ALLOCATE|[114]|Bytes:4
02:49:24.0 (13032063)|HEAP_ALLOCATE|[114]|Bytes:7
02:49:24.0 (13043535)|VARIABLE_SCOPE_BEGIN|[114]|objectName|String|false|false
02:49:24.0 (13054874)|VARIABLE_ASSIGNMENT|[114]|objectName|"Account"
02:49:24.0 (13058825)|STATEMENT_EXECUTE|[116]
02:49:24.0 (13064291)|HEAP_ALLOCATE|[116]|Bytes:1
02:49:24.0 (13126341)|HEAP_ALLOCATE|[117]|Bytes:18
02:49:24.0 (13160986)|HEAP_ALLOCATE|[116]|Bytes:41
02:49:24.0 (13182088)|METHOD_ENTRY|[116]|01p2800000EnCql|RestAPIUtils.callSObjectAPI(String)
02:49:24.0 (13204601)|VARIABLE_SCOPE_BEGIN|[62]|query|String|false|false
02:49:24.0 (13215919)|VARIABLE_ASSIGNMENT|[62]|query|"Account/0012800000us (21 more) ..."
02:49:24.0 (13228311)|HEAP_ALLOCATE|[64]|Bytes:5
02:49:24.0 (13234071)|STATEMENT_EXECUTE|[63]
02:49:24.0 (13236023)|STATEMENT_EXECUTE|[64]
02:49:24.0 (13247640)|HEAP_ALLOCATE|[64]|Bytes:113
02:49:24.0 (13263585)|METHOD_ENTRY|[65]|01p2800000EnCql|RestAPIUtils.getSessionId()
02:49:24.0 (13290993)|HEAP_ALLOCATE|[32]|Bytes:5
02:49:24.0 (13298105)|STATEMENT_EXECUTE|[31]
02:49:24.0 (13349875)|HEAP_ALLOCATE|[32]|Bytes:63
02:49:24.0 (13362903)|SYSTEM_METHOD_ENTRY|[1]|Test.Test()
02:49:24.0 (13366273)|STATEMENT_EXECUTE|[1]
02:49:24.0 (13374632)|SYSTEM_METHOD_EXIT|[1]|Test
02:49:24.0 (13387683)|METHOD_ENTRY|[32]||System.Test.isRunningTest()
02:49:24.0 (13429658)|METHOD_EXIT|[32]||System.Test.isRunningTest()
02:49:24.0 (13439080)|STATEMENT_EXECUTE|[35]
02:49:24.0 (13441271)|STATEMENT_EXECUTE|[36]
02:49:24.0 (13452960)|HEAP_ALLOCATE|[36]|Bytes:22
02:49:24.0 (13510503)|VARIABLE_SCOPE_BEGIN|[36]|newPage|System.PageReference|true|false
02:49:24.0 (13610145)|VARIABLE_ASSIGNMENT|[36]|newPage|"/apex/getsessionidpage"|0x13e652cd
02:49:24.0 (13616082)|STATEMENT_EXECUTE|[37]
02:49:24.0 (178277441)|HEAP_ALLOCATE|[37]|Bytes:4
02:49:24.0 (178470045)|HEAP_ALLOCATE|[37]|Bytes:11410
02:49:24.0 (178494061)|VARIABLE_SCOPE_BEGIN|[37]|content|String|false|false
02:49:24.0 (178521151)|VARIABLE_ASSIGNMENT|[37]|content|"\r\n\u003C!DOCTYPE HTML PUB (11390 more) ..."
02:49:24.0 (178526614)|STATEMENT_EXECUTE|[38]
02:49:24.0 (178532489)|HEAP_ALLOCATE|[38]|Bytes:11
02:49:24.0 (178535986)|HEAP_ALLOCATE|[38]|Bytes:12
02:49:24.0 (178591471)|HEAP_ALLOCATE|[38]|Bytes:112
02:49:24.0 (178610994)|METHOD_EXIT|[65]|01p2800000EnCql|RestAPIUtils.getSessionId()
02:49:24.0 (178615982)|HEAP_ALLOCATE|[66]|Bytes:3
02:49:24.0 (178633770)|METHOD_ENTRY|[64]|01p2800000EnCql|RestAPIUtils.callRestAPI(String, String, String, String)
02:49:24.0 (178653230)|VARIABLE_SCOPE_BEGIN|[9]|endPoint|String|false|false
02:49:24.0 (178661305)|VARIABLE_ASSIGNMENT|[9]|endPoint|"https://ngmmadhan-de (93 more) ..."
02:49:24.0 (178663719)|VARIABLE_SCOPE_BEGIN|[9]|sessionId|String|false|false
02:49:24.0 (178667775)|VARIABLE_ASSIGNMENT|[9]|sessionId|"00D28000001uE3y!ARYA (92 more) ..."
02:49:24.0 (178669791)|VARIABLE_SCOPE_BEGIN|[9]|method|String|false|false
02:49:24.0 (178672908)|VARIABLE_ASSIGNMENT|[9]|method|"GET"
02:49:24.0 (178674988)|VARIABLE_SCOPE_BEGIN|[9]|body|String|false|false
02:49:24.0 (178679147)|VARIABLE_ASSIGNMENT|[9]|body|null
02:49:24.0 (178688461)|HEAP_ALLOCATE|[14]|Bytes:5
02:49:24.0 (178691999)|STATEMENT_EXECUTE|[13]
02:49:24.0 (178693344)|STATEMENT_EXECUTE|[14]
02:49:24.0 (178718789)|VARIABLE_SCOPE_BEGIN|[14]|req|System.HttpRequest|true|false
02:49:24.0 (178839809)|VARIABLE_ASSIGNMENT|[14]|req|"System.HttpRequest[Endpoint=null, Method=null]"|0x4a78355c
02:49:24.0 (178845989)|STATEMENT_EXECUTE|[16]
02:49:24.0 (178918082)|STATEMENT_EXECUTE|[17]
02:49:24.0 (178954127)|STATEMENT_EXECUTE|[18]
02:49:24.0 (178960837)|HEAP_ALLOCATE|[18]|Bytes:12
02:49:24.0 (178966420)|HEAP_ALLOCATE|[18]|Bytes:16
02:49:24.0 (179016366)|STATEMENT_EXECUTE|[19]
02:49:24.0 (179023069)|HEAP_ALLOCATE|[19]|Bytes:13
02:49:24.0 (179028326)|HEAP_ALLOCATE|[19]|Bytes:6
02:49:24.0 (179040271)|HEAP_ALLOCATE|[19]|Bytes:118
02:49:24.0 (179093087)|STATEMENT_EXECUTE|[20]
02:49:24.0 (179112064)|VARIABLE_SCOPE_BEGIN|[20]|http|System.Http|true|false
02:49:24.0 (179177990)|VARIABLE_ASSIGNMENT|[20]|http|"System.Http[]"|0x212303bb
02:49:24.0 (179182172)|STATEMENT_EXECUTE|[22]
02:49:24.0 (179242860)|CALLOUT_REQUEST|[22]|System.HttpRequest[Endpoint=https://ngmmadhan-dev-ed.my.salesforce.com/services/data/v38.0/sobjects/Account/0012800000usoKEAAY/Utilization__r, Method=GET]
02:49:24.0 (401458112)|HEAP_ALLOCATE|[EXTERNAL]|Bytes:1788
02:49:24.0 (401552385)|CALLOUT_RESPONSE|[22]|System.HttpResponse[Status=OK, StatusCode=200]
02:49:24.0 (401568413)|HEAP_ALLOCATE|[22]|Bytes:681
02:49:24.0 (401598840)|VARIABLE_SCOPE_BEGIN|[22]|res|System.HttpResponse|true|false
02:49:24.0 (401692456)|VARIABLE_ASSIGNMENT|[22]|res|"System.HttpResponse[Status=OK, StatusCode=200]"|0x32f2a7d4
02:49:24.0 (401698949)|STATEMENT_EXECUTE|[23]
02:49:24.0 (401809171)|HEAP_ALLOCATE|[23]|Bytes:675
02:49:24.0 (401833777)|METHOD_EXIT|[64]|01p2800000EnCql|RestAPIUtils.callRestAPI(String, String, String, String)
02:49:24.0 (401842964)|METHOD_EXIT|[116]|01p2800000EnCql|RestAPIUtils.callSObjectAPI(String)
02:49:24.0 (401847689)|VARIABLE_SCOPE_BEGIN|[116]|jsonRelatedItems|String|false|false
02:49:24.0 (401863276)|VARIABLE_ASSIGNMENT|[116]|jsonRelatedItems|"{\"totalSize\":1,\"done (655 more) ..."
02:49:24.0 (401865964)|STATEMENT_EXECUTE|[119]
02:49:24.0 (401867396)|STATEMENT_EXECUTE|[119]
02:49:24.0 (401868715)|STATEMENT_EXECUTE|[120]
02:49:24.0 (401952786)|HEAP_ALLOCATE|[120]|Bytes:24
02:49:24.0 (401968929)|SYSTEM_METHOD_ENTRY|[1]|JSON.JSON()
02:49:24.0 (401971866)|STATEMENT_EXECUTE|[1]
02:49:24.0 (401983136)|SYSTEM_METHOD_EXIT|[1]|JSON
02:49:24.0 (401997610)|METHOD_ENTRY|[120]||System.JSON.deserializeUntyped(String)
02:49:24.0 (403401192)|METHOD_EXIT|[120]||System.JSON.deserializeUntyped(String)
02:49:24.0 (403411570)|VARIABLE_SCOPE_BEGIN|[120]|queryResult|Map<String,ANY>|true|false
02:49:24.0 (403438686)|HEAP_ALLOCATE|[EXTERNAL]|Bytes:8
02:49:24.0 (403466688)|VARIABLE_ASSIGNMENT|[120]|queryResult|{"totalSize":1,"done":true,"records":["Map of size 16 too large to display"]}|0x2afd41cd
02:49:24.0 (403470342)|STATEMENT_EXECUTE|[121]
02:49:24.0 (403474347)|HEAP_ALLOCATE|[121]|Bytes:7
02:49:24.0 (403530894)|METHOD_EXIT|[143]|01p2800000EnCql|RestAPIUtils.getRelatedListItems(Id, String)
02:49:24.0 (403536367)|VARIABLE_SCOPE_BEGIN|[143]|items|List<ANY>|true|false
02:49:24.0 (403547999)|VARIABLE_ASSIGNMENT|[143]|items|["Map of size 16 too large to display"]|0x23a9a6ac
02:49:24.0 (403575437)|STATEMENT_EXECUTE|[145]
02:49:24.0 (403577303)|STATEMENT_EXECUTE|[146]
02:49:24.0 (403615240)|HEAP_ALLOCATE|[146]|Bytes:68
02:49:24.0 (403632030)|HEAP_ALLOCATE|[146]|Bytes:2
02:49:24.0 (403658992)|HEAP_ALLOCATE|[146]|Bytes:4
02:49:24.0 (403663670)|VARIABLE_SCOPE_BEGIN|[146]|firstChildId|Id|false|false
02:49:24.0 (403720145)|VARIABLE_ASSIGNMENT|[146]|firstChildId|"a2628000000raQUAAY"
02:49:24.0 (403724426)|STATEMENT_EXECUTE|[147]
02:49:24.0 (404715419)|HEAP_ALLOCATE|[147]|Bytes:4
02:49:24.0 (404753287)|VARIABLE_SCOPE_BEGIN|[147]|objectDescResult|Schema.DescribeSObjectResult|true|false
02:49:24.0 (404830206)|VARIABLE_ASSIGNMENT|[147]|objectDescResult|"common.api.soap.wsdl.DescribeSObjectResult@5d1d863a"|0x1a72d5ac
02:49:24.0 (404834692)|STATEMENT_EXECUTE|[149]
02:49:24.0 (404882161)|HEAP_ALLOCATE|[149]|Bytes:4
02:49:24.0 (404910431)|VARIABLE_SCOPE_BEGIN|[149]|lookupFields|Map<String,Schema.DescribeFieldResult>|true|false
02:49:24.0 (404922031)|VARIABLE_ASSIGNMENT|[149]|lookupFields|{}|0x74008c88
02:49:24.0 (407086693)|HEAP_ALLOCATE|[150]|Bytes:64
02:49:24.0 (407143503)|HEAP_ALLOCATE|[EXTERNAL]|Bytes:64
02:49:24.0 (407159448)|HEAP_ALLOCATE|[150]|Bytes:64
02:49:24.0 (407261804)|HEAP_ALLOCATE|[150]|Bytes:5
02:49:24.0 (407285983)|VARIABLE_SCOPE_BEGIN|[150]|sfield|Schema.SObjectField|true|false
02:49:24.0 (407355206)|VARIABLE_ASSIGNMENT|[150]|sfield|"common.apex.runtime.impl.ApexFieldToken@2b3ef11e"|0x2b3ef11e
02:49:24.0 (407361131)|STATEMENT_EXECUTE|[150]
02:49:24.0 (407362466)|STATEMENT_EXECUTE|[151]
02:49:24.0 (408228275)|HEAP_ALLOCATE|[151]|Bytes:8
02:49:24.0 (408241986)|VARIABLE_SCOPE_BEGIN|[151]|fieldDescResult|Schema.DescribeFieldResult|true|false
02:49:24.0 (408336711)|VARIABLE_ASSIGNMENT|[151]|fieldDescResult|"common.api.soap.wsdl.Field@ec51f7b3"|0x21dee3b5
02:49:24.0 (411884647)|HEAP_ALLOCATE|[152]|Bytes:12
02:49:24.0 (412050118)|STATEMENT_EXECUTE|[152]
02:49:24.0 (412071492)|HEAP_ALLOCATE|[150]|Bytes:5
02:49:24.0 (412103933)|VARIABLE_SCOPE_BEGIN|[150]|sfield|Schema.SObjectField|true|false
02:49:24.0 (412184563)|VARIABLE_ASSIGNMENT|[150]|sfield|"common.apex.runtime.impl.ApexFieldToken@58ed1856"|0x58ed1856
02:49:24.0 (412189702)|STATEMENT_EXECUTE|[150]
02:49:24.0 (412191029)|STATEMENT_EXECUTE|[151]
02:49:24.0 (412402653)|HEAP_ALLOCATE|[151]|Bytes:8
02:49:24.0 (412414572)|VARIABLE_SCOPE_BEGIN|[151]|fieldDescResult|Schema.DescribeFieldResult|true|false
02:49:24.0 (412507662)|VARIABLE_ASSIGNMENT|[151]|fieldDescResult|"common.api.soap.wsdl.Field@d9a4b3b"|0x192e4a65
02:49:24.0 (412548641)|HEAP_ALLOCATE|[152]|Bytes:12
02:49:24.0 (412580740)|STATEMENT_EXECUTE|[152]
02:49:24.0 (412583454)|STATEMENT_EXECUTE|[153]
02:49:24.0 (412606234)|HEAP_ALLOCATE|[153]|Bytes:7
02:49:24.0 (412677697)|HEAP_ALLOCATE|[EXTERNAL]|Bytes:-4
02:49:24.0 (412702424)|HEAP_ALLOCATE|[150]|Bytes:5
02:49:24.0 (412727047)|VARIABLE_SCOPE_BEGIN|[150]|sfield|Schema.SObjectField|true|false
02:49:24.0 (412802211)|VARIABLE_ASSIGNMENT|[150]|sfield|"common.apex.runtime.impl.ApexFieldToken@772b675e"|0x772b675e
02:49:24.0 (412808200)|STATEMENT_EXECUTE|[150]
02:49:24.0 (412810084)|STATEMENT_EXECUTE|[151]
02:49:24.0 (412952273)|HEAP_ALLOCATE|[151]|Bytes:8
02:49:24.0 (412966330)|VARIABLE_SCOPE_BEGIN|[151]|fieldDescResult|Schema.DescribeFieldResult|true|false
02:49:24.0 (413055051)|VARIABLE_ASSIGNMENT|[151]|fieldDescResult|"common.api.soap.wsdl.Field@b73ec0c0"|0x4674cfd8
02:49:24.0 (413086495)|HEAP_ALLOCATE|[152]|Bytes:12
02:49:24.0 (413120124)|STATEMENT_EXECUTE|[152]
02:49:24.0 (413130445)|HEAP_ALLOCATE|[150]|Bytes:5
02:49:24.0 (413145050)|VARIABLE_SCOPE_BEGIN|[150]|sfield|Schema.SObjectField|true|false
02:49:24.0 (413207275)|VARIABLE_ASSIGNMENT|[150]|sfield|"common.apex.runtime.impl.ApexFieldToken@31d1c6e5"|0x31d1c6e5
02:49:24.0 (413213460)|STATEMENT_EXECUTE|[150]
02:49:24.0 (413215436)|STATEMENT_EXECUTE|[151]
02:49:24.0 (413406499)|HEAP_ALLOCATE|[151]|Bytes:8
02:49:24.0 (413419621)|VARIABLE_SCOPE_BEGIN|[151]|fieldDescResult|Schema.DescribeFieldResult|true|false
02:49:24.0 (413509617)|VARIABLE_ASSIGNMENT|[151]|fieldDescResult|"common.api.soap.wsdl.Field@9ba3fa12"|0x3a4ac2e8
02:49:24.0 (413541229)|HEAP_ALLOCATE|[152]|Bytes:12
02:49:24.0 (413573678)|STATEMENT_EXECUTE|[152]
02:49:24.0 (413583821)|HEAP_ALLOCATE|[150]|Bytes:5
02:49:24.0 (413604119)|VARIABLE_SCOPE_BEGIN|[150]|sfield|Schema.SObjectField|true|false
02:49:24.0 (413657120)|VARIABLE_ASSIGNMENT|[150]|sfield|"common.apex.runtime.impl.ApexFieldToken@6dbb77c0"|0x6dbb77c0
02:49:24.0 (413661650)|STATEMENT_EXECUTE|[150]
02:49:24.0 (413662774)|STATEMENT_EXECUTE|[151]
02:49:24.0 (413802358)|HEAP_ALLOCATE|[151]|Bytes:8
02:49:24.0 (413814744)|VARIABLE_SCOPE_BEGIN|[151]|fieldDescResult|Schema.DescribeFieldResult|true|false
02:49:24.0 (413933464)|VARIABLE_ASSIGNMENT|[151]|fieldDescResult|"common.api.soap.wsdl.Field@6da04da4"|0x5392a0d8
02:49:24.0 (413969723)|HEAP_ALLOCATE|[152]|Bytes:12
02:49:24.0 (414014121)|STATEMENT_EXECUTE|[152]
02:49:24.0 (414029636)|HEAP_ALLOCATE|[150]|Bytes:5
02:49:24.0 (414055311)|VARIABLE_SCOPE_BEGIN|[150]|sfield|Schema.SObjectField|true|false
02:49:24.0 (414125160)|VARIABLE_ASSIGNMENT|[150]|sfield|"common.apex.runtime.impl.ApexFieldToken@5da4ed89"|0x5da4ed89
02:49:24.0 (414131053)|STATEMENT_EXECUTE|[150]
02:49:24.0 (414132849)|STATEMENT_EXECUTE|[151]
02:49:24.0 (414326248)|HEAP_ALLOCATE|[151]|Bytes:8
02:49:24.0 (414338970)|VARIABLE_SCOPE_BEGIN|[151]|fieldDescResult|Schema.DescribeFieldResult|true|false
02:49:24.0 (414451345)|VARIABLE_ASSIGNMENT|[151]|fieldDescResult|"common.api.soap.wsdl.Field@9eeb2cca"|0x245e6ba6
02:49:24.0 (414485019)|HEAP_ALLOCATE|[152]|Bytes:12
02:49:24.0 (414518098)|STATEMENT_EXECUTE|[152]
02:49:24.0 (414521175)|STATEMENT_EXECUTE|[153]
02:49:24.0 (414530646)|HEAP_ALLOCATE|[153]|Bytes:11
02:49:24.0 (414558208)|HEAP_ALLOCATE|[EXTERNAL]|Bytes:-4
02:49:24.0 (414579452)|HEAP_ALLOCATE|[150]|Bytes:5
02:49:24.0 (414603448)|VARIABLE_SCOPE_BEGIN|[150]|sfield|Schema.SObjectField|true|false
02:49:24.0 (414674343)|VARIABLE_ASSIGNMENT|[150]|sfield|"common.apex.runtime.impl.ApexFieldToken@719970f4"|0x719970f4
02:49:24.0 (414680018)|STATEMENT_EXECUTE|[150]
02:49:24.0 (414681791)|STATEMENT_EXECUTE|[151]
02:49:24.0 (414872147)|HEAP_ALLOCATE|[151]|Bytes:8
02:49:24.0 (414885341)|VARIABLE_SCOPE_BEGIN|[151]|fieldDescResult|Schema.DescribeFieldResult|true|false
02:49:24.0 (414987712)|VARIABLE_ASSIGNMENT|[151]|fieldDescResult|"common.api.soap.wsdl.Field@d3c0d742"|0x44729326
02:49:24.0 (415018334)|HEAP_ALLOCATE|[152]|Bytes:12
02:49:24.0 (415055637)|STATEMENT_EXECUTE|[152]
02:49:24.0 (415067746)|HEAP_ALLOCATE|[150]|Bytes:5
02:49:24.0 (415084360)|VARIABLE_SCOPE_BEGIN|[150]|sfield|Schema.SObjectField|true|false
02:49:24.0 (415138084)|VARIABLE_ASSIGNMENT|[150]|sfield|"common.apex.runtime.impl.ApexFieldToken@4ec066cc"|0x4ec066cc
02:49:24.0 (415142656)|STATEMENT_EXECUTE|[150]
02:49:24.0 (415143861)|STATEMENT_EXECUTE|[151]
02:49:24.0 (415288799)|HEAP_ALLOCATE|[151]|Bytes:8
02:49:24.0 (415299040)|VARIABLE_SCOPE_BEGIN|[151]|fieldDescResult|Schema.DescribeFieldResult|true|false
02:49:24.0 (415387354)|VARIABLE_ASSIGNMENT|[151]|fieldDescResult|"common.api.soap.wsdl.Field@6be4ee8d"|0x7cc789bf
02:49:24.0 (415415304)|HEAP_ALLOCATE|[152]|Bytes:12
02:49:24.0 (415437018)|STATEMENT_EXECUTE|[152]
02:49:24.0 (415438757)|STATEMENT_EXECUTE|[153]
02:49:24.0 (415445324)|HEAP_ALLOCATE|[153]|Bytes:16
02:49:24.0 (415460087)|HEAP_ALLOCATE|[EXTERNAL]|Bytes:-4
02:49:24.0 (415472725)|HEAP_ALLOCATE|[150]|Bytes:5
02:49:24.0 (415487713)|VARIABLE_SCOPE_BEGIN|[150]|sfield|Schema.SObjectField|true|false
02:49:24.0 (415553135)|VARIABLE_ASSIGNMENT|[150]|sfield|"common.apex.runtime.impl.ApexFieldToken@78f31da3"|0x78f31da3
02:49:24.0 (415557912)|STATEMENT_EXECUTE|[150]
02:49:24.0 (415559097)|STATEMENT_EXECUTE|[151]
02:49:24.0 (415667785)|HEAP_ALLOCATE|[151]|Bytes:8
02:49:24.0 (415677641)|VARIABLE_SCOPE_BEGIN|[151]|fieldDescResult|Schema.DescribeFieldResult|true|false
02:49:24.0 (415746138)|VARIABLE_ASSIGNMENT|[151]|fieldDescResult|"common.api.soap.wsdl.Field@859f4136"|0x19916322
02:49:24.0 (415770916)|HEAP_ALLOCATE|[152]|Bytes:12
02:49:24.0 (415803398)|STATEMENT_EXECUTE|[152]
02:49:24.0 (415813402)|HEAP_ALLOCATE|[150]|Bytes:5
02:49:24.0 (415833985)|VARIABLE_SCOPE_BEGIN|[150]|sfield|Schema.SObjectField|true|false
02:49:24.0 (415885482)|VARIABLE_ASSIGNMENT|[150]|sfield|"common.apex.runtime.impl.ApexFieldToken@2c17f91"|0x2c17f91
02:49:24.0 (415889622)|STATEMENT_EXECUTE|[150]
02:49:24.0 (415890732)|STATEMENT_EXECUTE|[151]
02:49:24.0 (415993994)|HEAP_ALLOCATE|[151]|Bytes:8
02:49:24.0 (416003247)|VARIABLE_SCOPE_BEGIN|[151]|fieldDescResult|Schema.DescribeFieldResult|true|false
02:49:24.0 (416068655)|VARIABLE_ASSIGNMENT|[151]|fieldDescResult|"common.api.soap.wsdl.Field@366de9a4"|0x323cc4fd
02:49:24.0 (416092858)|HEAP_ALLOCATE|[152]|Bytes:12
02:49:24.0 (416123388)|STATEMENT_EXECUTE|[152]
02:49:24.0 (416133799)|HEAP_ALLOCATE|[150]|Bytes:5
02:49:24.0 (416147942)|VARIABLE_SCOPE_BEGIN|[150]|sfield|Schema.SObjectField|true|false
02:49:24.0 (416199277)|VARIABLE_ASSIGNMENT|[150]|sfield|"common.apex.runtime.impl.ApexFieldToken@38e5a1ed"|0x38e5a1ed
02:49:24.0 (416203544)|STATEMENT_EXECUTE|[150]
02:49:24.0 (416204756)|STATEMENT_EXECUTE|[151]
02:49:24.0 (416307586)|HEAP_ALLOCATE|[151]|Bytes:8
02:49:24.0 (416316753)|VARIABLE_SCOPE_BEGIN|[151]|fieldDescResult|Schema.DescribeFieldResult|true|false
02:49:24.0 (416380663)|VARIABLE_ASSIGNMENT|[151]|fieldDescResult|"common.api.soap.wsdl.Field@bb3d3f40"|0x7057ecf8
02:49:24.0 (416404515)|HEAP_ALLOCATE|[152]|Bytes:12
02:49:24.0 (416434529)|STATEMENT_EXECUTE|[152]
02:49:24.0 (416444312)|HEAP_ALLOCATE|[150]|Bytes:5
02:49:24.0 (416458970)|VARIABLE_SCOPE_BEGIN|[150]|sfield|Schema.SObjectField|true|false
02:49:24.0 (416509807)|VARIABLE_ASSIGNMENT|[150]|sfield|"common.apex.runtime.impl.ApexFieldToken@755e463b"|0x755e463b
02:49:24.0 (416514018)|STATEMENT_EXECUTE|[150]
02:49:24.0 (416515169)|STATEMENT_EXECUTE|[151]
02:49:24.0 (416616514)|HEAP_ALLOCATE|[151]|Bytes:8
02:49:24.0 (416625951)|VARIABLE_SCOPE_BEGIN|[151]|fieldDescResult|Schema.DescribeFieldResult|true|false
02:49:24.0 (416690593)|VARIABLE_ASSIGNMENT|[151]|fieldDescResult|"common.api.soap.wsdl.Field@1b03fa16"|0x224b605f
02:49:24.0 (416713997)|HEAP_ALLOCATE|[152]|Bytes:12
02:49:24.0 (416743878)|STATEMENT_EXECUTE|[152]
02:49:24.0 (416753417)|HEAP_ALLOCATE|[150]|Bytes:5
02:49:24.0 (416766949)|VARIABLE_SCOPE_BEGIN|[150]|sfield|Schema.SObjectField|true|false
02:49:24.0 (416821339)|VARIABLE_ASSIGNMENT|[150]|sfield|"common.apex.runtime.impl.ApexFieldToken@15a04336"|0x15a04336
02:49:24.0 (416825649)|STATEMENT_EXECUTE|[150]
02:49:24.0 (416826770)|STATEMENT_EXECUTE|[151]
02:49:24.0 (419256711)|HEAP_ALLOCATE|[151]|Bytes:8
02:49:24.0 (419271226)|VARIABLE_SCOPE_BEGIN|[151]|fieldDescResult|Schema.DescribeFieldResult|true|false
02:49:24.0 (419342918)|VARIABLE_ASSIGNMENT|[151]|fieldDescResult|"common.api.soap.wsdl.Field@3dddb825"|0x3cfd2845
02:49:24.0 (419373831)|HEAP_ALLOCATE|[152]|Bytes:12
02:49:24.0 (419397530)|STATEMENT_EXECUTE|[152]
02:49:24.0 (419399420)|STATEMENT_EXECUTE|[153]
02:49:24.0 (419406845)|HEAP_ALLOCATE|[153]|Bytes:10
02:49:24.0 (419423486)|HEAP_ALLOCATE|[EXTERNAL]|Bytes:-4
02:49:24.0 (419437491)|HEAP_ALLOCATE|[150]|Bytes:5
02:49:24.0 (419454062)|VARIABLE_SCOPE_BEGIN|[150]|sfield|Schema.SObjectField|true|false
02:49:24.0 (419506507)|VARIABLE_ASSIGNMENT|[150]|sfield|"common.apex.runtime.impl.ApexFieldToken@1c148be4"|0x1c148be4
02:49:24.0 (419510705)|STATEMENT_EXECUTE|[150]
02:49:24.0 (419511960)|STATEMENT_EXECUTE|[151]
02:49:24.0 (419668004)|HEAP_ALLOCATE|[151]|Bytes:8
02:49:24.0 (419677710)|VARIABLE_SCOPE_BEGIN|[151]|fieldDescResult|Schema.DescribeFieldResult|true|false
02:49:24.0 (419740388)|VARIABLE_ASSIGNMENT|[151]|fieldDescResult|"common.api.soap.wsdl.Field@3522fc5f"|0x3ced0f23
02:49:24.0 (419764810)|HEAP_ALLOCATE|[152]|Bytes:12
02:49:24.0 (419785179)|STATEMENT_EXECUTE|[152]
02:49:24.0 (419786904)|STATEMENT_EXECUTE|[153]
02:49:24.0 (419792537)|HEAP_ALLOCATE|[153]|Bytes:10
02:49:24.0 (419805468)|HEAP_ALLOCATE|[EXTERNAL]|Bytes:-4
02:49:24.0 (419817257)|HEAP_ALLOCATE|[150]|Bytes:5
02:49:24.0 (419837305)|VARIABLE_SCOPE_BEGIN|[150]|sfield|Schema.SObjectField|true|false
02:49:24.0 (419888376)|VARIABLE_ASSIGNMENT|[150]|sfield|"common.apex.runtime.impl.ApexFieldToken@96bbb42"|0x96bbb42
02:49:24.0 (419892734)|STATEMENT_EXECUTE|[150]
02:49:24.0 (419893935)|STATEMENT_EXECUTE|[151]
02:49:24.0 (420013190)|HEAP_ALLOCATE|[151]|Bytes:8
02:49:24.0 (420023074)|VARIABLE_SCOPE_BEGIN|[151]|fieldDescResult|Schema.DescribeFieldResult|true|false
02:49:24.0 (420085815)|VARIABLE_ASSIGNMENT|[151]|fieldDescResult|"common.api.soap.wsdl.Field@983df9a4"|0x47859420
02:49:24.0 (420110297)|HEAP_ALLOCATE|[152]|Bytes:12
02:49:24.0 (420146057)|STATEMENT_EXECUTE|[152]
02:49:24.0 (420155905)|HEAP_ALLOCATE|[150]|Bytes:5
02:49:24.0 (420168846)|VARIABLE_ASSIGNMENT|[150]|sfield|null|
02:49:24.0 (420184034)|HEAP_ALLOCATE|[158]|Bytes:4
02:49:24.0 (420261582)|HEAP_ALLOCATE|[158]|Bytes:78
02:49:24.0 (420280412)|HEAP_ALLOCATE|[158]|Bytes:20
02:49:24.0 (420306173)|HEAP_ALLOCATE|[158]|Bytes:5
02:49:24.0 (420319342)|VARIABLE_SCOPE_BEGIN|[158]|fieldKey|String|false|false
02:49:24.0 (420327665)|VARIABLE_ASSIGNMENT|[158]|fieldKey|"OwnerId"
02:49:24.0 (420330312)|STATEMENT_EXECUTE|[158]
02:49:24.0 (420331595)|STATEMENT_EXECUTE|[159]
02:49:24.0 (420339290)|HEAP_ALLOCATE|[159]|Bytes:4
02:49:24.0 (420367530)|VARIABLE_SCOPE_BEGIN|[159]|lookupIds|Set<Id>|true|false
02:49:24.0 (420390680)|VARIABLE_ASSIGNMENT|[159]|lookupIds|[]|0x13451fe4
02:49:24.0 (420393487)|STATEMENT_EXECUTE|[160]
02:49:24.0 (420401631)|HEAP_ALLOCATE|[160]|Bytes:4
02:49:24.0 (420416632)|VARIABLE_SCOPE_BEGIN|[160]|lookupMap|Map<Id,List<ANY>>|true|false
02:49:24.0 (420429147)|VARIABLE_ASSIGNMENT|[160]|lookupMap|{}|0x47a94a18
02:49:24.0 (420469749)|HEAP_ALLOCATE|[163]|Bytes:5
02:49:24.0 (420484816)|HEAP_ALLOCATE|[163]|Bytes:68
02:49:24.0 (420504266)|VARIABLE_SCOPE_BEGIN|[163]|item|Object|false|false
02:49:24.0 (420518155)|VARIABLE_ASSIGNMENT|[163]|item|"Map of size 16 too large to display"
02:49:24.0 (420521100)|STATEMENT_EXECUTE|[163]
02:49:24.0 (420522368)|STATEMENT_EXECUTE|[164]
02:49:24.0 (420527231)|VARIABLE_SCOPE_BEGIN|[164]|mItem|Map<String,ANY>|true|false
02:49:24.0 (420534311)|VARIABLE_ASSIGNMENT|[164]|mItem|"Map of size 16 too large to display"|0x704dac
02:49:24.0 (420569239)|STATEMENT_EXECUTE|[165]
02:49:24.0 (420571160)|STATEMENT_EXECUTE|[166]
02:49:24.0 (420601288)|HEAP_ALLOCATE|[166]|Bytes:4
02:49:24.0 (420606332)|VARIABLE_SCOPE_BEGIN|[166]|lookupId|Id|false|false
02:49:24.0 (420656830)|VARIABLE_ASSIGNMENT|[166]|lookupId|"005280000056SduAAE"
02:49:24.0 (420661579)|STATEMENT_EXECUTE|[167]
02:49:24.0 (420662940)|STATEMENT_EXECUTE|[168]
02:49:24.0 (420693360)|HEAP_ALLOCATE|[EXTERNAL]|Bytes:4
02:49:24.0 (420728598)|STATEMENT_EXECUTE|[169]
02:49:24.0 (420730649)|STATEMENT_EXECUTE|[170]
02:49:24.0 (420734722)|HEAP_ALLOCATE|[170]|Bytes:4
02:49:24.0 (420775638)|HEAP_ALLOCATE|[EXTERNAL]|Bytes:4
02:49:24.0 (420779063)|HEAP_ALLOCATE|[EXTERNAL]|Bytes:-4
02:49:24.0 (420784882)|STATEMENT_EXECUTE|[172]
02:49:24.0 (420834971)|HEAP_ALLOCATE|[EXTERNAL]|Bytes:4
02:49:24.0 (420848335)|HEAP_ALLOCATE|[163]|Bytes:5
02:49:24.0 (420864945)|VARIABLE_ASSIGNMENT|[163]|item|null
02:49:24.0 (420887097)|STATEMENT_EXECUTE|[178]
02:49:24.0 (420888963)|STATEMENT_EXECUTE|[179]
02:49:24.0 (420905402)|METHOD_ENTRY|[179]|01p2800000EnCqi|RelatedListDataGridController.getLookupObjects(Set<Id>)
02:49:24.0 (420926092)|VARIABLE_SCOPE_BEGIN|[204]|lookupIds|Set<Id>|true|false
02:49:24.0 (420935326)|VARIABLE_ASSIGNMENT|[204]|lookupIds|["005280000056SduAAE"]|0x13451fe4
02:49:24.0 (420946227)|HEAP_ALLOCATE|[206]|Bytes:5
02:49:24.0 (420950026)|STATEMENT_EXECUTE|[205]
02:49:24.0 (420951283)|STATEMENT_EXECUTE|[206]
02:49:24.0 (420957020)|HEAP_ALLOCATE|[206]|Bytes:4
02:49:24.0 (420983255)|HEAP_ALLOCATE|[206]|Bytes:4
02:49:24.0 (421020856)|HEAP_ALLOCATE|[206]|Bytes:4
02:49:24.0 (421064027)|VARIABLE_SCOPE_BEGIN|[206]|sobjectType|Schema.SObjectType|true|false
02:49:24.0 (421119997)|VARIABLE_ASSIGNMENT|[206]|sobjectType|"common.apex.runtime.impl.ApexSObjectTypeToken@5dca1c2f"|0x5dca1c2f
02:49:24.0 (421123972)|STATEMENT_EXECUTE|[207]
02:49:24.0 (421254763)|HEAP_ALLOCATE|[207]|Bytes:4
02:49:24.0 (421279681)|HEAP_ALLOCATE|[207]|Bytes:4
02:49:24.0 (421283744)|VARIABLE_SCOPE_BEGIN|[207]|sobjectName|String|false|false
02:49:24.0 (421290872)|VARIABLE_ASSIGNMENT|[207]|sobjectName|"User"
02:49:24.0 (421304663)|METHOD_ENTRY|[209]|01p2800000EnCqi|RelatedListDataGridController.isSafeObject(String)
02:49:24.0 (421319297)|VARIABLE_SCOPE_BEGIN|[281]|objName|String|false|false
02:49:24.0 (421324303)|VARIABLE_ASSIGNMENT|[281]|objName|"User"
02:49:24.0 (421332135)|HEAP_ALLOCATE|[282]|Bytes:5
02:49:24.0 (421338719)|STATEMENT_EXECUTE|[281]
02:49:24.0 (421340069)|STATEMENT_EXECUTE|[282]
02:49:24.0 (508568776)|HEAP_ALLOCATE|[282]|Bytes:2432
02:49:24.0 (508605454)|VARIABLE_SCOPE_BEGIN|[282]|schemaMap|Map<String,Schema.SObjectType>|true|false
02:49:24.0 (508952532)|VARIABLE_ASSIGNMENT|[282]|schemaMap|"{acceptedeventrelation=AcceptedEventRelation, account=Account, accountcleaninfo=AccountCleanInfo, accountcontactrole=AccountContactRole, accountfeed=AccountFeed, accounthistory=AccountHistory, accountpartner=AccountPartner, accountshare=AccountShare, actionlinkgrouptemplate=ActionLinkGroupTemplate, actionlinktemplate=ActionLinkTemplate, ...}"|0x65805b04
02:49:24.0 (508961533)|STATEMENT_EXECUTE|[283]
02:49:24.0 (509064120)|VARIABLE_SCOPE_BEGIN|[283]|myObj|Schema.SObjectType|true|false
02:49:24.0 (509120470)|VARIABLE_ASSIGNMENT|[283]|myObj|"common.apex.runtime.impl.ApexSObjectTypeToken@5dca1c2f"|0x5dca1c2f
02:49:24.0 (509124611)|STATEMENT_EXECUTE|[285]
02:49:24.0 (509189621)|HEAP_ALLOCATE|[285]|Bytes:4
02:49:24.0 (509229110)|HEAP_ALLOCATE|[285]|Bytes:5
02:49:24.0 (509243472)|METHOD_EXIT|[209]|01p2800000EnCqi|RelatedListDataGridController.isSafeObject(String)
02:49:24.0 (509252068)|HEAP_ALLOCATE|[209]|Bytes:4
02:49:24.0 (509276349)|METHOD_ENTRY|[209]|01p2800000EnCqi|RelatedListDataGridController.isSafeField(String, String)
02:49:24.0 (509284831)|VARIABLE_SCOPE_BEGIN|[288]|fieldName|String|false|false
02:49:24.0 (509293117)|VARIABLE_ASSIGNMENT|[288]|fieldName|"Name"
02:49:24.0 (509296255)|VARIABLE_SCOPE_BEGIN|[288]|objName|String|false|false
02:49:24.0 (509299190)|VARIABLE_ASSIGNMENT|[288]|objName|"User"
02:49:24.0 (509309534)|HEAP_ALLOCATE|[289]|Bytes:5
02:49:24.0 (509312748)|STATEMENT_EXECUTE|[288]
02:49:24.0 (509314062)|STATEMENT_EXECUTE|[289]
02:49:24.0 (519128751)|HEAP_ALLOCATE|[289]|Bytes:2432
02:49:24.0 (519165584)|VARIABLE_SCOPE_BEGIN|[289]|schemaMap|Map<String,Schema.SObjectType>|true|false
02:49:24.0 (519520903)|VARIABLE_ASSIGNMENT|[289]|schemaMap|"{acceptedeventrelation=AcceptedEventRelation, account=Account, accountcleaninfo=AccountCleanInfo, accountcontactrole=AccountContactRole, accountfeed=AccountFeed, accounthistory=AccountHistory, accountpartner=AccountPartner, accountshare=AccountShare, actionlinkgrouptemplate=ActionLinkGroupTemplate, actionlinktemplate=ActionLinkTemplate, ...}"|0x69c282ff
02:49:24.0 (519529630)|STATEMENT_EXECUTE|[290]
02:49:24.0 (519629879)|VARIABLE_SCOPE_BEGIN|[290]|myObj|Schema.SObjectType|true|false
02:49:24.0 (519691904)|VARIABLE_ASSIGNMENT|[290]|myObj|"common.apex.runtime.impl.ApexSObjectTypeToken@5dca1c2f"|0x5dca1c2f
02:49:24.0 (519698042)|STATEMENT_EXECUTE|[292]
02:49:24.0 (519758834)|HEAP_ALLOCATE|[292]|Bytes:4
02:49:24.0 (524087016)|HEAP_ALLOCATE|[292]|Bytes:664
02:49:24.0 (524160078)|VARIABLE_SCOPE_BEGIN|[292]|myField|Schema.SObjectField|true|false
02:49:24.0 (524267405)|VARIABLE_ASSIGNMENT|[292]|myField|"common.apex.runtime.impl.ApexFieldToken@35c2e75f"|0x35c2e75f
02:49:24.0 (524274525)|STATEMENT_EXECUTE|[293]
02:49:24.0 (524938087)|HEAP_ALLOCATE|[293]|Bytes:8
02:49:24.0 (524974896)|HEAP_ALLOCATE|[293]|Bytes:5
02:49:24.0 (524992416)|METHOD_EXIT|[209]|01p2800000EnCqi|RelatedListDataGridController.isSafeField(String, String)
02:49:24.0 (524998397)|STATEMENT_EXECUTE|[209]
02:49:24.0 (524999944)|STATEMENT_EXECUTE|[210]
02:49:24.0 (525005510)|HEAP_ALLOCATE|[210]|Bytes:21
02:49:24.0 (525011408)|HEAP_ALLOCATE|[212]|Bytes:23
02:49:24.0 (525034570)|HEAP_ALLOCATE|[210]|Bytes:48
02:49:24.0 (525331692)|SOQL_EXECUTE_BEGIN|[210]|Aggregations:0|Select Id, Name From User Where Id in :lookupIds
02:49:24.0 (531619834)|SOQL_EXECUTE_END|[210]|Rows:1
02:49:24.0 (531660910)|HEAP_ALLOCATE|[210]|Bytes:8
02:49:24.0 (531687586)|HEAP_ALLOCATE|[210]|Bytes:60
02:49:24.0 (531837573)|HEAP_ALLOCATE|[210]|Bytes:8
02:49:24.0 (531878447)|METHOD_EXIT|[179]|01p2800000EnCqi|RelatedListDataGridController.getLookupObjects(Set<Id>)
02:49:24.0 (531889346)|VARIABLE_SCOPE_BEGIN|[179]|lookupObjs|List<SObject>|true|false
02:49:24.0 (531935895)|VARIABLE_ASSIGNMENT|[179]|lookupObjs|[{"Id":"005280000056SduAAE","Name":"Madhan Kumar Sundara (3 more) ..."}]|0x20ec1e00
02:49:24.0 (532187669)|HEAP_ALLOCATE|[180]|Bytes:5
02:49:24.0 (532240151)|HEAP_ALLOCATE|[180]|Bytes:12
02:49:24.0 (532263558)|VARIABLE_SCOPE_BEGIN|[180]|lookupObj|SObject|true|false
02:49:24.0 (532278613)|VARIABLE_ASSIGNMENT|[180]|lookupObj|{"Id":"005280000056SduAAE","Name":"Madhan Kumar Sundara (3 more) ..."}|0x26875d33
02:49:24.0 (532284258)|STATEMENT_EXECUTE|[180]
02:49:24.0 (532395430)|HEAP_ALLOCATE|[181]|Bytes:5
02:49:24.0 (532414245)|HEAP_ALLOCATE|[181]|Bytes:68
02:49:24.0 (532425009)|VARIABLE_SCOPE_BEGIN|[181]|item|Object|false|false
02:49:24.0 (532441758)|VARIABLE_ASSIGNMENT|[181]|item|"Map of size 16 too large to display"
02:49:24.0 (532445043)|STATEMENT_EXECUTE|[181]
02:49:24.0 (532446566)|STATEMENT_EXECUTE|[182]
02:49:24.0 (532453737)|VARIABLE_SCOPE_BEGIN|[182]|mItem|Map<String,ANY>|true|false
02:49:24.0 (532471145)|VARIABLE_ASSIGNMENT|[182]|mItem|"Map of size 16 too large to display"|0x704dac
02:49:24.0 (532473514)|STATEMENT_EXECUTE|[183]
02:49:24.0 (532474632)|STATEMENT_EXECUTE|[183]
02:49:24.0 (532475915)|STATEMENT_EXECUTE|[184]
02:49:24.0 (532481980)|HEAP_ALLOCATE|[184]|Bytes:6
02:49:24.0 (532501884)|HEAP_ALLOCATE|[184]|Bytes:13
02:49:24.0 (532576275)|HEAP_ALLOCATE|[184]|Bytes:23
02:49:24.0 (532605041)|HEAP_ALLOCATE|[EXTERNAL]|Bytes:-4
02:49:24.0 (532620102)|HEAP_ALLOCATE|[181]|Bytes:5
02:49:24.0 (532648929)|VARIABLE_ASSIGNMENT|[181]|item|null
02:49:24.0 (532660890)|HEAP_ALLOCATE|[180]|Bytes:5
02:49:24.0 (532670306)|VARIABLE_ASSIGNMENT|[180]|lookupObj|null|
02:49:24.0 (532679560)|HEAP_ALLOCATE|[158]|Bytes:5
02:49:24.0 (532690017)|VARIABLE_SCOPE_BEGIN|[158]|fieldKey|String|false|false
02:49:24.0 (532696658)|VARIABLE_ASSIGNMENT|[158]|fieldKey|"CreatedById"
02:49:24.0 (532699367)|STATEMENT_EXECUTE|[158]
02:49:24.0 (532700629)|STATEMENT_EXECUTE|[159]
02:49:24.0 (532710419)|HEAP_ALLOCATE|[159]|Bytes:4
02:49:24.0 (532727463)|VARIABLE_SCOPE_BEGIN|[159]|lookupIds|Set<Id>|true|false
02:49:24.0 (532753426)|VARIABLE_ASSIGNMENT|[159]|lookupIds|[]|0x47bc2e6a
02:49:24.0 (532756175)|STATEMENT_EXECUTE|[160]
02:49:24.0 (532761608)|HEAP_ALLOCATE|[160]|Bytes:4
02:49:24.0 (532768290)|VARIABLE_SCOPE_BEGIN|[160]|lookupMap|Map<Id,List<ANY>>|true|false
02:49:24.0 (532783203)|VARIABLE_ASSIGNMENT|[160]|lookupMap|{}|0x5bce8d6b
02:49:24.0 (532801473)|HEAP_ALLOCATE|[163]|Bytes:5
02:49:24.0 (532813716)|HEAP_ALLOCATE|[163]|Bytes:72
02:49:24.0 (532833104)|VARIABLE_SCOPE_BEGIN|[163]|item|Object|false|false
02:49:24.0 (532852900)|VARIABLE_ASSIGNMENT|[163]|item|"Map of size 17 too large to display"
02:49:24.0 (532857785)|STATEMENT_EXECUTE|[163]
02:49:24.0 (532859655)|STATEMENT_EXECUTE|[164]
02:49:24.0 (532867142)|VARIABLE_SCOPE_BEGIN|[164]|mItem|Map<String,ANY>|true|false
02:49:24.0 (532876846)|VARIABLE_ASSIGNMENT|[164]|mItem|"Map of size 17 too large to display"|0x704dac
02:49:24.0 (532898619)|STATEMENT_EXECUTE|[165]
02:49:24.0 (532900152)|STATEMENT_EXECUTE|[166]
02:49:24.0 (532913779)|HEAP_ALLOCATE|[166]|Bytes:4
02:49:24.0 (532918512)|VARIABLE_SCOPE_BEGIN|[166]|lookupId|Id|false|false
02:49:24.0 (533037163)|VARIABLE_ASSIGNMENT|[166]|lookupId|"005280000056SduAAE"
02:49:24.0 (533043628)|STATEMENT_EXECUTE|[167]
02:49:24.0 (533044738)|STATEMENT_EXECUTE|[168]
02:49:24.0 (533058497)|HEAP_ALLOCATE|[EXTERNAL]|Bytes:4
02:49:24.0 (533073518)|STATEMENT_EXECUTE|[169]
02:49:24.0 (533075082)|STATEMENT_EXECUTE|[170]
02:49:24.0 (533080096)|HEAP_ALLOCATE|[170]|Bytes:4
02:49:24.0 (533110192)|HEAP_ALLOCATE|[EXTERNAL]|Bytes:4
02:49:24.0 (533113420)|HEAP_ALLOCATE|[EXTERNAL]|Bytes:-4
02:49:24.0 (533119120)|STATEMENT_EXECUTE|[172]
02:49:24.0 (533158897)|HEAP_ALLOCATE|[EXTERNAL]|Bytes:4
02:49:24.0 (533173189)|HEAP_ALLOCATE|[163]|Bytes:5
02:49:24.0 (533190499)|VARIABLE_ASSIGNMENT|[163]|item|null
02:49:24.0 (533215290)|STATEMENT_EXECUTE|[178]
02:49:24.0 (533218320)|STATEMENT_EXECUTE|[179]
02:49:24.0 (533228201)|METHOD_ENTRY|[179]|01p2800000EnCqi|RelatedListDataGridController.getLookupObjects(Set<Id>)
02:49:24.0 (533235822)|VARIABLE_SCOPE_BEGIN|[204]|lookupIds|Set<Id>|true|false
02:49:24.0 (533247912)|VARIABLE_ASSIGNMENT|[204]|lookupIds|["005280000056SduAAE"]|0x47bc2e6a
02:49:24.0 (533261130)|HEAP_ALLOCATE|[206]|Bytes:5
02:49:24.0 (533266430)|STATEMENT_EXECUTE|[205]
02:49:24.0 (533268118)|STATEMENT_EXECUTE|[206]
02:49:24.0 (533271701)|HEAP_ALLOCATE|[206]|Bytes:4
02:49:24.0 (533291465)|HEAP_ALLOCATE|[206]|Bytes:4
02:49:24.0 (533323706)|HEAP_ALLOCATE|[206]|Bytes:4
02:49:24.0 (533363944)|VARIABLE_SCOPE_BEGIN|[206]|sobjectType|Schema.SObjectType|true|false
02:49:24.0 (533424113)|VARIABLE_ASSIGNMENT|[206]|sobjectType|"common.apex.runtime.impl.ApexSObjectTypeToken@5dca1c2f"|0x5dca1c2f
02:49:24.0 (533428117)|STATEMENT_EXECUTE|[207]
02:49:24.0 (533471721)|HEAP_ALLOCATE|[207]|Bytes:4
02:49:24.0 (533497867)|HEAP_ALLOCATE|[207]|Bytes:4
02:49:24.0 (533503893)|VARIABLE_SCOPE_BEGIN|[207]|sobjectName|String|false|false
02:49:24.0 (533510969)|VARIABLE_ASSIGNMENT|[207]|sobjectName|"User"
02:49:24.0 (533526306)|METHOD_ENTRY|[209]|01p2800000EnCqi|RelatedListDataGridController.isSafeObject(String)
02:49:24.0 (533531038)|VARIABLE_SCOPE_BEGIN|[281]|objName|String|false|false
02:49:24.0 (533535313)|VARIABLE_ASSIGNMENT|[281]|objName|"User"
02:49:24.0 (533542961)|HEAP_ALLOCATE|[282]|Bytes:5
02:49:24.0 (533546242)|STATEMENT_EXECUTE|[281]
02:49:24.0 (533547533)|STATEMENT_EXECUTE|[282]
02:49:24.0 (548439349)|HEAP_ALLOCATE|[282]|Bytes:2432
02:49:24.0 (548479820)|VARIABLE_SCOPE_BEGIN|[282]|schemaMap|Map<String,Schema.SObjectType>|true|false
02:49:24.0 (548949786)|VARIABLE_ASSIGNMENT|[282]|schemaMap|"{acceptedeventrelation=AcceptedEventRelation, account=Account, accountcleaninfo=AccountCleanInfo, accountcontactrole=AccountContactRole, accountfeed=AccountFeed, accounthistory=AccountHistory, accountpartner=AccountPartner, accountshare=AccountShare, actionlinkgrouptemplate=ActionLinkGroupTemplate, actionlinktemplate=ActionLinkTemplate, ...}"|0x6776b15c
02:49:24.0 (548960166)|STATEMENT_EXECUTE|[283]
02:49:24.0 (549003664)|VARIABLE_SCOPE_BEGIN|[283]|myObj|Schema.SObjectType|true|false
02:49:24.0 (549083041)|VARIABLE_ASSIGNMENT|[283]|myObj|"common.apex.runtime.impl.ApexSObjectTypeToken@5dca1c2f"|0x5dca1c2f
02:49:24.0 (549089470)|STATEMENT_EXECUTE|[285]
02:49:24.0 (549131361)|HEAP_ALLOCATE|[285]|Bytes:4
02:49:24.0 (549166046)|HEAP_ALLOCATE|[285]|Bytes:5
02:49:24.0 (549188293)|METHOD_EXIT|[209]|01p2800000EnCqi|RelatedListDataGridController.isSafeObject(String)
02:49:24.0 (549205726)|METHOD_ENTRY|[209]|01p2800000EnCqi|RelatedListDataGridController.isSafeField(String, String)
02:49:24.0 (549213494)|VARIABLE_SCOPE_BEGIN|[288]|fieldName|String|false|false
02:49:24.0 (549223258)|VARIABLE_ASSIGNMENT|[288]|fieldName|"Name"
02:49:24.0 (549226922)|VARIABLE_SCOPE_BEGIN|[288]|objName|String|false|false
02:49:24.0 (549232179)|VARIABLE_ASSIGNMENT|[288]|objName|"User"
02:49:24.0 (549242939)|HEAP_ALLOCATE|[289]|Bytes:5
02:49:24.0 (549248741)|STATEMENT_EXECUTE|[288]
02:49:24.0 (549250695)|STATEMENT_EXECUTE|[289]
02:49:24.0 (562553260)|HEAP_ALLOCATE|[289]|Bytes:2432
02:49:24.0 (562584187)|VARIABLE_SCOPE_BEGIN|[289]|schemaMap|Map<String,Schema.SObjectType>|true|false
02:49:24.0 (562929991)|VARIABLE_ASSIGNMENT|[289]|schemaMap|"{acceptedeventrelation=AcceptedEventRelation, account=Account, accountcleaninfo=AccountCleanInfo, accountcontactrole=AccountContactRole, accountfeed=AccountFeed, accounthistory=AccountHistory, accountpartner=AccountPartner, accountshare=AccountShare, actionlinkgrouptemplate=ActionLinkGroupTemplate, actionlinktemplate=ActionLinkTemplate, ...}"|0x64c92d93
02:49:24.0 (562940277)|STATEMENT_EXECUTE|[290]
02:49:24.0 (562970255)|VARIABLE_SCOPE_BEGIN|[290]|myObj|Schema.SObjectType|true|false
02:49:24.0 (563030832)|VARIABLE_ASSIGNMENT|[290]|myObj|"common.apex.runtime.impl.ApexSObjectTypeToken@5dca1c2f"|0x5dca1c2f
02:49:24.0 (563036403)|STATEMENT_EXECUTE|[292]
02:49:24.0 (563069384)|HEAP_ALLOCATE|[292]|Bytes:4
02:49:24.0 (563949745)|HEAP_ALLOCATE|[292]|Bytes:664
02:49:24.0 (563976381)|VARIABLE_SCOPE_BEGIN|[292]|myField|Schema.SObjectField|true|false
02:49:24.0 (564052254)|VARIABLE_ASSIGNMENT|[292]|myField|"common.apex.runtime.impl.ApexFieldToken@35c2e75f"|0x35c2e75f
02:49:24.0 (564057978)|STATEMENT_EXECUTE|[293]
02:49:24.0 (564113679)|HEAP_ALLOCATE|[293]|Bytes:8
02:49:24.0 (564132153)|HEAP_ALLOCATE|[293]|Bytes:5
02:49:24.0 (564146187)|METHOD_EXIT|[209]|01p2800000EnCqi|RelatedListDataGridController.isSafeField(String, String)
02:49:24.0 (564152721)|STATEMENT_EXECUTE|[209]
02:49:24.0 (564154870)|STATEMENT_EXECUTE|[210]
02:49:24.0 (564166757)|HEAP_ALLOCATE|[210]|Bytes:48
02:49:24.0 (564416162)|SOQL_EXECUTE_BEGIN|[210]|Aggregations:0|Select Id, Name From User Where Id in :lookupIds
02:49:24.0 (581087766)|SOQL_EXECUTE_END|[210]|Rows:1
02:49:24.0 (581112083)|HEAP_ALLOCATE|[210]|Bytes:8
02:49:24.0 (581131994)|HEAP_ALLOCATE|[210]|Bytes:60
02:49:24.0 (581167145)|HEAP_ALLOCATE|[210]|Bytes:8
02:49:24.0 (581195638)|METHOD_EXIT|[179]|01p2800000EnCqi|RelatedListDataGridController.getLookupObjects(Set<Id>)
02:49:24.0 (581206045)|VARIABLE_SCOPE_BEGIN|[179]|lookupObjs|List<SObject>|true|false
02:49:24.0 (581242458)|VARIABLE_ASSIGNMENT|[179]|lookupObjs|[{"Id":"005280000056SduAAE","Name":"Madhan Kumar Sundara (3 more) ..."}]|0x31ce7bce
02:49:24.0 (581279930)|HEAP_ALLOCATE|[180]|Bytes:5
02:49:24.0 (581314270)|HEAP_ALLOCATE|[180]|Bytes:12
02:49:24.0 (581336621)|VARIABLE_SCOPE_BEGIN|[180]|lookupObj|SObject|true|false
02:49:24.0 (581353778)|VARIABLE_ASSIGNMENT|[180]|lookupObj|{"Id":"005280000056SduAAE","Name":"Madhan Kumar Sundara (3 more) ..."}|0x571d877
02:49:24.0 (581358284)|STATEMENT_EXECUTE|[180]
02:49:24.0 (581415442)|HEAP_ALLOCATE|[181]|Bytes:5
02:49:24.0 (581431700)|HEAP_ALLOCATE|[181]|Bytes:72
02:49:24.0 (581453867)|VARIABLE_SCOPE_BEGIN|[181]|item|Object|false|false
02:49:24.0 (581474113)|VARIABLE_ASSIGNMENT|[181]|item|"Map of size 17 too large to display"
02:49:24.0 (581477433)|STATEMENT_EXECUTE|[181]
02:49:24.0 (581479128)|STATEMENT_EXECUTE|[182]
02:49:24.0 (581485617)|VARIABLE_SCOPE_BEGIN|[182]|mItem|Map<String,ANY>|true|false
02:49:24.0 (581492738)|VARIABLE_ASSIGNMENT|[182]|mItem|"Map of size 17 too large to display"|0x704dac
02:49:24.0 (581494939)|STATEMENT_EXECUTE|[183]
02:49:24.0 (581496036)|STATEMENT_EXECUTE|[183]
02:49:24.0 (581497213)|STATEMENT_EXECUTE|[184]
02:49:24.0 (581507750)|HEAP_ALLOCATE|[184]|Bytes:17
02:49:24.0 (581551053)|HEAP_ALLOCATE|[184]|Bytes:23
02:49:24.0 (581580390)|HEAP_ALLOCATE|[EXTERNAL]|Bytes:-4
02:49:24.0 (581596156)|HEAP_ALLOCATE|[181]|Bytes:5
02:49:24.0 (581613258)|VARIABLE_ASSIGNMENT|[181]|item|null
02:49:24.0 (581626430)|HEAP_ALLOCATE|[180]|Bytes:5
02:49:24.0 (581640739)|VARIABLE_ASSIGNMENT|[180]|lookupObj|null|
02:49:24.0 (581651682)|HEAP_ALLOCATE|[158]|Bytes:5
02:49:24.0 (581663025)|VARIABLE_SCOPE_BEGIN|[158]|fieldKey|String|false|false
02:49:24.0 (581669931)|VARIABLE_ASSIGNMENT|[158]|fieldKey|"LastModifiedById"
02:49:24.0 (581672509)|STATEMENT_EXECUTE|[158]
02:49:24.0 (581674413)|STATEMENT_EXECUTE|[159]
02:49:24.0 (581682495)|HEAP_ALLOCATE|[159]|Bytes:4
02:49:24.0 (581701301)|VARIABLE_SCOPE_BEGIN|[159]|lookupIds|Set<Id>|true|false
02:49:24.0 (581722977)|VARIABLE_ASSIGNMENT|[159]|lookupIds|[]|0x74bf82c2
02:49:24.0 (581725760)|STATEMENT_EXECUTE|[160]
02:49:24.0 (581731019)|HEAP_ALLOCATE|[160]|Bytes:4
02:49:24.0 (581739763)|VARIABLE_SCOPE_BEGIN|[160]|lookupMap|Map<Id,List<ANY>>|true|false
02:49:24.0 (581753864)|VARIABLE_ASSIGNMENT|[160]|lookupMap|{}|0x6506fe7b
02:49:24.0 (581773761)|HEAP_ALLOCATE|[163]|Bytes:5
02:49:24.0 (581786056)|HEAP_ALLOCATE|[163]|Bytes:76
02:49:24.0 (581799268)|VARIABLE_SCOPE_BEGIN|[163]|item|Object|false|false
02:49:24.0 (581815301)|VARIABLE_ASSIGNMENT|[163]|item|"Map of size 18 too large to display"
02:49:24.0 (581818540)|STATEMENT_EXECUTE|[163]
02:49:24.0 (581819783)|STATEMENT_EXECUTE|[164]
02:49:24.0 (581824111)|VARIABLE_SCOPE_BEGIN|[164]|mItem|Map<String,ANY>|true|false
02:49:24.0 (581830164)|VARIABLE_ASSIGNMENT|[164]|mItem|"Map of size 18 too large to display"|0x704dac
02:49:24.0 (581851409)|STATEMENT_EXECUTE|[165]
02:49:24.0 (581854062)|STATEMENT_EXECUTE|[166]
02:49:24.0 (581877048)|HEAP_ALLOCATE|[166]|Bytes:4
02:49:24.0 (581882155)|VARIABLE_SCOPE_BEGIN|[166]|lookupId|Id|false|false
02:49:24.0 (581991310)|VARIABLE_ASSIGNMENT|[166]|lookupId|"005280000056SduAAE"
02:49:24.0 (581996108)|STATEMENT_EXECUTE|[167]
02:49:24.0 (581997228)|STATEMENT_EXECUTE|[168]
02:49:24.0 (582009392)|HEAP_ALLOCATE|[EXTERNAL]|Bytes:4
02:49:24.0 (582028088)|STATEMENT_EXECUTE|[169]
02:49:24.0 (582031235)|STATEMENT_EXECUTE|[170]
02:49:24.0 (582036572)|HEAP_ALLOCATE|[170]|Bytes:4
02:49:24.0 (582066084)|HEAP_ALLOCATE|[EXTERNAL]|Bytes:4
02:49:24.0 (582069193)|HEAP_ALLOCATE|[EXTERNAL]|Bytes:-4
02:49:24.0 (582074845)|STATEMENT_EXECUTE|[172]
02:49:24.0 (582106005)|HEAP_ALLOCATE|[EXTERNAL]|Bytes:4
02:49:24.0 (582118849)|HEAP_ALLOCATE|[163]|Bytes:5
02:49:24.0 (582137056)|VARIABLE_ASSIGNMENT|[163]|item|null
02:49:24.0 (582154408)|STATEMENT_EXECUTE|[178]
02:49:24.0 (582156535)|STATEMENT_EXECUTE|[179]
02:49:24.0 (582162986)|METHOD_ENTRY|[179]|01p2800000EnCqi|RelatedListDataGridController.getLookupObjects(Set<Id>)
02:49:24.0 (582168379)|VARIABLE_SCOPE_BEGIN|[204]|lookupIds|Set<Id>|true|false
02:49:24.0 (582176676)|VARIABLE_ASSIGNMENT|[204]|lookupIds|["005280000056SduAAE"]|0x74bf82c2
02:49:24.0 (582185643)|HEAP_ALLOCATE|[206]|Bytes:5
02:49:24.0 (582193657)|STATEMENT_EXECUTE|[205]
02:49:24.0 (582196016)|STATEMENT_EXECUTE|[206]
02:49:24.0 (582200721)|HEAP_ALLOCATE|[206]|Bytes:4
02:49:24.0 (582220198)|HEAP_ALLOCATE|[206]|Bytes:4
02:49:24.0 (582251901)|HEAP_ALLOCATE|[206]|Bytes:4
02:49:24.0 (582294014)|VARIABLE_SCOPE_BEGIN|[206]|sobjectType|Schema.SObjectType|true|false
02:49:24.0 (582356064)|VARIABLE_ASSIGNMENT|[206]|sobjectType|"common.apex.runtime.impl.ApexSObjectTypeToken@5dca1c2f"|0x5dca1c2f
02:49:24.0 (582360497)|STATEMENT_EXECUTE|[207]
02:49:24.0 (582389523)|HEAP_ALLOCATE|[207]|Bytes:4
02:49:24.0 (582405809)|HEAP_ALLOCATE|[207]|Bytes:4
02:49:24.0 (582409583)|VARIABLE_SCOPE_BEGIN|[207]|sobjectName|String|false|false
02:49:24.0 (582416186)|VARIABLE_ASSIGNMENT|[207]|sobjectName|"User"
02:49:24.0 (582426238)|METHOD_ENTRY|[209]|01p2800000EnCqi|RelatedListDataGridController.isSafeObject(String)
02:49:24.0 (582433186)|VARIABLE_SCOPE_BEGIN|[281]|objName|String|false|false
02:49:24.0 (582438946)|VARIABLE_ASSIGNMENT|[281]|objName|"User"
02:49:24.0 (582446131)|HEAP_ALLOCATE|[282]|Bytes:5
02:49:24.0 (582449529)|STATEMENT_EXECUTE|[281]
02:49:24.0 (582450695)|STATEMENT_EXECUTE|[282]
02:49:24.0 (593602320)|HEAP_ALLOCATE|[282]|Bytes:2432
02:49:24.0 (593623934)|VARIABLE_SCOPE_BEGIN|[282]|schemaMap|Map<String,Schema.SObjectType>|true|false
02:49:24.0 (593935908)|VARIABLE_ASSIGNMENT|[282]|schemaMap|"{acceptedeventrelation=AcceptedEventRelation, account=Account, accountcleaninfo=AccountCleanInfo, accountcontactrole=AccountContactRole, accountfeed=AccountFeed, accounthistory=AccountHistory, accountpartner=AccountPartner, accountshare=AccountShare, actionlinkgrouptemplate=ActionLinkGroupTemplate, actionlinktemplate=ActionLinkTemplate, ...}"|0x2754f91e
02:49:24.0 (593942860)|STATEMENT_EXECUTE|[283]
02:49:24.0 (593975067)|VARIABLE_SCOPE_BEGIN|[283]|myObj|Schema.SObjectType|true|false
02:49:24.0 (594035133)|VARIABLE_ASSIGNMENT|[283]|myObj|"common.apex.runtime.impl.ApexSObjectTypeToken@5dca1c2f"|0x5dca1c2f
02:49:24.0 (594040629)|STATEMENT_EXECUTE|[285]
02:49:24.0 (594066094)|HEAP_ALLOCATE|[285]|Bytes:4
02:49:24.0 (594089849)|HEAP_ALLOCATE|[285]|Bytes:5
02:49:24.0 (594103610)|METHOD_EXIT|[209]|01p2800000EnCqi|RelatedListDataGridController.isSafeObject(String)
02:49:24.0 (594114009)|METHOD_ENTRY|[209]|01p2800000EnCqi|RelatedListDataGridController.isSafeField(String, String)
02:49:24.0 (594119626)|VARIABLE_SCOPE_BEGIN|[288]|fieldName|String|false|false
02:49:24.0 (594126656)|VARIABLE_ASSIGNMENT|[288]|fieldName|"Name"
02:49:24.0 (594129236)|VARIABLE_SCOPE_BEGIN|[288]|objName|String|false|false
02:49:24.0 (594133888)|VARIABLE_ASSIGNMENT|[288]|objName|"User"
02:49:24.0 (594144110)|HEAP_ALLOCATE|[289]|Bytes:5
02:49:24.0 (594148148)|STATEMENT_EXECUTE|[288]
02:49:24.0 (594149370)|STATEMENT_EXECUTE|[289]
02:49:24.0 (604820899)|HEAP_ALLOCATE|[289]|Bytes:2432
02:49:24.0 (604836549)|VARIABLE_SCOPE_BEGIN|[289]|schemaMap|Map<String,Schema.SObjectType>|true|false
02:49:24.0 (605109333)|VARIABLE_ASSIGNMENT|[289]|schemaMap|"{acceptedeventrelation=AcceptedEventRelation, account=Account, accountcleaninfo=AccountCleanInfo, accountcontactrole=AccountContactRole, accountfeed=AccountFeed, accounthistory=AccountHistory, accountpartner=AccountPartner, accountshare=AccountShare, actionlinkgrouptemplate=ActionLinkGroupTemplate, actionlinktemplate=ActionLinkTemplate, ...}"|0x2c6d3fe3
02:49:24.0 (605116260)|STATEMENT_EXECUTE|[290]
02:49:24.0 (605145047)|VARIABLE_SCOPE_BEGIN|[290]|myObj|Schema.SObjectType|true|false
02:49:24.0 (605205523)|VARIABLE_ASSIGNMENT|[290]|myObj|"common.apex.runtime.impl.ApexSObjectTypeToken@5dca1c2f"|0x5dca1c2f
02:49:24.0 (605210016)|STATEMENT_EXECUTE|[292]
02:49:24.0 (605231867)|HEAP_ALLOCATE|[292]|Bytes:4
02:49:24.0 (606272141)|HEAP_ALLOCATE|[292]|Bytes:664
02:49:24.0 (606304453)|VARIABLE_SCOPE_BEGIN|[292]|myField|Schema.SObjectField|true|false
02:49:24.0 (606368656)|VARIABLE_ASSIGNMENT|[292]|myField|"common.apex.runtime.impl.ApexFieldToken@35c2e75f"|0x35c2e75f
02:49:24.0 (606373542)|STATEMENT_EXECUTE|[293]
02:49:24.0 (606430479)|HEAP_ALLOCATE|[293]|Bytes:8
02:49:24.0 (606450015)|HEAP_ALLOCATE|[293]|Bytes:5
02:49:24.0 (606463548)|METHOD_EXIT|[209]|01p2800000EnCqi|RelatedListDataGridController.isSafeField(String, String)
02:49:24.0 (606469011)|STATEMENT_EXECUTE|[209]
02:49:24.0 (606470654)|STATEMENT_EXECUTE|[210]
02:49:24.0 (606484647)|HEAP_ALLOCATE|[210]|Bytes:48
02:49:24.0 (606762229)|SOQL_EXECUTE_BEGIN|[210]|Aggregations:0|Select Id, Name From User Where Id in :lookupIds
02:49:24.0 (612233152)|SOQL_EXECUTE_END|[210]|Rows:1
02:49:24.0 (612249956)|HEAP_ALLOCATE|[210]|Bytes:8
02:49:24.0 (612260989)|HEAP_ALLOCATE|[210]|Bytes:60
02:49:24.0 (612283629)|HEAP_ALLOCATE|[210]|Bytes:8
02:49:24.0 (612303315)|METHOD_EXIT|[179]|01p2800000EnCqi|RelatedListDataGridController.getLookupObjects(Set<Id>)
02:49:24.0 (612309953)|VARIABLE_SCOPE_BEGIN|[179]|lookupObjs|List<SObject>|true|false
02:49:24.0 (612338382)|VARIABLE_ASSIGNMENT|[179]|lookupObjs|[{"Id":"005280000056SduAAE","Name":"Madhan Kumar Sundara (3 more) ..."}]|0x7bfa1e9b
02:49:24.0 (612365078)|HEAP_ALLOCATE|[180]|Bytes:5
02:49:24.0 (612389727)|HEAP_ALLOCATE|[180]|Bytes:12
02:49:24.0 (612405999)|VARIABLE_SCOPE_BEGIN|[180]|lookupObj|SObject|true|false
02:49:24.0 (612419145)|VARIABLE_ASSIGNMENT|[180]|lookupObj|{"Id":"005280000056SduAAE","Name":"Madhan Kumar Sundara (3 more) ..."}|0x56a7a148
02:49:24.0 (612423106)|STATEMENT_EXECUTE|[180]
02:49:24.0 (612466767)|HEAP_ALLOCATE|[181]|Bytes:5
02:49:24.0 (612481670)|HEAP_ALLOCATE|[181]|Bytes:76
02:49:24.0 (612500487)|VARIABLE_SCOPE_BEGIN|[181]|item|Object|false|false
02:49:24.0 (612516516)|VARIABLE_ASSIGNMENT|[181]|item|"Map of size 18 too large to display"
02:49:24.0 (612519534)|STATEMENT_EXECUTE|[181]
02:49:24.0 (612520928)|STATEMENT_EXECUTE|[182]
02:49:24.0 (612525413)|VARIABLE_SCOPE_BEGIN|[182]|mItem|Map<String,ANY>|true|false
02:49:24.0 (612532472)|VARIABLE_ASSIGNMENT|[182]|mItem|"Map of size 18 too large to display"|0x704dac
02:49:24.0 (612534430)|STATEMENT_EXECUTE|[183]
02:49:24.0 (612535571)|STATEMENT_EXECUTE|[183]
02:49:24.0 (612536721)|STATEMENT_EXECUTE|[184]
02:49:24.0 (612544323)|HEAP_ALLOCATE|[184]|Bytes:22
02:49:24.0 (612586804)|HEAP_ALLOCATE|[184]|Bytes:23
02:49:24.0 (612612880)|HEAP_ALLOCATE|[EXTERNAL]|Bytes:-4
02:49:24.0 (612626618)|HEAP_ALLOCATE|[181]|Bytes:5
02:49:24.0 (612643070)|VARIABLE_ASSIGNMENT|[181]|item|null
02:49:24.0 (612652439)|HEAP_ALLOCATE|[180]|Bytes:5
02:49:24.0 (612661414)|VARIABLE_ASSIGNMENT|[180]|lookupObj|null|
02:49:24.0 (612670998)|HEAP_ALLOCATE|[158]|Bytes:5
02:49:24.0 (612681595)|VARIABLE_SCOPE_BEGIN|[158]|fieldKey|String|false|false
02:49:24.0 (612688261)|VARIABLE_ASSIGNMENT|[158]|fieldKey|"Account__c"
02:49:24.0 (612690765)|STATEMENT_EXECUTE|[158]
02:49:24.0 (612692131)|STATEMENT_EXECUTE|[159]
02:49:24.0 (612696559)|HEAP_ALLOCATE|[159]|Bytes:4
02:49:24.0 (612709115)|VARIABLE_SCOPE_BEGIN|[159]|lookupIds|Set<Id>|true|false
02:49:24.0 (612734193)|VARIABLE_ASSIGNMENT|[159]|lookupIds|[]|0x74f8933f
02:49:24.0 (612737240)|STATEMENT_EXECUTE|[160]
02:49:24.0 (612741023)|HEAP_ALLOCATE|[160]|Bytes:4
02:49:24.0 (612747456)|VARIABLE_SCOPE_BEGIN|[160]|lookupMap|Map<Id,List<ANY>>|true|false
02:49:24.0 (612757036)|VARIABLE_ASSIGNMENT|[160]|lookupMap|{}|0x666d13df
02:49:24.0 (612779578)|HEAP_ALLOCATE|[163]|Bytes:5
02:49:24.0 (612793796)|HEAP_ALLOCATE|[163]|Bytes:80
02:49:24.0 (612804246)|VARIABLE_SCOPE_BEGIN|[163]|item|Object|false|false
02:49:24.0 (612816219)|VARIABLE_ASSIGNMENT|[163]|item|"Map of size 19 too large to display"
02:49:24.0 (612819001)|STATEMENT_EXECUTE|[163]
02:49:24.0 (612820281)|STATEMENT_EXECUTE|[164]
02:49:24.0 (612824425)|VARIABLE_SCOPE_BEGIN|[164]|mItem|Map<String,ANY>|true|false
02:49:24.0 (612830370)|VARIABLE_ASSIGNMENT|[164]|mItem|"Map of size 19 too large to display"|0x704dac
02:49:24.0 (612844385)|STATEMENT_EXECUTE|[165]
02:49:24.0 (612845737)|STATEMENT_EXECUTE|[166]
02:49:24.0 (612856566)|HEAP_ALLOCATE|[166]|Bytes:4
02:49:24.0 (612860735)|VARIABLE_SCOPE_BEGIN|[166]|lookupId|Id|false|false
02:49:24.0 (612932402)|VARIABLE_ASSIGNMENT|[166]|lookupId|"0012800000usoKEAAY"
02:49:24.0 (612936681)|STATEMENT_EXECUTE|[167]
02:49:24.0 (612937748)|STATEMENT_EXECUTE|[168]
02:49:24.0 (612948105)|HEAP_ALLOCATE|[EXTERNAL]|Bytes:4
02:49:24.0 (612960857)|STATEMENT_EXECUTE|[169]
02:49:24.0 (612962373)|STATEMENT_EXECUTE|[170]
02:49:24.0 (612967060)|HEAP_ALLOCATE|[170]|Bytes:4
02:49:24.0 (612994490)|HEAP_ALLOCATE|[EXTERNAL]|Bytes:4
02:49:24.0 (612997352)|HEAP_ALLOCATE|[EXTERNAL]|Bytes:-4
02:49:24.0 (613002848)|STATEMENT_EXECUTE|[172]
02:49:24.0 (613026545)|HEAP_ALLOCATE|[EXTERNAL]|Bytes:4
02:49:24.0 (613038458)|HEAP_ALLOCATE|[163]|Bytes:5
02:49:24.0 (613055338)|VARIABLE_ASSIGNMENT|[163]|item|null
02:49:24.0 (613066534)|STATEMENT_EXECUTE|[178]
02:49:24.0 (613067947)|STATEMENT_EXECUTE|[179]
02:49:24.0 (613073564)|METHOD_ENTRY|[179]|01p2800000EnCqi|RelatedListDataGridController.getLookupObjects(Set<Id>)
02:49:24.0 (613078611)|VARIABLE_SCOPE_BEGIN|[204]|lookupIds|Set<Id>|true|false
02:49:24.0 (613086615)|VARIABLE_ASSIGNMENT|[204]|lookupIds|["0012800000usoKEAAY"]|0x74f8933f
02:49:24.0 (613093614)|HEAP_ALLOCATE|[206]|Bytes:5
02:49:24.0 (613096649)|STATEMENT_EXECUTE|[205]
02:49:24.0 (613097810)|STATEMENT_EXECUTE|[206]
02:49:24.0 (613100811)|HEAP_ALLOCATE|[206]|Bytes:4
02:49:24.0 (613120727)|HEAP_ALLOCATE|[206]|Bytes:4
02:49:24.0 (613150980)|HEAP_ALLOCATE|[206]|Bytes:4
02:49:24.0 (613191817)|VARIABLE_SCOPE_BEGIN|[206]|sobjectType|Schema.SObjectType|true|false
02:49:24.0 (613282417)|VARIABLE_ASSIGNMENT|[206]|sobjectType|"common.apex.runtime.impl.ApexSObjectTypeToken@4d48d74f"|0x4d48d74f
02:49:24.0 (613287179)|STATEMENT_EXECUTE|[207]
02:49:24.0 (613324381)|HEAP_ALLOCATE|[207]|Bytes:4
02:49:24.0 (613338976)|HEAP_ALLOCATE|[207]|Bytes:7
02:49:24.0 (613342990)|VARIABLE_SCOPE_BEGIN|[207]|sobjectName|String|false|false
02:49:24.0 (613349892)|VARIABLE_ASSIGNMENT|[207]|sobjectName|"Account"
02:49:24.0 (613357158)|METHOD_ENTRY|[209]|01p2800000EnCqi|RelatedListDataGridController.isSafeObject(String)
02:49:24.0 (613361786)|VARIABLE_SCOPE_BEGIN|[281]|objName|String|false|false
02:49:24.0 (613365589)|VARIABLE_ASSIGNMENT|[281]|objName|"Account"
02:49:24.0 (613372252)|HEAP_ALLOCATE|[282]|Bytes:5
02:49:24.0 (613375273)|STATEMENT_EXECUTE|[281]
02:49:24.0 (613376403)|STATEMENT_EXECUTE|[282]
02:49:24.0 (625351451)|HEAP_ALLOCATE|[282]|Bytes:2432
02:49:24.0 (625380234)|VARIABLE_SCOPE_BEGIN|[282]|schemaMap|Map<String,Schema.SObjectType>|true|false
02:49:24.0 (625677763)|VARIABLE_ASSIGNMENT|[282]|schemaMap|"{acceptedeventrelation=AcceptedEventRelation, account=Account, accountcleaninfo=AccountCleanInfo, accountcontactrole=AccountContactRole, accountfeed=AccountFeed, accounthistory=AccountHistory, accountpartner=AccountPartner, accountshare=AccountShare, actionlinkgrouptemplate=ActionLinkGroupTemplate, actionlinktemplate=ActionLinkTemplate, ...}"|0x268e924f
02:49:24.0 (625685024)|STATEMENT_EXECUTE|[283]
02:49:24.0 (625717073)|VARIABLE_SCOPE_BEGIN|[283]|myObj|Schema.SObjectType|true|false
02:49:24.0 (625773569)|VARIABLE_ASSIGNMENT|[283]|myObj|"common.apex.runtime.impl.ApexSObjectTypeToken@4d48d74f"|0x4d48d74f
02:49:24.0 (625777549)|STATEMENT_EXECUTE|[285]
02:49:24.0 (625824199)|HEAP_ALLOCATE|[285]|Bytes:4
02:49:24.0 (625844543)|HEAP_ALLOCATE|[285]|Bytes:5
02:49:24.0 (625860443)|METHOD_EXIT|[209]|01p2800000EnCqi|RelatedListDataGridController.isSafeObject(String)
02:49:24.0 (625871704)|METHOD_ENTRY|[209]|01p2800000EnCqi|RelatedListDataGridController.isSafeField(String, String)
02:49:24.0 (625876951)|VARIABLE_SCOPE_BEGIN|[288]|fieldName|String|false|false
02:49:24.0 (625884719)|VARIABLE_ASSIGNMENT|[288]|fieldName|"Name"
02:49:24.0 (625886713)|VARIABLE_SCOPE_BEGIN|[288]|objName|String|false|false
02:49:24.0 (625889633)|VARIABLE_ASSIGNMENT|[288]|objName|"Account"
02:49:24.0 (625897847)|HEAP_ALLOCATE|[289]|Bytes:5
02:49:24.0 (625901189)|STATEMENT_EXECUTE|[288]
02:49:24.0 (625902344)|STATEMENT_EXECUTE|[289]
02:49:24.0 (638490453)|HEAP_ALLOCATE|[289]|Bytes:2432
02:49:24.0 (638524160)|VARIABLE_SCOPE_BEGIN|[289]|schemaMap|Map<String,Schema.SObjectType>|true|false
02:49:24.0 (638854165)|VARIABLE_ASSIGNMENT|[289]|schemaMap|"{acceptedeventrelation=AcceptedEventRelation, account=Account, accountcleaninfo=AccountCleanInfo, accountcontactrole=AccountContactRole, accountfeed=AccountFeed, accounthistory=AccountHistory, accountpartner=AccountPartner, accountshare=AccountShare, actionlinkgrouptemplate=ActionLinkGroupTemplate, actionlinktemplate=ActionLinkTemplate, ...}"|0x165f9cca
02:49:24.0 (638862946)|STATEMENT_EXECUTE|[290]
02:49:24.0 (638894747)|VARIABLE_SCOPE_BEGIN|[290]|myObj|Schema.SObjectType|true|false
02:49:24.0 (638950607)|VARIABLE_ASSIGNMENT|[290]|myObj|"common.apex.runtime.impl.ApexSObjectTypeToken@4d48d74f"|0x4d48d74f
02:49:24.0 (638954868)|STATEMENT_EXECUTE|[292]
02:49:24.0 (638997092)|HEAP_ALLOCATE|[292]|Bytes:4
02:49:24.0 (641847262)|HEAP_ALLOCATE|[292]|Bytes:284
02:49:24.0 (641903903)|VARIABLE_SCOPE_BEGIN|[292]|myField|Schema.SObjectField|true|false
02:49:24.0 (642010388)|VARIABLE_ASSIGNMENT|[292]|myField|"common.apex.runtime.impl.ApexFieldToken@642cb9a8"|0x642cb9a8
02:49:24.0 (642018016)|STATEMENT_EXECUTE|[293]
02:49:24.0 (642276472)|HEAP_ALLOCATE|[293]|Bytes:8
02:49:24.0 (642301419)|HEAP_ALLOCATE|[293]|Bytes:5
02:49:24.0 (642318583)|METHOD_EXIT|[209]|01p2800000EnCqi|RelatedListDataGridController.isSafeField(String, String)
02:49:24.0 (642329231)|STATEMENT_EXECUTE|[209]
02:49:24.0 (642330714)|STATEMENT_EXECUTE|[210]
02:49:24.0 (642341792)|HEAP_ALLOCATE|[210]|Bytes:51
02:49:24.0 (642532309)|SOQL_EXECUTE_BEGIN|[210]|Aggregations:0|Select Id, Name From Account Where Id in :lookupIds
02:49:24.0 (645634460)|SOQL_EXECUTE_END|[210]|Rows:1
02:49:24.0 (645669363)|HEAP_ALLOCATE|[210]|Bytes:8
02:49:24.0 (645690870)|HEAP_ALLOCATE|[210]|Bytes:50
02:49:24.0 (645792165)|HEAP_ALLOCATE|[210]|Bytes:8
02:49:24.0 (645832464)|METHOD_EXIT|[179]|01p2800000EnCqi|RelatedListDataGridController.getLookupObjects(Set<Id>)
02:49:24.0 (645843473)|VARIABLE_SCOPE_BEGIN|[179]|lookupObjs|List<SObject>|true|false
02:49:24.0 (645876420)|VARIABLE_ASSIGNMENT|[179]|lookupObjs|[{"Id":"0012800000usoKEAAY","Name":"Dickenson plc"}]|0xc4e25fe
02:49:24.0 (646068299)|HEAP_ALLOCATE|[180]|Bytes:5
02:49:24.0 (646111028)|HEAP_ALLOCATE|[180]|Bytes:12
02:49:24.0 (646128935)|VARIABLE_SCOPE_BEGIN|[180]|lookupObj|SObject|true|false
02:49:24.0 (646142125)|VARIABLE_ASSIGNMENT|[180]|lookupObj|{"Id":"0012800000usoKEAAY","Name":"Dickenson plc"}|0x1990e513
02:49:24.0 (646146821)|STATEMENT_EXECUTE|[180]
02:49:24.0 (646217240)|HEAP_ALLOCATE|[181]|Bytes:5
02:49:24.0 (646235365)|HEAP_ALLOCATE|[181]|Bytes:80
02:49:24.0 (646257644)|VARIABLE_SCOPE_BEGIN|[181]|item|Object|false|false
02:49:24.0 (646275747)|VARIABLE_ASSIGNMENT|[181]|item|"Map of size 19 too large to display"
02:49:24.0 (646279152)|STATEMENT_EXECUTE|[181]
02:49:24.0 (646280607)|STATEMENT_EXECUTE|[182]
02:49:24.0 (646287786)|VARIABLE_SCOPE_BEGIN|[182]|mItem|Map<String,ANY>|true|false
02:49:24.0 (646295007)|VARIABLE_ASSIGNMENT|[182]|mItem|"Map of size 19 too large to display"|0x704dac
02:49:24.0 (646296911)|STATEMENT_EXECUTE|[183]
02:49:24.0 (646298037)|STATEMENT_EXECUTE|[183]
02:49:24.0 (646299282)|STATEMENT_EXECUTE|[184]
02:49:24.0 (646311077)|HEAP_ALLOCATE|[184]|Bytes:16
02:49:24.0 (646347030)|HEAP_ALLOCATE|[184]|Bytes:13
02:49:24.0 (646370854)|HEAP_ALLOCATE|[EXTERNAL]|Bytes:-4
02:49:24.0 (646385202)|HEAP_ALLOCATE|[181]|Bytes:5
02:49:24.0 (646401608)|VARIABLE_ASSIGNMENT|[181]|item|null
02:49:24.0 (646412160)|HEAP_ALLOCATE|[180]|Bytes:5
02:49:24.0 (646420730)|VARIABLE_ASSIGNMENT|[180]|lookupObj|null|
02:49:24.0 (646430350)|HEAP_ALLOCATE|[158]|Bytes:5
02:49:24.0 (646441842)|VARIABLE_SCOPE_BEGIN|[158]|fieldKey|String|false|false
02:49:24.0 (646452601)|VARIABLE_ASSIGNMENT|[158]|fieldKey|"Contact__c"
02:49:24.0 (646455284)|STATEMENT_EXECUTE|[158]
02:49:24.0 (646456707)|STATEMENT_EXECUTE|[159]
02:49:24.0 (646466209)|HEAP_ALLOCATE|[159]|Bytes:4
02:49:24.0 (646484403)|VARIABLE_SCOPE_BEGIN|[159]|lookupIds|Set<Id>|true|false
02:49:24.0 (646509805)|VARIABLE_ASSIGNMENT|[159]|lookupIds|[]|0x648c520a
02:49:24.0 (646512595)|STATEMENT_EXECUTE|[160]
02:49:24.0 (646517639)|HEAP_ALLOCATE|[160]|Bytes:4
02:49:24.0 (646524524)|VARIABLE_SCOPE_BEGIN|[160]|lookupMap|Map<Id,List<ANY>>|true|false
02:49:24.0 (646534435)|VARIABLE_ASSIGNMENT|[160]|lookupMap|{}|0x308abc55
02:49:24.0 (646552123)|HEAP_ALLOCATE|[163]|Bytes:5
02:49:24.0 (646563737)|HEAP_ALLOCATE|[163]|Bytes:84
02:49:24.0 (646573955)|VARIABLE_SCOPE_BEGIN|[163]|item|Object|false|false
02:49:24.0 (646585399)|VARIABLE_ASSIGNMENT|[163]|item|"Map of size 20 too large to display"
02:49:24.0 (646588072)|STATEMENT_EXECUTE|[163]
02:49:24.0 (646589565)|STATEMENT_EXECUTE|[164]
02:49:24.0 (646593493)|VARIABLE_SCOPE_BEGIN|[164]|mItem|Map<String,ANY>|true|false
02:49:24.0 (646599621)|VARIABLE_ASSIGNMENT|[164]|mItem|"Map of size 20 too large to display"|0x704dac
02:49:24.0 (646614174)|STATEMENT_EXECUTE|[165]
02:49:24.0 (646615543)|STATEMENT_EXECUTE|[166]
02:49:24.0 (646628135)|HEAP_ALLOCATE|[166]|Bytes:4
02:49:24.0 (646632690)|VARIABLE_SCOPE_BEGIN|[166]|lookupId|Id|false|false
02:49:24.0 (646723080)|VARIABLE_ASSIGNMENT|[166]|lookupId|"0032800000dS8C0AAK"
02:49:24.0 (646727652)|STATEMENT_EXECUTE|[167]
02:49:24.0 (646728699)|STATEMENT_EXECUTE|[168]
02:49:24.0 (646741458)|HEAP_ALLOCATE|[EXTERNAL]|Bytes:4
02:49:24.0 (646754812)|STATEMENT_EXECUTE|[169]
02:49:24.0 (646756276)|STATEMENT_EXECUTE|[170]
02:49:24.0 (646761203)|HEAP_ALLOCATE|[170]|Bytes:4
02:49:24.0 (646790405)|HEAP_ALLOCATE|[EXTERNAL]|Bytes:4
02:49:24.0 (646793323)|HEAP_ALLOCATE|[EXTERNAL]|Bytes:-4
02:49:24.0 (646798735)|STATEMENT_EXECUTE|[172]
02:49:24.0 (646827896)|HEAP_ALLOCATE|[EXTERNAL]|Bytes:4
02:49:24.0 (646840655)|HEAP_ALLOCATE|[163]|Bytes:5
02:49:24.0 (646857962)|VARIABLE_ASSIGNMENT|[163]|item|null
02:49:24.0 (646869624)|STATEMENT_EXECUTE|[178]
02:49:24.0 (646870984)|STATEMENT_EXECUTE|[179]
02:49:24.0 (646877130)|METHOD_ENTRY|[179]|01p2800000EnCqi|RelatedListDataGridController.getLookupObjects(Set<Id>)
02:49:24.0 (646882308)|VARIABLE_SCOPE_BEGIN|[204]|lookupIds|Set<Id>|true|false
02:49:24.0 (646890219)|VARIABLE_ASSIGNMENT|[204]|lookupIds|["0032800000dS8C0AAK"]|0x648c520a
02:49:24.0 (646899968)|HEAP_ALLOCATE|[206]|Bytes:5
02:49:24.0 (646902852)|STATEMENT_EXECUTE|[205]
02:49:24.0 (646903969)|STATEMENT_EXECUTE|[206]
02:49:24.0 (646907164)|HEAP_ALLOCATE|[206]|Bytes:4
02:49:24.0 (646924564)|HEAP_ALLOCATE|[206]|Bytes:4
02:49:24.0 (646956240)|HEAP_ALLOCATE|[206]|Bytes:4
02:49:24.0 (646997767)|VARIABLE_SCOPE_BEGIN|[206]|sobjectType|Schema.SObjectType|true|false
02:49:24.0 (647055262)|VARIABLE_ASSIGNMENT|[206]|sobjectType|"common.apex.runtime.impl.ApexSObjectTypeToken@82481ce"|0x82481ce
02:49:24.0 (647059957)|STATEMENT_EXECUTE|[207]
02:49:24.0 (647931804)|HEAP_ALLOCATE|[207]|Bytes:4
02:49:24.0 (647957492)|HEAP_ALLOCATE|[207]|Bytes:7
02:49:24.0 (647962076)|VARIABLE_SCOPE_BEGIN|[207]|sobjectName|String|false|false
02:49:24.0 (647970809)|VARIABLE_ASSIGNMENT|[207]|sobjectName|"Contact"
02:49:24.0 (647980232)|METHOD_ENTRY|[209]|01p2800000EnCqi|RelatedListDataGridController.isSafeObject(String)
02:49:24.0 (647985486)|VARIABLE_SCOPE_BEGIN|[281]|objName|String|false|false
02:49:24.0 (647991035)|VARIABLE_ASSIGNMENT|[281]|objName|"Contact"
02:49:24.0 (647999608)|HEAP_ALLOCATE|[282]|Bytes:5
02:49:24.0 (648003262)|STATEMENT_EXECUTE|[281]
02:49:24.0 (648005259)|STATEMENT_EXECUTE|[282]
02:49:24.0 (659991288)|HEAP_ALLOCATE|[282]|Bytes:2432
02:49:24.0 (660023844)|VARIABLE_SCOPE_BEGIN|[282]|schemaMap|Map<String,Schema.SObjectType>|true|false
02:49:24.0 (660425223)|VARIABLE_ASSIGNMENT|[282]|schemaMap|"{acceptedeventrelation=AcceptedEventRelation, account=Account, accountcleaninfo=AccountCleanInfo, accountcontactrole=AccountContactRole, accountfeed=AccountFeed, accounthistory=AccountHistory, accountpartner=AccountPartner, accountshare=AccountShare, actionlinkgrouptemplate=ActionLinkGroupTemplate, actionlinktemplate=ActionLinkTemplate, ...}"|0x7595272e
02:49:24.0 (660434052)|STATEMENT_EXECUTE|[283]
02:49:24.0 (660464292)|VARIABLE_SCOPE_BEGIN|[283]|myObj|Schema.SObjectType|true|false
02:49:24.0 (660522056)|VARIABLE_ASSIGNMENT|[283]|myObj|"common.apex.runtime.impl.ApexSObjectTypeToken@82481ce"|0x82481ce
02:49:24.0 (660526021)|STATEMENT_EXECUTE|[285]
02:49:24.0 (660554870)|HEAP_ALLOCATE|[285]|Bytes:4
02:49:24.0 (660582060)|HEAP_ALLOCATE|[285]|Bytes:5
02:49:24.0 (660605267)|METHOD_EXIT|[209]|01p2800000EnCqi|RelatedListDataGridController.isSafeObject(String)
02:49:24.0 (660623918)|METHOD_ENTRY|[209]|01p2800000EnCqi|RelatedListDataGridController.isSafeField(String, String)
02:49:24.0 (660633047)|VARIABLE_SCOPE_BEGIN|[288]|fieldName|String|false|false
02:49:24.0 (660644163)|VARIABLE_ASSIGNMENT|[288]|fieldName|"Name"
02:49:24.0 (660648871)|VARIABLE_SCOPE_BEGIN|[288]|objName|String|false|false
02:49:24.0 (660654407)|VARIABLE_ASSIGNMENT|[288]|objName|"Contact"
02:49:24.0 (660668751)|HEAP_ALLOCATE|[289]|Bytes:5
02:49:24.0 (660674245)|STATEMENT_EXECUTE|[288]
02:49:24.0 (660676044)|STATEMENT_EXECUTE|[289]
02:49:24.0 (673674553)|HEAP_ALLOCATE|[289]|Bytes:2432
02:49:24.0 (673715696)|VARIABLE_SCOPE_BEGIN|[289]|schemaMap|Map<String,Schema.SObjectType>|true|false
02:49:24.0 (674146895)|VARIABLE_ASSIGNMENT|[289]|schemaMap|"{acceptedeventrelation=AcceptedEventRelation, account=Account, accountcleaninfo=AccountCleanInfo, accountcontactrole=AccountContactRole, accountfeed=AccountFeed, accounthistory=AccountHistory, accountpartner=AccountPartner, accountshare=AccountShare, actionlinkgrouptemplate=ActionLinkGroupTemplate, actionlinktemplate=ActionLinkTemplate, ...}"|0x5993f2a3
02:49:24.0 (674155933)|STATEMENT_EXECUTE|[290]
02:49:24.0 (674187869)|VARIABLE_SCOPE_BEGIN|[290]|myObj|Schema.SObjectType|true|false
02:49:24.0 (674244746)|VARIABLE_ASSIGNMENT|[290]|myObj|"common.apex.runtime.impl.ApexSObjectTypeToken@82481ce"|0x82481ce
02:49:24.0 (674248936)|STATEMENT_EXECUTE|[292]
02:49:24.0 (674282157)|HEAP_ALLOCATE|[292]|Bytes:4
02:49:24.0 (676499819)|HEAP_ALLOCATE|[292]|Bytes:292
02:49:24.0 (676552676)|VARIABLE_SCOPE_BEGIN|[292]|myField|Schema.SObjectField|true|false
02:49:24.0 (676646060)|VARIABLE_ASSIGNMENT|[292]|myField|"common.apex.runtime.impl.ApexFieldToken@404cbbd0"|0x404cbbd0
02:49:24.0 (676652750)|STATEMENT_EXECUTE|[293]
02:49:24.0 (677392533)|HEAP_ALLOCATE|[293]|Bytes:8
02:49:24.0 (677428651)|HEAP_ALLOCATE|[293]|Bytes:5
02:49:24.0 (677449605)|METHOD_EXIT|[209]|01p2800000EnCqi|RelatedListDataGridController.isSafeField(String, String)
02:49:24.0 (677456443)|STATEMENT_EXECUTE|[209]
02:49:24.0 (677458146)|STATEMENT_EXECUTE|[210]
02:49:24.0 (677473509)|HEAP_ALLOCATE|[210]|Bytes:51
02:49:24.0 (677718906)|SOQL_EXECUTE_BEGIN|[210]|Aggregations:0|Select Id, Name From Contact Where Id in :lookupIds
02:49:24.0 (683285118)|SOQL_EXECUTE_END|[210]|Rows:1
02:49:24.0 (683307580)|HEAP_ALLOCATE|[210]|Bytes:8
02:49:24.0 (683323232)|HEAP_ALLOCATE|[210]|Bytes:47
02:49:24.0 (683383831)|HEAP_ALLOCATE|[210]|Bytes:8
02:49:24.0 (683416745)|METHOD_EXIT|[179]|01p2800000EnCqi|RelatedListDataGridController.getLookupObjects(Set<Id>)
02:49:24.0 (683439668)|VARIABLE_SCOPE_BEGIN|[179]|lookupObjs|List<SObject>|true|false
02:49:24.0 (683482943)|VARIABLE_ASSIGNMENT|[179]|lookupObjs|[{"Id":"0032800000dS8C0AAK","Name":"Andy Young"}]|0x2fae9b6d
02:49:24.0 (683654849)|HEAP_ALLOCATE|[180]|Bytes:5
02:49:24.0 (683690510)|HEAP_ALLOCATE|[180]|Bytes:12
02:49:24.0 (683706035)|VARIABLE_SCOPE_BEGIN|[180]|lookupObj|SObject|true|false
02:49:24.0 (683719005)|VARIABLE_ASSIGNMENT|[180]|lookupObj|{"Id":"0032800000dS8C0AAK","Name":"Andy Young"}|0x4943b413
02:49:24.0 (683724124)|STATEMENT_EXECUTE|[180]
02:49:24.0 (683818128)|HEAP_ALLOCATE|[181]|Bytes:5
02:49:24.0 (683845945)|HEAP_ALLOCATE|[181]|Bytes:84
02:49:24.0 (683874385)|VARIABLE_SCOPE_BEGIN|[181]|item|Object|false|false
02:49:24.0 (683899684)|VARIABLE_ASSIGNMENT|[181]|item|"Map of size 20 too large to display"
02:49:24.0 (683903680)|STATEMENT_EXECUTE|[181]
02:49:24.0 (683905103)|STATEMENT_EXECUTE|[182]
02:49:24.0 (683911483)|VARIABLE_SCOPE_BEGIN|[182]|mItem|Map<String,ANY>|true|false
02:49:24.0 (683919427)|VARIABLE_ASSIGNMENT|[182]|mItem|"Map of size 20 too large to display"|0x704dac
02:49:24.0 (683924668)|STATEMENT_EXECUTE|[183]
02:49:24.0 (683925899)|STATEMENT_EXECUTE|[183]
02:49:24.0 (683927071)|STATEMENT_EXECUTE|[184]
02:49:24.0 (683938782)|HEAP_ALLOCATE|[184]|Bytes:16
02:49:24.0 (683977828)|HEAP_ALLOCATE|[184]|Bytes:10
02:49:24.0 (684001356)|HEAP_ALLOCATE|[EXTERNAL]|Bytes:-4
02:49:24.0 (684016547)|HEAP_ALLOCATE|[181]|Bytes:5
02:49:24.0 (684033597)|VARIABLE_ASSIGNMENT|[181]|item|null
02:49:24.0 (684043867)|HEAP_ALLOCATE|[180]|Bytes:5
02:49:24.0 (684052985)|VARIABLE_ASSIGNMENT|[180]|lookupObj|null|
02:49:24.0 (684062364)|HEAP_ALLOCATE|[158]|Bytes:5
02:49:24.0 (684070397)|VARIABLE_ASSIGNMENT|[158]|fieldKey|null
02:49:24.0 (684073207)|STATEMENT_EXECUTE|[195]
02:49:24.0 (684093708)|SYSTEM_MODE_EXIT|false
02:49:24.684 (684127001)|CUMULATIVE_LIMIT_USAGE
02:49:24.684 (684127001)|LIMIT_USAGE_FOR_NS|(default)|
  Number of SOQL queries: 5 out of 100
  Number of query rows: 5 out of 50000
  Number of SOSL queries: 0 out of 20
  Number of DML statements: 0 out of 150
  Number of DML rows: 0 out of 10000
  Maximum CPU time: 52 out of 10000
  Maximum heap size: 0 out of 6000000
  Number of callouts: 1 out of 100
  Number of Email Invocations: 0 out of 10
  Number of future calls: 0 out of 50
  Number of queueable jobs added to the queue: 0 out of 50
  Number of Mobile Apex push calls: 0 out of 10

02:49:24.684 (684127001)|CUMULATIVE_LIMIT_USAGE_END

02:49:24.0 (684166630)|CODE_UNIT_FINISHED|RelatedListDataGridController.getReleatedListItems
