40.0 APEX_CODE,FINEST;APEX_PROFILING,INFO;CALLOUT,INFO;DB,INFO;SYSTEM,DEBUG;VALIDATION,INFO;VISUALFORCE,INFO;WAVE,INFO;WORKFLOW,INFO
23:05:28.0 (332178)|USER_INFO|[EXTERNAL]|005280000056Sdu|ngmmadhan@gmail.com|Pacific Standard Time|GMT-07:00
23:05:28.0 (355960)|EXECUTION_STARTED
23:05:28.0 (358846)|CODE_UNIT_STARTED|[EXTERNAL]|aura
23:05:28.0 (632386)|HEAP_ALLOCATE|[72]|Bytes:3
23:05:28.0 (691938)|HEAP_ALLOCATE|[77]|Bytes:152
23:05:28.0 (706491)|HEAP_ALLOCATE|[342]|Bytes:408
23:05:28.0 (720621)|HEAP_ALLOCATE|[355]|Bytes:408
23:05:28.0 (732691)|HEAP_ALLOCATE|[467]|Bytes:48
23:05:28.0 (774149)|HEAP_ALLOCATE|[139]|Bytes:6
23:05:28.0 (792136)|HEAP_ALLOCATE|[EXTERNAL]|Bytes:94
23:05:28.0 (805942)|HEAP_ALLOCATE|[EXTERNAL]|Bytes:94
23:05:28.0 (832530)|CODE_UNIT_FINISHED|aura
23:05:28.0 (1922324)|EXECUTION_FINISHED
23:05:28.2 (2858298)|USER_INFO|[EXTERNAL]|005280000056Sdu|ngmmadhan@gmail.com|Pacific Standard Time|GMT-07:00
23:05:28.2 (2865920)|EXECUTION_STARTED
23:05:28.2 (2868439)|CODE_UNIT_STARTED|[EXTERNAL]|01p2800000EnYhK|CruderCntrl.ReadSObjects
23:05:28.2 (2954155)|HEAP_ALLOCATE|[EXTERNAL]|Bytes:30
23:05:28.2 (2959043)|HEAP_ALLOCATE|[EXTERNAL]|Bytes:16
23:05:28.2 (2983672)|METHOD_ENTRY|[16]|01p2800000EnYhK|CruderCntrl.CruderCntrl()
23:05:28.2 (2987313)|STATEMENT_EXECUTE|[16]
23:05:28.2 (2995712)|STATEMENT_EXECUTE|[16]
23:05:28.2 (3029281)|HEAP_ALLOCATE|[50]|Bytes:5
23:05:28.2 (3050561)|HEAP_ALLOCATE|[56]|Bytes:5
23:05:28.2 (3056333)|HEAP_ALLOCATE|[64]|Bytes:7
23:05:28.2 (3071196)|SYSTEM_MODE_ENTER|false
23:05:28.2 (3226224)|HEAP_ALLOCATE|[EXTERNAL]|Bytes:5
23:05:28.2 (3230229)|STATEMENT_EXECUTE|[201]
23:05:28.2 (3231606)|STATEMENT_EXECUTE|[213]
23:05:28.2 (3235725)|SYSTEM_MODE_EXIT|false
23:05:28.2 (3268615)|METHOD_EXIT|[16]|CruderCntrl
23:05:28.2 (3272929)|HEAP_ALLOCATE|[EXTERNAL]|Bytes:94
23:05:28.2 (3279303)|SYSTEM_MODE_ENTER|false
23:05:28.2 (3283910)|VARIABLE_SCOPE_BEGIN|[22]|query|String|false|false
23:05:28.2 (3305116)|VARIABLE_ASSIGNMENT|[22]|query|"SELECT ID,Parent_War (74 more) ..."
23:05:28.2 (3314211)|HEAP_ALLOCATE|[23]|Bytes:5
23:05:28.2 (3317190)|STATEMENT_EXECUTE|[22]
23:05:28.2 (3318227)|STATEMENT_EXECUTE|[23]
23:05:28.2 (3386161)|HEAP_ALLOCATE|[23]|Bytes:20
23:05:28.2 (3412378)|CONSTRUCTOR_ENTRY|[23]|01p2800000EnYhK|<init>()
23:05:28.2 (3431465)|VARIABLE_SCOPE_BEGIN|[201]|this|CruderCntrl.OutputWrapper|true|false
23:05:28.2 (3459474)|VARIABLE_ASSIGNMENT|[201]|this|{}|0x1a7ac2b2
23:05:28.2 (3466270)|HEAP_ALLOCATE|[EXTERNAL]|Bytes:6
23:05:28.2 (3482543)|STATEMENT_EXECUTE|[201]
23:05:28.2 (3483913)|STATEMENT_EXECUTE|[203]
23:05:28.2 (3485205)|STATEMENT_EXECUTE|[205]
23:05:28.2 (3486143)|STATEMENT_EXECUTE|[207]
23:05:28.2 (3487181)|STATEMENT_EXECUTE|[209]
23:05:28.2 (3504264)|CONSTRUCTOR_EXIT|[23]|01p2800000EnYhK|<init>()
23:05:28.2 (3511904)|VARIABLE_SCOPE_BEGIN|[23]|wrapObj|CruderCntrl.OutputWrapper|true|false
23:05:28.2 (3522009)|VARIABLE_ASSIGNMENT|[23]|wrapObj|{}|0x1a7ac2b2
23:05:28.2 (3524302)|STATEMENT_EXECUTE|[24]
23:05:28.2 (3528629)|VARIABLE_SCOPE_BEGIN|[24]|sObjectApiName|String|false|false
23:05:28.2 (3532236)|VARIABLE_ASSIGNMENT|[24]|sObjectApiName|""
23:05:28.2 (3534043)|STATEMENT_EXECUTE|[25]
23:05:28.2 (3535447)|VARIABLE_SCOPE_BEGIN|[25]|sObjectLabel|String|false|false
23:05:28.2 (3537502)|VARIABLE_ASSIGNMENT|[25]|sObjectLabel|""
23:05:28.2 (3538644)|STATEMENT_EXECUTE|[26]
23:05:28.2 (3541272)|VARIABLE_SCOPE_BEGIN|[26]|success|Boolean|false|false
23:05:28.2 (3545043)|HEAP_ALLOCATE|[26]|Bytes:5
23:05:28.2 (3549921)|VARIABLE_ASSIGNMENT|[26]|success|false
23:05:28.2 (3551025)|STATEMENT_EXECUTE|[27]
23:05:28.2 (3581891)|HEAP_ALLOCATE|[27]|Bytes:4
23:05:28.2 (3612218)|VARIABLE_SCOPE_BEGIN|[27]|sObjList|List<SObject>|true|false
23:05:28.2 (3618000)|HEAP_ALLOCATE|[EXTERNAL]|Bytes:4
23:05:28.2 (3624495)|VARIABLE_ASSIGNMENT|[27]|sObjList|[]|0x3fc1be10
23:05:28.2 (3626339)|STATEMENT_EXECUTE|[29]
23:05:28.2 (3627253)|STATEMENT_EXECUTE|[29]
23:05:28.2 (3628148)|STATEMENT_EXECUTE|[30]
23:05:28.2 (3670284)|HEAP_ALLOCATE|[30]|Bytes:5
23:05:28.2 (5009385)|SOQL_EXECUTE_BEGIN|[30]|Aggregations:0|SELECT ID,Parent_Warranty_Code__r.Name, Warranty_Code__c,Description__c FROM Warranty_Codes__c
23:05:28.2 (18914193)|SOQL_EXECUTE_END|[30]|Rows:6
23:05:28.2 (18934957)|HEAP_ALLOCATE|[30]|Bytes:28
23:05:28.2 (18963999)|HEAP_ALLOCATE|[30]|Bytes:857
23:05:28.2 (19025103)|HEAP_ALLOCATE|[30]|Bytes:28
23:05:28.2 (19094574)|VARIABLE_ASSIGNMENT|[30]|sObjList|"List of size 6 too large to display"|0x3b90dd1d
23:05:28.2 (19177431)|STATEMENT_EXECUTE|[31]
23:05:28.2 (19179570)|STATEMENT_EXECUTE|[32]
23:05:28.2 (19203526)|HEAP_ALLOCATE|[32]|Bytes:24
23:05:28.2 (19271920)|VARIABLE_SCOPE_BEGIN|[32]|type|Schema.SObjectType|true|false
23:05:28.2 (19371066)|VARIABLE_ASSIGNMENT|[32]|type|"common.apex.runtime.impl.ApexSObjectTypeToken@24884cd5"|0x24884cd5
23:05:28.2 (19375142)|STATEMENT_EXECUTE|[33]
23:05:28.2 (19646279)|HEAP_ALLOCATE|[33]|Bytes:4
23:05:28.2 (19669093)|VARIABLE_SCOPE_BEGIN|[33]|sobjectDescribe|Schema.DescribeSObjectResult|true|false
23:05:28.2 (19729547)|VARIABLE_ASSIGNMENT|[33]|sobjectDescribe|"common.api.soap.wsdl.DescribeSObjectResult@33d95277"|0x140d87c0
23:05:28.2 (19733008)|STATEMENT_EXECUTE|[34]
23:05:28.2 (19742494)|HEAP_ALLOCATE|[34]|Bytes:24
23:05:28.2 (19802155)|HEAP_ALLOCATE|[34]|Bytes:17
23:05:28.2 (19814432)|VARIABLE_ASSIGNMENT|[34]|sObjectApiName|"Warranty_Codes__c"
23:05:28.2 (19816815)|STATEMENT_EXECUTE|[35]
23:05:28.2 (19835909)|HEAP_ALLOCATE|[35]|Bytes:13
23:05:28.2 (19840486)|VARIABLE_ASSIGNMENT|[35]|sObjectLabel|"Warranty Code"
23:05:28.2 (19842462)|STATEMENT_EXECUTE|[36]
23:05:28.2 (19846900)|HEAP_ALLOCATE|[36]|Bytes:5
23:05:28.2 (19850964)|VARIABLE_ASSIGNMENT|[36]|success|true
23:05:28.2 (19852770)|STATEMENT_EXECUTE|[38]
23:05:28.2 (19877397)|VARIABLE_ASSIGNMENT|[38]|this.sObjList|"List of size 6 too large to display"|0x1a7ac2b2
23:05:28.2 (19879502)|STATEMENT_EXECUTE|[39]
23:05:28.2 (19883411)|VARIABLE_ASSIGNMENT|[39]|this.sObjectLabel|"Warranty Code"|0x1a7ac2b2
23:05:28.2 (19885566)|STATEMENT_EXECUTE|[40]
23:05:28.2 (19888621)|VARIABLE_ASSIGNMENT|[40]|this.sObjectApiName|"Warranty_Codes__c"|0x1a7ac2b2
23:05:28.2 (19889959)|STATEMENT_EXECUTE|[41]
23:05:28.2 (19892225)|HEAP_ALLOCATE|[41]|Bytes:5
23:05:28.2 (19895619)|VARIABLE_ASSIGNMENT|[41]|this.success|true|0x1a7ac2b2
23:05:28.2 (19898046)|STATEMENT_EXECUTE|[49]
23:05:28.2 (19909431)|SYSTEM_MODE_EXIT|false
23:05:28.19 (19933468)|CUMULATIVE_LIMIT_USAGE
23:05:28.19 (19933468)|LIMIT_USAGE_FOR_NS|(default)|
  Number of SOQL queries: 1 out of 100
  Number of query rows: 6 out of 50000
  Number of SOSL queries: 0 out of 20
  Number of DML statements: 0 out of 150
  Number of DML rows: 0 out of 10000
  Maximum CPU time: 0 out of 10000
  Maximum heap size: 0 out of 6000000
  Number of callouts: 0 out of 100
  Number of Email Invocations: 0 out of 10
  Number of future calls: 0 out of 50
  Number of queueable jobs added to the queue: 0 out of 50
  Number of Mobile Apex push calls: 0 out of 10

23:05:28.19 (19933468)|CUMULATIVE_LIMIT_USAGE_END

23:05:28.2 (19961301)|CODE_UNIT_FINISHED|CruderCntrl.ReadSObjects
23:05:28.2 (21373513)|EXECUTION_FINISHED
23:05:28.22 (22967415)|USER_INFO|[EXTERNAL]|005280000056Sdu|ngmmadhan@gmail.com|Pacific Standard Time|GMT-07:00
23:05:28.22 (22975588)|EXECUTION_STARTED
23:05:28.22 (22978857)|CODE_UNIT_STARTED|[EXTERNAL]|Aura
23:05:28.22 (23067979)|CODE_UNIT_FINISHED|Aura
23:05:28.22 (23782098)|EXECUTION_FINISHED
