40.0 APEX_CODE,FINEST;APEX_PROFILING,INFO;CALLOUT,INFO;DB,INFO;SYSTEM,DEBUG;VALIDATION,INFO;VISUALFORCE,INFO;WAVE,INFO;WORKFLOW,INFO
08:13:08.0 (289064)|USER_INFO|[EXTERNAL]|005280000056Sdu|ngmmadhan@gmail.com|Pacific Standard Time|GMT-07:00
08:13:08.0 (309695)|EXECUTION_STARTED
08:13:08.0 (313037)|CODE_UNIT_STARTED|[EXTERNAL]|aura
08:13:08.0 (556317)|HEAP_ALLOCATE|[72]|Bytes:3
08:13:08.0 (589012)|HEAP_ALLOCATE|[77]|Bytes:152
08:13:08.0 (602752)|HEAP_ALLOCATE|[342]|Bytes:408
08:13:08.0 (618306)|HEAP_ALLOCATE|[355]|Bytes:408
08:13:08.0 (632104)|HEAP_ALLOCATE|[467]|Bytes:48
08:13:08.0 (656753)|HEAP_ALLOCATE|[139]|Bytes:6
08:13:08.0 (672493)|HEAP_ALLOCATE|[EXTERNAL]|Bytes:94
08:13:08.0 (677984)|HEAP_ALLOCATE|[EXTERNAL]|Bytes:94
08:13:08.0 (689068)|CODE_UNIT_FINISHED|aura
08:13:08.0 (1441277)|EXECUTION_FINISHED
08:13:08.2 (2143767)|USER_INFO|[EXTERNAL]|005280000056Sdu|ngmmadhan@gmail.com|Pacific Standard Time|GMT-07:00
08:13:08.2 (2152514)|EXECUTION_STARTED
08:13:08.2 (2155649)|CODE_UNIT_STARTED|[EXTERNAL]|01p2800000EnYhK|CruderCntrl.ReadSObjects
08:13:08.2 (2325533)|HEAP_ALLOCATE|[EXTERNAL]|Bytes:30
08:13:08.2 (2331967)|HEAP_ALLOCATE|[EXTERNAL]|Bytes:16
08:13:08.2 (2343463)|METHOD_ENTRY|[16]|01p2800000EnYhK|CruderCntrl.CruderCntrl()
08:13:08.2 (2348310)|STATEMENT_EXECUTE|[16]
08:13:08.2 (2354342)|STATEMENT_EXECUTE|[16]
08:13:08.2 (2393374)|HEAP_ALLOCATE|[50]|Bytes:5
08:13:08.2 (2418266)|HEAP_ALLOCATE|[56]|Bytes:5
08:13:08.2 (2426592)|HEAP_ALLOCATE|[64]|Bytes:7
08:13:08.2 (2443872)|SYSTEM_MODE_ENTER|false
08:13:08.2 (2460432)|HEAP_ALLOCATE|[EXTERNAL]|Bytes:5
08:13:08.2 (2467566)|STATEMENT_EXECUTE|[201]
08:13:08.2 (2471037)|STATEMENT_EXECUTE|[213]
08:13:08.2 (2478805)|SYSTEM_MODE_EXIT|false
08:13:08.2 (2493347)|METHOD_EXIT|[16]|CruderCntrl
08:13:08.2 (2503535)|HEAP_ALLOCATE|[EXTERNAL]|Bytes:94
08:13:08.2 (2515469)|SYSTEM_MODE_ENTER|false
08:13:08.2 (2529708)|VARIABLE_SCOPE_BEGIN|[22]|query|String|false|false
08:13:08.2 (2563197)|VARIABLE_ASSIGNMENT|[22]|query|"SELECT ID,Parent_War (74 more) ..."
08:13:08.2 (2582807)|HEAP_ALLOCATE|[23]|Bytes:5
08:13:08.2 (2590845)|STATEMENT_EXECUTE|[22]
08:13:08.2 (2594241)|STATEMENT_EXECUTE|[23]
08:13:08.2 (2653194)|HEAP_ALLOCATE|[23]|Bytes:20
08:13:08.2 (2730911)|CONSTRUCTOR_ENTRY|[23]|01p2800000EnYhK|<init>()
08:13:08.2 (2774901)|VARIABLE_SCOPE_BEGIN|[201]|this|CruderCntrl.OutputWrapper|true|false
08:13:08.2 (2839458)|VARIABLE_ASSIGNMENT|[201]|this|{}|0x5aa4127a
08:13:08.2 (2848595)|HEAP_ALLOCATE|[EXTERNAL]|Bytes:6
08:13:08.2 (2869601)|STATEMENT_EXECUTE|[201]
08:13:08.2 (2871349)|STATEMENT_EXECUTE|[203]
08:13:08.2 (2872564)|STATEMENT_EXECUTE|[205]
08:13:08.2 (2873751)|STATEMENT_EXECUTE|[207]
08:13:08.2 (2874894)|STATEMENT_EXECUTE|[209]
08:13:08.2 (2897989)|CONSTRUCTOR_EXIT|[23]|01p2800000EnYhK|<init>()
08:13:08.2 (2906322)|VARIABLE_SCOPE_BEGIN|[23]|wrapObj|CruderCntrl.OutputWrapper|true|false
08:13:08.2 (2918909)|VARIABLE_ASSIGNMENT|[23]|wrapObj|{}|0x5aa4127a
08:13:08.2 (2920823)|STATEMENT_EXECUTE|[24]
08:13:08.2 (2924984)|VARIABLE_SCOPE_BEGIN|[24]|sObjectApiName|String|false|false
08:13:08.2 (2929253)|VARIABLE_ASSIGNMENT|[24]|sObjectApiName|""
08:13:08.2 (2930834)|STATEMENT_EXECUTE|[25]
08:13:08.2 (2932560)|VARIABLE_SCOPE_BEGIN|[25]|sObjectLabel|String|false|false
08:13:08.2 (2935123)|VARIABLE_ASSIGNMENT|[25]|sObjectLabel|""
08:13:08.2 (2936603)|STATEMENT_EXECUTE|[26]
08:13:08.2 (2939602)|VARIABLE_SCOPE_BEGIN|[26]|success|Boolean|false|false
08:13:08.2 (2944029)|HEAP_ALLOCATE|[26]|Bytes:5
08:13:08.2 (2948619)|VARIABLE_ASSIGNMENT|[26]|success|false
08:13:08.2 (2950284)|STATEMENT_EXECUTE|[27]
08:13:08.2 (2955018)|HEAP_ALLOCATE|[27]|Bytes:4
08:13:08.2 (2989110)|VARIABLE_SCOPE_BEGIN|[27]|sObjList|List<SObject>|true|false
08:13:08.2 (2994474)|HEAP_ALLOCATE|[EXTERNAL]|Bytes:4
08:13:08.2 (3002191)|VARIABLE_ASSIGNMENT|[27]|sObjList|[]|0x739b143c
08:13:08.2 (3004963)|STATEMENT_EXECUTE|[29]
08:13:08.2 (3006100)|STATEMENT_EXECUTE|[29]
08:13:08.2 (3007102)|STATEMENT_EXECUTE|[30]
08:13:08.2 (3033982)|HEAP_ALLOCATE|[30]|Bytes:5
08:13:08.2 (4308180)|SOQL_EXECUTE_BEGIN|[30]|Aggregations:0|SELECT ID,Parent_Warranty_Code__r.Name, Warranty_Code__c,Description__c FROM Warranty_Codes__c
08:13:08.2 (8371561)|SOQL_EXECUTE_END|[30]|Rows:6
08:13:08.2 (8390722)|HEAP_ALLOCATE|[30]|Bytes:28
08:13:08.2 (8417013)|HEAP_ALLOCATE|[30]|Bytes:857
08:13:08.2 (8481251)|HEAP_ALLOCATE|[30]|Bytes:28
08:13:08.2 (8502892)|VARIABLE_ASSIGNMENT|[30]|sObjList|"List of size 6 too large to display"|0x39d68db7
08:13:08.2 (8596742)|STATEMENT_EXECUTE|[31]
08:13:08.2 (8599084)|STATEMENT_EXECUTE|[32]
08:13:08.2 (8622096)|HEAP_ALLOCATE|[32]|Bytes:24
08:13:08.2 (8694380)|VARIABLE_SCOPE_BEGIN|[32]|type|Schema.SObjectType|true|false
08:13:08.2 (8820189)|VARIABLE_ASSIGNMENT|[32]|type|"common.apex.runtime.impl.ApexSObjectTypeToken@1f028772"|0x1f028772
08:13:08.2 (8825055)|STATEMENT_EXECUTE|[33]
08:13:08.2 (9053405)|HEAP_ALLOCATE|[33]|Bytes:4
08:13:08.2 (9077400)|VARIABLE_SCOPE_BEGIN|[33]|sobjectDescribe|Schema.DescribeSObjectResult|true|false
08:13:08.2 (9138213)|VARIABLE_ASSIGNMENT|[33]|sobjectDescribe|"common.api.soap.wsdl.DescribeSObjectResult@33d95277"|0x731b9095
08:13:08.2 (9141827)|STATEMENT_EXECUTE|[34]
08:13:08.2 (9152290)|HEAP_ALLOCATE|[34]|Bytes:24
08:13:08.2 (9218710)|HEAP_ALLOCATE|[34]|Bytes:17
08:13:08.2 (9231416)|VARIABLE_ASSIGNMENT|[34]|sObjectApiName|"Warranty_Codes__c"
08:13:08.2 (9234034)|STATEMENT_EXECUTE|[35]
08:13:08.2 (9254121)|HEAP_ALLOCATE|[35]|Bytes:13
08:13:08.2 (9258951)|VARIABLE_ASSIGNMENT|[35]|sObjectLabel|"Warranty Code"
08:13:08.2 (9260731)|STATEMENT_EXECUTE|[36]
08:13:08.2 (9265308)|HEAP_ALLOCATE|[36]|Bytes:5
08:13:08.2 (9269958)|VARIABLE_ASSIGNMENT|[36]|success|true
08:13:08.2 (9271966)|STATEMENT_EXECUTE|[38]
08:13:08.2 (9284237)|VARIABLE_ASSIGNMENT|[38]|this.sObjList|"List of size 6 too large to display"|0x5aa4127a
08:13:08.2 (9286225)|STATEMENT_EXECUTE|[39]
08:13:08.2 (9290541)|VARIABLE_ASSIGNMENT|[39]|this.sObjectLabel|"Warranty Code"|0x5aa4127a
08:13:08.2 (9292265)|STATEMENT_EXECUTE|[40]
08:13:08.2 (9295713)|VARIABLE_ASSIGNMENT|[40]|this.sObjectApiName|"Warranty_Codes__c"|0x5aa4127a
08:13:08.2 (9297328)|STATEMENT_EXECUTE|[41]
08:13:08.2 (9299696)|HEAP_ALLOCATE|[41]|Bytes:5
08:13:08.2 (9303658)|VARIABLE_ASSIGNMENT|[41]|this.success|true|0x5aa4127a
08:13:08.2 (9306183)|STATEMENT_EXECUTE|[49]
08:13:08.2 (9313736)|SYSTEM_MODE_EXIT|false
08:13:08.9 (9333953)|CUMULATIVE_LIMIT_USAGE
08:13:08.9 (9333953)|LIMIT_USAGE_FOR_NS|(default)|
  Number of SOQL queries: 1 out of 100
  Number of query rows: 6 out of 50000
  Number of SOSL queries: 0 out of 20
  Number of DML statements: 0 out of 150
  Number of DML rows: 0 out of 10000
  Maximum CPU time: 0 out of 10000
  Maximum heap size: 0 out of 6000000
  Number of callouts: 0 out of 100
  Number of Email Invocations: 0 out of 10
  Number of future calls: 0 out of 50
  Number of queueable jobs added to the queue: 0 out of 50
  Number of Mobile Apex push calls: 0 out of 10

08:13:08.9 (9333953)|CUMULATIVE_LIMIT_USAGE_END

08:13:08.2 (9362504)|CODE_UNIT_FINISHED|CruderCntrl.ReadSObjects
08:13:08.2 (10385722)|EXECUTION_FINISHED
08:13:08.11 (11720001)|USER_INFO|[EXTERNAL]|005280000056Sdu|ngmmadhan@gmail.com|Pacific Standard Time|GMT-07:00
08:13:08.11 (11729761)|EXECUTION_STARTED
08:13:08.11 (11733484)|CODE_UNIT_STARTED|[EXTERNAL]|Aura
08:13:08.11 (11854454)|CODE_UNIT_FINISHED|Aura
08:13:08.11 (12509810)|EXECUTION_FINISHED
