40.0 APEX_CODE,FINEST;APEX_PROFILING,INFO;CALLOUT,INFO;DB,INFO;SYSTEM,DEBUG;VALIDATION,INFO;VISUALFORCE,INFO;WAVE,INFO;WORKFLOW,INFO
23:07:21.0 (56049)|USER_INFO|[EXTERNAL]|005280000056Sdu|ngmmadhan@gmail.com|Pacific Standard Time|GMT-07:00
23:07:21.0 (80937)|EXECUTION_STARTED
23:07:21.0 (84294)|CODE_UNIT_STARTED|[EXTERNAL]|aura
23:07:21.0 (363090)|HEAP_ALLOCATE|[72]|Bytes:3
23:07:21.0 (393069)|HEAP_ALLOCATE|[77]|Bytes:152
23:07:21.0 (405898)|HEAP_ALLOCATE|[342]|Bytes:408
23:07:21.0 (419068)|HEAP_ALLOCATE|[355]|Bytes:408
23:07:21.0 (430825)|HEAP_ALLOCATE|[467]|Bytes:48
23:07:21.0 (452041)|HEAP_ALLOCATE|[139]|Bytes:6
23:07:21.0 (467985)|HEAP_ALLOCATE|[EXTERNAL]|Bytes:94
23:07:21.0 (472890)|HEAP_ALLOCATE|[EXTERNAL]|Bytes:94
23:07:21.0 (484163)|CODE_UNIT_FINISHED|aura
23:07:21.0 (1468308)|EXECUTION_FINISHED
23:07:21.2 (2195421)|USER_INFO|[EXTERNAL]|005280000056Sdu|ngmmadhan@gmail.com|Pacific Standard Time|GMT-07:00
23:07:21.2 (2203391)|EXECUTION_STARTED
23:07:21.2 (2206263)|CODE_UNIT_STARTED|[EXTERNAL]|01p2800000EnYhK|CruderCntrl.ReadSObjects
23:07:21.2 (2290018)|HEAP_ALLOCATE|[EXTERNAL]|Bytes:30
23:07:21.2 (2295187)|HEAP_ALLOCATE|[EXTERNAL]|Bytes:16
23:07:21.2 (2302749)|METHOD_ENTRY|[16]|01p2800000EnYhK|CruderCntrl.CruderCntrl()
23:07:21.2 (2306062)|STATEMENT_EXECUTE|[16]
23:07:21.2 (2310436)|STATEMENT_EXECUTE|[16]
23:07:21.2 (2344507)|HEAP_ALLOCATE|[50]|Bytes:5
23:07:21.2 (2365786)|HEAP_ALLOCATE|[56]|Bytes:5
23:07:21.2 (2371177)|HEAP_ALLOCATE|[64]|Bytes:7
23:07:21.2 (2386055)|SYSTEM_MODE_ENTER|false
23:07:21.2 (2394156)|HEAP_ALLOCATE|[EXTERNAL]|Bytes:5
23:07:21.2 (2397286)|STATEMENT_EXECUTE|[201]
23:07:21.2 (2398529)|STATEMENT_EXECUTE|[213]
23:07:21.2 (2402531)|SYSTEM_MODE_EXIT|false
23:07:21.2 (2408689)|METHOD_EXIT|[16]|CruderCntrl
23:07:21.2 (2411750)|HEAP_ALLOCATE|[EXTERNAL]|Bytes:94
23:07:21.2 (2415607)|SYSTEM_MODE_ENTER|false
23:07:21.2 (2419801)|VARIABLE_SCOPE_BEGIN|[22]|query|String|false|false
23:07:21.2 (2437943)|VARIABLE_ASSIGNMENT|[22]|query|"SELECT ID,Parent_War (74 more) ..."
23:07:21.2 (2455817)|HEAP_ALLOCATE|[23]|Bytes:5
23:07:21.2 (2458842)|STATEMENT_EXECUTE|[22]
23:07:21.2 (2460110)|STATEMENT_EXECUTE|[23]
23:07:21.2 (2518008)|HEAP_ALLOCATE|[23]|Bytes:20
23:07:21.2 (2529050)|CONSTRUCTOR_ENTRY|[23]|01p2800000EnYhK|<init>()
23:07:21.2 (2544347)|VARIABLE_SCOPE_BEGIN|[201]|this|CruderCntrl.OutputWrapper|true|false
23:07:21.2 (2571322)|VARIABLE_ASSIGNMENT|[201]|this|{}|0x1dd27f3f
23:07:21.2 (2577524)|HEAP_ALLOCATE|[EXTERNAL]|Bytes:6
23:07:21.2 (2593530)|STATEMENT_EXECUTE|[201]
23:07:21.2 (2594697)|STATEMENT_EXECUTE|[203]
23:07:21.2 (2595766)|STATEMENT_EXECUTE|[205]
23:07:21.2 (2596748)|STATEMENT_EXECUTE|[207]
23:07:21.2 (2597689)|STATEMENT_EXECUTE|[209]
23:07:21.2 (2600817)|CONSTRUCTOR_EXIT|[23]|01p2800000EnYhK|<init>()
23:07:21.2 (2604446)|VARIABLE_SCOPE_BEGIN|[23]|wrapObj|CruderCntrl.OutputWrapper|true|false
23:07:21.2 (2613037)|VARIABLE_ASSIGNMENT|[23]|wrapObj|{}|0x1dd27f3f
23:07:21.2 (2615176)|STATEMENT_EXECUTE|[24]
23:07:21.2 (2619235)|VARIABLE_SCOPE_BEGIN|[24]|sObjectApiName|String|false|false
23:07:21.2 (2623100)|VARIABLE_ASSIGNMENT|[24]|sObjectApiName|""
23:07:21.2 (2624813)|STATEMENT_EXECUTE|[25]
23:07:21.2 (2626392)|VARIABLE_SCOPE_BEGIN|[25]|sObjectLabel|String|false|false
23:07:21.2 (2628610)|VARIABLE_ASSIGNMENT|[25]|sObjectLabel|""
23:07:21.2 (2630401)|STATEMENT_EXECUTE|[26]
23:07:21.2 (2632897)|VARIABLE_SCOPE_BEGIN|[26]|success|Boolean|false|false
23:07:21.2 (2636617)|HEAP_ALLOCATE|[26]|Bytes:5
23:07:21.2 (2640327)|VARIABLE_ASSIGNMENT|[26]|success|false
23:07:21.2 (2641517)|STATEMENT_EXECUTE|[27]
23:07:21.2 (2669439)|HEAP_ALLOCATE|[27]|Bytes:4
23:07:21.2 (2690793)|VARIABLE_SCOPE_BEGIN|[27]|sObjList|List<SObject>|true|false
23:07:21.2 (2697372)|HEAP_ALLOCATE|[EXTERNAL]|Bytes:4
23:07:21.2 (2704595)|VARIABLE_ASSIGNMENT|[27]|sObjList|[]|0x1351589a
23:07:21.2 (2706473)|STATEMENT_EXECUTE|[29]
23:07:21.2 (2707411)|STATEMENT_EXECUTE|[29]
23:07:21.2 (2708387)|STATEMENT_EXECUTE|[30]
23:07:21.2 (2744493)|HEAP_ALLOCATE|[30]|Bytes:5
23:07:21.2 (3317159)|SOQL_EXECUTE_BEGIN|[30]|Aggregations:0|SELECT ID,Parent_Warranty_Code__r.Name, Warranty_Code__c,Description__c FROM Warranty_Codes__c
23:07:21.2 (6872629)|SOQL_EXECUTE_END|[30]|Rows:6
23:07:21.2 (6895006)|HEAP_ALLOCATE|[30]|Bytes:28
23:07:21.2 (6929835)|HEAP_ALLOCATE|[30]|Bytes:857
23:07:21.2 (7019563)|HEAP_ALLOCATE|[30]|Bytes:28
23:07:21.2 (7051660)|VARIABLE_ASSIGNMENT|[30]|sObjList|"List of size 6 too large to display"|0x51dc067e
23:07:21.2 (7132478)|STATEMENT_EXECUTE|[31]
23:07:21.2 (7135413)|STATEMENT_EXECUTE|[32]
23:07:21.2 (7166881)|HEAP_ALLOCATE|[32]|Bytes:24
23:07:21.2 (7255410)|VARIABLE_SCOPE_BEGIN|[32]|type|Schema.SObjectType|true|false
23:07:21.2 (7367912)|VARIABLE_ASSIGNMENT|[32]|type|"common.apex.runtime.impl.ApexSObjectTypeToken@2cb7b1e3"|0x2cb7b1e3
23:07:21.2 (7372813)|STATEMENT_EXECUTE|[33]
23:07:21.2 (7608624)|HEAP_ALLOCATE|[33]|Bytes:4
23:07:21.2 (7636849)|VARIABLE_SCOPE_BEGIN|[33]|sobjectDescribe|Schema.DescribeSObjectResult|true|false
23:07:21.2 (7715094)|VARIABLE_ASSIGNMENT|[33]|sobjectDescribe|"common.api.soap.wsdl.DescribeSObjectResult@33d95277"|0x7fd1d8f1
23:07:21.2 (7719942)|STATEMENT_EXECUTE|[34]
23:07:21.2 (7731224)|HEAP_ALLOCATE|[34]|Bytes:24
23:07:21.2 (7823112)|HEAP_ALLOCATE|[34]|Bytes:17
23:07:21.2 (7840494)|VARIABLE_ASSIGNMENT|[34]|sObjectApiName|"Warranty_Codes__c"
23:07:21.2 (7843767)|STATEMENT_EXECUTE|[35]
23:07:21.2 (7869677)|HEAP_ALLOCATE|[35]|Bytes:13
23:07:21.2 (7877171)|VARIABLE_ASSIGNMENT|[35]|sObjectLabel|"Warranty Code"
23:07:21.2 (7879681)|STATEMENT_EXECUTE|[36]
23:07:21.2 (7884800)|HEAP_ALLOCATE|[36]|Bytes:5
23:07:21.2 (7890688)|VARIABLE_ASSIGNMENT|[36]|success|true
23:07:21.2 (7893147)|STATEMENT_EXECUTE|[38]
23:07:21.2 (7910350)|VARIABLE_ASSIGNMENT|[38]|this.sObjList|"List of size 6 too large to display"|0x1dd27f3f
23:07:21.2 (7912933)|STATEMENT_EXECUTE|[39]
23:07:21.2 (7918042)|VARIABLE_ASSIGNMENT|[39]|this.sObjectLabel|"Warranty Code"|0x1dd27f3f
23:07:21.2 (7920521)|STATEMENT_EXECUTE|[40]
23:07:21.2 (7925543)|VARIABLE_ASSIGNMENT|[40]|this.sObjectApiName|"Warranty_Codes__c"|0x1dd27f3f
23:07:21.2 (7928352)|STATEMENT_EXECUTE|[41]
23:07:21.2 (7931861)|HEAP_ALLOCATE|[41]|Bytes:5
23:07:21.2 (7937026)|VARIABLE_ASSIGNMENT|[41]|this.success|true|0x1dd27f3f
23:07:21.2 (7940425)|STATEMENT_EXECUTE|[49]
23:07:21.2 (7952538)|SYSTEM_MODE_EXIT|false
23:07:21.7 (7977692)|CUMULATIVE_LIMIT_USAGE
23:07:21.7 (7977692)|LIMIT_USAGE_FOR_NS|(default)|
  Number of SOQL queries: 1 out of 100
  Number of query rows: 6 out of 50000
  Number of SOSL queries: 0 out of 20
  Number of DML statements: 0 out of 150
  Number of DML rows: 0 out of 10000
  Maximum CPU time: 0 out of 10000
  Maximum heap size: 0 out of 6000000
  Number of callouts: 0 out of 100
  Number of Email Invocations: 0 out of 10
  Number of future calls: 0 out of 50
  Number of queueable jobs added to the queue: 0 out of 50
  Number of Mobile Apex push calls: 0 out of 10

23:07:21.7 (7977692)|CUMULATIVE_LIMIT_USAGE_END

23:07:21.2 (8009629)|CODE_UNIT_FINISHED|CruderCntrl.ReadSObjects
23:07:21.2 (9118054)|EXECUTION_FINISHED
23:07:21.10 (10415253)|USER_INFO|[EXTERNAL]|005280000056Sdu|ngmmadhan@gmail.com|Pacific Standard Time|GMT-07:00
23:07:21.10 (10424714)|EXECUTION_STARTED
23:07:21.10 (10427905)|CODE_UNIT_STARTED|[EXTERNAL]|Aura
23:07:21.10 (10513533)|CODE_UNIT_FINISHED|Aura
23:07:21.10 (11386942)|EXECUTION_FINISHED
