40.0 APEX_CODE,FINEST;APEX_PROFILING,INFO;CALLOUT,INFO;DB,INFO;SYSTEM,DEBUG;VALIDATION,INFO;VISUALFORCE,INFO;WAVE,INFO;WORKFLOW,INFO
22:47:51.0 (284196)|USER_INFO|[EXTERNAL]|005280000056Sdu|ngmmadhan@gmail.com|Pacific Standard Time|GMT-07:00
22:47:51.0 (307102)|EXECUTION_STARTED
22:47:51.0 (310357)|CODE_UNIT_STARTED|[EXTERNAL]|aura
22:47:51.0 (532249)|HEAP_ALLOCATE|[72]|Bytes:3
22:47:51.0 (557039)|HEAP_ALLOCATE|[77]|Bytes:152
22:47:51.0 (569405)|HEAP_ALLOCATE|[342]|Bytes:408
22:47:51.0 (582268)|HEAP_ALLOCATE|[355]|Bytes:408
22:47:51.0 (593613)|HEAP_ALLOCATE|[467]|Bytes:48
22:47:51.0 (613902)|HEAP_ALLOCATE|[139]|Bytes:6
22:47:51.0 (628395)|HEAP_ALLOCATE|[EXTERNAL]|Bytes:91
22:47:51.0 (633490)|HEAP_ALLOCATE|[EXTERNAL]|Bytes:91
22:47:51.0 (645757)|CODE_UNIT_FINISHED|aura
22:47:51.0 (1678202)|EXECUTION_FINISHED
22:47:51.2 (2401154)|USER_INFO|[EXTERNAL]|005280000056Sdu|ngmmadhan@gmail.com|Pacific Standard Time|GMT-07:00
22:47:51.2 (2407785)|EXECUTION_STARTED
22:47:51.2 (2409946)|CODE_UNIT_STARTED|[EXTERNAL]|01p2800000EnYhK|CruderCntrl.ReadSObjects
22:47:51.2 (2512892)|HEAP_ALLOCATE|[EXTERNAL]|Bytes:30
22:47:51.2 (2517323)|HEAP_ALLOCATE|[EXTERNAL]|Bytes:16
22:47:51.2 (2524511)|METHOD_ENTRY|[16]|01p2800000EnYhK|CruderCntrl.CruderCntrl()
22:47:51.2 (2527741)|STATEMENT_EXECUTE|[16]
22:47:51.2 (2531852)|STATEMENT_EXECUTE|[16]
22:47:51.2 (2562120)|HEAP_ALLOCATE|[50]|Bytes:5
22:47:51.2 (2579837)|HEAP_ALLOCATE|[56]|Bytes:5
22:47:51.2 (2589096)|HEAP_ALLOCATE|[64]|Bytes:7
22:47:51.2 (2601906)|SYSTEM_MODE_ENTER|false
22:47:51.2 (2611544)|HEAP_ALLOCATE|[EXTERNAL]|Bytes:5
22:47:51.2 (2614411)|STATEMENT_EXECUTE|[201]
22:47:51.2 (2615566)|STATEMENT_EXECUTE|[213]
22:47:51.2 (2618605)|SYSTEM_MODE_EXIT|false
22:47:51.2 (2624314)|METHOD_EXIT|[16]|CruderCntrl
22:47:51.2 (2627402)|HEAP_ALLOCATE|[EXTERNAL]|Bytes:91
22:47:51.2 (2631270)|SYSTEM_MODE_ENTER|false
22:47:51.2 (2637020)|VARIABLE_SCOPE_BEGIN|[22]|query|String|false|false
22:47:51.2 (2660367)|VARIABLE_ASSIGNMENT|[22]|query|"SELECT Parent_Warran (71 more) ..."
22:47:51.2 (2668042)|HEAP_ALLOCATE|[23]|Bytes:5
22:47:51.2 (2670479)|STATEMENT_EXECUTE|[22]
22:47:51.2 (2671581)|STATEMENT_EXECUTE|[23]
22:47:51.2 (2705050)|HEAP_ALLOCATE|[23]|Bytes:20
22:47:51.2 (2737967)|CONSTRUCTOR_ENTRY|[23]|01p2800000EnYhK|<init>()
22:47:51.2 (2760332)|VARIABLE_SCOPE_BEGIN|[201]|this|CruderCntrl.OutputWrapper|true|false
22:47:51.2 (2804620)|VARIABLE_ASSIGNMENT|[201]|this|{}|0x6160787
22:47:51.2 (2811255)|HEAP_ALLOCATE|[EXTERNAL]|Bytes:6
22:47:51.2 (2827892)|STATEMENT_EXECUTE|[201]
22:47:51.2 (2829242)|STATEMENT_EXECUTE|[203]
22:47:51.2 (2830256)|STATEMENT_EXECUTE|[205]
22:47:51.2 (2831185)|STATEMENT_EXECUTE|[207]
22:47:51.2 (2832434)|STATEMENT_EXECUTE|[209]
22:47:51.2 (2846368)|CONSTRUCTOR_EXIT|[23]|01p2800000EnYhK|<init>()
22:47:51.2 (2850273)|VARIABLE_SCOPE_BEGIN|[23]|wrapObj|CruderCntrl.OutputWrapper|true|false
22:47:51.2 (2863451)|VARIABLE_ASSIGNMENT|[23]|wrapObj|{}|0x6160787
22:47:51.2 (2865365)|STATEMENT_EXECUTE|[24]
22:47:51.2 (2869494)|VARIABLE_SCOPE_BEGIN|[24]|sObjectApiName|String|false|false
22:47:51.2 (2873318)|VARIABLE_ASSIGNMENT|[24]|sObjectApiName|""
22:47:51.2 (2874706)|STATEMENT_EXECUTE|[25]
22:47:51.2 (2876098)|VARIABLE_SCOPE_BEGIN|[25]|sObjectLabel|String|false|false
22:47:51.2 (2878315)|VARIABLE_ASSIGNMENT|[25]|sObjectLabel|""
22:47:51.2 (2879500)|STATEMENT_EXECUTE|[26]
22:47:51.2 (2881969)|VARIABLE_SCOPE_BEGIN|[26]|success|Boolean|false|false
22:47:51.2 (2885596)|HEAP_ALLOCATE|[26]|Bytes:5
22:47:51.2 (2889823)|VARIABLE_ASSIGNMENT|[26]|success|false
22:47:51.2 (2891107)|STATEMENT_EXECUTE|[27]
22:47:51.2 (2894792)|HEAP_ALLOCATE|[27]|Bytes:4
22:47:51.2 (2913496)|VARIABLE_SCOPE_BEGIN|[27]|sObjList|List<SObject>|true|false
22:47:51.2 (2918735)|HEAP_ALLOCATE|[EXTERNAL]|Bytes:4
22:47:51.2 (2924916)|VARIABLE_ASSIGNMENT|[27]|sObjList|[]|0x3d3ba146
22:47:51.2 (2926850)|STATEMENT_EXECUTE|[29]
22:47:51.2 (2927775)|STATEMENT_EXECUTE|[29]
22:47:51.2 (2928727)|STATEMENT_EXECUTE|[30]
22:47:51.2 (2948846)|HEAP_ALLOCATE|[30]|Bytes:5
22:47:51.2 (4010734)|SOQL_EXECUTE_BEGIN|[30]|Aggregations:0|SELECT Parent_Warranty_Code__r.Name, Warranty_Code__c,Description__c FROM Warranty_Codes__c
22:47:51.2 (7081883)|SOQL_EXECUTE_END|[30]|Rows:6
22:47:51.2 (7096587)|HEAP_ALLOCATE|[30]|Bytes:28
22:47:51.2 (7123604)|HEAP_ALLOCATE|[30]|Bytes:857
22:47:51.2 (7169813)|HEAP_ALLOCATE|[30]|Bytes:28
22:47:51.2 (7194845)|VARIABLE_ASSIGNMENT|[30]|sObjList|"List of size 6 too large to display"|0x617220f0
22:47:51.2 (7259507)|STATEMENT_EXECUTE|[31]
22:47:51.2 (7262227)|STATEMENT_EXECUTE|[32]
22:47:51.2 (7292452)|HEAP_ALLOCATE|[32]|Bytes:24
22:47:51.2 (7368876)|VARIABLE_SCOPE_BEGIN|[32]|type|Schema.SObjectType|true|false
22:47:51.2 (7487342)|VARIABLE_ASSIGNMENT|[32]|type|"common.apex.runtime.impl.ApexSObjectTypeToken@1086447a"|0x1086447a
22:47:51.2 (7492277)|STATEMENT_EXECUTE|[33]
22:47:51.2 (7918985)|HEAP_ALLOCATE|[33]|Bytes:4
22:47:51.2 (7940838)|VARIABLE_SCOPE_BEGIN|[33]|sobjectDescribe|Schema.DescribeSObjectResult|true|false
22:47:51.2 (8001880)|VARIABLE_ASSIGNMENT|[33]|sobjectDescribe|"common.api.soap.wsdl.DescribeSObjectResult@33d95277"|0x3a612b3c
22:47:51.2 (8006164)|STATEMENT_EXECUTE|[34]
22:47:51.2 (8015881)|HEAP_ALLOCATE|[34]|Bytes:24
22:47:51.2 (8092539)|HEAP_ALLOCATE|[34]|Bytes:17
22:47:51.2 (8112355)|VARIABLE_ASSIGNMENT|[34]|sObjectApiName|"Warranty_Codes__c"
22:47:51.2 (8115051)|STATEMENT_EXECUTE|[35]
22:47:51.2 (8133461)|HEAP_ALLOCATE|[35]|Bytes:13
22:47:51.2 (8138560)|VARIABLE_ASSIGNMENT|[35]|sObjectLabel|"Warranty Code"
22:47:51.2 (8140824)|STATEMENT_EXECUTE|[36]
22:47:51.2 (8145015)|HEAP_ALLOCATE|[36]|Bytes:5
22:47:51.2 (8150057)|VARIABLE_ASSIGNMENT|[36]|success|true
22:47:51.2 (8151895)|STATEMENT_EXECUTE|[38]
22:47:51.2 (8164354)|VARIABLE_ASSIGNMENT|[38]|this.sObjList|"List of size 6 too large to display"|0x6160787
22:47:51.2 (8165948)|STATEMENT_EXECUTE|[39]
22:47:51.2 (8169548)|VARIABLE_ASSIGNMENT|[39]|this.sObjectLabel|"Warranty Code"|0x6160787
22:47:51.2 (8171360)|STATEMENT_EXECUTE|[40]
22:47:51.2 (8174574)|VARIABLE_ASSIGNMENT|[40]|this.sObjectApiName|"Warranty_Codes__c"|0x6160787
22:47:51.2 (8175890)|STATEMENT_EXECUTE|[41]
22:47:51.2 (8177929)|HEAP_ALLOCATE|[41]|Bytes:5
22:47:51.2 (8181632)|VARIABLE_ASSIGNMENT|[41]|this.success|true|0x6160787
22:47:51.2 (8183913)|STATEMENT_EXECUTE|[49]
22:47:51.2 (8192971)|SYSTEM_MODE_EXIT|false
22:47:51.8 (8214397)|CUMULATIVE_LIMIT_USAGE
22:47:51.8 (8214397)|LIMIT_USAGE_FOR_NS|(default)|
  Number of SOQL queries: 1 out of 100
  Number of query rows: 6 out of 50000
  Number of SOSL queries: 0 out of 20
  Number of DML statements: 0 out of 150
  Number of DML rows: 0 out of 10000
  Maximum CPU time: 0 out of 10000
  Maximum heap size: 0 out of 6000000
  Number of callouts: 0 out of 100
  Number of Email Invocations: 0 out of 10
  Number of future calls: 0 out of 50
  Number of queueable jobs added to the queue: 0 out of 50
  Number of Mobile Apex push calls: 0 out of 10

22:47:51.8 (8214397)|CUMULATIVE_LIMIT_USAGE_END

22:47:51.2 (8240860)|CODE_UNIT_FINISHED|CruderCntrl.ReadSObjects
22:47:51.2 (9349538)|EXECUTION_FINISHED
22:47:51.10 (10787582)|USER_INFO|[EXTERNAL]|005280000056Sdu|ngmmadhan@gmail.com|Pacific Standard Time|GMT-07:00
22:47:51.10 (10795267)|EXECUTION_STARTED
22:47:51.10 (10798084)|CODE_UNIT_STARTED|[EXTERNAL]|Aura
22:47:51.10 (10899535)|CODE_UNIT_FINISHED|Aura
22:47:51.10 (11548750)|EXECUTION_FINISHED
