40.0 APEX_CODE,FINEST;APEX_PROFILING,INFO;CALLOUT,INFO;DB,INFO;SYSTEM,DEBUG;VALIDATION,INFO;VISUALFORCE,INFO;WAVE,INFO;WORKFLOW,INFO
22:39:12.0 (283013)|USER_INFO|[EXTERNAL]|005280000056Sdu|ngmmadhan@gmail.com|Pacific Standard Time|GMT-07:00
22:39:12.0 (304790)|EXECUTION_STARTED
22:39:12.0 (308200)|CODE_UNIT_STARTED|[EXTERNAL]|aura
22:39:12.0 (554831)|HEAP_ALLOCATE|[72]|Bytes:3
22:39:12.0 (584581)|HEAP_ALLOCATE|[77]|Bytes:152
22:39:12.0 (598499)|HEAP_ALLOCATE|[342]|Bytes:408
22:39:12.0 (612707)|HEAP_ALLOCATE|[355]|Bytes:408
22:39:12.0 (624126)|HEAP_ALLOCATE|[467]|Bytes:48
22:39:12.0 (645501)|HEAP_ALLOCATE|[139]|Bytes:6
22:39:12.0 (660073)|HEAP_ALLOCATE|[EXTERNAL]|Bytes:91
22:39:12.0 (665392)|HEAP_ALLOCATE|[EXTERNAL]|Bytes:91
22:39:12.0 (699221)|CODE_UNIT_FINISHED|aura
22:39:12.0 (1440098)|EXECUTION_FINISHED
22:39:12.2 (2085292)|USER_INFO|[EXTERNAL]|005280000056Sdu|ngmmadhan@gmail.com|Pacific Standard Time|GMT-07:00
22:39:12.2 (2091863)|EXECUTION_STARTED
22:39:12.2 (2094190)|CODE_UNIT_STARTED|[EXTERNAL]|01p2800000EnYhK|CruderCntrl.ReadSObjects
22:39:12.2 (2157645)|HEAP_ALLOCATE|[EXTERNAL]|Bytes:30
22:39:12.2 (2161607)|HEAP_ALLOCATE|[EXTERNAL]|Bytes:16
22:39:12.2 (2169125)|METHOD_ENTRY|[16]|01p2800000EnYhK|CruderCntrl.CruderCntrl()
22:39:12.2 (2171947)|STATEMENT_EXECUTE|[16]
22:39:12.2 (2176834)|STATEMENT_EXECUTE|[16]
22:39:12.2 (2206514)|HEAP_ALLOCATE|[50]|Bytes:5
22:39:12.2 (2223286)|HEAP_ALLOCATE|[56]|Bytes:5
22:39:12.2 (2228624)|HEAP_ALLOCATE|[64]|Bytes:7
22:39:12.2 (2241669)|SYSTEM_MODE_ENTER|false
22:39:12.2 (2249166)|HEAP_ALLOCATE|[EXTERNAL]|Bytes:5
22:39:12.2 (2251657)|STATEMENT_EXECUTE|[201]
22:39:12.2 (2252792)|STATEMENT_EXECUTE|[213]
22:39:12.2 (2255840)|SYSTEM_MODE_EXIT|false
22:39:12.2 (2264482)|METHOD_EXIT|[16]|CruderCntrl
22:39:12.2 (2267729)|HEAP_ALLOCATE|[EXTERNAL]|Bytes:91
22:39:12.2 (2271813)|SYSTEM_MODE_ENTER|false
22:39:12.2 (2275974)|VARIABLE_SCOPE_BEGIN|[22]|query|String|false|false
22:39:12.2 (2296524)|VARIABLE_ASSIGNMENT|[22]|query|"SELECT Parent_Warran (71 more) ..."
22:39:12.2 (2304118)|HEAP_ALLOCATE|[23]|Bytes:5
22:39:12.2 (2306915)|STATEMENT_EXECUTE|[22]
22:39:12.2 (2307893)|STATEMENT_EXECUTE|[23]
22:39:12.2 (2363156)|HEAP_ALLOCATE|[23]|Bytes:20
22:39:12.2 (2373382)|CONSTRUCTOR_ENTRY|[23]|01p2800000EnYhK|<init>()
22:39:12.2 (2389283)|VARIABLE_SCOPE_BEGIN|[201]|this|CruderCntrl.OutputWrapper|true|false
22:39:12.2 (2414766)|VARIABLE_ASSIGNMENT|[201]|this|{}|0x59b6696
22:39:12.2 (2420746)|HEAP_ALLOCATE|[EXTERNAL]|Bytes:6
22:39:12.2 (2436473)|STATEMENT_EXECUTE|[201]
22:39:12.2 (2437593)|STATEMENT_EXECUTE|[203]
22:39:12.2 (2438811)|STATEMENT_EXECUTE|[205]
22:39:12.2 (2440147)|STATEMENT_EXECUTE|[207]
22:39:12.2 (2441147)|STATEMENT_EXECUTE|[209]
22:39:12.2 (2444419)|CONSTRUCTOR_EXIT|[23]|01p2800000EnYhK|<init>()
22:39:12.2 (2447872)|VARIABLE_SCOPE_BEGIN|[23]|wrapObj|CruderCntrl.OutputWrapper|true|false
22:39:12.2 (2456841)|VARIABLE_ASSIGNMENT|[23]|wrapObj|{}|0x59b6696
22:39:12.2 (2458698)|STATEMENT_EXECUTE|[24]
22:39:12.2 (2462440)|VARIABLE_SCOPE_BEGIN|[24]|sObjectApiName|String|false|false
22:39:12.2 (2466150)|VARIABLE_ASSIGNMENT|[24]|sObjectApiName|""
22:39:12.2 (2467568)|STATEMENT_EXECUTE|[25]
22:39:12.2 (2469208)|VARIABLE_SCOPE_BEGIN|[25]|sObjectLabel|String|false|false
22:39:12.2 (2471734)|VARIABLE_ASSIGNMENT|[25]|sObjectLabel|""
22:39:12.2 (2472797)|STATEMENT_EXECUTE|[26]
22:39:12.2 (2475536)|VARIABLE_SCOPE_BEGIN|[26]|success|Boolean|false|false
22:39:12.2 (2482126)|HEAP_ALLOCATE|[26]|Bytes:5
22:39:12.2 (2486469)|VARIABLE_ASSIGNMENT|[26]|success|false
22:39:12.2 (2487593)|STATEMENT_EXECUTE|[27]
22:39:12.2 (2517807)|HEAP_ALLOCATE|[27]|Bytes:4
22:39:12.2 (2538299)|VARIABLE_SCOPE_BEGIN|[27]|sObjList|List<SObject>|true|false
22:39:12.2 (2545333)|HEAP_ALLOCATE|[EXTERNAL]|Bytes:4
22:39:12.2 (2552759)|VARIABLE_ASSIGNMENT|[27]|sObjList|[]|0x498ac93d
22:39:12.2 (2554572)|STATEMENT_EXECUTE|[29]
22:39:12.2 (2555511)|STATEMENT_EXECUTE|[29]
22:39:12.2 (2556732)|STATEMENT_EXECUTE|[30]
22:39:12.2 (2578114)|HEAP_ALLOCATE|[30]|Bytes:5
22:39:12.2 (3692710)|SOQL_EXECUTE_BEGIN|[30]|Aggregations:0|SELECT Parent_Warranty_Code__r.Name, Warranty_Code__c,Description__c FROM Warranty_Codes__c
22:39:12.2 (8028398)|SOQL_EXECUTE_END|[30]|Rows:6
22:39:12.2 (8043341)|HEAP_ALLOCATE|[30]|Bytes:28
22:39:12.2 (8071653)|HEAP_ALLOCATE|[30]|Bytes:857
22:39:12.2 (8127690)|HEAP_ALLOCATE|[30]|Bytes:28
22:39:12.2 (8152416)|VARIABLE_ASSIGNMENT|[30]|sObjList|"List of size 6 too large to display"|0x32fa85d
22:39:12.2 (8207102)|STATEMENT_EXECUTE|[31]
22:39:12.2 (8209227)|STATEMENT_EXECUTE|[32]
22:39:12.2 (8230069)|HEAP_ALLOCATE|[32]|Bytes:24
22:39:12.2 (8289095)|VARIABLE_SCOPE_BEGIN|[32]|type|Schema.SObjectType|true|false
22:39:12.2 (8376437)|VARIABLE_ASSIGNMENT|[32]|type|"common.apex.runtime.impl.ApexSObjectTypeToken@54843d90"|0x54843d90
22:39:12.2 (8380100)|STATEMENT_EXECUTE|[33]
22:39:12.2 (8797475)|HEAP_ALLOCATE|[33]|Bytes:4
22:39:12.2 (8818824)|VARIABLE_SCOPE_BEGIN|[33]|sobjectDescribe|Schema.DescribeSObjectResult|true|false
22:39:12.2 (8895035)|VARIABLE_ASSIGNMENT|[33]|sobjectDescribe|"common.api.soap.wsdl.DescribeSObjectResult@33d95277"|0x665dc8a
22:39:12.2 (8899664)|STATEMENT_EXECUTE|[34]
22:39:12.2 (8911632)|HEAP_ALLOCATE|[34]|Bytes:24
22:39:12.2 (8969982)|HEAP_ALLOCATE|[34]|Bytes:17
22:39:12.2 (8981553)|VARIABLE_ASSIGNMENT|[34]|sObjectApiName|"Warranty_Codes__c"
22:39:12.2 (8984117)|STATEMENT_EXECUTE|[35]
22:39:12.2 (9003419)|HEAP_ALLOCATE|[35]|Bytes:13
22:39:12.2 (9009028)|VARIABLE_ASSIGNMENT|[35]|sObjectLabel|"Warranty Code"
22:39:12.2 (9011073)|STATEMENT_EXECUTE|[36]
22:39:12.2 (9025164)|HEAP_ALLOCATE|[36]|Bytes:5
22:39:12.2 (9031900)|VARIABLE_ASSIGNMENT|[36]|success|true
22:39:12.2 (9034462)|STATEMENT_EXECUTE|[38]
22:39:12.2 (9050814)|VARIABLE_ASSIGNMENT|[38]|this.sObjList|"List of size 6 too large to display"|0x59b6696
22:39:12.2 (9054038)|STATEMENT_EXECUTE|[39]
22:39:12.2 (9058566)|VARIABLE_ASSIGNMENT|[39]|this.sObjectLabel|"Warranty Code"|0x59b6696
22:39:12.2 (9060505)|STATEMENT_EXECUTE|[40]
22:39:12.2 (9063692)|VARIABLE_ASSIGNMENT|[40]|this.sObjectApiName|"Warranty_Codes__c"|0x59b6696
22:39:12.2 (9064990)|STATEMENT_EXECUTE|[41]
22:39:12.2 (9067714)|HEAP_ALLOCATE|[41]|Bytes:5
22:39:12.2 (9071738)|VARIABLE_ASSIGNMENT|[41]|this.success|true|0x59b6696
22:39:12.2 (9074026)|STATEMENT_EXECUTE|[49]
22:39:12.2 (9081636)|SYSTEM_MODE_EXIT|false
22:39:12.9 (9105153)|CUMULATIVE_LIMIT_USAGE
22:39:12.9 (9105153)|LIMIT_USAGE_FOR_NS|(default)|
  Number of SOQL queries: 1 out of 100
  Number of query rows: 6 out of 50000
  Number of SOSL queries: 0 out of 20
  Number of DML statements: 0 out of 150
  Number of DML rows: 0 out of 10000
  Maximum CPU time: 0 out of 10000
  Maximum heap size: 0 out of 6000000
  Number of callouts: 0 out of 100
  Number of Email Invocations: 0 out of 10
  Number of future calls: 0 out of 50
  Number of queueable jobs added to the queue: 0 out of 50
  Number of Mobile Apex push calls: 0 out of 10

22:39:12.9 (9105153)|CUMULATIVE_LIMIT_USAGE_END

22:39:12.2 (9130488)|CODE_UNIT_FINISHED|CruderCntrl.ReadSObjects
22:39:12.2 (10151142)|EXECUTION_FINISHED
22:39:12.11 (11377353)|USER_INFO|[EXTERNAL]|005280000056Sdu|ngmmadhan@gmail.com|Pacific Standard Time|GMT-07:00
22:39:12.11 (11385258)|EXECUTION_STARTED
22:39:12.11 (11387784)|CODE_UNIT_STARTED|[EXTERNAL]|Aura
22:39:12.11 (11466267)|CODE_UNIT_FINISHED|Aura
22:39:12.11 (12049756)|EXECUTION_FINISHED
