39.0 APEX_CODE,FINEST;APEX_PROFILING,INFO;CALLOUT,INFO;DB,INFO;SYSTEM,DEBUG;VALIDATION,INFO;VISUALFORCE,INFO;WAVE,INFO;WORKFLOW,INFO
02:21:17.0 (580775)|USER_INFO|[EXTERNAL]|005280000056Sdu|ngmmadhan@gmail.com|Pacific Standard Time|GMT-07:00
02:21:17.0 (617701)|EXECUTION_STARTED
02:21:17.0 (622163)|CODE_UNIT_STARTED|[EXTERNAL]|aura
02:21:17.0 (1088039)|HEAP_ALLOCATE|[72]|Bytes:3
02:21:17.0 (1125243)|HEAP_ALLOCATE|[77]|Bytes:152
02:21:17.0 (1143118)|HEAP_ALLOCATE|[342]|Bytes:408
02:21:17.0 (1164166)|HEAP_ALLOCATE|[355]|Bytes:408
02:21:17.0 (1187058)|HEAP_ALLOCATE|[467]|Bytes:48
02:21:17.0 (1214685)|HEAP_ALLOCATE|[139]|Bytes:6
02:21:17.0 (1229719)|HEAP_ALLOCATE|[EXTERNAL]|Bytes:18
02:21:17.0 (1278337)|HEAP_ALLOCATE|[EXTERNAL]|Bytes:4
02:21:17.0 (1530940)|HEAP_ALLOCATE|[EXTERNAL]|Bytes:14
02:21:17.0 (1538623)|HEAP_ALLOCATE|[EXTERNAL]|Bytes:14
02:21:17.0 (1573589)|HEAP_ALLOCATE|[EXTERNAL]|Bytes:2
02:21:17.0 (1578288)|HEAP_ALLOCATE|[EXTERNAL]|Bytes:2
02:21:17.0 (3137970)|CODE_UNIT_STARTED|[EXTERNAL]|01p2800000EnCqi|RelatedListDataGridController.createRelatedObject
02:21:17.0 (3273839)|VARIABLE_SCOPE_BEGIN|[2]|RelatedListDataGridController.typesMap|Map<Schema.DisplayType,String>|true|true
02:21:17.0 (3321918)|HEAP_ALLOCATE|[EXTERNAL]|Bytes:45
02:21:17.0 (3327377)|HEAP_ALLOCATE|[EXTERNAL]|Bytes:7
02:21:17.0 (3337200)|METHOD_ENTRY|[1]|01p2800000EnCqi|RelatedListDataGridController.RelatedListDataGridController()
02:21:17.0 (3341365)|STATEMENT_EXECUTE|[1]
02:21:17.0 (3346735)|STATEMENT_EXECUTE|[1]
02:21:17.0 (3375460)|HEAP_ALLOCATE|[50]|Bytes:5
02:21:17.0 (3395985)|HEAP_ALLOCATE|[56]|Bytes:5
02:21:17.0 (3405006)|HEAP_ALLOCATE|[64]|Bytes:7
02:21:17.0 (3421966)|SYSTEM_MODE_ENTER|false
02:21:17.0 (3435060)|HEAP_ALLOCATE|[2]|Bytes:5
02:21:17.0 (3438559)|STATEMENT_EXECUTE|[2]
02:21:17.0 (3443489)|HEAP_ALLOCATE|[2]|Bytes:4
02:21:17.0 (3502935)|VARIABLE_ASSIGNMENT|[2]|RelatedListDataGridController.typesMap|{}|0x3e8ffaa3
02:21:17.0 (3506641)|STATEMENT_EXECUTE|[4]
02:21:17.0 (3507892)|STATEMENT_EXECUTE|[5]
02:21:17.0 (3808970)|HEAP_ALLOCATE|[5]|Bytes:8
02:21:17.0 (3873222)|HEAP_ALLOCATE|[EXTERNAL]|Bytes:-4
02:21:17.0 (3883712)|STATEMENT_EXECUTE|[6]
02:21:17.0 (3891045)|HEAP_ALLOCATE|[6]|Bytes:6
02:21:17.0 (3922704)|HEAP_ALLOCATE|[6]|Bytes:12
02:21:17.0 (3933468)|HEAP_ALLOCATE|[EXTERNAL]|Bytes:-4
02:21:17.0 (3939675)|STATEMENT_EXECUTE|[7]
02:21:17.0 (3945774)|HEAP_ALLOCATE|[7]|Bytes:7
02:21:17.0 (3972749)|HEAP_ALLOCATE|[7]|Bytes:12
02:21:17.0 (3980046)|HEAP_ALLOCATE|[7]|Bytes:12
02:21:17.0 (3984244)|HEAP_ALLOCATE|[EXTERNAL]|Bytes:-4
02:21:17.0 (3989865)|STATEMENT_EXECUTE|[8]
02:21:17.0 (3995305)|HEAP_ALLOCATE|[8]|Bytes:8
02:21:17.0 (4021286)|HEAP_ALLOCATE|[8]|Bytes:12
02:21:17.0 (4029154)|HEAP_ALLOCATE|[8]|Bytes:12
02:21:17.0 (4032826)|HEAP_ALLOCATE|[8]|Bytes:12
02:21:17.0 (4036511)|HEAP_ALLOCATE|[EXTERNAL]|Bytes:-4
02:21:17.0 (4042514)|STATEMENT_EXECUTE|[9]
02:21:17.0 (4048017)|HEAP_ALLOCATE|[9]|Bytes:8
02:21:17.0 (4073249)|HEAP_ALLOCATE|[9]|Bytes:12
02:21:17.0 (4079931)|HEAP_ALLOCATE|[9]|Bytes:12
02:21:17.0 (4083505)|HEAP_ALLOCATE|[9]|Bytes:12
02:21:17.0 (4086959)|HEAP_ALLOCATE|[9]|Bytes:12
02:21:17.0 (4090644)|HEAP_ALLOCATE|[EXTERNAL]|Bytes:-4
02:21:17.0 (4096480)|STATEMENT_EXECUTE|[10]
02:21:17.0 (4102040)|HEAP_ALLOCATE|[10]|Bytes:4
02:21:17.0 (4127346)|HEAP_ALLOCATE|[10]|Bytes:12
02:21:17.0 (4134153)|HEAP_ALLOCATE|[10]|Bytes:12
02:21:17.0 (4137638)|HEAP_ALLOCATE|[10]|Bytes:12
02:21:17.0 (4140965)|HEAP_ALLOCATE|[10]|Bytes:12
02:21:17.0 (4144393)|HEAP_ALLOCATE|[10]|Bytes:12
02:21:17.0 (4148092)|HEAP_ALLOCATE|[EXTERNAL]|Bytes:-4
02:21:17.0 (4154033)|STATEMENT_EXECUTE|[11]
02:21:17.0 (4159647)|HEAP_ALLOCATE|[11]|Bytes:8
02:21:17.0 (4193149)|HEAP_ALLOCATE|[11]|Bytes:12
02:21:17.0 (4200602)|HEAP_ALLOCATE|[11]|Bytes:12
02:21:17.0 (4204164)|HEAP_ALLOCATE|[11]|Bytes:12
02:21:17.0 (4207490)|HEAP_ALLOCATE|[11]|Bytes:12
02:21:17.0 (4210813)|HEAP_ALLOCATE|[11]|Bytes:12
02:21:17.0 (4214128)|HEAP_ALLOCATE|[11]|Bytes:12
02:21:17.0 (4217876)|HEAP_ALLOCATE|[EXTERNAL]|Bytes:-4
02:21:17.0 (4224638)|STATEMENT_EXECUTE|[12]
02:21:17.0 (4231120)|HEAP_ALLOCATE|[12]|Bytes:6
02:21:17.0 (4259836)|HEAP_ALLOCATE|[12]|Bytes:12
02:21:17.0 (4271295)|HEAP_ALLOCATE|[12]|Bytes:12
02:21:17.0 (4275883)|HEAP_ALLOCATE|[12]|Bytes:12
02:21:17.0 (4279351)|HEAP_ALLOCATE|[12]|Bytes:12
02:21:17.0 (4282616)|HEAP_ALLOCATE|[12]|Bytes:12
02:21:17.0 (4285787)|HEAP_ALLOCATE|[12]|Bytes:12
02:21:17.0 (4288856)|HEAP_ALLOCATE|[12]|Bytes:12
02:21:17.0 (4292643)|HEAP_ALLOCATE|[EXTERNAL]|Bytes:-4
02:21:17.0 (4299397)|STATEMENT_EXECUTE|[13]
02:21:17.0 (4306311)|HEAP_ALLOCATE|[13]|Bytes:6
02:21:17.0 (4334374)|HEAP_ALLOCATE|[13]|Bytes:12
02:21:17.0 (4341412)|HEAP_ALLOCATE|[13]|Bytes:12
02:21:17.0 (4345211)|HEAP_ALLOCATE|[13]|Bytes:12
02:21:17.0 (4348694)|HEAP_ALLOCATE|[13]|Bytes:12
02:21:17.0 (4351927)|HEAP_ALLOCATE|[13]|Bytes:12
02:21:17.0 (4355056)|HEAP_ALLOCATE|[13]|Bytes:12
02:21:17.0 (4358248)|HEAP_ALLOCATE|[13]|Bytes:12
02:21:17.0 (4361312)|HEAP_ALLOCATE|[13]|Bytes:12
02:21:17.0 (4364972)|HEAP_ALLOCATE|[EXTERNAL]|Bytes:-4
02:21:17.0 (4370890)|STATEMENT_EXECUTE|[14]
02:21:17.0 (4376775)|HEAP_ALLOCATE|[14]|Bytes:5
02:21:17.0 (4402932)|HEAP_ALLOCATE|[14]|Bytes:12
02:21:17.0 (4409653)|HEAP_ALLOCATE|[14]|Bytes:12
02:21:17.0 (4413166)|HEAP_ALLOCATE|[14]|Bytes:12
02:21:17.0 (4416581)|HEAP_ALLOCATE|[14]|Bytes:12
02:21:17.0 (4419846)|HEAP_ALLOCATE|[14]|Bytes:12
02:21:17.0 (4423009)|HEAP_ALLOCATE|[14]|Bytes:12
02:21:17.0 (4426170)|HEAP_ALLOCATE|[14]|Bytes:12
02:21:17.0 (4429398)|HEAP_ALLOCATE|[14]|Bytes:12
02:21:17.0 (4432561)|HEAP_ALLOCATE|[14]|Bytes:12
02:21:17.0 (4436596)|HEAP_ALLOCATE|[EXTERNAL]|Bytes:-4
02:21:17.0 (4442514)|STATEMENT_EXECUTE|[15]
02:21:17.0 (4448562)|HEAP_ALLOCATE|[15]|Bytes:7
02:21:17.0 (4474456)|HEAP_ALLOCATE|[15]|Bytes:12
02:21:17.0 (4481452)|HEAP_ALLOCATE|[15]|Bytes:12
02:21:17.0 (4485040)|HEAP_ALLOCATE|[15]|Bytes:12
02:21:17.0 (4488366)|HEAP_ALLOCATE|[15]|Bytes:12
02:21:17.0 (4491687)|HEAP_ALLOCATE|[15]|Bytes:12
02:21:17.0 (4494877)|HEAP_ALLOCATE|[15]|Bytes:12
02:21:17.0 (4498015)|HEAP_ALLOCATE|[15]|Bytes:12
02:21:17.0 (4501119)|HEAP_ALLOCATE|[15]|Bytes:12
02:21:17.0 (4504164)|HEAP_ALLOCATE|[15]|Bytes:12
02:21:17.0 (4507284)|HEAP_ALLOCATE|[15]|Bytes:12
02:21:17.0 (4510996)|HEAP_ALLOCATE|[EXTERNAL]|Bytes:-4
02:21:17.0 (4516893)|STATEMENT_EXECUTE|[16]
02:21:17.0 (4522525)|HEAP_ALLOCATE|[16]|Bytes:7
02:21:17.0 (4549041)|HEAP_ALLOCATE|[16]|Bytes:12
02:21:17.0 (4555973)|HEAP_ALLOCATE|[16]|Bytes:12
02:21:17.0 (4559690)|HEAP_ALLOCATE|[16]|Bytes:12
02:21:17.0 (4563118)|HEAP_ALLOCATE|[16]|Bytes:12
02:21:17.0 (4566425)|HEAP_ALLOCATE|[16]|Bytes:12
02:21:17.0 (4569709)|HEAP_ALLOCATE|[16]|Bytes:12
02:21:17.0 (4572878)|HEAP_ALLOCATE|[16]|Bytes:12
02:21:17.0 (4576027)|HEAP_ALLOCATE|[16]|Bytes:12
02:21:17.0 (4579431)|HEAP_ALLOCATE|[16]|Bytes:12
02:21:17.0 (4582758)|HEAP_ALLOCATE|[16]|Bytes:12
02:21:17.0 (4586001)|HEAP_ALLOCATE|[16]|Bytes:12
02:21:17.0 (4589816)|HEAP_ALLOCATE|[EXTERNAL]|Bytes:-4
02:21:17.0 (4595861)|STATEMENT_EXECUTE|[17]
02:21:17.0 (4601772)|HEAP_ALLOCATE|[17]|Bytes:14
02:21:17.0 (4627763)|HEAP_ALLOCATE|[17]|Bytes:12
02:21:17.0 (4634493)|HEAP_ALLOCATE|[17]|Bytes:12
02:21:17.0 (4637989)|HEAP_ALLOCATE|[17]|Bytes:12
02:21:17.0 (4641173)|HEAP_ALLOCATE|[17]|Bytes:12
02:21:17.0 (4644328)|HEAP_ALLOCATE|[17]|Bytes:12
02:21:17.0 (4647467)|HEAP_ALLOCATE|[17]|Bytes:12
02:21:17.0 (4650658)|HEAP_ALLOCATE|[17]|Bytes:12
02:21:17.0 (4653829)|HEAP_ALLOCATE|[17]|Bytes:12
02:21:17.0 (4657016)|HEAP_ALLOCATE|[17]|Bytes:12
02:21:17.0 (4660252)|HEAP_ALLOCATE|[17]|Bytes:12
02:21:17.0 (4663403)|HEAP_ALLOCATE|[17]|Bytes:12
02:21:17.0 (4666534)|HEAP_ALLOCATE|[17]|Bytes:12
02:21:17.0 (4683335)|HEAP_ALLOCATE|[EXTERNAL]|Bytes:-4
02:21:17.0 (4690553)|STATEMENT_EXECUTE|[18]
02:21:17.0 (4697883)|HEAP_ALLOCATE|[18]|Bytes:8
02:21:17.0 (4726451)|HEAP_ALLOCATE|[18]|Bytes:12
02:21:17.0 (4733780)|HEAP_ALLOCATE|[18]|Bytes:12
02:21:17.0 (4737309)|HEAP_ALLOCATE|[18]|Bytes:12
02:21:17.0 (4740578)|HEAP_ALLOCATE|[18]|Bytes:12
02:21:17.0 (4743778)|HEAP_ALLOCATE|[18]|Bytes:12
02:21:17.0 (4746934)|HEAP_ALLOCATE|[18]|Bytes:12
02:21:17.0 (4750235)|HEAP_ALLOCATE|[18]|Bytes:12
02:21:17.0 (4753369)|HEAP_ALLOCATE|[18]|Bytes:12
02:21:17.0 (4756510)|HEAP_ALLOCATE|[18]|Bytes:12
02:21:17.0 (4759711)|HEAP_ALLOCATE|[18]|Bytes:12
02:21:17.0 (4762849)|HEAP_ALLOCATE|[18]|Bytes:12
02:21:17.0 (4765981)|HEAP_ALLOCATE|[18]|Bytes:12
02:21:17.0 (4769088)|HEAP_ALLOCATE|[18]|Bytes:12
02:21:17.0 (4772867)|HEAP_ALLOCATE|[EXTERNAL]|Bytes:-4
02:21:17.0 (4778833)|STATEMENT_EXECUTE|[19]
02:21:17.0 (4784822)|HEAP_ALLOCATE|[19]|Bytes:5
02:21:17.0 (4811158)|HEAP_ALLOCATE|[19]|Bytes:12
02:21:17.0 (4818268)|HEAP_ALLOCATE|[19]|Bytes:12
02:21:17.0 (4821877)|HEAP_ALLOCATE|[19]|Bytes:12
02:21:17.0 (4825189)|HEAP_ALLOCATE|[19]|Bytes:12
02:21:17.0 (4828797)|HEAP_ALLOCATE|[19]|Bytes:12
02:21:17.0 (4831970)|HEAP_ALLOCATE|[19]|Bytes:12
02:21:17.0 (4835101)|HEAP_ALLOCATE|[19]|Bytes:12
02:21:17.0 (4838287)|HEAP_ALLOCATE|[19]|Bytes:12
02:21:17.0 (4841478)|HEAP_ALLOCATE|[19]|Bytes:12
02:21:17.0 (4844608)|HEAP_ALLOCATE|[19]|Bytes:12
02:21:17.0 (4847736)|HEAP_ALLOCATE|[19]|Bytes:12
02:21:17.0 (4850834)|HEAP_ALLOCATE|[19]|Bytes:12
02:21:17.0 (4853870)|HEAP_ALLOCATE|[19]|Bytes:12
02:21:17.0 (4856910)|HEAP_ALLOCATE|[19]|Bytes:12
02:21:17.0 (4860614)|HEAP_ALLOCATE|[EXTERNAL]|Bytes:-4
02:21:17.0 (4866626)|STATEMENT_EXECUTE|[20]
02:21:17.0 (4872558)|HEAP_ALLOCATE|[20]|Bytes:9
02:21:17.0 (4898349)|HEAP_ALLOCATE|[20]|Bytes:12
02:21:17.0 (4905174)|HEAP_ALLOCATE|[20]|Bytes:12
02:21:17.0 (4908672)|HEAP_ALLOCATE|[20]|Bytes:12
02:21:17.0 (4912011)|HEAP_ALLOCATE|[20]|Bytes:12
02:21:17.0 (4915290)|HEAP_ALLOCATE|[20]|Bytes:12
02:21:17.0 (4918586)|HEAP_ALLOCATE|[20]|Bytes:12
02:21:17.0 (4921783)|HEAP_ALLOCATE|[20]|Bytes:12
02:21:17.0 (4924941)|HEAP_ALLOCATE|[20]|Bytes:12
02:21:17.0 (4928397)|HEAP_ALLOCATE|[20]|Bytes:12
02:21:17.0 (4931597)|HEAP_ALLOCATE|[20]|Bytes:12
02:21:17.0 (4934782)|HEAP_ALLOCATE|[20]|Bytes:12
02:21:17.0 (4938116)|HEAP_ALLOCATE|[20]|Bytes:12
02:21:17.0 (4941388)|HEAP_ALLOCATE|[20]|Bytes:12
02:21:17.0 (4944597)|HEAP_ALLOCATE|[20]|Bytes:12
02:21:17.0 (4947853)|HEAP_ALLOCATE|[20]|Bytes:12
02:21:17.0 (4951753)|HEAP_ALLOCATE|[EXTERNAL]|Bytes:-4
02:21:17.0 (4957547)|STATEMENT_EXECUTE|[21]
02:21:17.0 (4963553)|HEAP_ALLOCATE|[21]|Bytes:3
02:21:17.0 (4989628)|HEAP_ALLOCATE|[21]|Bytes:12
02:21:17.0 (4996838)|HEAP_ALLOCATE|[21]|Bytes:12
02:21:17.0 (5001403)|HEAP_ALLOCATE|[21]|Bytes:12
02:21:17.0 (5009871)|HEAP_ALLOCATE|[21]|Bytes:12
02:21:17.0 (5017815)|HEAP_ALLOCATE|[21]|Bytes:12
02:21:17.0 (5022597)|HEAP_ALLOCATE|[21]|Bytes:12
02:21:17.0 (5025876)|HEAP_ALLOCATE|[21]|Bytes:12
02:21:17.0 (5029179)|HEAP_ALLOCATE|[21]|Bytes:12
02:21:17.0 (5032446)|HEAP_ALLOCATE|[21]|Bytes:12
02:21:17.0 (5035665)|HEAP_ALLOCATE|[21]|Bytes:12
02:21:17.0 (5038790)|HEAP_ALLOCATE|[21]|Bytes:12
02:21:17.0 (5042160)|HEAP_ALLOCATE|[21]|Bytes:12
02:21:17.0 (5045316)|HEAP_ALLOCATE|[21]|Bytes:12
02:21:17.0 (5048396)|HEAP_ALLOCATE|[21]|Bytes:12
02:21:17.0 (5051446)|HEAP_ALLOCATE|[21]|Bytes:12
02:21:17.0 (5054590)|HEAP_ALLOCATE|[21]|Bytes:12
02:21:17.0 (5058470)|HEAP_ALLOCATE|[EXTERNAL]|Bytes:-4
02:21:17.0 (5071722)|SYSTEM_MODE_EXIT|false
02:21:17.0 (5079422)|METHOD_EXIT|[1]|RelatedListDataGridController
02:21:17.0 (5084306)|HEAP_ALLOCATE|[EXTERNAL]|Bytes:4
02:21:17.0 (5086274)|HEAP_ALLOCATE|[EXTERNAL]|Bytes:14
02:21:17.0 (5087444)|HEAP_ALLOCATE|[EXTERNAL]|Bytes:2
02:21:17.0 (5092285)|SYSTEM_MODE_ENTER|false
02:21:17.0 (5098679)|VARIABLE_SCOPE_BEGIN|[366]|objectId|Id|false|false
02:21:17.0 (5274088)|VARIABLE_ASSIGNMENT|[366]|objectId|"0012800000usoKEAAY"
02:21:17.0 (5280811)|VARIABLE_SCOPE_BEGIN|[366]|objectName|String|false|false
02:21:17.0 (5287817)|VARIABLE_ASSIGNMENT|[366]|objectName|"Utilization__c"
02:21:17.0 (5294554)|VARIABLE_SCOPE_BEGIN|[366]|jsonData|String|false|false
02:21:17.0 (5297331)|VARIABLE_ASSIGNMENT|[366]|jsonData|"{}"
02:21:17.0 (5309327)|HEAP_ALLOCATE|[370]|Bytes:5
02:21:17.0 (5313319)|STATEMENT_EXECUTE|[369]
02:21:17.0 (5329526)|METHOD_ENTRY|[370]|01p2800000EnCqi|RelatedListDataGridController.isSafeObject(String)
02:21:17.0 (5345998)|VARIABLE_SCOPE_BEGIN|[281]|objName|String|false|false
02:21:17.0 (5351708)|VARIABLE_ASSIGNMENT|[281]|objName|"Utilization__c"
02:21:17.0 (5359027)|HEAP_ALLOCATE|[282]|Bytes:5
02:21:17.0 (5362042)|STATEMENT_EXECUTE|[281]
02:21:17.0 (5363298)|STATEMENT_EXECUTE|[282]
02:21:17.0 (108224331)|HEAP_ALLOCATE|[282]|Bytes:2432
02:21:17.0 (108257056)|VARIABLE_SCOPE_BEGIN|[282]|schemaMap|Map<String,Schema.SObjectType>|true|false
02:21:17.0 (108766219)|VARIABLE_ASSIGNMENT|[282]|schemaMap|"{acceptedeventrelation=AcceptedEventRelation, account=Account, accountcleaninfo=AccountCleanInfo, accountcontactrole=AccountContactRole, accountfeed=AccountFeed, accounthistory=AccountHistory, accountpartner=AccountPartner, accountshare=AccountShare, actionlinkgrouptemplate=ActionLinkGroupTemplate, actionlinktemplate=ActionLinkTemplate, ...}"|0x1e1931e1
02:21:17.0 (108783798)|STATEMENT_EXECUTE|[283]
02:21:17.0 (108890171)|VARIABLE_SCOPE_BEGIN|[283]|myObj|Schema.SObjectType|true|false
02:21:17.0 (108955498)|VARIABLE_ASSIGNMENT|[283]|myObj|"common.apex.runtime.impl.ApexSObjectTypeToken@7be4a65b"|0x7be4a65b
02:21:17.0 (108962684)|STATEMENT_EXECUTE|[285]
02:21:17.0 (109419173)|HEAP_ALLOCATE|[285]|Bytes:4
02:21:17.0 (109455237)|HEAP_ALLOCATE|[285]|Bytes:5
02:21:17.0 (109473338)|METHOD_EXIT|[370]|01p2800000EnCqi|RelatedListDataGridController.isSafeObject(String)
02:21:17.0 (109480867)|STATEMENT_EXECUTE|[370]
02:21:17.0 (109483624)|STATEMENT_EXECUTE|[371]
02:21:17.0 (109546885)|HEAP_ALLOCATE|[371]|Bytes:24
02:21:17.0 (109560559)|SYSTEM_METHOD_ENTRY|[1]|JSON.JSON()
02:21:17.0 (109563230)|STATEMENT_EXECUTE|[1]
02:21:17.0 (109573528)|SYSTEM_METHOD_EXIT|[1]|JSON
02:21:17.0 (109587920)|METHOD_ENTRY|[371]||System.JSON.deserializeUntyped(String)
02:21:17.0 (109753806)|METHOD_EXIT|[371]||System.JSON.deserializeUntyped(String)
02:21:17.0 (109762011)|VARIABLE_SCOPE_BEGIN|[371]|defaultValues|Map<String,ANY>|true|false
02:21:17.0 (109779627)|VARIABLE_ASSIGNMENT|[371]|defaultValues|{}|0x4e6d1886
02:21:17.0 (109782607)|STATEMENT_EXECUTE|[372]
02:21:17.0 (122241844)|HEAP_ALLOCATE|[372]|Bytes:2432
02:21:17.0 (122319920)|VARIABLE_SCOPE_BEGIN|[372]|relatedObjectType|Schema.SObjectType|true|false
02:21:17.0 (122453035)|VARIABLE_ASSIGNMENT|[372]|relatedObjectType|"common.apex.runtime.impl.ApexSObjectTypeToken@7be4a65b"|0x7be4a65b
02:21:17.0 (122462593)|STATEMENT_EXECUTE|[373]
02:21:17.0 (122542375)|HEAP_ALLOCATE|[373]|Bytes:4
02:21:17.0 (122592499)|VARIABLE_SCOPE_BEGIN|[373]|relatedDescribe|Schema.DescribeSObjectResult|true|false
02:21:17.0 (122676612)|VARIABLE_ASSIGNMENT|[373]|relatedDescribe|"common.api.soap.wsdl.DescribeSObjectResult@5d1d863a"|0x1065a96e
02:21:17.0 (122682586)|STATEMENT_EXECUTE|[375]
02:21:17.0 (122757855)|HEAP_ALLOCATE|[375]|Bytes:4
02:21:17.0 (122771464)|VARIABLE_SCOPE_BEGIN|[375]|relatedObject|SObject|true|false
02:21:17.0 (122788962)|VARIABLE_ASSIGNMENT|[375]|relatedObject|{}|0x42fb0186
02:21:17.0 (122802325)|HEAP_ALLOCATE|[378]|Bytes:4
02:21:17.0 (124854164)|HEAP_ALLOCATE|[378]|Bytes:64
02:21:17.0 (124904300)|HEAP_ALLOCATE|[378]|Bytes:235
02:21:17.0 (124924692)|HEAP_ALLOCATE|[378]|Bytes:60
02:21:17.0 (125719522)|HEAP_ALLOCATE|[378]|Bytes:5
02:21:17.0 (125738683)|VARIABLE_SCOPE_BEGIN|[378]|field|String|false|false
02:21:17.0 (125752748)|VARIABLE_ASSIGNMENT|[378]|field|"id"
02:21:17.0 (125758056)|STATEMENT_EXECUTE|[378]
02:21:17.0 (125815072)|STATEMENT_EXECUTE|[379]
02:21:17.0 (125825811)|HEAP_ALLOCATE|[378]|Bytes:5
02:21:17.0 (125836102)|VARIABLE_SCOPE_BEGIN|[378]|field|String|false|false
02:21:17.0 (125842430)|VARIABLE_ASSIGNMENT|[378]|field|"ownerid"
02:21:17.0 (125844651)|STATEMENT_EXECUTE|[378]
02:21:17.0 (125853165)|STATEMENT_EXECUTE|[379]
02:21:17.0 (125859719)|HEAP_ALLOCATE|[378]|Bytes:5
02:21:17.0 (125867758)|VARIABLE_SCOPE_BEGIN|[378]|field|String|false|false
02:21:17.0 (125872131)|VARIABLE_ASSIGNMENT|[378]|field|"isdeleted"
02:21:17.0 (125874015)|STATEMENT_EXECUTE|[378]
02:21:17.0 (125881158)|STATEMENT_EXECUTE|[379]
02:21:17.0 (125887290)|HEAP_ALLOCATE|[378]|Bytes:5
02:21:17.0 (125894961)|VARIABLE_SCOPE_BEGIN|[378]|field|String|false|false
02:21:17.0 (125899172)|VARIABLE_ASSIGNMENT|[378]|field|"name"
02:21:17.0 (125901055)|STATEMENT_EXECUTE|[378]
02:21:17.0 (125908103)|STATEMENT_EXECUTE|[379]
02:21:17.0 (125914011)|HEAP_ALLOCATE|[378]|Bytes:5
02:21:17.0 (125921852)|VARIABLE_SCOPE_BEGIN|[378]|field|String|false|false
02:21:17.0 (125926263)|VARIABLE_ASSIGNMENT|[378]|field|"createddate"
02:21:17.0 (125928137)|STATEMENT_EXECUTE|[378]
02:21:17.0 (125947891)|STATEMENT_EXECUTE|[379]
02:21:17.0 (125958946)|HEAP_ALLOCATE|[378]|Bytes:5
02:21:17.0 (125968900)|VARIABLE_SCOPE_BEGIN|[378]|field|String|false|false
02:21:17.0 (125974786)|VARIABLE_ASSIGNMENT|[378]|field|"createdbyid"
02:21:17.0 (125976877)|STATEMENT_EXECUTE|[378]
02:21:17.0 (125984806)|STATEMENT_EXECUTE|[379]
02:21:17.0 (125990955)|HEAP_ALLOCATE|[378]|Bytes:5
02:21:17.0 (126009385)|VARIABLE_SCOPE_BEGIN|[378]|field|String|false|false
02:21:17.0 (126020182)|VARIABLE_ASSIGNMENT|[378]|field|"lastmodifieddate"
02:21:17.0 (126024209)|STATEMENT_EXECUTE|[378]
02:21:17.0 (126040905)|STATEMENT_EXECUTE|[379]
02:21:17.0 (126055969)|HEAP_ALLOCATE|[378]|Bytes:5
02:21:17.0 (126068567)|VARIABLE_SCOPE_BEGIN|[378]|field|String|false|false
02:21:17.0 (126075184)|VARIABLE_ASSIGNMENT|[378]|field|"lastmodifiedbyid"
02:21:17.0 (126077639)|STATEMENT_EXECUTE|[378]
02:21:17.0 (126085951)|STATEMENT_EXECUTE|[379]
02:21:17.0 (126092818)|HEAP_ALLOCATE|[378]|Bytes:5
02:21:17.0 (126100884)|VARIABLE_SCOPE_BEGIN|[378]|field|String|false|false
02:21:17.0 (126105503)|VARIABLE_ASSIGNMENT|[378]|field|"systemmodstamp"
02:21:17.0 (126107467)|STATEMENT_EXECUTE|[378]
02:21:17.0 (126114433)|STATEMENT_EXECUTE|[379]
02:21:17.0 (126120431)|HEAP_ALLOCATE|[378]|Bytes:5
02:21:17.0 (126127941)|VARIABLE_SCOPE_BEGIN|[378]|field|String|false|false
02:21:17.0 (126132481)|VARIABLE_ASSIGNMENT|[378]|field|"lastactivitydate"
02:21:17.0 (126134134)|STATEMENT_EXECUTE|[378]
02:21:17.0 (126141407)|STATEMENT_EXECUTE|[379]
02:21:17.0 (126147345)|HEAP_ALLOCATE|[378]|Bytes:5
02:21:17.0 (126155188)|VARIABLE_SCOPE_BEGIN|[378]|field|String|false|false
02:21:17.0 (126159566)|VARIABLE_ASSIGNMENT|[378]|field|"lastvieweddate"
02:21:17.0 (126161265)|STATEMENT_EXECUTE|[378]
02:21:17.0 (126168192)|STATEMENT_EXECUTE|[379]
02:21:17.0 (126174312)|HEAP_ALLOCATE|[378]|Bytes:5
02:21:17.0 (126187382)|VARIABLE_SCOPE_BEGIN|[378]|field|String|false|false
02:21:17.0 (126192504)|VARIABLE_ASSIGNMENT|[378]|field|"lastreferenceddate"
02:21:17.0 (126194502)|STATEMENT_EXECUTE|[378]
02:21:17.0 (126202112)|STATEMENT_EXECUTE|[379]
02:21:17.0 (126208298)|HEAP_ALLOCATE|[378]|Bytes:5
02:21:17.0 (126216191)|VARIABLE_SCOPE_BEGIN|[378]|field|String|false|false
02:21:17.0 (126220472)|VARIABLE_ASSIGNMENT|[378]|field|"account__c"
02:21:17.0 (126222286)|STATEMENT_EXECUTE|[378]
02:21:17.0 (126229569)|STATEMENT_EXECUTE|[379]
02:21:17.0 (126235677)|HEAP_ALLOCATE|[378]|Bytes:5
02:21:17.0 (126243051)|VARIABLE_SCOPE_BEGIN|[378]|field|String|false|false
02:21:17.0 (126247246)|VARIABLE_ASSIGNMENT|[378]|field|"contact__c"
02:21:17.0 (126249100)|STATEMENT_EXECUTE|[378]
02:21:17.0 (126256154)|STATEMENT_EXECUTE|[379]
02:21:17.0 (126262034)|HEAP_ALLOCATE|[378]|Bytes:5
02:21:17.0 (126269533)|VARIABLE_SCOPE_BEGIN|[378]|field|String|false|false
02:21:17.0 (126273897)|VARIABLE_ASSIGNMENT|[378]|field|"allocation__c"
02:21:17.0 (126275904)|STATEMENT_EXECUTE|[378]
02:21:17.0 (126283064)|STATEMENT_EXECUTE|[379]
02:21:17.0 (126301192)|HEAP_ALLOCATE|[378]|Bytes:5
02:21:17.0 (126318146)|VARIABLE_ASSIGNMENT|[378]|field|null
02:21:17.0 (126322774)|STATEMENT_EXECUTE|[384]
02:21:17.0 (126362668)|HEAP_ALLOCATE|[384]|Bytes:8
02:21:17.0 (126372506)|DML_BEGIN|[384]|Op:Insert|Type:Utilization__c|Rows:1
02:21:17.0 (126418937)|HEAP_ALLOCATE|[EXTERNAL]|Bytes:8
02:21:17.0 (131787228)|DML_END|[384]
02:21:17.0 (131895556)|EXCEPTION_THROWN|[384]|System.DmlException: Insert failed. First exception on row 0; first error: REQUIRED_FIELD_MISSING, Required fields are missing: [Allocation]: [Allocation]
02:21:17.0 (132846444)|HEAP_ALLOCATE|[384]|Bytes:137
02:21:17.0 (133000357)|FATAL_ERROR|System.DmlException: Insert failed. First exception on row 0; first error: REQUIRED_FIELD_MISSING, Required fields are missing: [Allocation]: [Allocation]

Class.RelatedListDataGridController.createRelatedObject: line 384, column 1
02:21:17.0 (133021858)|FATAL_ERROR|System.DmlException: Insert failed. First exception on row 0; first error: REQUIRED_FIELD_MISSING, Required fields are missing: [Allocation]: [Allocation]

Class.RelatedListDataGridController.createRelatedObject: line 384, column 1
02:21:17.133 (133028151)|CUMULATIVE_LIMIT_USAGE
02:21:17.133 (133028151)|LIMIT_USAGE_FOR_NS|(default)|
  Number of SOQL queries: 0 out of 100
  Number of query rows: 0 out of 50000
  Number of SOSL queries: 0 out of 20
  Number of DML statements: 1 out of 150
  Number of DML rows: 1 out of 10000
  Maximum CPU time: 0 out of 10000
  Maximum heap size: 0 out of 6000000
  Number of callouts: 0 out of 100
  Number of Email Invocations: 0 out of 10
  Number of future calls: 0 out of 50
  Number of queueable jobs added to the queue: 0 out of 50
  Number of Mobile Apex push calls: 0 out of 10

02:21:17.133 (133028151)|CUMULATIVE_LIMIT_USAGE_END

02:21:17.0 (133074792)|CODE_UNIT_FINISHED|RelatedListDataGridController.createRelatedObject
