40.0 APEX_CODE,FINEST;APEX_PROFILING,INFO;CALLOUT,INFO;DB,INFO;SYSTEM,DEBUG;VALIDATION,INFO;VISUALFORCE,INFO;WAVE,INFO;WORKFLOW,INFO
21:37:44.0 (297054)|USER_INFO|[EXTERNAL]|005280000056Sdu|ngmmadhan@gmail.com|Pacific Standard Time|GMT-07:00
21:37:44.0 (316508)|EXECUTION_STARTED
21:37:44.0 (319328)|CODE_UNIT_STARTED|[EXTERNAL]|aura
21:37:44.0 (580425)|HEAP_ALLOCATE|[72]|Bytes:3
21:37:44.0 (605833)|HEAP_ALLOCATE|[77]|Bytes:152
21:37:44.0 (617176)|HEAP_ALLOCATE|[342]|Bytes:408
21:37:44.0 (629190)|HEAP_ALLOCATE|[355]|Bytes:408
21:37:44.0 (640642)|HEAP_ALLOCATE|[467]|Bytes:48
21:37:44.0 (660033)|HEAP_ALLOCATE|[139]|Bytes:6
21:37:44.0 (674278)|HEAP_ALLOCATE|[EXTERNAL]|Bytes:97
21:37:44.0 (679276)|HEAP_ALLOCATE|[EXTERNAL]|Bytes:97
21:37:44.0 (715791)|CODE_UNIT_FINISHED|aura
21:37:44.0 (1465992)|EXECUTION_FINISHED
21:37:44.2 (2122365)|USER_INFO|[EXTERNAL]|005280000056Sdu|ngmmadhan@gmail.com|Pacific Standard Time|GMT-07:00
21:37:44.2 (2128685)|EXECUTION_STARTED
21:37:44.2 (2130849)|CODE_UNIT_STARTED|[EXTERNAL]|01p2800000EnYhK|CruderCntrl.ReadSObjects
21:37:44.2 (2239937)|HEAP_ALLOCATE|[EXTERNAL]|Bytes:30
21:37:44.2 (2244310)|HEAP_ALLOCATE|[EXTERNAL]|Bytes:16
21:37:44.2 (2251511)|METHOD_ENTRY|[16]|01p2800000EnYhK|CruderCntrl.CruderCntrl()
21:37:44.2 (2255153)|STATEMENT_EXECUTE|[16]
21:37:44.2 (2259115)|STATEMENT_EXECUTE|[16]
21:37:44.2 (2286078)|HEAP_ALLOCATE|[50]|Bytes:5
21:37:44.2 (2303831)|HEAP_ALLOCATE|[56]|Bytes:5
21:37:44.2 (2309107)|HEAP_ALLOCATE|[64]|Bytes:7
21:37:44.2 (2321395)|SYSTEM_MODE_ENTER|false
21:37:44.2 (2328939)|HEAP_ALLOCATE|[EXTERNAL]|Bytes:5
21:37:44.2 (2331716)|STATEMENT_EXECUTE|[201]
21:37:44.2 (2332762)|STATEMENT_EXECUTE|[213]
21:37:44.2 (2335577)|SYSTEM_MODE_EXIT|false
21:37:44.2 (2340768)|METHOD_EXIT|[16]|CruderCntrl
21:37:44.2 (2343541)|HEAP_ALLOCATE|[EXTERNAL]|Bytes:97
21:37:44.2 (2347637)|SYSTEM_MODE_ENTER|false
21:37:44.2 (2353307)|VARIABLE_SCOPE_BEGIN|[22]|query|String|false|false
21:37:44.2 (2373111)|VARIABLE_ASSIGNMENT|[22]|query|"SELECT ID, Name, Des (77 more) ..."
21:37:44.2 (2380986)|HEAP_ALLOCATE|[23]|Bytes:5
21:37:44.2 (2383402)|STATEMENT_EXECUTE|[22]
21:37:44.2 (2384463)|STATEMENT_EXECUTE|[23]
21:37:44.2 (2418832)|HEAP_ALLOCATE|[23]|Bytes:20
21:37:44.2 (2433457)|CONSTRUCTOR_ENTRY|[23]|01p2800000EnYhK|<init>()
21:37:44.2 (2452630)|VARIABLE_SCOPE_BEGIN|[201]|this|CruderCntrl.OutputWrapper|true|false
21:37:44.2 (2495109)|VARIABLE_ASSIGNMENT|[201]|this|{}|0x78023a38
21:37:44.2 (2501573)|HEAP_ALLOCATE|[EXTERNAL]|Bytes:6
21:37:44.2 (2517988)|STATEMENT_EXECUTE|[201]
21:37:44.2 (2519238)|STATEMENT_EXECUTE|[203]
21:37:44.2 (2520471)|STATEMENT_EXECUTE|[205]
21:37:44.2 (2521426)|STATEMENT_EXECUTE|[207]
21:37:44.2 (2522395)|STATEMENT_EXECUTE|[209]
21:37:44.2 (2525891)|CONSTRUCTOR_EXIT|[23]|01p2800000EnYhK|<init>()
21:37:44.2 (2529013)|VARIABLE_SCOPE_BEGIN|[23]|wrapObj|CruderCntrl.OutputWrapper|true|false
21:37:44.2 (2538364)|VARIABLE_ASSIGNMENT|[23]|wrapObj|{}|0x78023a38
21:37:44.2 (2540175)|STATEMENT_EXECUTE|[24]
21:37:44.2 (2543672)|VARIABLE_SCOPE_BEGIN|[24]|sObjectApiName|String|false|false
21:37:44.2 (2547577)|VARIABLE_ASSIGNMENT|[24]|sObjectApiName|""
21:37:44.2 (2548901)|STATEMENT_EXECUTE|[25]
21:37:44.2 (2550231)|VARIABLE_SCOPE_BEGIN|[25]|sObjectLabel|String|false|false
21:37:44.2 (2552391)|VARIABLE_ASSIGNMENT|[25]|sObjectLabel|""
21:37:44.2 (2553718)|STATEMENT_EXECUTE|[26]
21:37:44.2 (2556112)|VARIABLE_SCOPE_BEGIN|[26]|success|Boolean|false|false
21:37:44.2 (2559832)|HEAP_ALLOCATE|[26]|Bytes:5
21:37:44.2 (2563703)|VARIABLE_ASSIGNMENT|[26]|success|false
21:37:44.2 (2564917)|STATEMENT_EXECUTE|[27]
21:37:44.2 (2568314)|HEAP_ALLOCATE|[27]|Bytes:4
21:37:44.2 (2586315)|VARIABLE_SCOPE_BEGIN|[27]|sObjList|List<SObject>|true|false
21:37:44.2 (2590920)|HEAP_ALLOCATE|[EXTERNAL]|Bytes:4
21:37:44.2 (2596990)|VARIABLE_ASSIGNMENT|[27]|sObjList|[]|0x13de46e6
21:37:44.2 (2598791)|STATEMENT_EXECUTE|[29]
21:37:44.2 (2599691)|STATEMENT_EXECUTE|[29]
21:37:44.2 (2600580)|STATEMENT_EXECUTE|[30]
21:37:44.2 (2620978)|HEAP_ALLOCATE|[30]|Bytes:5
21:37:44.2 (3621632)|SOQL_EXECUTE_BEGIN|[30]|Aggregations:0|SELECT ID, Name, Description__c, Parent_Warranty_Code__c, Warranty_Code__c FROM Warranty_Codes__c
21:37:44.2 (5655056)|SOQL_EXECUTE_END|[30]|Rows:6
21:37:44.2 (5671948)|HEAP_ALLOCATE|[30]|Bytes:28
21:37:44.2 (5699056)|HEAP_ALLOCATE|[30]|Bytes:737
21:37:44.2 (5757270)|HEAP_ALLOCATE|[30]|Bytes:28
21:37:44.2 (5782899)|VARIABLE_ASSIGNMENT|[30]|sObjList|"List of size 6 too large to display"|0x45371cf2
21:37:44.2 (5848106)|STATEMENT_EXECUTE|[31]
21:37:44.2 (5850635)|STATEMENT_EXECUTE|[32]
21:37:44.2 (5874495)|HEAP_ALLOCATE|[32]|Bytes:24
21:37:44.2 (5947645)|VARIABLE_SCOPE_BEGIN|[32]|type|Schema.SObjectType|true|false
21:37:44.2 (6062163)|VARIABLE_ASSIGNMENT|[32]|type|"common.apex.runtime.impl.ApexSObjectTypeToken@9f65cca"|0x9f65cca
21:37:44.2 (6067588)|STATEMENT_EXECUTE|[33]
21:37:44.2 (6757990)|HEAP_ALLOCATE|[33]|Bytes:4
21:37:44.2 (6785197)|VARIABLE_SCOPE_BEGIN|[33]|sobjectDescribe|Schema.DescribeSObjectResult|true|false
21:37:44.2 (6868404)|VARIABLE_ASSIGNMENT|[33]|sobjectDescribe|"common.api.soap.wsdl.DescribeSObjectResult@33d95277"|0x793d1df4
21:37:44.2 (6873290)|STATEMENT_EXECUTE|[34]
21:37:44.2 (6884671)|HEAP_ALLOCATE|[34]|Bytes:24
21:37:44.2 (6958467)|HEAP_ALLOCATE|[34]|Bytes:17
21:37:44.2 (6972791)|VARIABLE_ASSIGNMENT|[34]|sObjectApiName|"Warranty_Codes__c"
21:37:44.2 (6975862)|STATEMENT_EXECUTE|[35]
21:37:44.2 (6994769)|HEAP_ALLOCATE|[35]|Bytes:13
21:37:44.2 (7001264)|VARIABLE_ASSIGNMENT|[35]|sObjectLabel|"Warranty Code"
21:37:44.2 (7004720)|STATEMENT_EXECUTE|[36]
21:37:44.2 (7009854)|HEAP_ALLOCATE|[36]|Bytes:5
21:37:44.2 (7015321)|VARIABLE_ASSIGNMENT|[36]|success|true
21:37:44.2 (7017753)|STATEMENT_EXECUTE|[38]
21:37:44.2 (7032826)|VARIABLE_ASSIGNMENT|[38]|this.sObjList|"List of size 6 too large to display"|0x78023a38
21:37:44.2 (7035771)|STATEMENT_EXECUTE|[39]
21:37:44.2 (7042381)|VARIABLE_ASSIGNMENT|[39]|this.sObjectLabel|"Warranty Code"|0x78023a38
21:37:44.2 (7044592)|STATEMENT_EXECUTE|[40]
21:37:44.2 (7049796)|VARIABLE_ASSIGNMENT|[40]|this.sObjectApiName|"Warranty_Codes__c"|0x78023a38
21:37:44.2 (7052231)|STATEMENT_EXECUTE|[41]
21:37:44.2 (7056292)|HEAP_ALLOCATE|[41]|Bytes:5
21:37:44.2 (7062378)|VARIABLE_ASSIGNMENT|[41]|this.success|true|0x78023a38
21:37:44.2 (7065408)|STATEMENT_EXECUTE|[49]
21:37:44.2 (7074860)|SYSTEM_MODE_EXIT|false
21:37:44.7 (7103483)|CUMULATIVE_LIMIT_USAGE
21:37:44.7 (7103483)|LIMIT_USAGE_FOR_NS|(default)|
  Number of SOQL queries: 1 out of 100
  Number of query rows: 6 out of 50000
  Number of SOSL queries: 0 out of 20
  Number of DML statements: 0 out of 150
  Number of DML rows: 0 out of 10000
  Maximum CPU time: 0 out of 10000
  Maximum heap size: 0 out of 6000000
  Number of callouts: 0 out of 100
  Number of Email Invocations: 0 out of 10
  Number of future calls: 0 out of 50
  Number of queueable jobs added to the queue: 0 out of 50
  Number of Mobile Apex push calls: 0 out of 10

21:37:44.7 (7103483)|CUMULATIVE_LIMIT_USAGE_END

21:37:44.2 (7136409)|CODE_UNIT_FINISHED|CruderCntrl.ReadSObjects
21:37:44.2 (8553622)|EXECUTION_FINISHED
21:37:44.10 (10445011)|USER_INFO|[EXTERNAL]|005280000056Sdu|ngmmadhan@gmail.com|Pacific Standard Time|GMT-07:00
21:37:44.10 (10452858)|EXECUTION_STARTED
21:37:44.10 (10455299)|CODE_UNIT_STARTED|[EXTERNAL]|Aura
21:37:44.10 (10541052)|CODE_UNIT_FINISHED|Aura
21:37:44.10 (11493514)|EXECUTION_FINISHED
