40.0 APEX_CODE,FINEST;APEX_PROFILING,INFO;CALLOUT,INFO;DB,INFO;SYSTEM,DEBUG;VALIDATION,INFO;VISUALFORCE,INFO;WAVE,INFO;WORKFLOW,INFO
23:08:47.0 (50814)|USER_INFO|[EXTERNAL]|005280000056Sdu|ngmmadhan@gmail.com|Pacific Standard Time|GMT-07:00
23:08:47.0 (72960)|EXECUTION_STARTED
23:08:47.0 (75840)|CODE_UNIT_STARTED|[EXTERNAL]|aura
23:08:47.0 (317090)|HEAP_ALLOCATE|[72]|Bytes:3
23:08:47.0 (344916)|HEAP_ALLOCATE|[77]|Bytes:152
23:08:47.0 (357908)|HEAP_ALLOCATE|[342]|Bytes:408
23:08:47.0 (372187)|HEAP_ALLOCATE|[355]|Bytes:408
23:08:47.0 (383589)|HEAP_ALLOCATE|[467]|Bytes:48
23:08:47.0 (403786)|HEAP_ALLOCATE|[139]|Bytes:6
23:08:47.0 (418159)|HEAP_ALLOCATE|[EXTERNAL]|Bytes:94
23:08:47.0 (445420)|HEAP_ALLOCATE|[EXTERNAL]|Bytes:94
23:08:47.0 (455164)|CODE_UNIT_FINISHED|aura
23:08:47.0 (1238640)|EXECUTION_FINISHED
23:08:47.1 (1931913)|USER_INFO|[EXTERNAL]|005280000056Sdu|ngmmadhan@gmail.com|Pacific Standard Time|GMT-07:00
23:08:47.1 (1937796)|EXECUTION_STARTED
23:08:47.1 (1939822)|CODE_UNIT_STARTED|[EXTERNAL]|01p2800000EnYhK|CruderCntrl.ReadSObjects
23:08:47.1 (2003874)|HEAP_ALLOCATE|[EXTERNAL]|Bytes:30
23:08:47.1 (2008647)|HEAP_ALLOCATE|[EXTERNAL]|Bytes:16
23:08:47.1 (2014911)|METHOD_ENTRY|[16]|01p2800000EnYhK|CruderCntrl.CruderCntrl()
23:08:47.1 (2018422)|STATEMENT_EXECUTE|[16]
23:08:47.1 (2022224)|STATEMENT_EXECUTE|[16]
23:08:47.1 (2048563)|HEAP_ALLOCATE|[50]|Bytes:5
23:08:47.1 (2064818)|HEAP_ALLOCATE|[56]|Bytes:5
23:08:47.1 (2070211)|HEAP_ALLOCATE|[64]|Bytes:7
23:08:47.1 (2083222)|SYSTEM_MODE_ENTER|false
23:08:47.1 (2090744)|HEAP_ALLOCATE|[EXTERNAL]|Bytes:5
23:08:47.1 (2093523)|STATEMENT_EXECUTE|[201]
23:08:47.1 (2094880)|STATEMENT_EXECUTE|[213]
23:08:47.1 (2097814)|SYSTEM_MODE_EXIT|false
23:08:47.1 (2103590)|METHOD_EXIT|[16]|CruderCntrl
23:08:47.1 (2106615)|HEAP_ALLOCATE|[EXTERNAL]|Bytes:94
23:08:47.1 (2110757)|SYSTEM_MODE_ENTER|false
23:08:47.1 (2114771)|VARIABLE_SCOPE_BEGIN|[22]|query|String|false|false
23:08:47.1 (2135248)|VARIABLE_ASSIGNMENT|[22]|query|"SELECT ID,Parent_War (74 more) ..."
23:08:47.1 (2142784)|HEAP_ALLOCATE|[23]|Bytes:5
23:08:47.1 (2145454)|STATEMENT_EXECUTE|[22]
23:08:47.1 (2146514)|STATEMENT_EXECUTE|[23]
23:08:47.1 (2194361)|HEAP_ALLOCATE|[23]|Bytes:20
23:08:47.1 (2205847)|CONSTRUCTOR_ENTRY|[23]|01p2800000EnYhK|<init>()
23:08:47.1 (2220280)|VARIABLE_SCOPE_BEGIN|[201]|this|CruderCntrl.OutputWrapper|true|false
23:08:47.1 (2246422)|VARIABLE_ASSIGNMENT|[201]|this|{}|0x80e20d5
23:08:47.1 (2252503)|HEAP_ALLOCATE|[EXTERNAL]|Bytes:6
23:08:47.1 (2268697)|STATEMENT_EXECUTE|[201]
23:08:47.1 (2269893)|STATEMENT_EXECUTE|[203]
23:08:47.1 (2270976)|STATEMENT_EXECUTE|[205]
23:08:47.1 (2271985)|STATEMENT_EXECUTE|[207]
23:08:47.1 (2273243)|STATEMENT_EXECUTE|[209]
23:08:47.1 (2276652)|CONSTRUCTOR_EXIT|[23]|01p2800000EnYhK|<init>()
23:08:47.1 (2280349)|VARIABLE_SCOPE_BEGIN|[23]|wrapObj|CruderCntrl.OutputWrapper|true|false
23:08:47.1 (2289318)|VARIABLE_ASSIGNMENT|[23]|wrapObj|{}|0x80e20d5
23:08:47.1 (2290964)|STATEMENT_EXECUTE|[24]
23:08:47.1 (2294653)|VARIABLE_SCOPE_BEGIN|[24]|sObjectApiName|String|false|false
23:08:47.1 (2298288)|VARIABLE_ASSIGNMENT|[24]|sObjectApiName|""
23:08:47.1 (2299552)|STATEMENT_EXECUTE|[25]
23:08:47.1 (2301133)|VARIABLE_SCOPE_BEGIN|[25]|sObjectLabel|String|false|false
23:08:47.1 (2303345)|VARIABLE_ASSIGNMENT|[25]|sObjectLabel|""
23:08:47.1 (2304469)|STATEMENT_EXECUTE|[26]
23:08:47.1 (2306984)|VARIABLE_SCOPE_BEGIN|[26]|success|Boolean|false|false
23:08:47.1 (2310153)|HEAP_ALLOCATE|[26]|Bytes:5
23:08:47.1 (2314237)|VARIABLE_ASSIGNMENT|[26]|success|false
23:08:47.1 (2315444)|STATEMENT_EXECUTE|[27]
23:08:47.1 (2342114)|HEAP_ALLOCATE|[27]|Bytes:4
23:08:47.1 (2361642)|VARIABLE_SCOPE_BEGIN|[27]|sObjList|List<SObject>|true|false
23:08:47.1 (2367301)|HEAP_ALLOCATE|[EXTERNAL]|Bytes:4
23:08:47.1 (2373268)|VARIABLE_ASSIGNMENT|[27]|sObjList|[]|0x61c6e397
23:08:47.1 (2375243)|STATEMENT_EXECUTE|[29]
23:08:47.1 (2376179)|STATEMENT_EXECUTE|[29]
23:08:47.1 (2377098)|STATEMENT_EXECUTE|[30]
23:08:47.1 (2398968)|HEAP_ALLOCATE|[30]|Bytes:5
23:08:47.1 (2871554)|SOQL_EXECUTE_BEGIN|[30]|Aggregations:0|SELECT ID,Parent_Warranty_Code__r.Name, Warranty_Code__c,Description__c FROM Warranty_Codes__c
23:08:47.1 (6782607)|SOQL_EXECUTE_END|[30]|Rows:6
23:08:47.1 (6797533)|HEAP_ALLOCATE|[30]|Bytes:28
23:08:47.1 (6824828)|HEAP_ALLOCATE|[30]|Bytes:857
23:08:47.1 (6877824)|HEAP_ALLOCATE|[30]|Bytes:28
23:08:47.1 (6900293)|VARIABLE_ASSIGNMENT|[30]|sObjList|"List of size 6 too large to display"|0x27740533
23:08:47.1 (6954985)|STATEMENT_EXECUTE|[31]
23:08:47.1 (6956611)|STATEMENT_EXECUTE|[32]
23:08:47.1 (6976870)|HEAP_ALLOCATE|[32]|Bytes:24
23:08:47.1 (7035075)|VARIABLE_SCOPE_BEGIN|[32]|type|Schema.SObjectType|true|false
23:08:47.1 (7119890)|VARIABLE_ASSIGNMENT|[32]|type|"common.apex.runtime.impl.ApexSObjectTypeToken@1a5538b7"|0x1a5538b7
23:08:47.1 (7123450)|STATEMENT_EXECUTE|[33]
23:08:47.1 (7320281)|HEAP_ALLOCATE|[33]|Bytes:4
23:08:47.1 (7341643)|VARIABLE_SCOPE_BEGIN|[33]|sobjectDescribe|Schema.DescribeSObjectResult|true|false
23:08:47.1 (7400656)|VARIABLE_ASSIGNMENT|[33]|sobjectDescribe|"common.api.soap.wsdl.DescribeSObjectResult@33d95277"|0x1fbcee8e
23:08:47.1 (7403732)|STATEMENT_EXECUTE|[34]
23:08:47.1 (7412056)|HEAP_ALLOCATE|[34]|Bytes:24
23:08:47.1 (7465919)|HEAP_ALLOCATE|[34]|Bytes:17
23:08:47.1 (7476500)|VARIABLE_ASSIGNMENT|[34]|sObjectApiName|"Warranty_Codes__c"
23:08:47.1 (7478845)|STATEMENT_EXECUTE|[35]
23:08:47.1 (7499823)|HEAP_ALLOCATE|[35]|Bytes:13
23:08:47.1 (7504898)|VARIABLE_ASSIGNMENT|[35]|sObjectLabel|"Warranty Code"
23:08:47.1 (7506875)|STATEMENT_EXECUTE|[36]
23:08:47.1 (7510878)|HEAP_ALLOCATE|[36]|Bytes:5
23:08:47.1 (7514824)|VARIABLE_ASSIGNMENT|[36]|success|true
23:08:47.1 (7516534)|STATEMENT_EXECUTE|[38]
23:08:47.1 (7528066)|VARIABLE_ASSIGNMENT|[38]|this.sObjList|"List of size 6 too large to display"|0x80e20d5
23:08:47.1 (7529666)|STATEMENT_EXECUTE|[39]
23:08:47.1 (7533127)|VARIABLE_ASSIGNMENT|[39]|this.sObjectLabel|"Warranty Code"|0x80e20d5
23:08:47.1 (7534647)|STATEMENT_EXECUTE|[40]
23:08:47.1 (7537656)|VARIABLE_ASSIGNMENT|[40]|this.sObjectApiName|"Warranty_Codes__c"|0x80e20d5
23:08:47.1 (7539097)|STATEMENT_EXECUTE|[41]
23:08:47.1 (7541079)|HEAP_ALLOCATE|[41]|Bytes:5
23:08:47.1 (7544269)|VARIABLE_ASSIGNMENT|[41]|this.success|true|0x80e20d5
23:08:47.1 (7546327)|STATEMENT_EXECUTE|[49]
23:08:47.1 (7554111)|SYSTEM_MODE_EXIT|false
23:08:47.7 (7575746)|CUMULATIVE_LIMIT_USAGE
23:08:47.7 (7575746)|LIMIT_USAGE_FOR_NS|(default)|
  Number of SOQL queries: 1 out of 100
  Number of query rows: 6 out of 50000
  Number of SOSL queries: 0 out of 20
  Number of DML statements: 0 out of 150
  Number of DML rows: 0 out of 10000
  Maximum CPU time: 0 out of 10000
  Maximum heap size: 0 out of 6000000
  Number of callouts: 0 out of 100
  Number of Email Invocations: 0 out of 10
  Number of future calls: 0 out of 50
  Number of queueable jobs added to the queue: 0 out of 50
  Number of Mobile Apex push calls: 0 out of 10

23:08:47.7 (7575746)|CUMULATIVE_LIMIT_USAGE_END

23:08:47.1 (7602673)|CODE_UNIT_FINISHED|CruderCntrl.ReadSObjects
23:08:47.1 (9028002)|EXECUTION_FINISHED
23:08:47.10 (10724737)|USER_INFO|[EXTERNAL]|005280000056Sdu|ngmmadhan@gmail.com|Pacific Standard Time|GMT-07:00
23:08:47.10 (10731366)|EXECUTION_STARTED
23:08:47.10 (10733672)|CODE_UNIT_STARTED|[EXTERNAL]|Aura
23:08:47.10 (10809913)|CODE_UNIT_FINISHED|Aura
23:08:47.10 (11534489)|EXECUTION_FINISHED
