39.0 APEX_CODE,FINEST;APEX_PROFILING,INFO;CALLOUT,INFO;DB,INFO;SYSTEM,DEBUG;VALIDATION,INFO;VISUALFORCE,INFO;WAVE,INFO;WORKFLOW,INFO
02:49:23.0 (808550)|USER_INFO|[EXTERNAL]|005280000056Sdu|ngmmadhan@gmail.com|Pacific Standard Time|GMT-07:00
02:49:23.0 (852379)|EXECUTION_STARTED
02:49:23.0 (857834)|CODE_UNIT_STARTED|[EXTERNAL]|aura
02:49:23.0 (1406040)|HEAP_ALLOCATE|[72]|Bytes:3
02:49:23.0 (1451692)|HEAP_ALLOCATE|[77]|Bytes:152
02:49:23.0 (1479958)|HEAP_ALLOCATE|[342]|Bytes:408
02:49:23.0 (1514704)|HEAP_ALLOCATE|[355]|Bytes:408
02:49:23.0 (1545793)|HEAP_ALLOCATE|[467]|Bytes:48
02:49:23.0 (1582472)|HEAP_ALLOCATE|[139]|Bytes:6
02:49:23.0 (1614992)|HEAP_ALLOCATE|[EXTERNAL]|Bytes:817
02:49:23.0 (1626952)|HEAP_ALLOCATE|[EXTERNAL]|Bytes:817
02:49:23.0 (3464273)|CODE_UNIT_STARTED|[EXTERNAL]|01p2800000EnCqi|RelatedListDataGridController.saveRelatedListItems
02:49:23.0 (3636901)|VARIABLE_SCOPE_BEGIN|[2]|RelatedListDataGridController.typesMap|Map<Schema.DisplayType,String>|true|true
02:49:23.0 (3720171)|HEAP_ALLOCATE|[EXTERNAL]|Bytes:45
02:49:23.0 (3729795)|HEAP_ALLOCATE|[EXTERNAL]|Bytes:7
02:49:23.0 (3745108)|METHOD_ENTRY|[1]|01p2800000EnCqi|RelatedListDataGridController.RelatedListDataGridController()
02:49:23.0 (3750314)|STATEMENT_EXECUTE|[1]
02:49:23.0 (3756995)|STATEMENT_EXECUTE|[1]
02:49:23.0 (3805684)|HEAP_ALLOCATE|[50]|Bytes:5
02:49:23.0 (3855630)|HEAP_ALLOCATE|[56]|Bytes:5
02:49:23.0 (3881397)|HEAP_ALLOCATE|[64]|Bytes:7
02:49:23.0 (3910828)|SYSTEM_MODE_ENTER|false
02:49:23.0 (3924453)|HEAP_ALLOCATE|[2]|Bytes:5
02:49:23.0 (3930771)|STATEMENT_EXECUTE|[2]
02:49:23.0 (3938116)|HEAP_ALLOCATE|[2]|Bytes:4
02:49:23.0 (4008595)|VARIABLE_ASSIGNMENT|[2]|RelatedListDataGridController.typesMap|{}|0x61208a2
02:49:23.0 (4015902)|STATEMENT_EXECUTE|[4]
02:49:23.0 (4017992)|STATEMENT_EXECUTE|[5]
02:49:23.0 (4519309)|HEAP_ALLOCATE|[5]|Bytes:8
02:49:23.0 (4610384)|HEAP_ALLOCATE|[EXTERNAL]|Bytes:-4
02:49:23.0 (4624834)|STATEMENT_EXECUTE|[6]
02:49:23.0 (4634009)|HEAP_ALLOCATE|[6]|Bytes:6
02:49:23.0 (4687992)|HEAP_ALLOCATE|[6]|Bytes:12
02:49:23.0 (4709755)|HEAP_ALLOCATE|[EXTERNAL]|Bytes:-4
02:49:23.0 (4721917)|STATEMENT_EXECUTE|[7]
02:49:23.0 (4731077)|HEAP_ALLOCATE|[7]|Bytes:7
02:49:23.0 (4779188)|HEAP_ALLOCATE|[7]|Bytes:12
02:49:23.0 (4792924)|HEAP_ALLOCATE|[7]|Bytes:12
02:49:23.0 (4802751)|HEAP_ALLOCATE|[EXTERNAL]|Bytes:-4
02:49:23.0 (4813954)|STATEMENT_EXECUTE|[8]
02:49:23.0 (4823272)|HEAP_ALLOCATE|[8]|Bytes:8
02:49:23.0 (4876315)|HEAP_ALLOCATE|[8]|Bytes:12
02:49:23.0 (4891048)|HEAP_ALLOCATE|[8]|Bytes:12
02:49:23.0 (4899997)|HEAP_ALLOCATE|[8]|Bytes:12
02:49:23.0 (4908720)|HEAP_ALLOCATE|[EXTERNAL]|Bytes:-4
02:49:23.0 (4921822)|STATEMENT_EXECUTE|[9]
02:49:23.0 (4931600)|HEAP_ALLOCATE|[9]|Bytes:8
02:49:23.0 (4986602)|HEAP_ALLOCATE|[9]|Bytes:12
02:49:23.0 (5000530)|HEAP_ALLOCATE|[9]|Bytes:12
02:49:23.0 (5010106)|HEAP_ALLOCATE|[9]|Bytes:12
02:49:23.0 (5016286)|HEAP_ALLOCATE|[9]|Bytes:12
02:49:23.0 (5023282)|HEAP_ALLOCATE|[EXTERNAL]|Bytes:-4
02:49:23.0 (5033715)|STATEMENT_EXECUTE|[10]
02:49:23.0 (5042402)|HEAP_ALLOCATE|[10]|Bytes:4
02:49:23.0 (5090516)|HEAP_ALLOCATE|[10]|Bytes:12
02:49:23.0 (5103126)|HEAP_ALLOCATE|[10]|Bytes:12
02:49:23.0 (5110269)|HEAP_ALLOCATE|[10]|Bytes:12
02:49:23.0 (5117233)|HEAP_ALLOCATE|[10]|Bytes:12
02:49:23.0 (5124509)|HEAP_ALLOCATE|[10]|Bytes:12
02:49:23.0 (5130903)|HEAP_ALLOCATE|[EXTERNAL]|Bytes:-4
02:49:23.0 (5141730)|STATEMENT_EXECUTE|[11]
02:49:23.0 (5151194)|HEAP_ALLOCATE|[11]|Bytes:8
02:49:23.0 (5201170)|HEAP_ALLOCATE|[11]|Bytes:12
02:49:23.0 (5213762)|HEAP_ALLOCATE|[11]|Bytes:12
02:49:23.0 (5221835)|HEAP_ALLOCATE|[11]|Bytes:12
02:49:23.0 (5229800)|HEAP_ALLOCATE|[11]|Bytes:12
02:49:23.0 (5238007)|HEAP_ALLOCATE|[11]|Bytes:12
02:49:23.0 (5244986)|HEAP_ALLOCATE|[11]|Bytes:12
02:49:23.0 (5252410)|HEAP_ALLOCATE|[EXTERNAL]|Bytes:-4
02:49:23.0 (5260721)|STATEMENT_EXECUTE|[12]
02:49:23.0 (5267240)|HEAP_ALLOCATE|[12]|Bytes:6
02:49:23.0 (5300887)|HEAP_ALLOCATE|[12]|Bytes:12
02:49:23.0 (5308510)|HEAP_ALLOCATE|[12]|Bytes:12
02:49:23.0 (5311961)|HEAP_ALLOCATE|[12]|Bytes:12
02:49:23.0 (5314999)|HEAP_ALLOCATE|[12]|Bytes:12
02:49:23.0 (5317970)|HEAP_ALLOCATE|[12]|Bytes:12
02:49:23.0 (5320885)|HEAP_ALLOCATE|[12]|Bytes:12
02:49:23.0 (5323895)|HEAP_ALLOCATE|[12]|Bytes:12
02:49:23.0 (5327827)|HEAP_ALLOCATE|[EXTERNAL]|Bytes:-4
02:49:23.0 (5334095)|STATEMENT_EXECUTE|[13]
02:49:23.0 (5340121)|HEAP_ALLOCATE|[13]|Bytes:6
02:49:23.0 (5369536)|HEAP_ALLOCATE|[13]|Bytes:12
02:49:23.0 (5377033)|HEAP_ALLOCATE|[13]|Bytes:12
02:49:23.0 (5380388)|HEAP_ALLOCATE|[13]|Bytes:12
02:49:23.0 (5383616)|HEAP_ALLOCATE|[13]|Bytes:12
02:49:23.0 (5386701)|HEAP_ALLOCATE|[13]|Bytes:12
02:49:23.0 (5389813)|HEAP_ALLOCATE|[13]|Bytes:12
02:49:23.0 (5393126)|HEAP_ALLOCATE|[13]|Bytes:12
02:49:23.0 (5396459)|HEAP_ALLOCATE|[13]|Bytes:12
02:49:23.0 (5400389)|HEAP_ALLOCATE|[EXTERNAL]|Bytes:-4
02:49:23.0 (5406564)|STATEMENT_EXECUTE|[14]
02:49:23.0 (5412577)|HEAP_ALLOCATE|[14]|Bytes:5
02:49:23.0 (5442045)|HEAP_ALLOCATE|[14]|Bytes:12
02:49:23.0 (5449488)|HEAP_ALLOCATE|[14]|Bytes:12
02:49:23.0 (5453031)|HEAP_ALLOCATE|[14]|Bytes:12
02:49:23.0 (5456334)|HEAP_ALLOCATE|[14]|Bytes:12
02:49:23.0 (5459461)|HEAP_ALLOCATE|[14]|Bytes:12
02:49:23.0 (5462517)|HEAP_ALLOCATE|[14]|Bytes:12
02:49:23.0 (5465608)|HEAP_ALLOCATE|[14]|Bytes:12
02:49:23.0 (5468591)|HEAP_ALLOCATE|[14]|Bytes:12
02:49:23.0 (5471557)|HEAP_ALLOCATE|[14]|Bytes:12
02:49:23.0 (5475407)|HEAP_ALLOCATE|[EXTERNAL]|Bytes:-4
02:49:23.0 (5481601)|STATEMENT_EXECUTE|[15]
02:49:23.0 (5487448)|HEAP_ALLOCATE|[15]|Bytes:7
02:49:23.0 (5516736)|HEAP_ALLOCATE|[15]|Bytes:12
02:49:23.0 (5528730)|HEAP_ALLOCATE|[15]|Bytes:12
02:49:23.0 (5536360)|HEAP_ALLOCATE|[15]|Bytes:12
02:49:23.0 (5543742)|HEAP_ALLOCATE|[15]|Bytes:12
02:49:23.0 (5551347)|HEAP_ALLOCATE|[15]|Bytes:12
02:49:23.0 (5557769)|HEAP_ALLOCATE|[15]|Bytes:12
02:49:23.0 (5569377)|HEAP_ALLOCATE|[15]|Bytes:12
02:49:23.0 (5576366)|HEAP_ALLOCATE|[15]|Bytes:12
02:49:23.0 (5583011)|HEAP_ALLOCATE|[15]|Bytes:12
02:49:23.0 (5589252)|HEAP_ALLOCATE|[15]|Bytes:12
02:49:23.0 (5597068)|HEAP_ALLOCATE|[EXTERNAL]|Bytes:-4
02:49:23.0 (5607852)|STATEMENT_EXECUTE|[16]
02:49:23.0 (5617423)|HEAP_ALLOCATE|[16]|Bytes:7
02:49:23.0 (5660213)|HEAP_ALLOCATE|[16]|Bytes:12
02:49:23.0 (5668737)|HEAP_ALLOCATE|[16]|Bytes:12
02:49:23.0 (5672217)|HEAP_ALLOCATE|[16]|Bytes:12
02:49:23.0 (5675493)|HEAP_ALLOCATE|[16]|Bytes:12
02:49:23.0 (5678526)|HEAP_ALLOCATE|[16]|Bytes:12
02:49:23.0 (5681562)|HEAP_ALLOCATE|[16]|Bytes:12
02:49:23.0 (5684521)|HEAP_ALLOCATE|[16]|Bytes:12
02:49:23.0 (5687498)|HEAP_ALLOCATE|[16]|Bytes:12
02:49:23.0 (5690517)|HEAP_ALLOCATE|[16]|Bytes:12
02:49:23.0 (5693526)|HEAP_ALLOCATE|[16]|Bytes:12
02:49:23.0 (5701062)|HEAP_ALLOCATE|[16]|Bytes:12
02:49:23.0 (5705382)|HEAP_ALLOCATE|[EXTERNAL]|Bytes:-4
02:49:23.0 (5714263)|STATEMENT_EXECUTE|[17]
02:49:23.0 (5724723)|HEAP_ALLOCATE|[17]|Bytes:14
02:49:23.0 (5767056)|HEAP_ALLOCATE|[17]|Bytes:12
02:49:23.0 (5775622)|HEAP_ALLOCATE|[17]|Bytes:12
02:49:23.0 (5779096)|HEAP_ALLOCATE|[17]|Bytes:12
02:49:23.0 (5782172)|HEAP_ALLOCATE|[17]|Bytes:12
02:49:23.0 (5785289)|HEAP_ALLOCATE|[17]|Bytes:12
02:49:23.0 (5788376)|HEAP_ALLOCATE|[17]|Bytes:12
02:49:23.0 (5791351)|HEAP_ALLOCATE|[17]|Bytes:12
02:49:23.0 (5794321)|HEAP_ALLOCATE|[17]|Bytes:12
02:49:23.0 (5797566)|HEAP_ALLOCATE|[17]|Bytes:12
02:49:23.0 (5800523)|HEAP_ALLOCATE|[17]|Bytes:12
02:49:23.0 (5803575)|HEAP_ALLOCATE|[17]|Bytes:12
02:49:23.0 (5806611)|HEAP_ALLOCATE|[17]|Bytes:12
02:49:23.0 (5811252)|HEAP_ALLOCATE|[EXTERNAL]|Bytes:-4
02:49:23.0 (5818348)|STATEMENT_EXECUTE|[18]
02:49:23.0 (5824816)|HEAP_ALLOCATE|[18]|Bytes:8
02:49:23.0 (5854583)|HEAP_ALLOCATE|[18]|Bytes:12
02:49:23.0 (5862011)|HEAP_ALLOCATE|[18]|Bytes:12
02:49:23.0 (5865407)|HEAP_ALLOCATE|[18]|Bytes:12
02:49:23.0 (5868490)|HEAP_ALLOCATE|[18]|Bytes:12
02:49:23.0 (5871865)|HEAP_ALLOCATE|[18]|Bytes:12
02:49:23.0 (5875014)|HEAP_ALLOCATE|[18]|Bytes:12
02:49:23.0 (5878013)|HEAP_ALLOCATE|[18]|Bytes:12
02:49:23.0 (5881017)|HEAP_ALLOCATE|[18]|Bytes:12
02:49:23.0 (5884015)|HEAP_ALLOCATE|[18]|Bytes:12
02:49:23.0 (5887012)|HEAP_ALLOCATE|[18]|Bytes:12
02:49:23.0 (5890944)|HEAP_ALLOCATE|[18]|Bytes:12
02:49:23.0 (5897767)|HEAP_ALLOCATE|[18]|Bytes:12
02:49:23.0 (5905197)|HEAP_ALLOCATE|[18]|Bytes:12
02:49:23.0 (5912926)|HEAP_ALLOCATE|[EXTERNAL]|Bytes:-4
02:49:23.0 (5923537)|STATEMENT_EXECUTE|[19]
02:49:23.0 (5933433)|HEAP_ALLOCATE|[19]|Bytes:5
02:49:23.0 (5969848)|HEAP_ALLOCATE|[19]|Bytes:12
02:49:23.0 (5978249)|HEAP_ALLOCATE|[19]|Bytes:12
02:49:23.0 (5982435)|HEAP_ALLOCATE|[19]|Bytes:12
02:49:23.0 (5988917)|HEAP_ALLOCATE|[19]|Bytes:12
02:49:23.0 (5996191)|HEAP_ALLOCATE|[19]|Bytes:12
02:49:23.0 (6002421)|HEAP_ALLOCATE|[19]|Bytes:12
02:49:23.0 (6010612)|HEAP_ALLOCATE|[19]|Bytes:12
02:49:23.0 (6017629)|HEAP_ALLOCATE|[19]|Bytes:12
02:49:23.0 (6025096)|HEAP_ALLOCATE|[19]|Bytes:12
02:49:23.0 (6033354)|HEAP_ALLOCATE|[19]|Bytes:12
02:49:23.0 (6039928)|HEAP_ALLOCATE|[19]|Bytes:12
02:49:23.0 (6043836)|HEAP_ALLOCATE|[19]|Bytes:12
02:49:23.0 (6046876)|HEAP_ALLOCATE|[19]|Bytes:12
02:49:23.0 (6049835)|HEAP_ALLOCATE|[19]|Bytes:12
02:49:23.0 (6053959)|HEAP_ALLOCATE|[EXTERNAL]|Bytes:-4
02:49:23.0 (6064690)|STATEMENT_EXECUTE|[20]
02:49:23.0 (6075002)|HEAP_ALLOCATE|[20]|Bytes:9
02:49:23.0 (6118293)|HEAP_ALLOCATE|[20]|Bytes:12
02:49:23.0 (6130100)|HEAP_ALLOCATE|[20]|Bytes:12
02:49:23.0 (6136881)|HEAP_ALLOCATE|[20]|Bytes:12
02:49:23.0 (6144330)|HEAP_ALLOCATE|[20]|Bytes:12
02:49:23.0 (6152655)|HEAP_ALLOCATE|[20]|Bytes:12
02:49:23.0 (6160375)|HEAP_ALLOCATE|[20]|Bytes:12
02:49:23.0 (6165524)|HEAP_ALLOCATE|[20]|Bytes:12
02:49:23.0 (6168783)|HEAP_ALLOCATE|[20]|Bytes:12
02:49:23.0 (6171831)|HEAP_ALLOCATE|[20]|Bytes:12
02:49:23.0 (6174911)|HEAP_ALLOCATE|[20]|Bytes:12
02:49:23.0 (6178031)|HEAP_ALLOCATE|[20]|Bytes:12
02:49:23.0 (6181039)|HEAP_ALLOCATE|[20]|Bytes:12
02:49:23.0 (6184057)|HEAP_ALLOCATE|[20]|Bytes:12
02:49:23.0 (6188536)|HEAP_ALLOCATE|[20]|Bytes:12
02:49:23.0 (6194905)|HEAP_ALLOCATE|[20]|Bytes:12
02:49:23.0 (6203102)|HEAP_ALLOCATE|[EXTERNAL]|Bytes:-4
02:49:23.0 (6214777)|STATEMENT_EXECUTE|[21]
02:49:23.0 (6224640)|HEAP_ALLOCATE|[21]|Bytes:3
02:49:23.0 (6277147)|HEAP_ALLOCATE|[21]|Bytes:12
02:49:23.0 (6290136)|HEAP_ALLOCATE|[21]|Bytes:12
02:49:23.0 (6297680)|HEAP_ALLOCATE|[21]|Bytes:12
02:49:23.0 (6305539)|HEAP_ALLOCATE|[21]|Bytes:12
02:49:23.0 (6313720)|HEAP_ALLOCATE|[21]|Bytes:12
02:49:23.0 (6321444)|HEAP_ALLOCATE|[21]|Bytes:12
02:49:23.0 (6326967)|HEAP_ALLOCATE|[21]|Bytes:12
02:49:23.0 (6333628)|HEAP_ALLOCATE|[21]|Bytes:12
02:49:23.0 (6341314)|HEAP_ALLOCATE|[21]|Bytes:12
02:49:23.0 (6347617)|HEAP_ALLOCATE|[21]|Bytes:12
02:49:23.0 (6354437)|HEAP_ALLOCATE|[21]|Bytes:12
02:49:23.0 (6362472)|HEAP_ALLOCATE|[21]|Bytes:12
02:49:23.0 (6370074)|HEAP_ALLOCATE|[21]|Bytes:12
02:49:23.0 (6377301)|HEAP_ALLOCATE|[21]|Bytes:12
02:49:23.0 (6384848)|HEAP_ALLOCATE|[21]|Bytes:12
02:49:23.0 (6392346)|HEAP_ALLOCATE|[21]|Bytes:12
02:49:23.0 (6401745)|HEAP_ALLOCATE|[EXTERNAL]|Bytes:-4
02:49:23.0 (6419509)|SYSTEM_MODE_EXIT|false
02:49:23.0 (6433348)|METHOD_EXIT|[1]|RelatedListDataGridController
02:49:23.0 (6441970)|HEAP_ALLOCATE|[EXTERNAL]|Bytes:817
02:49:23.0 (6452119)|SYSTEM_MODE_ENTER|false
02:49:23.0 (6464387)|VARIABLE_SCOPE_BEGIN|[222]|jsonData|String|false|false
02:49:23.0 (6487527)|VARIABLE_ASSIGNMENT|[222]|jsonData|"[{\"attributes\":{\"typ (797 more) ..."
02:49:23.0 (6501466)|HEAP_ALLOCATE|[224]|Bytes:5
02:49:23.0 (6505708)|STATEMENT_EXECUTE|[223]
02:49:23.0 (6507039)|STATEMENT_EXECUTE|[224]
02:49:23.0 (6563616)|HEAP_ALLOCATE|[224]|Bytes:4
02:49:23.0 (6613524)|VARIABLE_SCOPE_BEGIN|[224]|sObjectsItems|List<SObject>|true|false
02:49:23.0 (6625592)|HEAP_ALLOCATE|[EXTERNAL]|Bytes:4
02:49:23.0 (6642057)|VARIABLE_ASSIGNMENT|[224]|sObjectsItems|[]|0x5868a634
02:49:23.0 (6647050)|STATEMENT_EXECUTE|[226]
02:49:23.0 (6698591)|HEAP_ALLOCATE|[226]|Bytes:24
02:49:23.0 (6712193)|SYSTEM_METHOD_ENTRY|[1]|JSON.JSON()
02:49:23.0 (6715792)|STATEMENT_EXECUTE|[1]
02:49:23.0 (6723017)|SYSTEM_METHOD_EXIT|[1]|JSON
02:49:23.0 (6738989)|METHOD_ENTRY|[226]||System.JSON.deserializeUntyped(String)
02:49:23.0 (8456990)|METHOD_EXIT|[226]||System.JSON.deserializeUntyped(String)
02:49:23.0 (8475008)|VARIABLE_SCOPE_BEGIN|[226]|items|List<ANY>|true|false
02:49:23.0 (8522979)|HEAP_ALLOCATE|[EXTERNAL]|Bytes:8
02:49:23.0 (8549962)|VARIABLE_ASSIGNMENT|[226]|items|["Map of size 20 too large to display"]|0x3241feb
02:49:23.0 (8674110)|HEAP_ALLOCATE|[228]|Bytes:5
02:49:23.0 (8715757)|HEAP_ALLOCATE|[228]|Bytes:84
02:49:23.0 (8735104)|VARIABLE_SCOPE_BEGIN|[228]|obj|Object|false|false
02:49:23.0 (8755288)|VARIABLE_ASSIGNMENT|[228]|obj|"Map of size 20 too large to display"
02:49:23.0 (8760947)|STATEMENT_EXECUTE|[228]
02:49:23.0 (8763251)|STATEMENT_EXECUTE|[229]
02:49:23.0 (8770929)|VARIABLE_SCOPE_BEGIN|[229]|mObj|Map<String,ANY>|true|false
02:49:23.0 (8783623)|VARIABLE_ASSIGNMENT|[229]|mObj|"Map of size 20 too large to display"|0x3546d654
02:49:23.0 (8787852)|STATEMENT_EXECUTE|[232]
02:49:23.0 (8792975)|HEAP_ALLOCATE|[232]|Bytes:2
02:49:23.0 (8864962)|HEAP_ALLOCATE|[232]|Bytes:4
02:49:23.0 (8874650)|VARIABLE_SCOPE_BEGIN|[232]|objId|Id|false|false
02:49:23.0 (9101607)|VARIABLE_ASSIGNMENT|[232]|objId|"a2628000000raQUAAY"
02:49:23.0 (9110743)|STATEMENT_EXECUTE|[233]
02:49:23.0 (9222968)|VARIABLE_SCOPE_BEGIN|[233]|objType|Schema.SObjectType|true|false
02:49:23.0 (9303462)|VARIABLE_ASSIGNMENT|[233]|objType|"common.apex.runtime.impl.ApexSObjectTypeToken@2873890e"|0x2873890e
02:49:23.0 (9309935)|STATEMENT_EXECUTE|[234]
02:49:23.0 (9634476)|HEAP_ALLOCATE|[234]|Bytes:8
02:49:23.0 (9649903)|VARIABLE_SCOPE_BEGIN|[234]|sObj|SObject|true|false
02:49:23.0 (9677079)|VARIABLE_ASSIGNMENT|[234]|sObj|{"Id":"a2628000000raQUAAY"}|0x8fc93ff
02:49:23.0 (9691584)|HEAP_ALLOCATE|[237]|Bytes:4
02:49:23.0 (9791207)|HEAP_ALLOCATE|[237]|Bytes:333
02:49:23.0 (9822150)|HEAP_ALLOCATE|[237]|Bytes:80
02:49:23.0 (9861070)|HEAP_ALLOCATE|[237]|Bytes:5
02:49:23.0 (9883986)|VARIABLE_SCOPE_BEGIN|[237]|field|String|false|false
02:49:23.0 (9894817)|VARIABLE_ASSIGNMENT|[237]|field|"attributes"
02:49:23.0 (9899050)|STATEMENT_EXECUTE|[237]
02:49:23.0 (9900813)|STATEMENT_EXECUTE|[238]
02:49:23.0 (10717730)|HEAP_ALLOCATE|[238]|Bytes:4
02:49:23.0 (12947999)|HEAP_ALLOCATE|[238]|Bytes:64
02:49:23.0 (12993977)|VARIABLE_SCOPE_BEGIN|[238]|sfield|Schema.SObjectField|true|false
02:49:23.0 (13010330)|VARIABLE_ASSIGNMENT|[238]|sfield|null|
02:49:23.0 (13023227)|STATEMENT_EXECUTE|[239]
02:49:23.0 (13046375)|HEAP_ALLOCATE|[237]|Bytes:5
02:49:23.0 (13069661)|VARIABLE_SCOPE_BEGIN|[237]|field|String|false|false
02:49:23.0 (13082059)|VARIABLE_ASSIGNMENT|[237]|field|"Id"
02:49:23.0 (13085599)|STATEMENT_EXECUTE|[237]
02:49:23.0 (13087264)|STATEMENT_EXECUTE|[238]
02:49:23.0 (13112388)|HEAP_ALLOCATE|[238]|Bytes:4
02:49:23.0 (13278344)|HEAP_ALLOCATE|[238]|Bytes:64
02:49:23.0 (13306687)|VARIABLE_SCOPE_BEGIN|[238]|sfield|Schema.SObjectField|true|false
02:49:23.0 (13437054)|VARIABLE_ASSIGNMENT|[238]|sfield|"common.apex.runtime.impl.ApexFieldToken@1edf6cdc"|0x1edf6cdc
02:49:23.0 (14341136)|HEAP_ALLOCATE|[239]|Bytes:8
02:49:23.0 (14378825)|STATEMENT_EXECUTE|[239]
02:49:23.0 (14402826)|HEAP_ALLOCATE|[237]|Bytes:5
02:49:23.0 (14424089)|VARIABLE_SCOPE_BEGIN|[237]|field|String|false|false
02:49:23.0 (14438333)|VARIABLE_ASSIGNMENT|[237]|field|"OwnerId"
02:49:23.0 (14442880)|STATEMENT_EXECUTE|[237]
02:49:23.0 (14444783)|STATEMENT_EXECUTE|[238]
02:49:23.0 (14467294)|HEAP_ALLOCATE|[238]|Bytes:4
02:49:23.0 (14670959)|HEAP_ALLOCATE|[238]|Bytes:64
02:49:23.0 (14712395)|VARIABLE_SCOPE_BEGIN|[238]|sfield|Schema.SObjectField|true|false
02:49:23.0 (14816505)|VARIABLE_ASSIGNMENT|[238]|sfield|"common.apex.runtime.impl.ApexFieldToken@5e876a6a"|0x5e876a6a
02:49:23.0 (15063038)|HEAP_ALLOCATE|[239]|Bytes:8
02:49:23.0 (15086152)|STATEMENT_EXECUTE|[239]
02:49:23.0 (15141000)|HEAP_ALLOCATE|[240]|Bytes:8
02:49:23.0 (15932349)|HEAP_ALLOCATE|[240]|Bytes:12
02:49:23.0 (16102589)|HEAP_ALLOCATE|[246]|Bytes:8
02:49:23.0 (16149445)|HEAP_ALLOCATE|[246]|Bytes:12
02:49:23.0 (16196728)|STATEMENT_EXECUTE|[252]
02:49:23.0 (16200281)|STATEMENT_EXECUTE|[253]
02:49:23.0 (16398136)|HEAP_ALLOCATE|[237]|Bytes:5
02:49:23.0 (16423869)|VARIABLE_SCOPE_BEGIN|[237]|field|String|false|false
02:49:23.0 (16438866)|VARIABLE_ASSIGNMENT|[237]|field|"IsDeleted"
02:49:23.0 (16443530)|STATEMENT_EXECUTE|[237]
02:49:23.0 (16445334)|STATEMENT_EXECUTE|[238]
02:49:23.0 (16469047)|HEAP_ALLOCATE|[238]|Bytes:4
02:49:23.0 (16687482)|HEAP_ALLOCATE|[238]|Bytes:64
02:49:23.0 (16732241)|VARIABLE_SCOPE_BEGIN|[238]|sfield|Schema.SObjectField|true|false
02:49:23.0 (16837492)|VARIABLE_ASSIGNMENT|[238]|sfield|"common.apex.runtime.impl.ApexFieldToken@68a2fc0b"|0x68a2fc0b
02:49:23.0 (17032927)|HEAP_ALLOCATE|[239]|Bytes:8
02:49:23.0 (17055815)|STATEMENT_EXECUTE|[239]
02:49:23.0 (17074278)|HEAP_ALLOCATE|[237]|Bytes:5
02:49:23.0 (17096257)|VARIABLE_SCOPE_BEGIN|[237]|field|String|false|false
02:49:23.0 (17106812)|VARIABLE_ASSIGNMENT|[237]|field|"Name"
02:49:23.0 (17111534)|STATEMENT_EXECUTE|[237]
02:49:23.0 (17113399)|STATEMENT_EXECUTE|[238]
02:49:23.0 (17134182)|HEAP_ALLOCATE|[238]|Bytes:4
02:49:23.0 (17306721)|HEAP_ALLOCATE|[238]|Bytes:64
02:49:23.0 (17341079)|VARIABLE_SCOPE_BEGIN|[238]|sfield|Schema.SObjectField|true|false
02:49:23.0 (17420542)|VARIABLE_ASSIGNMENT|[238]|sfield|"common.apex.runtime.impl.ApexFieldToken@45b5965c"|0x45b5965c
02:49:23.0 (17643185)|HEAP_ALLOCATE|[239]|Bytes:8
02:49:23.0 (17664399)|STATEMENT_EXECUTE|[239]
02:49:23.0 (17708125)|HEAP_ALLOCATE|[240]|Bytes:8
02:49:23.0 (17759527)|HEAP_ALLOCATE|[240]|Bytes:12
02:49:23.0 (17853791)|HEAP_ALLOCATE|[246]|Bytes:8
02:49:23.0 (17890414)|HEAP_ALLOCATE|[246]|Bytes:12
02:49:23.0 (17938838)|STATEMENT_EXECUTE|[252]
02:49:23.0 (17942795)|STATEMENT_EXECUTE|[253]
02:49:23.0 (18046528)|HEAP_ALLOCATE|[237]|Bytes:5
02:49:23.0 (18068627)|VARIABLE_SCOPE_BEGIN|[237]|field|String|false|false
02:49:23.0 (18080877)|VARIABLE_ASSIGNMENT|[237]|field|"CreatedDate"
02:49:23.0 (18085485)|STATEMENT_EXECUTE|[237]
02:49:23.0 (18087515)|STATEMENT_EXECUTE|[238]
02:49:23.0 (18109868)|HEAP_ALLOCATE|[238]|Bytes:4
02:49:23.0 (18299924)|HEAP_ALLOCATE|[238]|Bytes:64
02:49:23.0 (18337754)|VARIABLE_SCOPE_BEGIN|[238]|sfield|Schema.SObjectField|true|false
02:49:23.0 (18426767)|VARIABLE_ASSIGNMENT|[238]|sfield|"common.apex.runtime.impl.ApexFieldToken@7bd30c0f"|0x7bd30c0f
02:49:23.0 (18633629)|HEAP_ALLOCATE|[239]|Bytes:8
02:49:23.0 (18649509)|STATEMENT_EXECUTE|[239]
02:49:23.0 (18661867)|HEAP_ALLOCATE|[237]|Bytes:5
02:49:23.0 (18673780)|VARIABLE_SCOPE_BEGIN|[237]|field|String|false|false
02:49:23.0 (18682512)|VARIABLE_ASSIGNMENT|[237]|field|"CreatedById"
02:49:23.0 (18686133)|STATEMENT_EXECUTE|[237]
02:49:23.0 (18687758)|STATEMENT_EXECUTE|[238]
02:49:23.0 (18712856)|HEAP_ALLOCATE|[238]|Bytes:4
02:49:23.0 (18902663)|HEAP_ALLOCATE|[238]|Bytes:64
02:49:23.0 (18938930)|VARIABLE_SCOPE_BEGIN|[238]|sfield|Schema.SObjectField|true|false
02:49:23.0 (19019164)|VARIABLE_ASSIGNMENT|[238]|sfield|"common.apex.runtime.impl.ApexFieldToken@78b415f1"|0x78b415f1
02:49:23.0 (19258402)|HEAP_ALLOCATE|[239]|Bytes:8
02:49:23.0 (19274085)|STATEMENT_EXECUTE|[239]
02:49:23.0 (19286847)|HEAP_ALLOCATE|[237]|Bytes:5
02:49:23.0 (19299013)|VARIABLE_SCOPE_BEGIN|[237]|field|String|false|false
02:49:23.0 (19307482)|VARIABLE_ASSIGNMENT|[237]|field|"LastModifiedDate"
02:49:23.0 (19310412)|STATEMENT_EXECUTE|[237]
02:49:23.0 (19311578)|STATEMENT_EXECUTE|[238]
02:49:23.0 (19323932)|HEAP_ALLOCATE|[238]|Bytes:4
02:49:23.0 (19477568)|HEAP_ALLOCATE|[238]|Bytes:64
02:49:23.0 (19508240)|VARIABLE_SCOPE_BEGIN|[238]|sfield|Schema.SObjectField|true|false
02:49:23.0 (19586682)|VARIABLE_ASSIGNMENT|[238]|sfield|"common.apex.runtime.impl.ApexFieldToken@7ef0bbec"|0x7ef0bbec
02:49:23.0 (19769595)|HEAP_ALLOCATE|[239]|Bytes:8
02:49:23.0 (19784659)|STATEMENT_EXECUTE|[239]
02:49:23.0 (19796727)|HEAP_ALLOCATE|[237]|Bytes:5
02:49:23.0 (19808205)|VARIABLE_SCOPE_BEGIN|[237]|field|String|false|false
02:49:23.0 (19816033)|VARIABLE_ASSIGNMENT|[237]|field|"LastModifiedById"
02:49:23.0 (19818342)|STATEMENT_EXECUTE|[237]
02:49:23.0 (19819620)|STATEMENT_EXECUTE|[238]
02:49:23.0 (19832531)|HEAP_ALLOCATE|[238]|Bytes:4
02:49:23.0 (19958551)|HEAP_ALLOCATE|[238]|Bytes:64
02:49:23.0 (19988751)|VARIABLE_SCOPE_BEGIN|[238]|sfield|Schema.SObjectField|true|false
02:49:23.0 (20066675)|VARIABLE_ASSIGNMENT|[238]|sfield|"common.apex.runtime.impl.ApexFieldToken@6a1c38af"|0x6a1c38af
02:49:23.0 (20269179)|HEAP_ALLOCATE|[239]|Bytes:8
02:49:23.0 (20289504)|STATEMENT_EXECUTE|[239]
02:49:23.0 (20307674)|HEAP_ALLOCATE|[237]|Bytes:5
02:49:23.0 (20329491)|VARIABLE_SCOPE_BEGIN|[237]|field|String|false|false
02:49:23.0 (20340772)|VARIABLE_ASSIGNMENT|[237]|field|"SystemModstamp"
02:49:23.0 (20345187)|STATEMENT_EXECUTE|[237]
02:49:23.0 (20347158)|STATEMENT_EXECUTE|[238]
02:49:23.0 (20368293)|HEAP_ALLOCATE|[238]|Bytes:4
02:49:23.0 (20540454)|HEAP_ALLOCATE|[238]|Bytes:64
02:49:23.0 (20573645)|VARIABLE_SCOPE_BEGIN|[238]|sfield|Schema.SObjectField|true|false
02:49:23.0 (20650113)|VARIABLE_ASSIGNMENT|[238]|sfield|"common.apex.runtime.impl.ApexFieldToken@1e6f1d6"|0x1e6f1d6
02:49:23.0 (20820690)|HEAP_ALLOCATE|[239]|Bytes:8
02:49:23.0 (20841524)|STATEMENT_EXECUTE|[239]
02:49:23.0 (20859053)|HEAP_ALLOCATE|[237]|Bytes:5
02:49:23.0 (20881166)|VARIABLE_SCOPE_BEGIN|[237]|field|String|false|false
02:49:23.0 (20892558)|VARIABLE_ASSIGNMENT|[237]|field|"LastViewedDate"
02:49:23.0 (20896812)|STATEMENT_EXECUTE|[237]
02:49:23.0 (20898779)|STATEMENT_EXECUTE|[238]
02:49:23.0 (20918776)|HEAP_ALLOCATE|[238]|Bytes:4
02:49:23.0 (21084255)|HEAP_ALLOCATE|[238]|Bytes:64
02:49:23.0 (21119896)|VARIABLE_SCOPE_BEGIN|[238]|sfield|Schema.SObjectField|true|false
02:49:23.0 (21195766)|VARIABLE_ASSIGNMENT|[238]|sfield|"common.apex.runtime.impl.ApexFieldToken@42efb89b"|0x42efb89b
02:49:23.0 (21358299)|HEAP_ALLOCATE|[239]|Bytes:8
02:49:23.0 (21379099)|STATEMENT_EXECUTE|[239]
02:49:23.0 (21397612)|HEAP_ALLOCATE|[237]|Bytes:5
02:49:23.0 (21415161)|VARIABLE_SCOPE_BEGIN|[237]|field|String|false|false
02:49:23.0 (21424665)|VARIABLE_ASSIGNMENT|[237]|field|"LastReferencedDate"
02:49:23.0 (21428243)|STATEMENT_EXECUTE|[237]
02:49:23.0 (21429999)|STATEMENT_EXECUTE|[238]
02:49:23.0 (21453482)|HEAP_ALLOCATE|[238]|Bytes:4
02:49:23.0 (21616869)|HEAP_ALLOCATE|[238]|Bytes:64
02:49:23.0 (21647519)|VARIABLE_SCOPE_BEGIN|[238]|sfield|Schema.SObjectField|true|false
02:49:23.0 (21715725)|VARIABLE_ASSIGNMENT|[238]|sfield|"common.apex.runtime.impl.ApexFieldToken@2d8d8790"|0x2d8d8790
02:49:23.0 (21830293)|HEAP_ALLOCATE|[239]|Bytes:8
02:49:23.0 (21844884)|STATEMENT_EXECUTE|[239]
02:49:23.0 (21855877)|HEAP_ALLOCATE|[237]|Bytes:5
02:49:23.0 (21866611)|VARIABLE_SCOPE_BEGIN|[237]|field|String|false|false
02:49:23.0 (21873754)|VARIABLE_ASSIGNMENT|[237]|field|"Account__c"
02:49:23.0 (21875932)|STATEMENT_EXECUTE|[237]
02:49:23.0 (21876904)|STATEMENT_EXECUTE|[238]
02:49:23.0 (21889265)|HEAP_ALLOCATE|[238]|Bytes:4
02:49:23.0 (21994498)|HEAP_ALLOCATE|[238]|Bytes:64
02:49:23.0 (22015719)|VARIABLE_SCOPE_BEGIN|[238]|sfield|Schema.SObjectField|true|false
02:49:23.0 (22071820)|VARIABLE_ASSIGNMENT|[238]|sfield|"common.apex.runtime.impl.ApexFieldToken@56566f2b"|0x56566f2b
02:49:23.0 (25357042)|HEAP_ALLOCATE|[239]|Bytes:8
02:49:23.0 (25401064)|STATEMENT_EXECUTE|[239]
02:49:23.0 (25448944)|HEAP_ALLOCATE|[240]|Bytes:8
02:49:23.0 (25530837)|HEAP_ALLOCATE|[240]|Bytes:12
02:49:23.0 (25651535)|HEAP_ALLOCATE|[246]|Bytes:8
02:49:23.0 (25689717)|HEAP_ALLOCATE|[246]|Bytes:12
02:49:23.0 (25747360)|STATEMENT_EXECUTE|[252]
02:49:23.0 (25751285)|STATEMENT_EXECUTE|[253]
02:49:23.0 (25894730)|HEAP_ALLOCATE|[237]|Bytes:5
02:49:23.0 (25923114)|VARIABLE_SCOPE_BEGIN|[237]|field|String|false|false
02:49:23.0 (25947301)|VARIABLE_ASSIGNMENT|[237]|field|"Contact__c"
02:49:23.0 (25952761)|STATEMENT_EXECUTE|[237]
02:49:23.0 (25954969)|STATEMENT_EXECUTE|[238]
02:49:23.0 (25983075)|HEAP_ALLOCATE|[238]|Bytes:4
02:49:23.0 (26236619)|HEAP_ALLOCATE|[238]|Bytes:64
02:49:23.0 (26277271)|VARIABLE_SCOPE_BEGIN|[238]|sfield|Schema.SObjectField|true|false
02:49:23.0 (26436655)|VARIABLE_ASSIGNMENT|[238]|sfield|"common.apex.runtime.impl.ApexFieldToken@7002fb84"|0x7002fb84
02:49:23.0 (26728033)|HEAP_ALLOCATE|[239]|Bytes:8
02:49:23.0 (26750259)|STATEMENT_EXECUTE|[239]
02:49:23.0 (26790650)|HEAP_ALLOCATE|[240]|Bytes:8
02:49:23.0 (26831958)|HEAP_ALLOCATE|[240]|Bytes:12
02:49:23.0 (26921659)|HEAP_ALLOCATE|[246]|Bytes:8
02:49:23.0 (26959216)|HEAP_ALLOCATE|[246]|Bytes:12
02:49:23.0 (27006801)|STATEMENT_EXECUTE|[252]
02:49:23.0 (27011637)|STATEMENT_EXECUTE|[253]
02:49:23.0 (27121658)|HEAP_ALLOCATE|[237]|Bytes:5
02:49:23.0 (27143219)|VARIABLE_SCOPE_BEGIN|[237]|field|String|false|false
02:49:23.0 (27155598)|VARIABLE_ASSIGNMENT|[237]|field|"Allocation__c"
02:49:23.0 (27159645)|STATEMENT_EXECUTE|[237]
02:49:23.0 (27161320)|STATEMENT_EXECUTE|[238]
02:49:23.0 (27184526)|HEAP_ALLOCATE|[238]|Bytes:4
02:49:23.0 (27359674)|HEAP_ALLOCATE|[238]|Bytes:64
02:49:23.0 (27395382)|VARIABLE_SCOPE_BEGIN|[238]|sfield|Schema.SObjectField|true|false
02:49:23.0 (27480657)|VARIABLE_ASSIGNMENT|[238]|sfield|"common.apex.runtime.impl.ApexFieldToken@172067e8"|0x172067e8
02:49:23.0 (27634354)|HEAP_ALLOCATE|[239]|Bytes:8
02:49:23.0 (27655631)|STATEMENT_EXECUTE|[239]
02:49:23.0 (27691212)|HEAP_ALLOCATE|[240]|Bytes:8
02:49:23.0 (27724878)|HEAP_ALLOCATE|[240]|Bytes:12
02:49:23.0 (27782459)|HEAP_ALLOCATE|[246]|Bytes:8
02:49:23.0 (27805406)|HEAP_ALLOCATE|[246]|Bytes:12
02:49:23.0 (27835720)|STATEMENT_EXECUTE|[252]
02:49:23.0 (27838428)|STATEMENT_EXECUTE|[253]
02:49:23.0 (27912799)|HEAP_ALLOCATE|[237]|Bytes:5
02:49:23.0 (27925661)|VARIABLE_SCOPE_BEGIN|[237]|field|String|false|false
02:49:23.0 (27932801)|VARIABLE_ASSIGNMENT|[237]|field|"OwnerId__Name"
02:49:23.0 (27935488)|STATEMENT_EXECUTE|[237]
02:49:23.0 (27936532)|STATEMENT_EXECUTE|[238]
02:49:23.0 (27950497)|HEAP_ALLOCATE|[238]|Bytes:4
02:49:23.0 (28093489)|HEAP_ALLOCATE|[238]|Bytes:64
02:49:23.0 (28119011)|VARIABLE_SCOPE_BEGIN|[238]|sfield|Schema.SObjectField|true|false
02:49:23.0 (28129844)|VARIABLE_ASSIGNMENT|[238]|sfield|null|
02:49:23.0 (28134987)|STATEMENT_EXECUTE|[239]
02:49:23.0 (28148937)|HEAP_ALLOCATE|[237]|Bytes:5
02:49:23.0 (28164984)|VARIABLE_SCOPE_BEGIN|[237]|field|String|false|false
02:49:23.0 (28174022)|VARIABLE_ASSIGNMENT|[237]|field|"CreatedById__Name"
02:49:23.0 (28177665)|STATEMENT_EXECUTE|[237]
02:49:23.0 (28179470)|STATEMENT_EXECUTE|[238]
02:49:23.0 (28196743)|HEAP_ALLOCATE|[238]|Bytes:4
02:49:23.0 (28342792)|HEAP_ALLOCATE|[238]|Bytes:64
02:49:23.0 (28366752)|VARIABLE_SCOPE_BEGIN|[238]|sfield|Schema.SObjectField|true|false
02:49:23.0 (28374773)|VARIABLE_ASSIGNMENT|[238]|sfield|null|
02:49:23.0 (28379964)|STATEMENT_EXECUTE|[239]
02:49:23.0 (28391724)|HEAP_ALLOCATE|[237]|Bytes:5
02:49:23.0 (28406412)|VARIABLE_SCOPE_BEGIN|[237]|field|String|false|false
02:49:23.0 (28417695)|VARIABLE_ASSIGNMENT|[237]|field|"LastModifiedById__Na (2 more) ..."
02:49:23.0 (28421395)|STATEMENT_EXECUTE|[237]
02:49:23.0 (28423159)|STATEMENT_EXECUTE|[238]
02:49:23.0 (28440059)|HEAP_ALLOCATE|[238]|Bytes:4
02:49:23.0 (28586429)|HEAP_ALLOCATE|[238]|Bytes:64
02:49:23.0 (28609883)|VARIABLE_SCOPE_BEGIN|[238]|sfield|Schema.SObjectField|true|false
02:49:23.0 (28617662)|VARIABLE_ASSIGNMENT|[238]|sfield|null|
02:49:23.0 (28622486)|STATEMENT_EXECUTE|[239]
02:49:23.0 (28634760)|HEAP_ALLOCATE|[237]|Bytes:5
02:49:23.0 (28651274)|VARIABLE_SCOPE_BEGIN|[237]|field|String|false|false
02:49:23.0 (28659705)|VARIABLE_ASSIGNMENT|[237]|field|"Account__c__Name"
02:49:23.0 (28663279)|STATEMENT_EXECUTE|[237]
02:49:23.0 (28665668)|STATEMENT_EXECUTE|[238]
02:49:23.0 (28681946)|HEAP_ALLOCATE|[238]|Bytes:4
02:49:23.0 (28834451)|HEAP_ALLOCATE|[238]|Bytes:64
02:49:23.0 (28857086)|VARIABLE_SCOPE_BEGIN|[238]|sfield|Schema.SObjectField|true|false
02:49:23.0 (28872505)|VARIABLE_ASSIGNMENT|[238]|sfield|null|
02:49:23.0 (28877692)|STATEMENT_EXECUTE|[239]
02:49:23.0 (28890805)|HEAP_ALLOCATE|[237]|Bytes:5
02:49:23.0 (28906723)|VARIABLE_SCOPE_BEGIN|[237]|field|String|false|false
02:49:23.0 (28915006)|VARIABLE_ASSIGNMENT|[237]|field|"Contact__c__Name"
02:49:23.0 (28918254)|STATEMENT_EXECUTE|[237]
02:49:23.0 (28919884)|STATEMENT_EXECUTE|[238]
02:49:23.0 (28936595)|HEAP_ALLOCATE|[238]|Bytes:4
02:49:23.0 (29088897)|HEAP_ALLOCATE|[238]|Bytes:64
02:49:23.0 (29118735)|VARIABLE_SCOPE_BEGIN|[238]|sfield|Schema.SObjectField|true|false
02:49:23.0 (29128318)|VARIABLE_ASSIGNMENT|[238]|sfield|null|
02:49:23.0 (29133461)|STATEMENT_EXECUTE|[239]
02:49:23.0 (29148866)|HEAP_ALLOCATE|[237]|Bytes:5
02:49:23.0 (29166846)|VARIABLE_ASSIGNMENT|[237]|field|null
02:49:23.0 (29173121)|STATEMENT_EXECUTE|[258]
02:49:23.0 (29268078)|HEAP_ALLOCATE|[EXTERNAL]|Bytes:4
02:49:23.0 (29300465)|HEAP_ALLOCATE|[228]|Bytes:5
02:49:23.0 (29329571)|VARIABLE_ASSIGNMENT|[228]|obj|null
02:49:23.0 (29335748)|STATEMENT_EXECUTE|[261]
02:49:23.0 (29414222)|DML_BEGIN|[261]|Op:Update|Type:SObject|Rows:1
02:49:23.0 (29449367)|HEAP_ALLOCATE|[EXTERNAL]|Bytes:8
02:49:23.0 (68057614)|DML_END|[261]
02:49:23.0 (68149384)|HEAP_ALLOCATE|[EXTERNAL]|Bytes:8
02:49:23.0 (68171275)|STATEMENT_EXECUTE|[262]
02:49:23.0 (68186277)|HEAP_ALLOCATE|[262]|Bytes:5
02:49:23.0 (68198899)|HEAP_ALLOCATE|[262]|Bytes:5
02:49:23.0 (68207058)|SYSTEM_MODE_EXIT|false
02:49:23.75 (75578603)|CUMULATIVE_LIMIT_USAGE
02:49:23.75 (75578603)|LIMIT_USAGE_FOR_NS|(default)|
  Number of SOQL queries: 0 out of 100
  Number of query rows: 0 out of 50000
  Number of SOSL queries: 0 out of 20
  Number of DML statements: 1 out of 150
  Number of DML rows: 1 out of 10000
  Maximum CPU time: 0 out of 10000
  Maximum heap size: 0 out of 6000000
  Number of callouts: 0 out of 100
  Number of Email Invocations: 0 out of 10
  Number of future calls: 0 out of 50
  Number of queueable jobs added to the queue: 0 out of 50
  Number of Mobile Apex push calls: 0 out of 10

02:49:23.75 (75578603)|CUMULATIVE_LIMIT_USAGE_END

02:49:23.0 (75637005)|CODE_UNIT_FINISHED|RelatedListDataGridController.saveRelatedListItems
