40.0 APEX_CODE,FINEST;APEX_PROFILING,INFO;CALLOUT,INFO;DB,INFO;SYSTEM,DEBUG;VALIDATION,INFO;VISUALFORCE,INFO;WAVE,INFO;WORKFLOW,INFO
22:29:31.0 (50308)|USER_INFO|[EXTERNAL]|005280000056Sdu|ngmmadhan@gmail.com|Pacific Standard Time|GMT-07:00
22:29:31.0 (71320)|EXECUTION_STARTED
22:29:31.0 (74546)|CODE_UNIT_STARTED|[EXTERNAL]|aura
22:29:31.0 (343569)|HEAP_ALLOCATE|[72]|Bytes:3
22:29:31.0 (377234)|HEAP_ALLOCATE|[77]|Bytes:152
22:29:31.0 (391879)|HEAP_ALLOCATE|[342]|Bytes:408
22:29:31.0 (406294)|HEAP_ALLOCATE|[355]|Bytes:408
22:29:31.0 (418318)|HEAP_ALLOCATE|[467]|Bytes:48
22:29:31.0 (441838)|HEAP_ALLOCATE|[139]|Bytes:6
22:29:31.0 (458234)|HEAP_ALLOCATE|[EXTERNAL]|Bytes:91
22:29:31.0 (463006)|HEAP_ALLOCATE|[EXTERNAL]|Bytes:91
22:29:31.0 (499630)|CODE_UNIT_FINISHED|aura
22:29:31.0 (1322857)|EXECUTION_FINISHED
22:29:31.2 (2210666)|USER_INFO|[EXTERNAL]|005280000056Sdu|ngmmadhan@gmail.com|Pacific Standard Time|GMT-07:00
22:29:31.2 (2217075)|EXECUTION_STARTED
22:29:31.2 (2219220)|CODE_UNIT_STARTED|[EXTERNAL]|01p2800000EnYhK|CruderCntrl.ReadSObjects
22:29:31.2 (2351234)|HEAP_ALLOCATE|[EXTERNAL]|Bytes:30
22:29:31.2 (2355625)|HEAP_ALLOCATE|[EXTERNAL]|Bytes:16
22:29:31.2 (2362314)|METHOD_ENTRY|[16]|01p2800000EnYhK|CruderCntrl.CruderCntrl()
22:29:31.2 (2366150)|STATEMENT_EXECUTE|[16]
22:29:31.2 (2370350)|STATEMENT_EXECUTE|[16]
22:29:31.2 (2402568)|HEAP_ALLOCATE|[50]|Bytes:5
22:29:31.2 (2422900)|HEAP_ALLOCATE|[56]|Bytes:5
22:29:31.2 (2428310)|HEAP_ALLOCATE|[64]|Bytes:7
22:29:31.2 (2442092)|SYSTEM_MODE_ENTER|false
22:29:31.2 (2453009)|HEAP_ALLOCATE|[EXTERNAL]|Bytes:5
22:29:31.2 (2455688)|STATEMENT_EXECUTE|[201]
22:29:31.2 (2456914)|STATEMENT_EXECUTE|[213]
22:29:31.2 (2460899)|SYSTEM_MODE_EXIT|false
22:29:31.2 (2466649)|METHOD_EXIT|[16]|CruderCntrl
22:29:31.2 (2469667)|HEAP_ALLOCATE|[EXTERNAL]|Bytes:91
22:29:31.2 (2473606)|SYSTEM_MODE_ENTER|false
22:29:31.2 (2478616)|VARIABLE_SCOPE_BEGIN|[22]|query|String|false|false
22:29:31.2 (2497848)|VARIABLE_ASSIGNMENT|[22]|query|"SELECT Parent_Warran (71 more) ..."
22:29:31.2 (2508237)|HEAP_ALLOCATE|[23]|Bytes:5
22:29:31.2 (2511211)|STATEMENT_EXECUTE|[22]
22:29:31.2 (2512241)|STATEMENT_EXECUTE|[23]
22:29:31.2 (2516641)|HEAP_ALLOCATE|[23]|Bytes:20
22:29:31.2 (2529762)|CONSTRUCTOR_ENTRY|[23]|01p2800000EnYhK|<init>()
22:29:31.2 (2551046)|VARIABLE_SCOPE_BEGIN|[201]|this|CruderCntrl.OutputWrapper|true|false
22:29:31.2 (2605509)|VARIABLE_ASSIGNMENT|[201]|this|{}|0x5635354e
22:29:31.2 (2612511)|HEAP_ALLOCATE|[EXTERNAL]|Bytes:6
22:29:31.2 (2635198)|STATEMENT_EXECUTE|[201]
22:29:31.2 (2636508)|STATEMENT_EXECUTE|[203]
22:29:31.2 (2637571)|STATEMENT_EXECUTE|[205]
22:29:31.2 (2638584)|STATEMENT_EXECUTE|[207]
22:29:31.2 (2639528)|STATEMENT_EXECUTE|[209]
22:29:31.2 (2643255)|CONSTRUCTOR_EXIT|[23]|01p2800000EnYhK|<init>()
22:29:31.2 (2646382)|VARIABLE_SCOPE_BEGIN|[23]|wrapObj|CruderCntrl.OutputWrapper|true|false
22:29:31.2 (2656360)|VARIABLE_ASSIGNMENT|[23]|wrapObj|{}|0x5635354e
22:29:31.2 (2658333)|STATEMENT_EXECUTE|[24]
22:29:31.2 (2662089)|VARIABLE_SCOPE_BEGIN|[24]|sObjectApiName|String|false|false
22:29:31.2 (2666037)|VARIABLE_ASSIGNMENT|[24]|sObjectApiName|""
22:29:31.2 (2667448)|STATEMENT_EXECUTE|[25]
22:29:31.2 (2668942)|VARIABLE_SCOPE_BEGIN|[25]|sObjectLabel|String|false|false
22:29:31.2 (2671602)|VARIABLE_ASSIGNMENT|[25]|sObjectLabel|""
22:29:31.2 (2672726)|STATEMENT_EXECUTE|[26]
22:29:31.2 (2675369)|VARIABLE_SCOPE_BEGIN|[26]|success|Boolean|false|false
22:29:31.2 (2678907)|HEAP_ALLOCATE|[26]|Bytes:5
22:29:31.2 (2682999)|VARIABLE_ASSIGNMENT|[26]|success|false
22:29:31.2 (2684133)|STATEMENT_EXECUTE|[27]
22:29:31.2 (2689125)|HEAP_ALLOCATE|[27]|Bytes:4
22:29:31.2 (2714146)|VARIABLE_SCOPE_BEGIN|[27]|sObjList|List<SObject>|true|false
22:29:31.2 (2720650)|HEAP_ALLOCATE|[EXTERNAL]|Bytes:4
22:29:31.2 (2727817)|VARIABLE_ASSIGNMENT|[27]|sObjList|[]|0x3b28c79f
22:29:31.2 (2729744)|STATEMENT_EXECUTE|[29]
22:29:31.2 (2730697)|STATEMENT_EXECUTE|[29]
22:29:31.2 (2731797)|STATEMENT_EXECUTE|[30]
22:29:31.2 (2756340)|HEAP_ALLOCATE|[30]|Bytes:5
22:29:31.2 (3275693)|SOQL_EXECUTE_BEGIN|[30]|Aggregations:0|SELECT Parent_Warranty_Code__r.Name, Warranty_Code__c,Description__c FROM Warranty_Codes__c
22:29:31.2 (19407325)|SOQL_EXECUTE_END|[30]|Rows:6
22:29:31.2 (19426915)|HEAP_ALLOCATE|[30]|Bytes:28
22:29:31.2 (19457875)|HEAP_ALLOCATE|[30]|Bytes:857
22:29:31.2 (19521305)|HEAP_ALLOCATE|[30]|Bytes:28
22:29:31.2 (19553564)|VARIABLE_ASSIGNMENT|[30]|sObjList|"List of size 6 too large to display"|0x6910c50e
22:29:31.2 (19626611)|STATEMENT_EXECUTE|[31]
22:29:31.2 (19628635)|STATEMENT_EXECUTE|[32]
22:29:31.2 (19652829)|HEAP_ALLOCATE|[32]|Bytes:24
22:29:31.2 (19723259)|VARIABLE_SCOPE_BEGIN|[32]|type|Schema.SObjectType|true|false
22:29:31.2 (19817682)|VARIABLE_ASSIGNMENT|[32]|type|"common.apex.runtime.impl.ApexSObjectTypeToken@e4bc260"|0xe4bc260
22:29:31.2 (19821706)|STATEMENT_EXECUTE|[33]
22:29:31.2 (20251446)|HEAP_ALLOCATE|[33]|Bytes:4
22:29:31.2 (20275820)|VARIABLE_SCOPE_BEGIN|[33]|sobjectDescribe|Schema.DescribeSObjectResult|true|false
22:29:31.2 (20339207)|VARIABLE_ASSIGNMENT|[33]|sobjectDescribe|"common.api.soap.wsdl.DescribeSObjectResult@33d95277"|0x6b11ffc0
22:29:31.2 (20342906)|STATEMENT_EXECUTE|[34]
22:29:31.2 (20352522)|HEAP_ALLOCATE|[34]|Bytes:24
22:29:31.2 (20409650)|HEAP_ALLOCATE|[34]|Bytes:17
22:29:31.2 (20421479)|VARIABLE_ASSIGNMENT|[34]|sObjectApiName|"Warranty_Codes__c"
22:29:31.2 (20424167)|STATEMENT_EXECUTE|[35]
22:29:31.2 (20443882)|HEAP_ALLOCATE|[35]|Bytes:13
22:29:31.2 (20448270)|VARIABLE_ASSIGNMENT|[35]|sObjectLabel|"Warranty Code"
22:29:31.2 (20450237)|STATEMENT_EXECUTE|[36]
22:29:31.2 (20455031)|HEAP_ALLOCATE|[36]|Bytes:5
22:29:31.2 (20459577)|VARIABLE_ASSIGNMENT|[36]|success|true
22:29:31.2 (20461660)|STATEMENT_EXECUTE|[38]
22:29:31.2 (20473404)|VARIABLE_ASSIGNMENT|[38]|this.sObjList|"List of size 6 too large to display"|0x5635354e
22:29:31.2 (20475303)|STATEMENT_EXECUTE|[39]
22:29:31.2 (20478894)|VARIABLE_ASSIGNMENT|[39]|this.sObjectLabel|"Warranty Code"|0x5635354e
22:29:31.2 (20480524)|STATEMENT_EXECUTE|[40]
22:29:31.2 (20483613)|VARIABLE_ASSIGNMENT|[40]|this.sObjectApiName|"Warranty_Codes__c"|0x5635354e
22:29:31.2 (20484968)|STATEMENT_EXECUTE|[41]
22:29:31.2 (20487073)|HEAP_ALLOCATE|[41]|Bytes:5
22:29:31.2 (20490778)|VARIABLE_ASSIGNMENT|[41]|this.success|true|0x5635354e
22:29:31.2 (20492944)|STATEMENT_EXECUTE|[49]
22:29:31.2 (20501128)|SYSTEM_MODE_EXIT|false
22:29:31.20 (20519656)|CUMULATIVE_LIMIT_USAGE
22:29:31.20 (20519656)|LIMIT_USAGE_FOR_NS|(default)|
  Number of SOQL queries: 1 out of 100
  Number of query rows: 6 out of 50000
  Number of SOSL queries: 0 out of 20
  Number of DML statements: 0 out of 150
  Number of DML rows: 0 out of 10000
  Maximum CPU time: 0 out of 10000
  Maximum heap size: 0 out of 6000000
  Number of callouts: 0 out of 100
  Number of Email Invocations: 0 out of 10
  Number of future calls: 0 out of 50
  Number of queueable jobs added to the queue: 0 out of 50
  Number of Mobile Apex push calls: 0 out of 10

22:29:31.20 (20519656)|CUMULATIVE_LIMIT_USAGE_END

22:29:31.2 (20545169)|CODE_UNIT_FINISHED|CruderCntrl.ReadSObjects
22:29:31.2 (21573115)|EXECUTION_FINISHED
22:29:31.22 (22894878)|USER_INFO|[EXTERNAL]|005280000056Sdu|ngmmadhan@gmail.com|Pacific Standard Time|GMT-07:00
22:29:31.22 (22902286)|EXECUTION_STARTED
22:29:31.22 (22905073)|CODE_UNIT_STARTED|[EXTERNAL]|Aura
22:29:31.22 (22982529)|CODE_UNIT_FINISHED|Aura
22:29:31.22 (23611469)|EXECUTION_FINISHED
