40.0 APEX_CODE,FINEST;APEX_PROFILING,INFO;CALLOUT,INFO;DB,INFO;SYSTEM,DEBUG;VALIDATION,INFO;VISUALFORCE,INFO;WAVE,INFO;WORKFLOW,INFO
23:01:43.0 (132546)|USER_INFO|[EXTERNAL]|005280000056Sdu|ngmmadhan@gmail.com|Pacific Standard Time|GMT-07:00
23:01:43.0 (175591)|EXECUTION_STARTED
23:01:43.0 (182019)|CODE_UNIT_STARTED|[EXTERNAL]|aura
23:01:43.0 (590960)|HEAP_ALLOCATE|[72]|Bytes:3
23:01:43.0 (651018)|HEAP_ALLOCATE|[77]|Bytes:152
23:01:43.0 (683682)|HEAP_ALLOCATE|[342]|Bytes:408
23:01:43.0 (717356)|HEAP_ALLOCATE|[355]|Bytes:408
23:01:43.0 (746439)|HEAP_ALLOCATE|[467]|Bytes:48
23:01:43.0 (796820)|HEAP_ALLOCATE|[139]|Bytes:6
23:01:43.0 (838991)|HEAP_ALLOCATE|[EXTERNAL]|Bytes:91
23:01:43.0 (849744)|HEAP_ALLOCATE|[EXTERNAL]|Bytes:91
23:01:43.0 (925985)|CODE_UNIT_FINISHED|aura
23:01:43.0 (1938370)|EXECUTION_FINISHED
23:01:43.3 (3033164)|USER_INFO|[EXTERNAL]|005280000056Sdu|ngmmadhan@gmail.com|Pacific Standard Time|GMT-07:00
23:01:43.3 (3050401)|EXECUTION_STARTED
23:01:43.3 (3056883)|CODE_UNIT_STARTED|[EXTERNAL]|01p2800000EnYhK|CruderCntrl.ReadSObjects
23:01:43.3 (3205258)|HEAP_ALLOCATE|[EXTERNAL]|Bytes:30
23:01:43.3 (3218019)|HEAP_ALLOCATE|[EXTERNAL]|Bytes:16
23:01:43.3 (3235875)|METHOD_ENTRY|[16]|01p2800000EnYhK|CruderCntrl.CruderCntrl()
23:01:43.3 (3242373)|STATEMENT_EXECUTE|[16]
23:01:43.3 (3252293)|STATEMENT_EXECUTE|[16]
23:01:43.3 (3305918)|HEAP_ALLOCATE|[50]|Bytes:5
23:01:43.3 (3348574)|HEAP_ALLOCATE|[56]|Bytes:5
23:01:43.3 (3369641)|HEAP_ALLOCATE|[64]|Bytes:7
23:01:43.3 (3409959)|SYSTEM_MODE_ENTER|false
23:01:43.3 (3428133)|HEAP_ALLOCATE|[EXTERNAL]|Bytes:5
23:01:43.3 (3436041)|STATEMENT_EXECUTE|[201]
23:01:43.3 (3439616)|STATEMENT_EXECUTE|[213]
23:01:43.3 (3448479)|SYSTEM_MODE_EXIT|false
23:01:43.3 (3464967)|METHOD_EXIT|[16]|CruderCntrl
23:01:43.3 (3473540)|HEAP_ALLOCATE|[EXTERNAL]|Bytes:91
23:01:43.3 (3489664)|SYSTEM_MODE_ENTER|false
23:01:43.3 (3499043)|VARIABLE_SCOPE_BEGIN|[22]|query|String|false|false
23:01:43.3 (3544284)|VARIABLE_ASSIGNMENT|[22]|query|"SELECT Parent_Warran (71 more) ..."
23:01:43.3 (3566457)|HEAP_ALLOCATE|[23]|Bytes:5
23:01:43.3 (3573923)|STATEMENT_EXECUTE|[22]
23:01:43.3 (3576761)|STATEMENT_EXECUTE|[23]
23:01:43.3 (3700160)|HEAP_ALLOCATE|[23]|Bytes:20
23:01:43.3 (3725071)|CONSTRUCTOR_ENTRY|[23]|01p2800000EnYhK|<init>()
23:01:43.3 (3756244)|VARIABLE_SCOPE_BEGIN|[201]|this|CruderCntrl.OutputWrapper|true|false
23:01:43.3 (3815634)|VARIABLE_ASSIGNMENT|[201]|this|{}|0x64b99bd2
23:01:43.3 (3832438)|HEAP_ALLOCATE|[EXTERNAL]|Bytes:6
23:01:43.3 (3874384)|STATEMENT_EXECUTE|[201]
23:01:43.3 (3878945)|STATEMENT_EXECUTE|[203]
23:01:43.3 (3882597)|STATEMENT_EXECUTE|[205]
23:01:43.3 (3885054)|STATEMENT_EXECUTE|[207]
23:01:43.3 (3887345)|STATEMENT_EXECUTE|[209]
23:01:43.3 (3897614)|CONSTRUCTOR_EXIT|[23]|01p2800000EnYhK|<init>()
23:01:43.3 (3907462)|VARIABLE_SCOPE_BEGIN|[23]|wrapObj|CruderCntrl.OutputWrapper|true|false
23:01:43.3 (3939521)|VARIABLE_ASSIGNMENT|[23]|wrapObj|{}|0x64b99bd2
23:01:43.3 (3944687)|STATEMENT_EXECUTE|[24]
23:01:43.3 (3957017)|VARIABLE_SCOPE_BEGIN|[24]|sObjectApiName|String|false|false
23:01:43.3 (3968537)|VARIABLE_ASSIGNMENT|[24]|sObjectApiName|""
23:01:43.3 (3972459)|STATEMENT_EXECUTE|[25]
23:01:43.3 (3978098)|VARIABLE_SCOPE_BEGIN|[25]|sObjectLabel|String|false|false
23:01:43.3 (3987115)|VARIABLE_ASSIGNMENT|[25]|sObjectLabel|""
23:01:43.3 (3991414)|STATEMENT_EXECUTE|[26]
23:01:43.3 (3998463)|VARIABLE_SCOPE_BEGIN|[26]|success|Boolean|false|false
23:01:43.3 (4009956)|HEAP_ALLOCATE|[26]|Bytes:5
23:01:43.3 (4025100)|VARIABLE_ASSIGNMENT|[26]|success|false
23:01:43.3 (4028493)|STATEMENT_EXECUTE|[27]
23:01:43.3 (4089027)|HEAP_ALLOCATE|[27]|Bytes:4
23:01:43.3 (4147350)|VARIABLE_SCOPE_BEGIN|[27]|sObjList|List<SObject>|true|false
23:01:43.3 (4159997)|HEAP_ALLOCATE|[EXTERNAL]|Bytes:4
23:01:43.3 (4175056)|VARIABLE_ASSIGNMENT|[27]|sObjList|[]|0x176ffea7
23:01:43.3 (4180406)|STATEMENT_EXECUTE|[29]
23:01:43.3 (4181808)|STATEMENT_EXECUTE|[29]
23:01:43.3 (4183133)|STATEMENT_EXECUTE|[30]
23:01:43.3 (4229739)|HEAP_ALLOCATE|[30]|Bytes:5
23:01:43.3 (5299257)|SOQL_EXECUTE_BEGIN|[30]|Aggregations:0|SELECT Parent_Warranty_Code__r.Name, Warranty_Code__c,Description__c FROM Warranty_Codes__c
23:01:43.3 (9801684)|SOQL_EXECUTE_END|[30]|Rows:6
23:01:43.3 (9826396)|HEAP_ALLOCATE|[30]|Bytes:28
23:01:43.3 (9865229)|HEAP_ALLOCATE|[30]|Bytes:857
23:01:43.3 (9951258)|HEAP_ALLOCATE|[30]|Bytes:28
23:01:43.3 (9992625)|VARIABLE_ASSIGNMENT|[30]|sObjList|"List of size 6 too large to display"|0x54f7c0da
23:01:43.3 (10074289)|STATEMENT_EXECUTE|[31]
23:01:43.3 (10077986)|STATEMENT_EXECUTE|[32]
23:01:43.3 (10100813)|HEAP_ALLOCATE|[32]|Bytes:24
23:01:43.3 (10174976)|VARIABLE_SCOPE_BEGIN|[32]|type|Schema.SObjectType|true|false
23:01:43.3 (10278906)|VARIABLE_ASSIGNMENT|[32]|type|"common.apex.runtime.impl.ApexSObjectTypeToken@6238732c"|0x6238732c
23:01:43.3 (10283007)|STATEMENT_EXECUTE|[33]
23:01:43.3 (10523440)|HEAP_ALLOCATE|[33]|Bytes:4
23:01:43.3 (10554351)|VARIABLE_SCOPE_BEGIN|[33]|sobjectDescribe|Schema.DescribeSObjectResult|true|false
23:01:43.3 (10626318)|VARIABLE_ASSIGNMENT|[33]|sobjectDescribe|"common.api.soap.wsdl.DescribeSObjectResult@33d95277"|0x30fe82f
23:01:43.3 (10630468)|STATEMENT_EXECUTE|[34]
23:01:43.3 (10640611)|HEAP_ALLOCATE|[34]|Bytes:24
23:01:43.3 (10714734)|HEAP_ALLOCATE|[34]|Bytes:17
23:01:43.3 (10727824)|VARIABLE_ASSIGNMENT|[34]|sObjectApiName|"Warranty_Codes__c"
23:01:43.3 (10730489)|STATEMENT_EXECUTE|[35]
23:01:43.3 (10748766)|HEAP_ALLOCATE|[35]|Bytes:13
23:01:43.3 (10753379)|VARIABLE_ASSIGNMENT|[35]|sObjectLabel|"Warranty Code"
23:01:43.3 (10755319)|STATEMENT_EXECUTE|[36]
23:01:43.3 (10759569)|HEAP_ALLOCATE|[36]|Bytes:5
23:01:43.3 (10763994)|VARIABLE_ASSIGNMENT|[36]|success|true
23:01:43.3 (10766033)|STATEMENT_EXECUTE|[38]
23:01:43.3 (10779327)|VARIABLE_ASSIGNMENT|[38]|this.sObjList|"List of size 6 too large to display"|0x64b99bd2
23:01:43.3 (10781235)|STATEMENT_EXECUTE|[39]
23:01:43.3 (10785101)|VARIABLE_ASSIGNMENT|[39]|this.sObjectLabel|"Warranty Code"|0x64b99bd2
23:01:43.3 (10786530)|STATEMENT_EXECUTE|[40]
23:01:43.3 (10789548)|VARIABLE_ASSIGNMENT|[40]|this.sObjectApiName|"Warranty_Codes__c"|0x64b99bd2
23:01:43.3 (10791098)|STATEMENT_EXECUTE|[41]
23:01:43.3 (10793337)|HEAP_ALLOCATE|[41]|Bytes:5
23:01:43.3 (10796679)|VARIABLE_ASSIGNMENT|[41]|this.success|true|0x64b99bd2
23:01:43.3 (10799009)|STATEMENT_EXECUTE|[49]
23:01:43.3 (10807792)|SYSTEM_MODE_EXIT|false
23:01:43.10 (10833179)|CUMULATIVE_LIMIT_USAGE
23:01:43.10 (10833179)|LIMIT_USAGE_FOR_NS|(default)|
  Number of SOQL queries: 1 out of 100
  Number of query rows: 6 out of 50000
  Number of SOSL queries: 0 out of 20
  Number of DML statements: 0 out of 150
  Number of DML rows: 0 out of 10000
  Maximum CPU time: 0 out of 10000
  Maximum heap size: 0 out of 6000000
  Number of callouts: 0 out of 100
  Number of Email Invocations: 0 out of 10
  Number of future calls: 0 out of 50
  Number of queueable jobs added to the queue: 0 out of 50
  Number of Mobile Apex push calls: 0 out of 10

23:01:43.10 (10833179)|CUMULATIVE_LIMIT_USAGE_END

23:01:43.3 (10866598)|CODE_UNIT_FINISHED|CruderCntrl.ReadSObjects
23:01:43.3 (12101296)|EXECUTION_FINISHED
23:01:43.13 (13904475)|USER_INFO|[EXTERNAL]|005280000056Sdu|ngmmadhan@gmail.com|Pacific Standard Time|GMT-07:00
23:01:43.13 (13921900)|EXECUTION_STARTED
23:01:43.13 (13929274)|CODE_UNIT_STARTED|[EXTERNAL]|Aura
23:01:43.13 (14161590)|CODE_UNIT_FINISHED|Aura
23:01:43.13 (15216958)|EXECUTION_FINISHED
