40.0 APEX_CODE,FINEST;APEX_PROFILING,INFO;CALLOUT,INFO;DB,INFO;SYSTEM,DEBUG;VALIDATION,INFO;VISUALFORCE,INFO;WAVE,INFO;WORKFLOW,INFO
22:35:15.0 (351114)|USER_INFO|[EXTERNAL]|005280000056Sdu|ngmmadhan@gmail.com|Pacific Standard Time|GMT-07:00
22:35:15.0 (375525)|EXECUTION_STARTED
22:35:15.0 (378512)|CODE_UNIT_STARTED|[EXTERNAL]|aura
22:35:15.0 (593087)|HEAP_ALLOCATE|[72]|Bytes:3
22:35:15.0 (619133)|HEAP_ALLOCATE|[77]|Bytes:152
22:35:15.0 (631556)|HEAP_ALLOCATE|[342]|Bytes:408
22:35:15.0 (646321)|HEAP_ALLOCATE|[355]|Bytes:408
22:35:15.0 (658200)|HEAP_ALLOCATE|[467]|Bytes:48
22:35:15.0 (682033)|HEAP_ALLOCATE|[139]|Bytes:6
22:35:15.0 (696700)|HEAP_ALLOCATE|[EXTERNAL]|Bytes:91
22:35:15.0 (701518)|HEAP_ALLOCATE|[EXTERNAL]|Bytes:91
22:35:15.0 (733602)|CODE_UNIT_FINISHED|aura
22:35:15.0 (1562487)|EXECUTION_FINISHED
22:35:15.2 (2335002)|USER_INFO|[EXTERNAL]|005280000056Sdu|ngmmadhan@gmail.com|Pacific Standard Time|GMT-07:00
22:35:15.2 (2341669)|EXECUTION_STARTED
22:35:15.2 (2343764)|CODE_UNIT_STARTED|[EXTERNAL]|01p2800000EnYhK|CruderCntrl.ReadSObjects
22:35:15.2 (2398350)|HEAP_ALLOCATE|[EXTERNAL]|Bytes:30
22:35:15.2 (2402651)|HEAP_ALLOCATE|[EXTERNAL]|Bytes:16
22:35:15.2 (2409465)|METHOD_ENTRY|[16]|01p2800000EnYhK|CruderCntrl.CruderCntrl()
22:35:15.2 (2412317)|STATEMENT_EXECUTE|[16]
22:35:15.2 (2416478)|STATEMENT_EXECUTE|[16]
22:35:15.2 (2442495)|HEAP_ALLOCATE|[50]|Bytes:5
22:35:15.2 (2457843)|HEAP_ALLOCATE|[56]|Bytes:5
22:35:15.2 (2463656)|HEAP_ALLOCATE|[64]|Bytes:7
22:35:15.2 (2476427)|SYSTEM_MODE_ENTER|false
22:35:15.2 (2482733)|HEAP_ALLOCATE|[EXTERNAL]|Bytes:5
22:35:15.2 (2485571)|STATEMENT_EXECUTE|[201]
22:35:15.2 (2486794)|STATEMENT_EXECUTE|[213]
22:35:15.2 (2489505)|SYSTEM_MODE_EXIT|false
22:35:15.2 (2495385)|METHOD_EXIT|[16]|CruderCntrl
22:35:15.2 (2498287)|HEAP_ALLOCATE|[EXTERNAL]|Bytes:91
22:35:15.2 (2502492)|SYSTEM_MODE_ENTER|false
22:35:15.2 (2506313)|VARIABLE_SCOPE_BEGIN|[22]|query|String|false|false
22:35:15.2 (2527017)|VARIABLE_ASSIGNMENT|[22]|query|"SELECT Parent_Warran (71 more) ..."
22:35:15.2 (2533943)|HEAP_ALLOCATE|[23]|Bytes:5
22:35:15.2 (2536673)|STATEMENT_EXECUTE|[22]
22:35:15.2 (2537769)|STATEMENT_EXECUTE|[23]
22:35:15.2 (2586836)|HEAP_ALLOCATE|[23]|Bytes:20
22:35:15.2 (2598448)|CONSTRUCTOR_ENTRY|[23]|01p2800000EnYhK|<init>()
22:35:15.2 (2614161)|VARIABLE_SCOPE_BEGIN|[201]|this|CruderCntrl.OutputWrapper|true|false
22:35:15.2 (2641583)|VARIABLE_ASSIGNMENT|[201]|this|{}|0x20c1bfc7
22:35:15.2 (2647326)|HEAP_ALLOCATE|[EXTERNAL]|Bytes:6
22:35:15.2 (2663182)|STATEMENT_EXECUTE|[201]
22:35:15.2 (2664478)|STATEMENT_EXECUTE|[203]
22:35:15.2 (2665554)|STATEMENT_EXECUTE|[205]
22:35:15.2 (2666539)|STATEMENT_EXECUTE|[207]
22:35:15.2 (2667529)|STATEMENT_EXECUTE|[209]
22:35:15.2 (2670983)|CONSTRUCTOR_EXIT|[23]|01p2800000EnYhK|<init>()
22:35:15.2 (2679296)|VARIABLE_SCOPE_BEGIN|[23]|wrapObj|CruderCntrl.OutputWrapper|true|false
22:35:15.2 (2688706)|VARIABLE_ASSIGNMENT|[23]|wrapObj|{}|0x20c1bfc7
22:35:15.2 (2690285)|STATEMENT_EXECUTE|[24]
22:35:15.2 (2694262)|VARIABLE_SCOPE_BEGIN|[24]|sObjectApiName|String|false|false
22:35:15.2 (2698077)|VARIABLE_ASSIGNMENT|[24]|sObjectApiName|""
22:35:15.2 (2699426)|STATEMENT_EXECUTE|[25]
22:35:15.2 (2700888)|VARIABLE_SCOPE_BEGIN|[25]|sObjectLabel|String|false|false
22:35:15.2 (2703061)|VARIABLE_ASSIGNMENT|[25]|sObjectLabel|""
22:35:15.2 (2704185)|STATEMENT_EXECUTE|[26]
22:35:15.2 (2706733)|VARIABLE_SCOPE_BEGIN|[26]|success|Boolean|false|false
22:35:15.2 (2710072)|HEAP_ALLOCATE|[26]|Bytes:5
22:35:15.2 (2714477)|VARIABLE_ASSIGNMENT|[26]|success|false
22:35:15.2 (2715666)|STATEMENT_EXECUTE|[27]
22:35:15.2 (2741415)|HEAP_ALLOCATE|[27]|Bytes:4
22:35:15.2 (2761486)|VARIABLE_SCOPE_BEGIN|[27]|sObjList|List<SObject>|true|false
22:35:15.2 (2766143)|HEAP_ALLOCATE|[EXTERNAL]|Bytes:4
22:35:15.2 (2772340)|VARIABLE_ASSIGNMENT|[27]|sObjList|[]|0x2485b25b
22:35:15.2 (2774121)|STATEMENT_EXECUTE|[29]
22:35:15.2 (2775103)|STATEMENT_EXECUTE|[29]
22:35:15.2 (2776057)|STATEMENT_EXECUTE|[30]
22:35:15.2 (2795466)|HEAP_ALLOCATE|[30]|Bytes:5
22:35:15.2 (3705256)|SOQL_EXECUTE_BEGIN|[30]|Aggregations:0|SELECT Parent_Warranty_Code__r.Name, Warranty_Code__c,Description__c FROM Warranty_Codes__c
22:35:15.2 (6679159)|SOQL_EXECUTE_END|[30]|Rows:6
22:35:15.2 (6692675)|HEAP_ALLOCATE|[30]|Bytes:28
22:35:15.2 (6721110)|HEAP_ALLOCATE|[30]|Bytes:857
22:35:15.2 (6767894)|HEAP_ALLOCATE|[30]|Bytes:28
22:35:15.2 (6792668)|VARIABLE_ASSIGNMENT|[30]|sObjList|"List of size 6 too large to display"|0x4a34c33
22:35:15.2 (6840747)|STATEMENT_EXECUTE|[31]
22:35:15.2 (6842626)|STATEMENT_EXECUTE|[32]
22:35:15.2 (6860151)|HEAP_ALLOCATE|[32]|Bytes:24
22:35:15.2 (6917292)|VARIABLE_SCOPE_BEGIN|[32]|type|Schema.SObjectType|true|false
22:35:15.2 (7001459)|VARIABLE_ASSIGNMENT|[32]|type|"common.apex.runtime.impl.ApexSObjectTypeToken@70991bbb"|0x70991bbb
22:35:15.2 (7005840)|STATEMENT_EXECUTE|[33]
22:35:15.2 (7208919)|HEAP_ALLOCATE|[33]|Bytes:4
22:35:15.2 (7232692)|VARIABLE_SCOPE_BEGIN|[33]|sobjectDescribe|Schema.DescribeSObjectResult|true|false
22:35:15.2 (7296668)|VARIABLE_ASSIGNMENT|[33]|sobjectDescribe|"common.api.soap.wsdl.DescribeSObjectResult@33d95277"|0xeea28fd
22:35:15.2 (7300145)|STATEMENT_EXECUTE|[34]
22:35:15.2 (7309452)|HEAP_ALLOCATE|[34]|Bytes:24
22:35:15.2 (7383421)|HEAP_ALLOCATE|[34]|Bytes:17
22:35:15.2 (7397698)|VARIABLE_ASSIGNMENT|[34]|sObjectApiName|"Warranty_Codes__c"
22:35:15.2 (7399994)|STATEMENT_EXECUTE|[35]
22:35:15.2 (7433112)|HEAP_ALLOCATE|[35]|Bytes:13
22:35:15.2 (7438806)|VARIABLE_ASSIGNMENT|[35]|sObjectLabel|"Warranty Code"
22:35:15.2 (7440450)|STATEMENT_EXECUTE|[36]
22:35:15.2 (7444935)|HEAP_ALLOCATE|[36]|Bytes:5
22:35:15.2 (7448926)|VARIABLE_ASSIGNMENT|[36]|success|true
22:35:15.2 (7451900)|STATEMENT_EXECUTE|[38]
22:35:15.2 (7463440)|VARIABLE_ASSIGNMENT|[38]|this.sObjList|"List of size 6 too large to display"|0x20c1bfc7
22:35:15.2 (7465082)|STATEMENT_EXECUTE|[39]
22:35:15.2 (7468595)|VARIABLE_ASSIGNMENT|[39]|this.sObjectLabel|"Warranty Code"|0x20c1bfc7
22:35:15.2 (7470088)|STATEMENT_EXECUTE|[40]
22:35:15.2 (7473096)|VARIABLE_ASSIGNMENT|[40]|this.sObjectApiName|"Warranty_Codes__c"|0x20c1bfc7
22:35:15.2 (7474478)|STATEMENT_EXECUTE|[41]
22:35:15.2 (7476882)|HEAP_ALLOCATE|[41]|Bytes:5
22:35:15.2 (7480231)|VARIABLE_ASSIGNMENT|[41]|this.success|true|0x20c1bfc7
22:35:15.2 (7482473)|STATEMENT_EXECUTE|[49]
22:35:15.2 (7489470)|SYSTEM_MODE_EXIT|false
22:35:15.7 (7510914)|CUMULATIVE_LIMIT_USAGE
22:35:15.7 (7510914)|LIMIT_USAGE_FOR_NS|(default)|
  Number of SOQL queries: 1 out of 100
  Number of query rows: 6 out of 50000
  Number of SOSL queries: 0 out of 20
  Number of DML statements: 0 out of 150
  Number of DML rows: 0 out of 10000
  Maximum CPU time: 0 out of 10000
  Maximum heap size: 0 out of 6000000
  Number of callouts: 0 out of 100
  Number of Email Invocations: 0 out of 10
  Number of future calls: 0 out of 50
  Number of queueable jobs added to the queue: 0 out of 50
  Number of Mobile Apex push calls: 0 out of 10

22:35:15.7 (7510914)|CUMULATIVE_LIMIT_USAGE_END

22:35:15.2 (7537798)|CODE_UNIT_FINISHED|CruderCntrl.ReadSObjects
22:35:15.2 (8786838)|EXECUTION_FINISHED
22:35:15.10 (10443699)|USER_INFO|[EXTERNAL]|005280000056Sdu|ngmmadhan@gmail.com|Pacific Standard Time|GMT-07:00
22:35:15.10 (10451086)|EXECUTION_STARTED
22:35:15.10 (10453446)|CODE_UNIT_STARTED|[EXTERNAL]|Aura
22:35:15.10 (10532079)|CODE_UNIT_FINISHED|Aura
22:35:15.10 (11241747)|EXECUTION_FINISHED
