40.0 APEX_CODE,FINEST;APEX_PROFILING,INFO;CALLOUT,INFO;DB,INFO;SYSTEM,DEBUG;VALIDATION,INFO;VISUALFORCE,INFO;WAVE,INFO;WORKFLOW,INFO
22:36:46.0 (71067)|USER_INFO|[EXTERNAL]|005280000056Sdu|ngmmadhan@gmail.com|Pacific Standard Time|GMT-07:00
22:36:46.0 (100832)|EXECUTION_STARTED
22:36:46.0 (106030)|CODE_UNIT_STARTED|[EXTERNAL]|aura
22:36:46.0 (458888)|HEAP_ALLOCATE|[72]|Bytes:3
22:36:46.0 (527655)|HEAP_ALLOCATE|[77]|Bytes:152
22:36:46.0 (549112)|HEAP_ALLOCATE|[342]|Bytes:408
22:36:46.0 (574045)|HEAP_ALLOCATE|[355]|Bytes:408
22:36:46.0 (595997)|HEAP_ALLOCATE|[467]|Bytes:48
22:36:46.0 (626965)|HEAP_ALLOCATE|[139]|Bytes:6
22:36:46.0 (649370)|HEAP_ALLOCATE|[EXTERNAL]|Bytes:91
22:36:46.0 (671474)|HEAP_ALLOCATE|[EXTERNAL]|Bytes:91
22:36:46.0 (698841)|CODE_UNIT_FINISHED|aura
22:36:46.0 (1509245)|EXECUTION_FINISHED
22:36:46.2 (2193837)|USER_INFO|[EXTERNAL]|005280000056Sdu|ngmmadhan@gmail.com|Pacific Standard Time|GMT-07:00
22:36:46.2 (2201804)|EXECUTION_STARTED
22:36:46.2 (2204445)|CODE_UNIT_STARTED|[EXTERNAL]|01p2800000EnYhK|CruderCntrl.ReadSObjects
22:36:46.2 (2278098)|HEAP_ALLOCATE|[EXTERNAL]|Bytes:30
22:36:46.2 (2282788)|HEAP_ALLOCATE|[EXTERNAL]|Bytes:16
22:36:46.2 (2308057)|METHOD_ENTRY|[16]|01p2800000EnYhK|CruderCntrl.CruderCntrl()
22:36:46.2 (2311803)|STATEMENT_EXECUTE|[16]
22:36:46.2 (2316685)|STATEMENT_EXECUTE|[16]
22:36:46.2 (2345600)|HEAP_ALLOCATE|[50]|Bytes:5
22:36:46.2 (2363343)|HEAP_ALLOCATE|[56]|Bytes:5
22:36:46.2 (2370756)|HEAP_ALLOCATE|[64]|Bytes:7
22:36:46.2 (2388569)|SYSTEM_MODE_ENTER|false
22:36:46.2 (2397183)|HEAP_ALLOCATE|[EXTERNAL]|Bytes:5
22:36:46.2 (2400182)|STATEMENT_EXECUTE|[201]
22:36:46.2 (2401506)|STATEMENT_EXECUTE|[213]
22:36:46.2 (2404481)|SYSTEM_MODE_EXIT|false
22:36:46.2 (2422434)|METHOD_EXIT|[16]|CruderCntrl
22:36:46.2 (2426314)|HEAP_ALLOCATE|[EXTERNAL]|Bytes:91
22:36:46.2 (2431005)|SYSTEM_MODE_ENTER|false
22:36:46.2 (2435352)|VARIABLE_SCOPE_BEGIN|[22]|query|String|false|false
22:36:46.2 (2456866)|VARIABLE_ASSIGNMENT|[22]|query|"SELECT Parent_Warran (71 more) ..."
22:36:46.2 (2464630)|HEAP_ALLOCATE|[23]|Bytes:5
22:36:46.2 (2467463)|STATEMENT_EXECUTE|[22]
22:36:46.2 (2468868)|STATEMENT_EXECUTE|[23]
22:36:46.2 (2527849)|HEAP_ALLOCATE|[23]|Bytes:20
22:36:46.2 (2539516)|CONSTRUCTOR_ENTRY|[23]|01p2800000EnYhK|<init>()
22:36:46.2 (2555203)|VARIABLE_SCOPE_BEGIN|[201]|this|CruderCntrl.OutputWrapper|true|false
22:36:46.2 (2583354)|VARIABLE_ASSIGNMENT|[201]|this|{}|0x3050d287
22:36:46.2 (2589909)|HEAP_ALLOCATE|[EXTERNAL]|Bytes:6
22:36:46.2 (2606818)|STATEMENT_EXECUTE|[201]
22:36:46.2 (2608203)|STATEMENT_EXECUTE|[203]
22:36:46.2 (2609269)|STATEMENT_EXECUTE|[205]
22:36:46.2 (2610272)|STATEMENT_EXECUTE|[207]
22:36:46.2 (2611289)|STATEMENT_EXECUTE|[209]
22:36:46.2 (2614953)|CONSTRUCTOR_EXIT|[23]|01p2800000EnYhK|<init>()
22:36:46.2 (2617981)|VARIABLE_SCOPE_BEGIN|[23]|wrapObj|CruderCntrl.OutputWrapper|true|false
22:36:46.2 (2626470)|VARIABLE_ASSIGNMENT|[23]|wrapObj|{}|0x3050d287
22:36:46.2 (2628192)|STATEMENT_EXECUTE|[24]
22:36:46.2 (2632214)|VARIABLE_SCOPE_BEGIN|[24]|sObjectApiName|String|false|false
22:36:46.2 (2635995)|VARIABLE_ASSIGNMENT|[24]|sObjectApiName|""
22:36:46.2 (2637213)|STATEMENT_EXECUTE|[25]
22:36:46.2 (2638578)|VARIABLE_SCOPE_BEGIN|[25]|sObjectLabel|String|false|false
22:36:46.2 (2640706)|VARIABLE_ASSIGNMENT|[25]|sObjectLabel|""
22:36:46.2 (2641864)|STATEMENT_EXECUTE|[26]
22:36:46.2 (2644469)|VARIABLE_SCOPE_BEGIN|[26]|success|Boolean|false|false
22:36:46.2 (2648091)|HEAP_ALLOCATE|[26]|Bytes:5
22:36:46.2 (2652109)|VARIABLE_ASSIGNMENT|[26]|success|false
22:36:46.2 (2653279)|STATEMENT_EXECUTE|[27]
22:36:46.2 (2677738)|HEAP_ALLOCATE|[27]|Bytes:4
22:36:46.2 (2697271)|VARIABLE_SCOPE_BEGIN|[27]|sObjList|List<SObject>|true|false
22:36:46.2 (2702278)|HEAP_ALLOCATE|[EXTERNAL]|Bytes:4
22:36:46.2 (2708795)|VARIABLE_ASSIGNMENT|[27]|sObjList|[]|0x7f7a7ea8
22:36:46.2 (2710632)|STATEMENT_EXECUTE|[29]
22:36:46.2 (2711604)|STATEMENT_EXECUTE|[29]
22:36:46.2 (2712528)|STATEMENT_EXECUTE|[30]
22:36:46.2 (2731427)|HEAP_ALLOCATE|[30]|Bytes:5
22:36:46.2 (3181737)|SOQL_EXECUTE_BEGIN|[30]|Aggregations:0|SELECT Parent_Warranty_Code__r.Name, Warranty_Code__c,Description__c FROM Warranty_Codes__c
22:36:46.2 (5877603)|SOQL_EXECUTE_END|[30]|Rows:6
22:36:46.2 (5890889)|HEAP_ALLOCATE|[30]|Bytes:28
22:36:46.2 (5918069)|HEAP_ALLOCATE|[30]|Bytes:857
22:36:46.2 (5962221)|HEAP_ALLOCATE|[30]|Bytes:28
22:36:46.2 (5984642)|VARIABLE_ASSIGNMENT|[30]|sObjList|"List of size 6 too large to display"|0x4e645000
22:36:46.2 (6030966)|STATEMENT_EXECUTE|[31]
22:36:46.2 (6033364)|STATEMENT_EXECUTE|[32]
22:36:46.2 (6051047)|HEAP_ALLOCATE|[32]|Bytes:24
22:36:46.2 (6106301)|VARIABLE_SCOPE_BEGIN|[32]|type|Schema.SObjectType|true|false
22:36:46.2 (6191962)|VARIABLE_ASSIGNMENT|[32]|type|"common.apex.runtime.impl.ApexSObjectTypeToken@198a9de0"|0x198a9de0
22:36:46.2 (6195781)|STATEMENT_EXECUTE|[33]
22:36:46.2 (6397837)|HEAP_ALLOCATE|[33]|Bytes:4
22:36:46.2 (6418344)|VARIABLE_SCOPE_BEGIN|[33]|sobjectDescribe|Schema.DescribeSObjectResult|true|false
22:36:46.2 (6477280)|VARIABLE_ASSIGNMENT|[33]|sobjectDescribe|"common.api.soap.wsdl.DescribeSObjectResult@33d95277"|0x7cc2c2d2
22:36:46.2 (6480625)|STATEMENT_EXECUTE|[34]
22:36:46.2 (6489915)|HEAP_ALLOCATE|[34]|Bytes:24
22:36:46.2 (6542420)|HEAP_ALLOCATE|[34]|Bytes:17
22:36:46.2 (6553246)|VARIABLE_ASSIGNMENT|[34]|sObjectApiName|"Warranty_Codes__c"
22:36:46.2 (6555256)|STATEMENT_EXECUTE|[35]
22:36:46.2 (6574563)|HEAP_ALLOCATE|[35]|Bytes:13
22:36:46.2 (6579005)|VARIABLE_ASSIGNMENT|[35]|sObjectLabel|"Warranty Code"
22:36:46.2 (6580545)|STATEMENT_EXECUTE|[36]
22:36:46.2 (6584579)|HEAP_ALLOCATE|[36]|Bytes:5
22:36:46.2 (6589374)|VARIABLE_ASSIGNMENT|[36]|success|true
22:36:46.2 (6591133)|STATEMENT_EXECUTE|[38]
22:36:46.2 (6602601)|VARIABLE_ASSIGNMENT|[38]|this.sObjList|"List of size 6 too large to display"|0x3050d287
22:36:46.2 (6604486)|STATEMENT_EXECUTE|[39]
22:36:46.2 (6607907)|VARIABLE_ASSIGNMENT|[39]|this.sObjectLabel|"Warranty Code"|0x3050d287
22:36:46.2 (6609330)|STATEMENT_EXECUTE|[40]
22:36:46.2 (6612480)|VARIABLE_ASSIGNMENT|[40]|this.sObjectApiName|"Warranty_Codes__c"|0x3050d287
22:36:46.2 (6613795)|STATEMENT_EXECUTE|[41]
22:36:46.2 (6616087)|HEAP_ALLOCATE|[41]|Bytes:5
22:36:46.2 (6619864)|VARIABLE_ASSIGNMENT|[41]|this.success|true|0x3050d287
22:36:46.2 (6621793)|STATEMENT_EXECUTE|[49]
22:36:46.2 (6628835)|SYSTEM_MODE_EXIT|false
22:36:46.6 (6647622)|CUMULATIVE_LIMIT_USAGE
22:36:46.6 (6647622)|LIMIT_USAGE_FOR_NS|(default)|
  Number of SOQL queries: 1 out of 100
  Number of query rows: 6 out of 50000
  Number of SOSL queries: 0 out of 20
  Number of DML statements: 0 out of 150
  Number of DML rows: 0 out of 10000
  Maximum CPU time: 0 out of 10000
  Maximum heap size: 0 out of 6000000
  Number of callouts: 0 out of 100
  Number of Email Invocations: 0 out of 10
  Number of future calls: 0 out of 50
  Number of queueable jobs added to the queue: 0 out of 50
  Number of Mobile Apex push calls: 0 out of 10

22:36:46.6 (6647622)|CUMULATIVE_LIMIT_USAGE_END

22:36:46.2 (6673244)|CODE_UNIT_FINISHED|CruderCntrl.ReadSObjects
22:36:46.2 (8068385)|EXECUTION_FINISHED
22:36:46.9 (9720736)|USER_INFO|[EXTERNAL]|005280000056Sdu|ngmmadhan@gmail.com|Pacific Standard Time|GMT-07:00
22:36:46.9 (9730694)|EXECUTION_STARTED
22:36:46.9 (9734188)|CODE_UNIT_STARTED|[EXTERNAL]|Aura
22:36:46.9 (9876672)|CODE_UNIT_FINISHED|Aura
22:36:46.9 (10514793)|EXECUTION_FINISHED
