39.0 APEX_CODE,FINEST;APEX_PROFILING,INFO;CALLOUT,INFO;DB,INFO;SYSTEM,DEBUG;VALIDATION,INFO;VISUALFORCE,INFO;WAVE,INFO;WORKFLOW,INFO
02:24:29.0 (514955)|USER_INFO|[EXTERNAL]|005280000056Sdu|ngmmadhan@gmail.com|Pacific Standard Time|GMT-07:00
02:24:29.0 (542085)|EXECUTION_STARTED
02:24:29.0 (545078)|CODE_UNIT_STARTED|[EXTERNAL]|aura
02:24:29.0 (1189911)|HEAP_ALLOCATE|[72]|Bytes:3
02:24:29.0 (1219406)|HEAP_ALLOCATE|[77]|Bytes:152
02:24:29.0 (1231044)|HEAP_ALLOCATE|[342]|Bytes:408
02:24:29.0 (1244267)|HEAP_ALLOCATE|[355]|Bytes:408
02:24:29.0 (1256407)|HEAP_ALLOCATE|[467]|Bytes:48
02:24:29.0 (1280954)|HEAP_ALLOCATE|[139]|Bytes:6
02:24:29.0 (1290738)|HEAP_ALLOCATE|[EXTERNAL]|Bytes:18
02:24:29.0 (1299899)|HEAP_ALLOCATE|[EXTERNAL]|Bytes:4
02:24:29.0 (1531763)|HEAP_ALLOCATE|[EXTERNAL]|Bytes:14
02:24:29.0 (1536662)|HEAP_ALLOCATE|[EXTERNAL]|Bytes:14
02:24:29.0 (1561417)|HEAP_ALLOCATE|[EXTERNAL]|Bytes:2
02:24:29.0 (1563682)|HEAP_ALLOCATE|[EXTERNAL]|Bytes:2
02:24:29.0 (3274230)|CODE_UNIT_STARTED|[EXTERNAL]|01p2800000EnCqi|RelatedListDataGridController.createRelatedObject
02:24:29.0 (3399626)|VARIABLE_SCOPE_BEGIN|[2]|RelatedListDataGridController.typesMap|Map<Schema.DisplayType,String>|true|true
02:24:29.0 (3458654)|HEAP_ALLOCATE|[EXTERNAL]|Bytes:45
02:24:29.0 (3465489)|HEAP_ALLOCATE|[EXTERNAL]|Bytes:7
02:24:29.0 (3477144)|METHOD_ENTRY|[1]|01p2800000EnCqi|RelatedListDataGridController.RelatedListDataGridController()
02:24:29.0 (3480580)|STATEMENT_EXECUTE|[1]
02:24:29.0 (3485591)|STATEMENT_EXECUTE|[1]
02:24:29.0 (3518597)|HEAP_ALLOCATE|[50]|Bytes:5
02:24:29.0 (3538719)|HEAP_ALLOCATE|[56]|Bytes:5
02:24:29.0 (3545388)|HEAP_ALLOCATE|[64]|Bytes:7
02:24:29.0 (3559351)|SYSTEM_MODE_ENTER|false
02:24:29.0 (3566666)|HEAP_ALLOCATE|[2]|Bytes:5
02:24:29.0 (3569534)|STATEMENT_EXECUTE|[2]
02:24:29.0 (3572555)|HEAP_ALLOCATE|[2]|Bytes:4
02:24:29.0 (3614241)|VARIABLE_ASSIGNMENT|[2]|RelatedListDataGridController.typesMap|{}|0x284dfdf
02:24:29.0 (3616847)|STATEMENT_EXECUTE|[4]
02:24:29.0 (3618090)|STATEMENT_EXECUTE|[5]
02:24:29.0 (3862627)|HEAP_ALLOCATE|[5]|Bytes:8
02:24:29.0 (3912918)|HEAP_ALLOCATE|[EXTERNAL]|Bytes:-4
02:24:29.0 (3920865)|STATEMENT_EXECUTE|[6]
02:24:29.0 (3925839)|HEAP_ALLOCATE|[6]|Bytes:6
02:24:29.0 (3945020)|HEAP_ALLOCATE|[6]|Bytes:12
02:24:29.0 (3952961)|HEAP_ALLOCATE|[EXTERNAL]|Bytes:-4
02:24:29.0 (3957288)|STATEMENT_EXECUTE|[7]
02:24:29.0 (3961051)|HEAP_ALLOCATE|[7]|Bytes:7
02:24:29.0 (3977480)|HEAP_ALLOCATE|[7]|Bytes:12
02:24:29.0 (3981198)|HEAP_ALLOCATE|[7]|Bytes:12
02:24:29.0 (3983910)|HEAP_ALLOCATE|[EXTERNAL]|Bytes:-4
02:24:29.0 (3987596)|STATEMENT_EXECUTE|[8]
02:24:29.0 (3991105)|HEAP_ALLOCATE|[8]|Bytes:8
02:24:29.0 (4006495)|HEAP_ALLOCATE|[8]|Bytes:12
02:24:29.0 (4011009)|HEAP_ALLOCATE|[8]|Bytes:12
02:24:29.0 (4013234)|HEAP_ALLOCATE|[8]|Bytes:12
02:24:29.0 (4015365)|HEAP_ALLOCATE|[EXTERNAL]|Bytes:-4
02:24:29.0 (4018954)|STATEMENT_EXECUTE|[9]
02:24:29.0 (4021828)|HEAP_ALLOCATE|[9]|Bytes:8
02:24:29.0 (4037547)|HEAP_ALLOCATE|[9]|Bytes:12
02:24:29.0 (4042944)|HEAP_ALLOCATE|[9]|Bytes:12
02:24:29.0 (4047104)|HEAP_ALLOCATE|[9]|Bytes:12
02:24:29.0 (4050760)|HEAP_ALLOCATE|[9]|Bytes:12
02:24:29.0 (4054236)|HEAP_ALLOCATE|[EXTERNAL]|Bytes:-4
02:24:29.0 (4060685)|STATEMENT_EXECUTE|[10]
02:24:29.0 (4067042)|HEAP_ALLOCATE|[10]|Bytes:4
02:24:29.0 (4097784)|HEAP_ALLOCATE|[10]|Bytes:12
02:24:29.0 (4104707)|HEAP_ALLOCATE|[10]|Bytes:12
02:24:29.0 (4108330)|HEAP_ALLOCATE|[10]|Bytes:12
02:24:29.0 (4112592)|HEAP_ALLOCATE|[10]|Bytes:12
02:24:29.0 (4116235)|HEAP_ALLOCATE|[10]|Bytes:12
02:24:29.0 (4120023)|HEAP_ALLOCATE|[EXTERNAL]|Bytes:-4
02:24:29.0 (4126858)|STATEMENT_EXECUTE|[11]
02:24:29.0 (4132623)|HEAP_ALLOCATE|[11]|Bytes:8
02:24:29.0 (4165678)|HEAP_ALLOCATE|[11]|Bytes:12
02:24:29.0 (4172831)|HEAP_ALLOCATE|[11]|Bytes:12
02:24:29.0 (4176775)|HEAP_ALLOCATE|[11]|Bytes:12
02:24:29.0 (4180144)|HEAP_ALLOCATE|[11]|Bytes:12
02:24:29.0 (4183529)|HEAP_ALLOCATE|[11]|Bytes:12
02:24:29.0 (4186796)|HEAP_ALLOCATE|[11]|Bytes:12
02:24:29.0 (4190776)|HEAP_ALLOCATE|[EXTERNAL]|Bytes:-4
02:24:29.0 (4197532)|STATEMENT_EXECUTE|[12]
02:24:29.0 (4203428)|HEAP_ALLOCATE|[12]|Bytes:6
02:24:29.0 (4222713)|HEAP_ALLOCATE|[12]|Bytes:12
02:24:29.0 (4226363)|HEAP_ALLOCATE|[12]|Bytes:12
02:24:29.0 (4228367)|HEAP_ALLOCATE|[12]|Bytes:12
02:24:29.0 (4230285)|HEAP_ALLOCATE|[12]|Bytes:12
02:24:29.0 (4232335)|HEAP_ALLOCATE|[12]|Bytes:12
02:24:29.0 (4234394)|HEAP_ALLOCATE|[12]|Bytes:12
02:24:29.0 (4236330)|HEAP_ALLOCATE|[12]|Bytes:12
02:24:29.0 (4238403)|HEAP_ALLOCATE|[EXTERNAL]|Bytes:-4
02:24:29.0 (4242404)|STATEMENT_EXECUTE|[13]
02:24:29.0 (4245981)|HEAP_ALLOCATE|[13]|Bytes:6
02:24:29.0 (4261109)|HEAP_ALLOCATE|[13]|Bytes:12
02:24:29.0 (4264248)|HEAP_ALLOCATE|[13]|Bytes:12
02:24:29.0 (4266776)|HEAP_ALLOCATE|[13]|Bytes:12
02:24:29.0 (4268981)|HEAP_ALLOCATE|[13]|Bytes:12
02:24:29.0 (4271147)|HEAP_ALLOCATE|[13]|Bytes:12
02:24:29.0 (4273121)|HEAP_ALLOCATE|[13]|Bytes:12
02:24:29.0 (4275161)|HEAP_ALLOCATE|[13]|Bytes:12
02:24:29.0 (4277130)|HEAP_ALLOCATE|[13]|Bytes:12
02:24:29.0 (4279251)|HEAP_ALLOCATE|[EXTERNAL]|Bytes:-4
02:24:29.0 (4282702)|STATEMENT_EXECUTE|[14]
02:24:29.0 (4285944)|HEAP_ALLOCATE|[14]|Bytes:5
02:24:29.0 (4303217)|HEAP_ALLOCATE|[14]|Bytes:12
02:24:29.0 (4306889)|HEAP_ALLOCATE|[14]|Bytes:12
02:24:29.0 (4308966)|HEAP_ALLOCATE|[14]|Bytes:12
02:24:29.0 (4310936)|HEAP_ALLOCATE|[14]|Bytes:12
02:24:29.0 (4313038)|HEAP_ALLOCATE|[14]|Bytes:12
02:24:29.0 (4314938)|HEAP_ALLOCATE|[14]|Bytes:12
02:24:29.0 (4316872)|HEAP_ALLOCATE|[14]|Bytes:12
02:24:29.0 (4318890)|HEAP_ALLOCATE|[14]|Bytes:12
02:24:29.0 (4320841)|HEAP_ALLOCATE|[14]|Bytes:12
02:24:29.0 (4323065)|HEAP_ALLOCATE|[EXTERNAL]|Bytes:-4
02:24:29.0 (4326752)|STATEMENT_EXECUTE|[15]
02:24:29.0 (4329908)|HEAP_ALLOCATE|[15]|Bytes:7
02:24:29.0 (4344975)|HEAP_ALLOCATE|[15]|Bytes:12
02:24:29.0 (4348154)|HEAP_ALLOCATE|[15]|Bytes:12
02:24:29.0 (4350534)|HEAP_ALLOCATE|[15]|Bytes:12
02:24:29.0 (4352484)|HEAP_ALLOCATE|[15]|Bytes:12
02:24:29.0 (4354437)|HEAP_ALLOCATE|[15]|Bytes:12
02:24:29.0 (4356428)|HEAP_ALLOCATE|[15]|Bytes:12
02:24:29.0 (4358608)|HEAP_ALLOCATE|[15]|Bytes:12
02:24:29.0 (4360820)|HEAP_ALLOCATE|[15]|Bytes:12
02:24:29.0 (4362757)|HEAP_ALLOCATE|[15]|Bytes:12
02:24:29.0 (4364732)|HEAP_ALLOCATE|[15]|Bytes:12
02:24:29.0 (4366745)|HEAP_ALLOCATE|[EXTERNAL]|Bytes:-4
02:24:29.0 (4373813)|STATEMENT_EXECUTE|[16]
02:24:29.0 (4377117)|HEAP_ALLOCATE|[16]|Bytes:7
02:24:29.0 (4393706)|HEAP_ALLOCATE|[16]|Bytes:12
02:24:29.0 (4397113)|HEAP_ALLOCATE|[16]|Bytes:12
02:24:29.0 (4399184)|HEAP_ALLOCATE|[16]|Bytes:12
02:24:29.0 (4401134)|HEAP_ALLOCATE|[16]|Bytes:12
02:24:29.0 (4403374)|HEAP_ALLOCATE|[16]|Bytes:12
02:24:29.0 (4405395)|HEAP_ALLOCATE|[16]|Bytes:12
02:24:29.0 (4407397)|HEAP_ALLOCATE|[16]|Bytes:12
02:24:29.0 (4409613)|HEAP_ALLOCATE|[16]|Bytes:12
02:24:29.0 (4412022)|HEAP_ALLOCATE|[16]|Bytes:12
02:24:29.0 (4414022)|HEAP_ALLOCATE|[16]|Bytes:12
02:24:29.0 (4416217)|HEAP_ALLOCATE|[16]|Bytes:12
02:24:29.0 (4418535)|HEAP_ALLOCATE|[EXTERNAL]|Bytes:-4
02:24:29.0 (4421931)|STATEMENT_EXECUTE|[17]
02:24:29.0 (4425927)|HEAP_ALLOCATE|[17]|Bytes:14
02:24:29.0 (4440889)|HEAP_ALLOCATE|[17]|Bytes:12
02:24:29.0 (4444104)|HEAP_ALLOCATE|[17]|Bytes:12
02:24:29.0 (4446119)|HEAP_ALLOCATE|[17]|Bytes:12
02:24:29.0 (4448031)|HEAP_ALLOCATE|[17]|Bytes:12
02:24:29.0 (4450024)|HEAP_ALLOCATE|[17]|Bytes:12
02:24:29.0 (4451941)|HEAP_ALLOCATE|[17]|Bytes:12
02:24:29.0 (4453898)|HEAP_ALLOCATE|[17]|Bytes:12
02:24:29.0 (4455835)|HEAP_ALLOCATE|[17]|Bytes:12
02:24:29.0 (4457746)|HEAP_ALLOCATE|[17]|Bytes:12
02:24:29.0 (4459697)|HEAP_ALLOCATE|[17]|Bytes:12
02:24:29.0 (4461760)|HEAP_ALLOCATE|[17]|Bytes:12
02:24:29.0 (4463920)|HEAP_ALLOCATE|[17]|Bytes:12
02:24:29.0 (4466401)|HEAP_ALLOCATE|[EXTERNAL]|Bytes:-4
02:24:29.0 (4469680)|STATEMENT_EXECUTE|[18]
02:24:29.0 (4473610)|HEAP_ALLOCATE|[18]|Bytes:8
02:24:29.0 (4488459)|HEAP_ALLOCATE|[18]|Bytes:12
02:24:29.0 (4493305)|HEAP_ALLOCATE|[18]|Bytes:12
02:24:29.0 (4496911)|HEAP_ALLOCATE|[18]|Bytes:12
02:24:29.0 (4500332)|HEAP_ALLOCATE|[18]|Bytes:12
02:24:29.0 (4503793)|HEAP_ALLOCATE|[18]|Bytes:12
02:24:29.0 (4507109)|HEAP_ALLOCATE|[18]|Bytes:12
02:24:29.0 (4510439)|HEAP_ALLOCATE|[18]|Bytes:12
02:24:29.0 (4513984)|HEAP_ALLOCATE|[18]|Bytes:12
02:24:29.0 (4518456)|HEAP_ALLOCATE|[18]|Bytes:12
02:24:29.0 (4522304)|HEAP_ALLOCATE|[18]|Bytes:12
02:24:29.0 (4526427)|HEAP_ALLOCATE|[18]|Bytes:12
02:24:29.0 (4529908)|HEAP_ALLOCATE|[18]|Bytes:12
02:24:29.0 (4533450)|HEAP_ALLOCATE|[18]|Bytes:12
02:24:29.0 (4537522)|HEAP_ALLOCATE|[EXTERNAL]|Bytes:-4
02:24:29.0 (4544029)|STATEMENT_EXECUTE|[19]
02:24:29.0 (4550574)|HEAP_ALLOCATE|[19]|Bytes:5
02:24:29.0 (4579985)|HEAP_ALLOCATE|[19]|Bytes:12
02:24:29.0 (4587464)|HEAP_ALLOCATE|[19]|Bytes:12
02:24:29.0 (4591279)|HEAP_ALLOCATE|[19]|Bytes:12
02:24:29.0 (4594789)|HEAP_ALLOCATE|[19]|Bytes:12
02:24:29.0 (4598440)|HEAP_ALLOCATE|[19]|Bytes:12
02:24:29.0 (4601912)|HEAP_ALLOCATE|[19]|Bytes:12
02:24:29.0 (4605321)|HEAP_ALLOCATE|[19]|Bytes:12
02:24:29.0 (4608809)|HEAP_ALLOCATE|[19]|Bytes:12
02:24:29.0 (4612332)|HEAP_ALLOCATE|[19]|Bytes:12
02:24:29.0 (4615764)|HEAP_ALLOCATE|[19]|Bytes:12
02:24:29.0 (4619386)|HEAP_ALLOCATE|[19]|Bytes:12
02:24:29.0 (4622111)|HEAP_ALLOCATE|[19]|Bytes:12
02:24:29.0 (4624194)|HEAP_ALLOCATE|[19]|Bytes:12
02:24:29.0 (4626185)|HEAP_ALLOCATE|[19]|Bytes:12
02:24:29.0 (4628555)|HEAP_ALLOCATE|[EXTERNAL]|Bytes:-4
02:24:29.0 (4633865)|STATEMENT_EXECUTE|[20]
02:24:29.0 (4638900)|HEAP_ALLOCATE|[20]|Bytes:9
02:24:29.0 (4657216)|HEAP_ALLOCATE|[20]|Bytes:12
02:24:29.0 (4660547)|HEAP_ALLOCATE|[20]|Bytes:12
02:24:29.0 (4662626)|HEAP_ALLOCATE|[20]|Bytes:12
02:24:29.0 (4664640)|HEAP_ALLOCATE|[20]|Bytes:12
02:24:29.0 (4666636)|HEAP_ALLOCATE|[20]|Bytes:12
02:24:29.0 (4668642)|HEAP_ALLOCATE|[20]|Bytes:12
02:24:29.0 (4670897)|HEAP_ALLOCATE|[20]|Bytes:12
02:24:29.0 (4672998)|HEAP_ALLOCATE|[20]|Bytes:12
02:24:29.0 (4675132)|HEAP_ALLOCATE|[20]|Bytes:12
02:24:29.0 (4677375)|HEAP_ALLOCATE|[20]|Bytes:12
02:24:29.0 (4679345)|HEAP_ALLOCATE|[20]|Bytes:12
02:24:29.0 (4681368)|HEAP_ALLOCATE|[20]|Bytes:12
02:24:29.0 (4683375)|HEAP_ALLOCATE|[20]|Bytes:12
02:24:29.0 (4685605)|HEAP_ALLOCATE|[20]|Bytes:12
02:24:29.0 (4687725)|HEAP_ALLOCATE|[20]|Bytes:12
02:24:29.0 (4690136)|HEAP_ALLOCATE|[EXTERNAL]|Bytes:-4
02:24:29.0 (4693827)|STATEMENT_EXECUTE|[21]
02:24:29.0 (4696855)|HEAP_ALLOCATE|[21]|Bytes:3
02:24:29.0 (4711397)|HEAP_ALLOCATE|[21]|Bytes:12
02:24:29.0 (4714668)|HEAP_ALLOCATE|[21]|Bytes:12
02:24:29.0 (4716915)|HEAP_ALLOCATE|[21]|Bytes:12
02:24:29.0 (4718937)|HEAP_ALLOCATE|[21]|Bytes:12
02:24:29.0 (4720979)|HEAP_ALLOCATE|[21]|Bytes:12
02:24:29.0 (4723046)|HEAP_ALLOCATE|[21]|Bytes:12
02:24:29.0 (4725379)|HEAP_ALLOCATE|[21]|Bytes:12
02:24:29.0 (4727381)|HEAP_ALLOCATE|[21]|Bytes:12
02:24:29.0 (4729357)|HEAP_ALLOCATE|[21]|Bytes:12
02:24:29.0 (4731334)|HEAP_ALLOCATE|[21]|Bytes:12
02:24:29.0 (4733295)|HEAP_ALLOCATE|[21]|Bytes:12
02:24:29.0 (4751759)|HEAP_ALLOCATE|[21]|Bytes:12
02:24:29.0 (4755414)|HEAP_ALLOCATE|[21]|Bytes:12
02:24:29.0 (4758843)|HEAP_ALLOCATE|[21]|Bytes:12
02:24:29.0 (4762242)|HEAP_ALLOCATE|[21]|Bytes:12
02:24:29.0 (4765511)|HEAP_ALLOCATE|[21]|Bytes:12
02:24:29.0 (4769135)|HEAP_ALLOCATE|[EXTERNAL]|Bytes:-4
02:24:29.0 (4781433)|SYSTEM_MODE_EXIT|false
02:24:29.0 (4791046)|METHOD_EXIT|[1]|RelatedListDataGridController
02:24:29.0 (4795274)|HEAP_ALLOCATE|[EXTERNAL]|Bytes:4
02:24:29.0 (4797256)|HEAP_ALLOCATE|[EXTERNAL]|Bytes:14
02:24:29.0 (4798506)|HEAP_ALLOCATE|[EXTERNAL]|Bytes:2
02:24:29.0 (4802112)|SYSTEM_MODE_ENTER|false
02:24:29.0 (4807622)|VARIABLE_SCOPE_BEGIN|[366]|objectId|Id|false|false
02:24:29.0 (4931275)|VARIABLE_ASSIGNMENT|[366]|objectId|"0012800000usoKEAAY"
02:24:29.0 (4936797)|VARIABLE_SCOPE_BEGIN|[366]|objectName|String|false|false
02:24:29.0 (4942924)|VARIABLE_ASSIGNMENT|[366]|objectName|"Utilization__c"
02:24:29.0 (4944901)|VARIABLE_SCOPE_BEGIN|[366]|jsonData|String|false|false
02:24:29.0 (4947487)|VARIABLE_ASSIGNMENT|[366]|jsonData|"{}"
02:24:29.0 (4956436)|HEAP_ALLOCATE|[370]|Bytes:5
02:24:29.0 (4960003)|STATEMENT_EXECUTE|[369]
02:24:29.0 (4973704)|METHOD_ENTRY|[370]|01p2800000EnCqi|RelatedListDataGridController.isSafeObject(String)
02:24:29.0 (4987341)|VARIABLE_SCOPE_BEGIN|[281]|objName|String|false|false
02:24:29.0 (4991515)|VARIABLE_ASSIGNMENT|[281]|objName|"Utilization__c"
02:24:29.0 (4996553)|HEAP_ALLOCATE|[282]|Bytes:5
02:24:29.0 (4999053)|STATEMENT_EXECUTE|[281]
02:24:29.0 (5000239)|STATEMENT_EXECUTE|[282]
02:24:29.0 (87833958)|HEAP_ALLOCATE|[282]|Bytes:2432
02:24:29.0 (87859014)|VARIABLE_SCOPE_BEGIN|[282]|schemaMap|Map<String,Schema.SObjectType>|true|false
02:24:29.0 (88163638)|VARIABLE_ASSIGNMENT|[282]|schemaMap|"{acceptedeventrelation=AcceptedEventRelation, account=Account, accountcleaninfo=AccountCleanInfo, accountcontactrole=AccountContactRole, accountfeed=AccountFeed, accounthistory=AccountHistory, accountpartner=AccountPartner, accountshare=AccountShare, actionlinkgrouptemplate=ActionLinkGroupTemplate, actionlinktemplate=ActionLinkTemplate, ...}"|0x689bbf16
02:24:29.0 (88172221)|STATEMENT_EXECUTE|[283]
02:24:29.0 (88245284)|VARIABLE_SCOPE_BEGIN|[283]|myObj|Schema.SObjectType|true|false
02:24:29.0 (88298356)|VARIABLE_ASSIGNMENT|[283]|myObj|"common.apex.runtime.impl.ApexSObjectTypeToken@419cc70f"|0x419cc70f
02:24:29.0 (88301796)|STATEMENT_EXECUTE|[285]
02:24:29.0 (88602020)|HEAP_ALLOCATE|[285]|Bytes:4
02:24:29.0 (88634213)|HEAP_ALLOCATE|[285]|Bytes:5
02:24:29.0 (88646235)|METHOD_EXIT|[370]|01p2800000EnCqi|RelatedListDataGridController.isSafeObject(String)
02:24:29.0 (88651160)|STATEMENT_EXECUTE|[370]
02:24:29.0 (88652959)|STATEMENT_EXECUTE|[371]
02:24:29.0 (88708159)|HEAP_ALLOCATE|[371]|Bytes:24
02:24:29.0 (88719107)|SYSTEM_METHOD_ENTRY|[1]|JSON.JSON()
02:24:29.0 (88720961)|STATEMENT_EXECUTE|[1]
02:24:29.0 (88728703)|SYSTEM_METHOD_EXIT|[1]|JSON
02:24:29.0 (88739713)|METHOD_ENTRY|[371]||System.JSON.deserializeUntyped(String)
02:24:29.0 (88890922)|METHOD_EXIT|[371]||System.JSON.deserializeUntyped(String)
02:24:29.0 (88900429)|VARIABLE_SCOPE_BEGIN|[371]|defaultValues|Map<String,ANY>|true|false
02:24:29.0 (88914379)|VARIABLE_ASSIGNMENT|[371]|defaultValues|{}|0x4aa337df
02:24:29.0 (88917030)|STATEMENT_EXECUTE|[372]
02:24:29.0 (97881866)|HEAP_ALLOCATE|[372]|Bytes:2432
02:24:29.0 (97927245)|VARIABLE_SCOPE_BEGIN|[372]|relatedObjectType|Schema.SObjectType|true|false
02:24:29.0 (98019719)|VARIABLE_ASSIGNMENT|[372]|relatedObjectType|"common.apex.runtime.impl.ApexSObjectTypeToken@419cc70f"|0x419cc70f
02:24:29.0 (98025500)|STATEMENT_EXECUTE|[373]
02:24:29.0 (98077471)|HEAP_ALLOCATE|[373]|Bytes:4
02:24:29.0 (98109678)|VARIABLE_SCOPE_BEGIN|[373]|relatedDescribe|Schema.DescribeSObjectResult|true|false
02:24:29.0 (98166048)|VARIABLE_ASSIGNMENT|[373]|relatedDescribe|"common.api.soap.wsdl.DescribeSObjectResult@5d1d863a"|0x6da0253b
02:24:29.0 (98169204)|STATEMENT_EXECUTE|[375]
02:24:29.0 (98210847)|HEAP_ALLOCATE|[375]|Bytes:4
02:24:29.0 (98217847)|VARIABLE_SCOPE_BEGIN|[375]|relatedObject|SObject|true|false
02:24:29.0 (98227718)|VARIABLE_ASSIGNMENT|[375]|relatedObject|{}|0x14516c1a
02:24:29.0 (98258903)|HEAP_ALLOCATE|[378]|Bytes:4
02:24:29.0 (104169254)|HEAP_ALLOCATE|[378]|Bytes:64
02:24:29.0 (104239359)|HEAP_ALLOCATE|[378]|Bytes:235
02:24:29.0 (104264072)|HEAP_ALLOCATE|[378]|Bytes:60
02:24:29.0 (104360185)|HEAP_ALLOCATE|[378]|Bytes:5
02:24:29.0 (104377622)|VARIABLE_SCOPE_BEGIN|[378]|field|String|false|false
02:24:29.0 (104394949)|VARIABLE_ASSIGNMENT|[378]|field|"id"
02:24:29.0 (104400626)|STATEMENT_EXECUTE|[378]
02:24:29.0 (104464774)|STATEMENT_EXECUTE|[379]
02:24:29.0 (104474838)|HEAP_ALLOCATE|[378]|Bytes:5
02:24:29.0 (104486809)|VARIABLE_SCOPE_BEGIN|[378]|field|String|false|false
02:24:29.0 (104494118)|VARIABLE_ASSIGNMENT|[378]|field|"ownerid"
02:24:29.0 (104496720)|STATEMENT_EXECUTE|[378]
02:24:29.0 (104506199)|STATEMENT_EXECUTE|[379]
02:24:29.0 (104512358)|HEAP_ALLOCATE|[378]|Bytes:5
02:24:29.0 (104520975)|VARIABLE_SCOPE_BEGIN|[378]|field|String|false|false
02:24:29.0 (104525943)|VARIABLE_ASSIGNMENT|[378]|field|"isdeleted"
02:24:29.0 (104528281)|STATEMENT_EXECUTE|[378]
02:24:29.0 (104536674)|STATEMENT_EXECUTE|[379]
02:24:29.0 (104543496)|HEAP_ALLOCATE|[378]|Bytes:5
02:24:29.0 (104552814)|VARIABLE_SCOPE_BEGIN|[378]|field|String|false|false
02:24:29.0 (104557981)|VARIABLE_ASSIGNMENT|[378]|field|"name"
02:24:29.0 (104560623)|STATEMENT_EXECUTE|[378]
02:24:29.0 (104568576)|STATEMENT_EXECUTE|[379]
02:24:29.0 (104574968)|HEAP_ALLOCATE|[378]|Bytes:5
02:24:29.0 (104584099)|VARIABLE_SCOPE_BEGIN|[378]|field|String|false|false
02:24:29.0 (104588958)|VARIABLE_ASSIGNMENT|[378]|field|"createddate"
02:24:29.0 (104591594)|STATEMENT_EXECUTE|[378]
02:24:29.0 (104599096)|STATEMENT_EXECUTE|[379]
02:24:29.0 (104605584)|HEAP_ALLOCATE|[378]|Bytes:5
02:24:29.0 (104614309)|VARIABLE_SCOPE_BEGIN|[378]|field|String|false|false
02:24:29.0 (104619438)|VARIABLE_ASSIGNMENT|[378]|field|"createdbyid"
02:24:29.0 (104621543)|STATEMENT_EXECUTE|[378]
02:24:29.0 (104629550)|STATEMENT_EXECUTE|[379]
02:24:29.0 (104636329)|HEAP_ALLOCATE|[378]|Bytes:5
02:24:29.0 (104644892)|VARIABLE_SCOPE_BEGIN|[378]|field|String|false|false
02:24:29.0 (104650283)|VARIABLE_ASSIGNMENT|[378]|field|"lastmodifieddate"
02:24:29.0 (104652769)|STATEMENT_EXECUTE|[378]
02:24:29.0 (104660847)|STATEMENT_EXECUTE|[379]
02:24:29.0 (104667355)|HEAP_ALLOCATE|[378]|Bytes:5
02:24:29.0 (104676138)|VARIABLE_SCOPE_BEGIN|[378]|field|String|false|false
02:24:29.0 (104681451)|VARIABLE_ASSIGNMENT|[378]|field|"lastmodifiedbyid"
02:24:29.0 (104683835)|STATEMENT_EXECUTE|[378]
02:24:29.0 (104692504)|STATEMENT_EXECUTE|[379]
02:24:29.0 (104698761)|HEAP_ALLOCATE|[378]|Bytes:5
02:24:29.0 (104707542)|VARIABLE_SCOPE_BEGIN|[378]|field|String|false|false
02:24:29.0 (104712807)|VARIABLE_ASSIGNMENT|[378]|field|"systemmodstamp"
02:24:29.0 (104714980)|STATEMENT_EXECUTE|[378]
02:24:29.0 (104722910)|STATEMENT_EXECUTE|[379]
02:24:29.0 (104728928)|HEAP_ALLOCATE|[378]|Bytes:5
02:24:29.0 (104736899)|VARIABLE_SCOPE_BEGIN|[378]|field|String|false|false
02:24:29.0 (104742171)|VARIABLE_ASSIGNMENT|[378]|field|"lastactivitydate"
02:24:29.0 (104744183)|STATEMENT_EXECUTE|[378]
02:24:29.0 (104751503)|STATEMENT_EXECUTE|[379]
02:24:29.0 (104757391)|HEAP_ALLOCATE|[378]|Bytes:5
02:24:29.0 (104765898)|VARIABLE_SCOPE_BEGIN|[378]|field|String|false|false
02:24:29.0 (104770967)|VARIABLE_ASSIGNMENT|[378]|field|"lastvieweddate"
02:24:29.0 (104773049)|STATEMENT_EXECUTE|[378]
02:24:29.0 (104780849)|STATEMENT_EXECUTE|[379]
02:24:29.0 (104787236)|HEAP_ALLOCATE|[378]|Bytes:5
02:24:29.0 (104796233)|VARIABLE_SCOPE_BEGIN|[378]|field|String|false|false
02:24:29.0 (104801954)|VARIABLE_ASSIGNMENT|[378]|field|"lastreferenceddate"
02:24:29.0 (104804324)|STATEMENT_EXECUTE|[378]
02:24:29.0 (104812004)|STATEMENT_EXECUTE|[379]
02:24:29.0 (104818220)|HEAP_ALLOCATE|[378]|Bytes:5
02:24:29.0 (104826127)|VARIABLE_SCOPE_BEGIN|[378]|field|String|false|false
02:24:29.0 (104830958)|VARIABLE_ASSIGNMENT|[378]|field|"account__c"
02:24:29.0 (104833643)|STATEMENT_EXECUTE|[378]
02:24:29.0 (104841528)|STATEMENT_EXECUTE|[379]
02:24:29.0 (104848104)|HEAP_ALLOCATE|[378]|Bytes:5
02:24:29.0 (104856343)|VARIABLE_SCOPE_BEGIN|[378]|field|String|false|false
02:24:29.0 (104861166)|VARIABLE_ASSIGNMENT|[378]|field|"contact__c"
02:24:29.0 (104863437)|STATEMENT_EXECUTE|[378]
02:24:29.0 (104871259)|STATEMENT_EXECUTE|[379]
02:24:29.0 (104877596)|HEAP_ALLOCATE|[378]|Bytes:5
02:24:29.0 (104886101)|VARIABLE_SCOPE_BEGIN|[378]|field|String|false|false
02:24:29.0 (104891494)|VARIABLE_ASSIGNMENT|[378]|field|"allocation__c"
02:24:29.0 (104893900)|STATEMENT_EXECUTE|[378]
02:24:29.0 (104902437)|STATEMENT_EXECUTE|[379]
02:24:29.0 (104909175)|HEAP_ALLOCATE|[378]|Bytes:5
02:24:29.0 (104919757)|VARIABLE_ASSIGNMENT|[378]|field|null
02:24:29.0 (104922638)|STATEMENT_EXECUTE|[384]
02:24:29.0 (104953344)|HEAP_ALLOCATE|[384]|Bytes:8
02:24:29.0 (104963193)|DML_BEGIN|[384]|Op:Insert|Type:Utilization__c|Rows:1
02:24:29.0 (104993203)|HEAP_ALLOCATE|[EXTERNAL]|Bytes:8
02:24:29.0 (112197383)|DML_END|[384]
02:24:29.0 (112280239)|EXCEPTION_THROWN|[384]|System.DmlException: Insert failed. First exception on row 0; first error: REQUIRED_FIELD_MISSING, Required fields are missing: [Allocation]: [Allocation]
02:24:29.0 (112746550)|HEAP_ALLOCATE|[384]|Bytes:137
02:24:29.0 (112842842)|FATAL_ERROR|System.DmlException: Insert failed. First exception on row 0; first error: REQUIRED_FIELD_MISSING, Required fields are missing: [Allocation]: [Allocation]

Class.RelatedListDataGridController.createRelatedObject: line 384, column 1
02:24:29.0 (112852924)|FATAL_ERROR|System.DmlException: Insert failed. First exception on row 0; first error: REQUIRED_FIELD_MISSING, Required fields are missing: [Allocation]: [Allocation]

Class.RelatedListDataGridController.createRelatedObject: line 384, column 1
02:24:29.112 (112857715)|CUMULATIVE_LIMIT_USAGE
02:24:29.112 (112857715)|LIMIT_USAGE_FOR_NS|(default)|
  Number of SOQL queries: 0 out of 100
  Number of query rows: 0 out of 50000
  Number of SOSL queries: 0 out of 20
  Number of DML statements: 1 out of 150
  Number of DML rows: 1 out of 10000
  Maximum CPU time: 0 out of 10000
  Maximum heap size: 0 out of 6000000
  Number of callouts: 0 out of 100
  Number of Email Invocations: 0 out of 10
  Number of future calls: 0 out of 50
  Number of queueable jobs added to the queue: 0 out of 50
  Number of Mobile Apex push calls: 0 out of 10

02:24:29.112 (112857715)|CUMULATIVE_LIMIT_USAGE_END

02:24:29.0 (112892972)|CODE_UNIT_FINISHED|RelatedListDataGridController.createRelatedObject
